[0.033s] Invoking command in '/home/daeyun/Desktop/ecat_control_ws/build/gui_pkg': CMAKE_PREFIX_PATH=/home/daeyun/Desktop/ecat_control_ws/install/ecat_msgs:/home/daeyun/Desktop/ecat_control_ws/install/safety_pkg:/home/daeyun/Desktop/ecat_control_ws/install/log_pkg:/home/daeyun/Desktop/ecat_control_ws/install/input_pkg:/home/daeyun/Desktop/ecat_control_ws/install/gui_pkg:/home/daeyun/Desktop/ecat_control_ws/install/ecat_pkg:/home/daeyun/Desktop/ecat_control_ws/install/controller:/opt/ros/foxy /usr/bin/cmake --build /home/daeyun/Desktop/ecat_control_ws/build/gui_pkg -- -j8 -l8
[0.082s] [35m[1mScanning dependencies of target gui_node[0m
[0.205s] [  4%] [32mBuilding CXX object CMakeFiles/gui_node.dir/src/main.cpp.o[0m
[0.210s] [  8%] [32mBuilding CXX object CMakeFiles/gui_node.dir/src/main_window.cpp.o[0m
[0.221s] [ 12%] [32mBuilding CXX object CMakeFiles/gui_node.dir/include/gui_pkg/moc_main_window.cpp.o[0m
[0.223s] [ 16%] [32mBuilding CXX object CMakeFiles/gui_node.dir/src/gui_node.cpp.o[0m
[2.374s] [01m[K/home/daeyun/Desktop/ecat_control_ws/src/gui_pkg/src/gui_node.cpp:[m[K In constructor ‘[01m[KGUI::GuiNode::GuiNode()[m[K’:
[2.375s] [01m[K/home/daeyun/Desktop/ecat_control_ws/src/gui_pkg/src/gui_node.cpp:11:22:[m[K [01;35m[Kwarning: [m[Kcomparison of integer expressions of different signedness: ‘[01m[Kint[m[K’ and ‘[01m[Kconst uint32_t[m[K’ {aka ‘[01m[Kconst unsigned int[m[K’} [[01;35m[K-Wsign-compare[m[K]
[2.375s]    11 |     for(int i = 0; [01;35m[Ki < g_kNumberOfServoDrivers[m[K; i++)
[2.375s]       |                    [01;35m[K~~^~~~~~~~~~~~~~~~~~~~~~~~~[m[K
[2.483s] [01m[K/home/daeyun/Desktop/ecat_control_ws/src/gui_pkg/src/gui_node.cpp:[m[K In member function ‘[01m[Kvoid GUI::GuiNode::HandleControllerCallbacks(sensor_msgs::msg::Joy_<std::allocator<void> >::SharedPtr)[m[K’:
[2.483s] [01m[K/home/daeyun/Desktop/ecat_control_ws/src/gui_pkg/src/gui_node.cpp:47:82:[m[K [01;35m[Kwarning: [m[Kunused parameter ‘[01m[Kmsg[m[K’ [[01;35m[K-Wunused-parameter[m[K]
[2.483s]    47 |   void GuiNode::HandleControllerCallbacks([01;35m[Kconst sensor_msgs::msg::Joy::SharedPtr msg[m[K)
[2.483s]       |                                           [01;35m[K~~~~~~~~~~~~~~~~~~~~~~~~~~~~~~~~~~~~~~~^~~[m[K
[2.499s] [01m[K/home/daeyun/Desktop/ecat_control_ws/src/gui_pkg/src/gui_node.cpp:[m[K In member function ‘[01m[Kvoid GUI::GuiNode::HandleMasterCommandCallbacks(ecat_msgs::msg::DataSent_<std::allocator<void> >::SharedPtr)[m[K’:
[2.499s] [01m[K/home/daeyun/Desktop/ecat_control_ws/src/gui_pkg/src/gui_node.cpp:59:22:[m[K [01;35m[Kwarning: [m[Kcomparison of integer expressions of different signedness: ‘[01m[Kint[m[K’ and ‘[01m[Kconst uint32_t[m[K’ {aka ‘[01m[Kconst unsigned int[m[K’} [[01;35m[K-Wsign-compare[m[K]
[2.499s]    59 |       for(int i=0; [01;35m[Ki < g_kNumberOfServoDrivers[m[K ; i++){
[2.499s]       |                    [01;35m[K~~^~~~~~~~~~~~~~~~~~~~~~~~~[m[K
[2.502s] [01m[K/home/daeyun/Desktop/ecat_control_ws/src/gui_pkg/src/gui_node.cpp:[m[K In member function ‘[01m[Kvoid GUI::GuiNode::HandleSlaveFeedbackCallbacks(ecat_msgs::msg::DataReceived_<std::allocator<void> >::SharedPtr)[m[K’:
[2.503s] [01m[K/home/daeyun/Desktop/ecat_control_ws/src/gui_pkg/src/gui_node.cpp:70:22:[m[K [01;35m[Kwarning: [m[Kcomparison of integer expressions of different signedness: ‘[01m[Kint[m[K’ and ‘[01m[Kconst uint32_t[m[K’ {aka ‘[01m[Kconst unsigned int[m[K’} [[01;35m[K-Wsign-compare[m[K]
[2.503s]    70 |       for(int i=0; [01;35m[Ki < g_kNumberOfServoDrivers[m[K ; i++){
[2.503s]       |                    [01;35m[K~~^~~~~~~~~~~~~~~~~~~~~~~~~[m[K
[8.955s] [01m[K/home/daeyun/Desktop/ecat_control_ws/src/gui_pkg/src/main_window.cpp:[m[K In member function ‘[01m[Kvoid MainWindow::on_b_send_clicked()[m[K’:
[8.955s] [01m[K/home/daeyun/Desktop/ecat_control_ws/src/gui_pkg/src/main_window.cpp:203:23:[m[K [01;35m[Kwarning: [m[Kcomparison of integer expressions of different signedness: ‘[01m[Kint[m[K’ and ‘[01m[Kconst uint32_t[m[K’ {aka ‘[01m[Kconst unsigned int[m[K’} [[01;35m[K-Wsign-compare[m[K]
[8.956s]   203 |     for(int i = 0 ; [01;35m[Ki < g_kNumberOfServoDrivers[m[K; i++){
[8.956s]       |                     [01;35m[K~~^~~~~~~~~~~~~~~~~~~~~~~~~[m[K
[8.962s] [01m[K/home/daeyun/Desktop/ecat_control_ws/src/gui_pkg/src/main_window.cpp:[m[K In member function ‘[01m[Kvoid MainWindow::ShowAllMotorStatus()[m[K’:
[8.962s] [01m[K/home/daeyun/Desktop/ecat_control_ws/src/gui_pkg/src/main_window.cpp:405:22:[m[K [01;35m[Kwarning: [m[Kcomparison of integer expressions of different signedness: ‘[01m[Kint[m[K’ and ‘[01m[Kconst uint32_t[m[K’ {aka ‘[01m[Kconst unsigned int[m[K’} [[01;35m[K-Wsign-compare[m[K]
[8.962s]   405 |     for(int i = 0; [01;35m[Ki < g_kNumberOfServoDrivers[m[K ;i++){
[8.962s]       |                    [01;35m[K~~^~~~~~~~~~~~~~~~~~~~~~~~~[m[K
[8.969s] [01m[K/home/daeyun/Desktop/ecat_control_ws/src/gui_pkg/src/main_window.cpp:[m[K In member function ‘[01m[Kvoid MainWindow::ShowOperationMode()[m[K’:
[8.970s] [01m[K/home/daeyun/Desktop/ecat_control_ws/src/gui_pkg/src/main_window.cpp:596:22:[m[K [01;35m[Kwarning: [m[Kcomparison of integer expressions of different signedness: ‘[01m[Kint[m[K’ and ‘[01m[Kconst uint32_t[m[K’ {aka ‘[01m[Kconst unsigned int[m[K’} [[01;35m[K-Wsign-compare[m[K]
[8.970s]   596 |     for(int i = 0; [01;35m[Ki < g_kNumberOfServoDrivers[m[K ; i++){
[8.970s]       |                    [01;35m[K~~^~~~~~~~~~~~~~~~~~~~~~~~~[m[K
[9.551s] In file included from [01m[K/home/daeyun/Desktop/ecat_control_ws/src/gui_pkg/src/../include/gui_pkg/gui_node.hpp:50[m[K,
[9.552s]                  from [01m[K/home/daeyun/Desktop/ecat_control_ws/src/gui_pkg/src/gui_node.cpp:1[m[K:
[9.552s] [01m[K/home/daeyun/Desktop/ecat_control_ws/src/gui_pkg/../ecat_pkg/include/ecat_pkg/ecat_globals.hpp:[m[K At global scope:
[9.552s] [01m[K/home/daeyun/Desktop/ecat_control_ws/src/gui_pkg/../ecat_pkg/include/ecat_pkg/ecat_globals.hpp:49:17:[m[K [01;35m[Kwarning: [m[K‘[01m[Kg_kOperationMode[m[K’ defined but not used [[01;35m[K-Wunused-variable[m[K]
[9.552s]    49 | static int8_t   [01;35m[Kg_kOperationMode[m[K = kProfileVelocity ;  // Velocity mode - slave
[9.552s]       |                 [01;35m[K^~~~~~~~~~~~~~~~[m[K
[9.552s] In file included from [01m[K/home/daeyun/Desktop/ecat_control_ws/src/gui_pkg/../ecat_pkg/include/ecat_pkg/ecat_globals.hpp:42[m[K,
[9.553s]                  from [01m[K/home/daeyun/Desktop/ecat_control_ws/src/gui_pkg/src/../include/gui_pkg/gui_node.hpp:50[m[K,
[9.553s]                  from [01m[K/home/daeyun/Desktop/ecat_control_ws/src/gui_pkg/src/gui_node.cpp:1[m[K:
[9.553s] [01m[K/home/daeyun/Desktop/ecat_control_ws/src/gui_pkg/../ecat_pkg/include/ecat_pkg/ecat_definitions.hpp:512:20:[m[K [01;35m[Kwarning: [m[K‘[01m[Kstd::string GetErrorMessage(const int&)[m[K’ defined but not used [[01;35m[K-Wunused-function[m[K]
[9.553s]   512 | static std::string [01;35m[KGetErrorMessage[m[K(const int& err_code)
[9.553s]       |                    [01;35m[K^~~~~~~~~~~~~~~[m[K
[10.480s] In file included from [01m[K/home/daeyun/Desktop/ecat_control_ws/build/gui_pkg/include/gui_pkg/../../../../src/gui_pkg/include/gui_pkg/gui_node.hpp:50[m[K,
[10.480s]                  from [01m[K/home/daeyun/Desktop/ecat_control_ws/build/gui_pkg/include/gui_pkg/../../../../src/gui_pkg/include/gui_pkg/main_window.hpp:48[m[K,
[10.480s]                  from [01m[K/home/daeyun/Desktop/ecat_control_ws/build/gui_pkg/include/gui_pkg/moc_main_window.cpp:9[m[K:
[10.480s] [01m[K/home/daeyun/Desktop/ecat_control_ws/src/gui_pkg/../ecat_pkg/include/ecat_pkg/ecat_globals.hpp:49:17:[m[K [01;35m[Kwarning: [m[K‘[01m[Kg_kOperationMode[m[K’ defined but not used [[01;35m[K-Wunused-variable[m[K]
[10.480s]    49 | static int8_t   [01;35m[Kg_kOperationMode[m[K = kProfileVelocity ;  // Velocity mode - slave
[10.481s]       |                 [01;35m[K^~~~~~~~~~~~~~~~[m[K
[10.481s] In file included from [01m[K/home/daeyun/Desktop/ecat_control_ws/src/gui_pkg/../ecat_pkg/include/ecat_pkg/ecat_globals.hpp:42[m[K,
[10.481s]                  from [01m[K/home/daeyun/Desktop/ecat_control_ws/build/gui_pkg/include/gui_pkg/../../../../src/gui_pkg/include/gui_pkg/gui_node.hpp:50[m[K,
[10.481s]                  from [01m[K/home/daeyun/Desktop/ecat_control_ws/build/gui_pkg/include/gui_pkg/../../../../src/gui_pkg/include/gui_pkg/main_window.hpp:48[m[K,
[10.481s]                  from [01m[K/home/daeyun/Desktop/ecat_control_ws/build/gui_pkg/include/gui_pkg/moc_main_window.cpp:9[m[K:
[10.481s] [01m[K/home/daeyun/Desktop/ecat_control_ws/src/gui_pkg/../ecat_pkg/include/ecat_pkg/ecat_definitions.hpp:512:20:[m[K [01;35m[Kwarning: [m[K‘[01m[Kstd::string GetErrorMessage(const int&)[m[K’ defined but not used [[01;35m[K-Wunused-function[m[K]
[10.482s]   512 | static std::string [01;35m[KGetErrorMessage[m[K(const int& err_code)
[10.483s]       |                    [01;35m[K^~~~~~~~~~~~~~~[m[K
[10.539s] In file included from [01m[K/home/daeyun/Desktop/ecat_control_ws/src/gui_pkg/src/../include/gui_pkg/gui_node.hpp:50[m[K,
[10.540s]                  from [01m[K/home/daeyun/Desktop/ecat_control_ws/src/gui_pkg/src/../include/gui_pkg/main_window.hpp:48[m[K,
[10.540s]                  from [01m[K/home/daeyun/Desktop/ecat_control_ws/src/gui_pkg/src/main.cpp:2[m[K:
[10.540s] [01m[K/home/daeyun/Desktop/ecat_control_ws/src/gui_pkg/../ecat_pkg/include/ecat_pkg/ecat_globals.hpp:49:17:[m[K [01;35m[Kwarning: [m[K‘[01m[Kg_kOperationMode[m[K’ defined but not used [[01;35m[K-Wunused-variable[m[K]
[10.540s]    49 | static int8_t   [01;35m[Kg_kOperationMode[m[K = kProfileVelocity ;  // Velocity mode - slave
[10.540s]       |                 [01;35m[K^~~~~~~~~~~~~~~~[m[K
[10.540s] In file included from [01m[K/home/daeyun/Desktop/ecat_control_ws/src/gui_pkg/../ecat_pkg/include/ecat_pkg/ecat_globals.hpp:42[m[K,
[10.541s]                  from [01m[K/home/daeyun/Desktop/ecat_control_ws/src/gui_pkg/src/../include/gui_pkg/gui_node.hpp:50[m[K,
[10.541s]                  from [01m[K/home/daeyun/Desktop/ecat_control_ws/src/gui_pkg/src/../include/gui_pkg/main_window.hpp:48[m[K,
[10.541s]                  from [01m[K/home/daeyun/Desktop/ecat_control_ws/src/gui_pkg/src/main.cpp:2[m[K:
[10.541s] [01m[K/home/daeyun/Desktop/ecat_control_ws/src/gui_pkg/../ecat_pkg/include/ecat_pkg/ecat_definitions.hpp:512:20:[m[K [01;35m[Kwarning: [m[K‘[01m[Kstd::string GetErrorMessage(const int&)[m[K’ defined but not used [[01;35m[K-Wunused-function[m[K]
[10.541s]   512 | static std::string [01;35m[KGetErrorMessage[m[K(const int& err_code)
[10.542s]       |                    [01;35m[K^~~~~~~~~~~~~~~[m[K
[10.599s] In file included from [01m[K/home/daeyun/Desktop/ecat_control_ws/src/gui_pkg/src/../include/gui_pkg/gui_node.hpp:50[m[K,
[10.599s]                  from [01m[K/home/daeyun/Desktop/ecat_control_ws/src/gui_pkg/src/../include/gui_pkg/main_window.hpp:48[m[K,
[10.599s]                  from [01m[K/home/daeyun/Desktop/ecat_control_ws/src/gui_pkg/src/main_window.cpp:1[m[K:
[10.600s] [01m[K/home/daeyun/Desktop/ecat_control_ws/src/gui_pkg/../ecat_pkg/include/ecat_pkg/ecat_globals.hpp:[m[K At global scope:
[10.600s] [01m[K/home/daeyun/Desktop/ecat_control_ws/src/gui_pkg/../ecat_pkg/include/ecat_pkg/ecat_globals.hpp:49:17:[m[K [01;35m[Kwarning: [m[K‘[01m[Kg_kOperationMode[m[K’ defined but not used [[01;35m[K-Wunused-variable[m[K]
[10.600s]    49 | static int8_t   [01;35m[Kg_kOperationMode[m[K = kProfileVelocity ;  // Velocity mode - slave
[10.600s]       |                 [01;35m[K^~~~~~~~~~~~~~~~[m[K
[10.600s] In file included from [01m[K/home/daeyun/Desktop/ecat_control_ws/src/gui_pkg/../ecat_pkg/include/ecat_pkg/ecat_globals.hpp:42[m[K,
[10.601s]                  from [01m[K/home/daeyun/Desktop/ecat_control_ws/src/gui_pkg/src/../include/gui_pkg/gui_node.hpp:50[m[K,
[10.601s]                  from [01m[K/home/daeyun/Desktop/ecat_control_ws/src/gui_pkg/src/../include/gui_pkg/main_window.hpp:48[m[K,
[10.601s]                  from [01m[K/home/daeyun/Desktop/ecat_control_ws/src/gui_pkg/src/main_window.cpp:1[m[K:
[10.601s] [01m[K/home/daeyun/Desktop/ecat_control_ws/src/gui_pkg/../ecat_pkg/include/ecat_pkg/ecat_definitions.hpp:512:20:[m[K [01;35m[Kwarning: [m[K‘[01m[Kstd::string GetErrorMessage(const int&)[m[K’ defined but not used [[01;35m[K-Wunused-function[m[K]
[10.601s]   512 | static std::string [01;35m[KGetErrorMessage[m[K(const int& err_code)
[10.601s]       |                    [01;35m[K^~~~~~~~~~~~~~~[m[K
[17.070s] [ 20%] [32m[1mLinking CXX executable gui_node[0m
[18.665s] [100%] Built target gui_node
[18.676s] Invoked command in '/home/daeyun/Desktop/ecat_control_ws/build/gui_pkg' returned '0': CMAKE_PREFIX_PATH=/home/daeyun/Desktop/ecat_control_ws/install/ecat_msgs:/home/daeyun/Desktop/ecat_control_ws/install/safety_pkg:/home/daeyun/Desktop/ecat_control_ws/install/log_pkg:/home/daeyun/Desktop/ecat_control_ws/install/input_pkg:/home/daeyun/Desktop/ecat_control_ws/install/gui_pkg:/home/daeyun/Desktop/ecat_control_ws/install/ecat_pkg:/home/daeyun/Desktop/ecat_control_ws/install/controller:/opt/ros/foxy /usr/bin/cmake --build /home/daeyun/Desktop/ecat_control_ws/build/gui_pkg -- -j8 -l8
[18.718s] Invoking command in '/home/daeyun/Desktop/ecat_control_ws/build/gui_pkg': CMAKE_PREFIX_PATH=/home/daeyun/Desktop/ecat_control_ws/install/ecat_msgs:/home/daeyun/Desktop/ecat_control_ws/install/safety_pkg:/home/daeyun/Desktop/ecat_control_ws/install/log_pkg:/home/daeyun/Desktop/ecat_control_ws/install/input_pkg:/home/daeyun/Desktop/ecat_control_ws/install/gui_pkg:/home/daeyun/Desktop/ecat_control_ws/install/ecat_pkg:/home/daeyun/Desktop/ecat_control_ws/install/controller:/opt/ros/foxy /usr/bin/cmake --install /home/daeyun/Desktop/ecat_control_ws/build/gui_pkg
[18.725s] -- Install configuration: ""
[18.726s] -- Execute custom install script
[18.726s] -- Up-to-date symlink: /home/daeyun/Desktop/ecat_control_ws/install/gui_pkg/lib/gui_pkg/gui_node
[18.726s] -- Up-to-date symlink: /home/daeyun/Desktop/ecat_control_ws/install/gui_pkg/share/ament_index/resource_index/package_run_dependencies/gui_pkg
[18.726s] -- Up-to-date symlink: /home/daeyun/Desktop/ecat_control_ws/install/gui_pkg/share/ament_index/resource_index/parent_prefix_path/gui_pkg
[18.726s] -- Up-to-date symlink: /home/daeyun/Desktop/ecat_control_ws/install/gui_pkg/share/gui_pkg/environment/ament_prefix_path.sh
[18.727s] -- Up-to-date symlink: /home/daeyun/Desktop/ecat_control_ws/install/gui_pkg/share/gui_pkg/environment/ament_prefix_path.dsv
[18.727s] -- Up-to-date symlink: /home/daeyun/Desktop/ecat_control_ws/install/gui_pkg/share/gui_pkg/environment/path.sh
[18.727s] -- Up-to-date symlink: /home/daeyun/Desktop/ecat_control_ws/install/gui_pkg/share/gui_pkg/environment/path.dsv
[18.727s] -- Up-to-date symlink: /home/daeyun/Desktop/ecat_control_ws/install/gui_pkg/share/gui_pkg/local_setup.bash
[18.727s] -- Up-to-date symlink: /home/daeyun/Desktop/ecat_control_ws/install/gui_pkg/share/gui_pkg/local_setup.sh
[18.727s] -- Up-to-date symlink: /home/daeyun/Desktop/ecat_control_ws/install/gui_pkg/share/gui_pkg/local_setup.zsh
[18.728s] -- Up-to-date symlink: /home/daeyun/Desktop/ecat_control_ws/install/gui_pkg/share/gui_pkg/local_setup.dsv
[18.728s] -- Symlinking: /home/daeyun/Desktop/ecat_control_ws/install/gui_pkg/share/gui_pkg/package.dsv
[18.736s] -- Up-to-date symlink: /home/daeyun/Desktop/ecat_control_ws/install/gui_pkg/share/ament_index/resource_index/packages/gui_pkg
[18.736s] -- Up-to-date symlink: /home/daeyun/Desktop/ecat_control_ws/install/gui_pkg/share/gui_pkg/cmake/gui_pkgConfig.cmake
[18.736s] -- Up-to-date symlink: /home/daeyun/Desktop/ecat_control_ws/install/gui_pkg/share/gui_pkg/cmake/gui_pkgConfig-version.cmake
[18.736s] -- Up-to-date symlink: /home/daeyun/Desktop/ecat_control_ws/install/gui_pkg/share/gui_pkg/package.xml
[18.740s] Invoked command in '/home/daeyun/Desktop/ecat_control_ws/build/gui_pkg' returned '0': CMAKE_PREFIX_PATH=/home/daeyun/Desktop/ecat_control_ws/install/ecat_msgs:/home/daeyun/Desktop/ecat_control_ws/install/safety_pkg:/home/daeyun/Desktop/ecat_control_ws/install/log_pkg:/home/daeyun/Desktop/ecat_control_ws/install/input_pkg:/home/daeyun/Desktop/ecat_control_ws/install/gui_pkg:/home/daeyun/Desktop/ecat_control_ws/install/ecat_pkg:/home/daeyun/Desktop/ecat_control_ws/install/controller:/opt/ros/foxy /usr/bin/cmake --install /home/daeyun/Desktop/ecat_control_ws/build/gui_pkg
