-- The C compiler identification is GNU 9.4.0
-- The CXX compiler identification is GNU 9.4.0
-- Check for working C compiler: /usr/bin/cc
-- Check for working C compiler: /usr/bin/cc -- works
-- Detecting C compiler ABI info
-- Detecting C compiler ABI info - done
-- Detecting C compile features
-- Detecting C compile features - done
-- Check for working CXX compiler: /usr/bin/c++
-- Check for working CXX compiler: /usr/bin/c++ -- works
-- Detecting CXX compiler ABI info
-- Detecting CXX compiler ABI info - done
-- Detecting CXX compile features
-- Detecting CXX compile features - done
-- Found ament_cmake: 0.9.9 (/opt/ros/foxy/share/ament_cmake/cmake)
-- Found PythonInterp: /usr/bin/python3 (found suitable version "3.8.10", minimum required is "3") 
-- Using PYTHON_EXECUTABLE: /usr/bin/python3
-- Override CMake install command with custom implementation using symlinks instead of copying resources
-- Found ament_lint_auto: 0.9.6 (/opt/ros/foxy/share/ament_lint_auto/cmake)
-- Added test 'copyright' to check source files copyright and LICENSE
-- Added test 'lint_cmake' to check CMake code style
-- Added test 'xmllint' to check XML markup files
-- Configuring done
-- Generating done
-- Build files have been written to: /home/daeyun/Desktop/ecat_control_ws/build/data_extract_pkg
-- Install configuration: ""
-- Execute custom install script
-- Symlinking: /home/daeyun/Desktop/ecat_control_ws/install/data_extract_pkg/share/ament_index/resource_index/package_run_dependencies/data_extract_pkg
-- Symlinking: /home/daeyun/Desktop/ecat_control_ws/install/data_extract_pkg/share/ament_index/resource_index/parent_prefix_path/data_extract_pkg
-- Symlinking: /home/daeyun/Desktop/ecat_control_ws/install/data_extract_pkg/share/data_extract_pkg/environment/ament_prefix_path.sh
-- Symlinking: /home/daeyun/Desktop/ecat_control_ws/install/data_extract_pkg/share/data_extract_pkg/environment/ament_prefix_path.dsv
-- Symlinking: /home/daeyun/Desktop/ecat_control_ws/install/data_extract_pkg/share/data_extract_pkg/environment/path.sh
-- Symlinking: /home/daeyun/Desktop/ecat_control_ws/install/data_extract_pkg/share/data_extract_pkg/environment/path.dsv
-- Symlinking: /home/daeyun/Desktop/ecat_control_ws/install/data_extract_pkg/share/data_extract_pkg/local_setup.bash
-- Symlinking: /home/daeyun/Desktop/ecat_control_ws/install/data_extract_pkg/share/data_extract_pkg/local_setup.sh
-- Symlinking: /home/daeyun/Desktop/ecat_control_ws/install/data_extract_pkg/share/data_extract_pkg/local_setup.zsh
-- Symlinking: /home/daeyun/Desktop/ecat_control_ws/install/data_extract_pkg/share/data_extract_pkg/local_setup.dsv
-- Symlinking: /home/daeyun/Desktop/ecat_control_ws/install/data_extract_pkg/share/data_extract_pkg/package.dsv
-- Symlinking: /home/daeyun/Desktop/ecat_control_ws/install/data_extract_pkg/share/ament_index/resource_index/packages/data_extract_pkg
-- Symlinking: /home/daeyun/Desktop/ecat_control_ws/install/data_extract_pkg/share/data_extract_pkg/cmake/data_extract_pkgConfig.cmake
-- Symlinking: /home/daeyun/Desktop/ecat_control_ws/install/data_extract_pkg/share/data_extract_pkg/cmake/data_extract_pkgConfig-version.cmake
-- Symlinking: /home/daeyun/Desktop/ecat_control_ws/install/data_extract_pkg/share/data_extract_pkg/package.xml
