[0.033s] Invoking command in '/home/daeyun/Desktop/ecat_control_ws/build/ecat_pkg': CMAKE_PREFIX_PATH=/home/daeyun/Desktop/ecat_control_ws/install/ecat_msgs:/home/daeyun/Desktop/ecat_control_ws/install/safety_pkg:/home/daeyun/Desktop/ecat_control_ws/install/log_pkg:/home/daeyun/Desktop/ecat_control_ws/install/input_pkg:/home/daeyun/Desktop/ecat_control_ws/install/gui_pkg:/home/daeyun/Desktop/ecat_control_ws/install/ecat_pkg:/home/daeyun/Desktop/ecat_control_ws/install/controller:/opt/ros/foxy /usr/bin/cmake --build /home/daeyun/Desktop/ecat_control_ws/build/ecat_pkg -- -j8 -l8
[0.110s] [100%] Built target ecat_node
[0.123s] Invoked command in '/home/daeyun/Desktop/ecat_control_ws/build/ecat_pkg' returned '0': CMAKE_PREFIX_PATH=/home/daeyun/Desktop/ecat_control_ws/install/ecat_msgs:/home/daeyun/Desktop/ecat_control_ws/install/safety_pkg:/home/daeyun/Desktop/ecat_control_ws/install/log_pkg:/home/daeyun/Desktop/ecat_control_ws/install/input_pkg:/home/daeyun/Desktop/ecat_control_ws/install/gui_pkg:/home/daeyun/Desktop/ecat_control_ws/install/ecat_pkg:/home/daeyun/Desktop/ecat_control_ws/install/controller:/opt/ros/foxy /usr/bin/cmake --build /home/daeyun/Desktop/ecat_control_ws/build/ecat_pkg -- -j8 -l8
[0.176s] Invoking command in '/home/daeyun/Desktop/ecat_control_ws/build/ecat_pkg': CMAKE_PREFIX_PATH=/home/daeyun/Desktop/ecat_control_ws/install/ecat_msgs:/home/daeyun/Desktop/ecat_control_ws/install/safety_pkg:/home/daeyun/Desktop/ecat_control_ws/install/log_pkg:/home/daeyun/Desktop/ecat_control_ws/install/input_pkg:/home/daeyun/Desktop/ecat_control_ws/install/gui_pkg:/home/daeyun/Desktop/ecat_control_ws/install/ecat_pkg:/home/daeyun/Desktop/ecat_control_ws/install/controller:/opt/ros/foxy /usr/bin/cmake --install /home/daeyun/Desktop/ecat_control_ws/build/ecat_pkg
[0.190s] -- Install configuration: ""
[0.191s] -- Execute custom install script
[0.192s] -- Up-to-date symlink: /home/daeyun/Desktop/ecat_control_ws/install/ecat_pkg/lib/ecat_pkg/ecat_node
[0.192s] -- Up-to-date symlink: /home/daeyun/Desktop/ecat_control_ws/install/ecat_pkg/share/ament_index/resource_index/package_run_dependencies/ecat_pkg
[0.192s] -- Up-to-date symlink: /home/daeyun/Desktop/ecat_control_ws/install/ecat_pkg/share/ament_index/resource_index/parent_prefix_path/ecat_pkg
[0.193s] -- Up-to-date symlink: /home/daeyun/Desktop/ecat_control_ws/install/ecat_pkg/share/ecat_pkg/environment/ament_prefix_path.sh
[0.194s] -- Up-to-date symlink: /home/daeyun/Desktop/ecat_control_ws/install/ecat_pkg/share/ecat_pkg/environment/ament_prefix_path.dsv
[0.194s] -- Up-to-date symlink: /home/daeyun/Desktop/ecat_control_ws/install/ecat_pkg/share/ecat_pkg/environment/path.sh
[0.195s] -- Up-to-date symlink: /home/daeyun/Desktop/ecat_control_ws/install/ecat_pkg/share/ecat_pkg/environment/path.dsv
[0.195s] -- Up-to-date symlink: /home/daeyun/Desktop/ecat_control_ws/install/ecat_pkg/share/ecat_pkg/local_setup.bash
[0.197s] -- Up-to-date symlink: /home/daeyun/Desktop/ecat_control_ws/install/ecat_pkg/share/ecat_pkg/local_setup.sh
[0.199s] -- Up-to-date symlink: /home/daeyun/Desktop/ecat_control_ws/install/ecat_pkg/share/ecat_pkg/local_setup.zsh
[0.201s] -- Up-to-date symlink: /home/daeyun/Desktop/ecat_control_ws/install/ecat_pkg/share/ecat_pkg/local_setup.dsv
[0.201s] -- Symlinking: /home/daeyun/Desktop/ecat_control_ws/install/ecat_pkg/share/ecat_pkg/package.dsv
[0.211s] -- Up-to-date symlink: /home/daeyun/Desktop/ecat_control_ws/install/ecat_pkg/share/ament_index/resource_index/packages/ecat_pkg
[0.211s] -- Up-to-date symlink: /home/daeyun/Desktop/ecat_control_ws/install/ecat_pkg/share/ecat_pkg/cmake/ecat_pkgConfig.cmake
[0.212s] -- Up-to-date symlink: /home/daeyun/Desktop/ecat_control_ws/install/ecat_pkg/share/ecat_pkg/cmake/ecat_pkgConfig-version.cmake
[0.212s] -- Up-to-date symlink: /home/daeyun/Desktop/ecat_control_ws/install/ecat_pkg/share/ecat_pkg/package.xml
[0.220s] Invoked command in '/home/daeyun/Desktop/ecat_control_ws/build/ecat_pkg' returned '0': CMAKE_PREFIX_PATH=/home/daeyun/Desktop/ecat_control_ws/install/ecat_msgs:/home/daeyun/Desktop/ecat_control_ws/install/safety_pkg:/home/daeyun/Desktop/ecat_control_ws/install/log_pkg:/home/daeyun/Desktop/ecat_control_ws/install/input_pkg:/home/daeyun/Desktop/ecat_control_ws/install/gui_pkg:/home/daeyun/Desktop/ecat_control_ws/install/ecat_pkg:/home/daeyun/Desktop/ecat_control_ws/install/controller:/opt/ros/foxy /usr/bin/cmake --install /home/daeyun/Desktop/ecat_control_ws/build/ecat_pkg
