[0.092s] DEBUG:colcon:Command line arguments: ['/usr/bin/colcon', 'build', '--packages-select', 'data_extract_pkg']
[0.092s] DEBUG:colcon:Parsed command line arguments: Namespace(allow_overriding=[], ament_cmake_args=None, base_paths=['.'], build_base='build', catkin_cmake_args=None, catkin_skip_building_tests=False, cmake_args=None, cmake_clean_cache=False, cmake_clean_first=False, cmake_force_configure=False, cmake_target=None, cmake_target_skip_unavailable=False, continue_on_error=False, event_handlers=None, executor='parallel', ignore_user_meta=False, install_base='install', log_base=None, log_level=None, main=<bound method BuildVerb.main of <colcon_core.verb.build.BuildVerb object at 0x7f3c6f7b0b20>>, merge_install=False, metas=['./colcon.meta'], packages_above=None, packages_above_and_dependencies=None, packages_above_depth=None, packages_end=None, packages_ignore=None, packages_ignore_regex=None, packages_select=['data_extract_pkg'], packages_select_build_failed=False, packages_select_by_dep=None, packages_select_regex=None, packages_select_test_failures=False, packages_skip=None, packages_skip_build_finished=False, packages_skip_by_dep=None, packages_skip_regex=None, packages_skip_test_passed=False, packages_skip_up_to=None, packages_start=None, packages_up_to=None, packages_up_to_regex=None, parallel_workers=6, paths=None, symlink_install=False, test_result_base=None, verb_extension=<colcon_core.verb.build.BuildVerb object at 0x7f3c6f7b0b20>, verb_name='build', verb_parser=<colcon_defaults.argument_parser.defaults.DefaultArgumentsDecorator object at 0x7f3c6f7be0d0>)
[0.110s] Level 1:colcon.colcon_core.package_discovery:discover_packages(colcon_meta) check parameters
[0.110s] Level 1:colcon.colcon_core.package_discovery:discover_packages(recursive) check parameters
[0.110s] Level 1:colcon.colcon_core.package_discovery:discover_packages(ignore) check parameters
[0.110s] Level 1:colcon.colcon_core.package_discovery:discover_packages(path) check parameters
[0.110s] Level 1:colcon.colcon_core.package_discovery:discover_packages(colcon_meta) discover
[0.110s] Level 1:colcon.colcon_core.package_discovery:discover_packages(recursive) discover
[0.110s] INFO:colcon.colcon_core.package_discovery:Crawling recursively for packages in '/home/daeyun/Desktop/ecat_control_ws'
[0.110s] Level 1:colcon.colcon_core.package_identification:_identify(.) by extensions ['ignore', 'ignore_ament_install']
[0.110s] Level 1:colcon.colcon_core.package_identification:_identify(.) by extension 'ignore'
[0.110s] Level 1:colcon.colcon_core.package_identification:_identify(.) by extension 'ignore_ament_install'
[0.110s] Level 1:colcon.colcon_core.package_identification:_identify(.) by extensions ['colcon_pkg']
[0.110s] Level 1:colcon.colcon_core.package_identification:_identify(.) by extension 'colcon_pkg'
[0.110s] Level 1:colcon.colcon_core.package_identification:_identify(.) by extensions ['colcon_meta']
[0.110s] Level 1:colcon.colcon_core.package_identification:_identify(.) by extension 'colcon_meta'
[0.110s] Level 1:colcon.colcon_core.package_identification:_identify(.) by extensions ['ros']
[0.110s] Level 1:colcon.colcon_core.package_identification:_identify(.) by extension 'ros'
[0.118s] Level 1:colcon.colcon_core.package_identification:_identify(.) by extensions ['cmake', 'python']
[0.119s] Level 1:colcon.colcon_core.package_identification:_identify(.) by extension 'cmake'
[0.119s] Level 1:colcon.colcon_core.package_identification:_identify(.) by extension 'python'
[0.119s] Level 1:colcon.colcon_core.package_identification:_identify(.) by extensions ['python_setup_py']
[0.119s] Level 1:colcon.colcon_core.package_identification:_identify(.) by extension 'python_setup_py'
[0.119s] Level 1:colcon.colcon_core.package_identification:_identify(__pycache__) by extensions ['ignore', 'ignore_ament_install']
[0.119s] Level 1:colcon.colcon_core.package_identification:_identify(__pycache__) by extension 'ignore'
[0.119s] Level 1:colcon.colcon_core.package_identification:_identify(__pycache__) by extension 'ignore_ament_install'
[0.119s] Level 1:colcon.colcon_core.package_identification:_identify(__pycache__) by extensions ['colcon_pkg']
[0.119s] Level 1:colcon.colcon_core.package_identification:_identify(__pycache__) by extension 'colcon_pkg'
[0.119s] Level 1:colcon.colcon_core.package_identification:_identify(__pycache__) by extensions ['colcon_meta']
[0.119s] Level 1:colcon.colcon_core.package_identification:_identify(__pycache__) by extension 'colcon_meta'
[0.119s] Level 1:colcon.colcon_core.package_identification:_identify(__pycache__) by extensions ['ros']
[0.119s] Level 1:colcon.colcon_core.package_identification:_identify(__pycache__) by extension 'ros'
[0.119s] Level 1:colcon.colcon_core.package_identification:_identify(__pycache__) by extensions ['cmake', 'python']
[0.119s] Level 1:colcon.colcon_core.package_identification:_identify(__pycache__) by extension 'cmake'
[0.119s] Level 1:colcon.colcon_core.package_identification:_identify(__pycache__) by extension 'python'
[0.119s] Level 1:colcon.colcon_core.package_identification:_identify(__pycache__) by extensions ['python_setup_py']
[0.119s] Level 1:colcon.colcon_core.package_identification:_identify(__pycache__) by extension 'python_setup_py'
[0.119s] Level 1:colcon.colcon_core.package_identification:_identify(build) by extensions ['ignore', 'ignore_ament_install']
[0.119s] Level 1:colcon.colcon_core.package_identification:_identify(build) by extension 'ignore'
[0.119s] Level 1:colcon.colcon_core.package_identification:_identify(build) ignored
[0.120s] Level 1:colcon.colcon_core.package_identification:_identify(docs) by extensions ['ignore', 'ignore_ament_install']
[0.120s] Level 1:colcon.colcon_core.package_identification:_identify(docs) by extension 'ignore'
[0.120s] Level 1:colcon.colcon_core.package_identification:_identify(docs) by extension 'ignore_ament_install'
[0.120s] Level 1:colcon.colcon_core.package_identification:_identify(docs) by extensions ['colcon_pkg']
[0.120s] Level 1:colcon.colcon_core.package_identification:_identify(docs) by extension 'colcon_pkg'
[0.120s] Level 1:colcon.colcon_core.package_identification:_identify(docs) by extensions ['colcon_meta']
[0.120s] Level 1:colcon.colcon_core.package_identification:_identify(docs) by extension 'colcon_meta'
[0.120s] Level 1:colcon.colcon_core.package_identification:_identify(docs) by extensions ['ros']
[0.120s] Level 1:colcon.colcon_core.package_identification:_identify(docs) by extension 'ros'
[0.120s] Level 1:colcon.colcon_core.package_identification:_identify(docs) by extensions ['cmake', 'python']
[0.120s] Level 1:colcon.colcon_core.package_identification:_identify(docs) by extension 'cmake'
[0.120s] Level 1:colcon.colcon_core.package_identification:_identify(docs) by extension 'python'
[0.120s] Level 1:colcon.colcon_core.package_identification:_identify(docs) by extensions ['python_setup_py']
[0.121s] Level 1:colcon.colcon_core.package_identification:_identify(docs) by extension 'python_setup_py'
[0.121s] Level 1:colcon.colcon_core.package_identification:_identify(docs/doxy_xml) by extensions ['ignore', 'ignore_ament_install']
[0.121s] Level 1:colcon.colcon_core.package_identification:_identify(docs/doxy_xml) by extension 'ignore'
[0.121s] Level 1:colcon.colcon_core.package_identification:_identify(docs/doxy_xml) by extension 'ignore_ament_install'
[0.121s] Level 1:colcon.colcon_core.package_identification:_identify(docs/doxy_xml) by extensions ['colcon_pkg']
[0.121s] Level 1:colcon.colcon_core.package_identification:_identify(docs/doxy_xml) by extension 'colcon_pkg'
[0.121s] Level 1:colcon.colcon_core.package_identification:_identify(docs/doxy_xml) by extensions ['colcon_meta']
[0.121s] Level 1:colcon.colcon_core.package_identification:_identify(docs/doxy_xml) by extension 'colcon_meta'
[0.121s] Level 1:colcon.colcon_core.package_identification:_identify(docs/doxy_xml) by extensions ['ros']
[0.121s] Level 1:colcon.colcon_core.package_identification:_identify(docs/doxy_xml) by extension 'ros'
[0.121s] Level 1:colcon.colcon_core.package_identification:_identify(docs/doxy_xml) by extensions ['cmake', 'python']
[0.121s] Level 1:colcon.colcon_core.package_identification:_identify(docs/doxy_xml) by extension 'cmake'
[0.121s] Level 1:colcon.colcon_core.package_identification:_identify(docs/doxy_xml) by extension 'python'
[0.121s] Level 1:colcon.colcon_core.package_identification:_identify(docs/doxy_xml) by extensions ['python_setup_py']
[0.121s] Level 1:colcon.colcon_core.package_identification:_identify(docs/doxy_xml) by extension 'python_setup_py'
[0.121s] Level 1:colcon.colcon_core.package_identification:_identify(docs/html) by extensions ['ignore', 'ignore_ament_install']
[0.121s] Level 1:colcon.colcon_core.package_identification:_identify(docs/html) by extension 'ignore'
[0.121s] Level 1:colcon.colcon_core.package_identification:_identify(docs/html) by extension 'ignore_ament_install'
[0.121s] Level 1:colcon.colcon_core.package_identification:_identify(docs/html) by extensions ['colcon_pkg']
[0.121s] Level 1:colcon.colcon_core.package_identification:_identify(docs/html) by extension 'colcon_pkg'
[0.121s] Level 1:colcon.colcon_core.package_identification:_identify(docs/html) by extensions ['colcon_meta']
[0.122s] Level 1:colcon.colcon_core.package_identification:_identify(docs/html) by extension 'colcon_meta'
[0.122s] Level 1:colcon.colcon_core.package_identification:_identify(docs/html) by extensions ['ros']
[0.122s] Level 1:colcon.colcon_core.package_identification:_identify(docs/html) by extension 'ros'
[0.122s] Level 1:colcon.colcon_core.package_identification:_identify(docs/html) by extensions ['cmake', 'python']
[0.122s] Level 1:colcon.colcon_core.package_identification:_identify(docs/html) by extension 'cmake'
[0.122s] Level 1:colcon.colcon_core.package_identification:_identify(docs/html) by extension 'python'
[0.122s] Level 1:colcon.colcon_core.package_identification:_identify(docs/html) by extensions ['python_setup_py']
[0.122s] Level 1:colcon.colcon_core.package_identification:_identify(docs/html) by extension 'python_setup_py'
[0.122s] Level 1:colcon.colcon_core.package_identification:_identify(docs/html/search) by extensions ['ignore', 'ignore_ament_install']
[0.122s] Level 1:colcon.colcon_core.package_identification:_identify(docs/html/search) by extension 'ignore'
[0.122s] Level 1:colcon.colcon_core.package_identification:_identify(docs/html/search) by extension 'ignore_ament_install'
[0.122s] Level 1:colcon.colcon_core.package_identification:_identify(docs/html/search) by extensions ['colcon_pkg']
[0.122s] Level 1:colcon.colcon_core.package_identification:_identify(docs/html/search) by extension 'colcon_pkg'
[0.122s] Level 1:colcon.colcon_core.package_identification:_identify(docs/html/search) by extensions ['colcon_meta']
[0.122s] Level 1:colcon.colcon_core.package_identification:_identify(docs/html/search) by extension 'colcon_meta'
[0.122s] Level 1:colcon.colcon_core.package_identification:_identify(docs/html/search) by extensions ['ros']
[0.122s] Level 1:colcon.colcon_core.package_identification:_identify(docs/html/search) by extension 'ros'
[0.122s] Level 1:colcon.colcon_core.package_identification:_identify(docs/html/search) by extensions ['cmake', 'python']
[0.122s] Level 1:colcon.colcon_core.package_identification:_identify(docs/html/search) by extension 'cmake'
[0.122s] Level 1:colcon.colcon_core.package_identification:_identify(docs/html/search) by extension 'python'
[0.122s] Level 1:colcon.colcon_core.package_identification:_identify(docs/html/search) by extensions ['python_setup_py']
[0.122s] Level 1:colcon.colcon_core.package_identification:_identify(docs/html/search) by extension 'python_setup_py'
[0.122s] Level 1:colcon.colcon_core.package_identification:_identify(docs/img) by extensions ['ignore', 'ignore_ament_install']
[0.122s] Level 1:colcon.colcon_core.package_identification:_identify(docs/img) by extension 'ignore'
[0.123s] Level 1:colcon.colcon_core.package_identification:_identify(docs/img) by extension 'ignore_ament_install'
[0.123s] Level 1:colcon.colcon_core.package_identification:_identify(docs/img) by extensions ['colcon_pkg']
[0.123s] Level 1:colcon.colcon_core.package_identification:_identify(docs/img) by extension 'colcon_pkg'
[0.123s] Level 1:colcon.colcon_core.package_identification:_identify(docs/img) by extensions ['colcon_meta']
[0.123s] Level 1:colcon.colcon_core.package_identification:_identify(docs/img) by extension 'colcon_meta'
[0.123s] Level 1:colcon.colcon_core.package_identification:_identify(docs/img) by extensions ['ros']
[0.123s] Level 1:colcon.colcon_core.package_identification:_identify(docs/img) by extension 'ros'
[0.123s] Level 1:colcon.colcon_core.package_identification:_identify(docs/img) by extensions ['cmake', 'python']
[0.123s] Level 1:colcon.colcon_core.package_identification:_identify(docs/img) by extension 'cmake'
[0.123s] Level 1:colcon.colcon_core.package_identification:_identify(docs/img) by extension 'python'
[0.123s] Level 1:colcon.colcon_core.package_identification:_identify(docs/img) by extensions ['python_setup_py']
[0.123s] Level 1:colcon.colcon_core.package_identification:_identify(docs/img) by extension 'python_setup_py'
[0.123s] Level 1:colcon.colcon_core.package_identification:_identify(docs/latex) by extensions ['ignore', 'ignore_ament_install']
[0.123s] Level 1:colcon.colcon_core.package_identification:_identify(docs/latex) by extension 'ignore'
[0.123s] Level 1:colcon.colcon_core.package_identification:_identify(docs/latex) by extension 'ignore_ament_install'
[0.123s] Level 1:colcon.colcon_core.package_identification:_identify(docs/latex) by extensions ['colcon_pkg']
[0.123s] Level 1:colcon.colcon_core.package_identification:_identify(docs/latex) by extension 'colcon_pkg'
[0.123s] Level 1:colcon.colcon_core.package_identification:_identify(docs/latex) by extensions ['colcon_meta']
[0.123s] Level 1:colcon.colcon_core.package_identification:_identify(docs/latex) by extension 'colcon_meta'
[0.123s] Level 1:colcon.colcon_core.package_identification:_identify(docs/latex) by extensions ['ros']
[0.123s] Level 1:colcon.colcon_core.package_identification:_identify(docs/latex) by extension 'ros'
[0.123s] Level 1:colcon.colcon_core.package_identification:_identify(docs/latex) by extensions ['cmake', 'python']
[0.123s] Level 1:colcon.colcon_core.package_identification:_identify(docs/latex) by extension 'cmake'
[0.123s] Level 1:colcon.colcon_core.package_identification:_identify(docs/latex) by extension 'python'
[0.123s] Level 1:colcon.colcon_core.package_identification:_identify(docs/latex) by extensions ['python_setup_py']
[0.123s] Level 1:colcon.colcon_core.package_identification:_identify(docs/latex) by extension 'python_setup_py'
[0.124s] Level 1:colcon.colcon_core.package_identification:_identify(docs/search) by extensions ['ignore', 'ignore_ament_install']
[0.124s] Level 1:colcon.colcon_core.package_identification:_identify(docs/search) by extension 'ignore'
[0.124s] Level 1:colcon.colcon_core.package_identification:_identify(docs/search) by extension 'ignore_ament_install'
[0.124s] Level 1:colcon.colcon_core.package_identification:_identify(docs/search) by extensions ['colcon_pkg']
[0.124s] Level 1:colcon.colcon_core.package_identification:_identify(docs/search) by extension 'colcon_pkg'
[0.124s] Level 1:colcon.colcon_core.package_identification:_identify(docs/search) by extensions ['colcon_meta']
[0.124s] Level 1:colcon.colcon_core.package_identification:_identify(docs/search) by extension 'colcon_meta'
[0.124s] Level 1:colcon.colcon_core.package_identification:_identify(docs/search) by extensions ['ros']
[0.124s] Level 1:colcon.colcon_core.package_identification:_identify(docs/search) by extension 'ros'
[0.124s] Level 1:colcon.colcon_core.package_identification:_identify(docs/search) by extensions ['cmake', 'python']
[0.124s] Level 1:colcon.colcon_core.package_identification:_identify(docs/search) by extension 'cmake'
[0.124s] Level 1:colcon.colcon_core.package_identification:_identify(docs/search) by extension 'python'
[0.124s] Level 1:colcon.colcon_core.package_identification:_identify(docs/search) by extensions ['python_setup_py']
[0.124s] Level 1:colcon.colcon_core.package_identification:_identify(docs/search) by extension 'python_setup_py'
[0.124s] Level 1:colcon.colcon_core.package_identification:_identify(docs/src) by extensions ['ignore', 'ignore_ament_install']
[0.124s] Level 1:colcon.colcon_core.package_identification:_identify(docs/src) by extension 'ignore'
[0.124s] Level 1:colcon.colcon_core.package_identification:_identify(docs/src) by extension 'ignore_ament_install'
[0.124s] Level 1:colcon.colcon_core.package_identification:_identify(docs/src) by extensions ['colcon_pkg']
[0.124s] Level 1:colcon.colcon_core.package_identification:_identify(docs/src) by extension 'colcon_pkg'
[0.124s] Level 1:colcon.colcon_core.package_identification:_identify(docs/src) by extensions ['colcon_meta']
[0.124s] Level 1:colcon.colcon_core.package_identification:_identify(docs/src) by extension 'colcon_meta'
[0.124s] Level 1:colcon.colcon_core.package_identification:_identify(docs/src) by extensions ['ros']
[0.124s] Level 1:colcon.colcon_core.package_identification:_identify(docs/src) by extension 'ros'
[0.124s] Level 1:colcon.colcon_core.package_identification:_identify(docs/src) by extensions ['cmake', 'python']
[0.124s] Level 1:colcon.colcon_core.package_identification:_identify(docs/src) by extension 'cmake'
[0.124s] Level 1:colcon.colcon_core.package_identification:_identify(docs/src) by extension 'python'
[0.124s] Level 1:colcon.colcon_core.package_identification:_identify(docs/src) by extensions ['python_setup_py']
[0.124s] Level 1:colcon.colcon_core.package_identification:_identify(docs/src) by extension 'python_setup_py'
[0.125s] Level 1:colcon.colcon_core.package_identification:_identify(docs/src/doxygen-custom) by extensions ['ignore', 'ignore_ament_install']
[0.125s] Level 1:colcon.colcon_core.package_identification:_identify(docs/src/doxygen-custom) by extension 'ignore'
[0.125s] Level 1:colcon.colcon_core.package_identification:_identify(docs/src/doxygen-custom) by extension 'ignore_ament_install'
[0.125s] Level 1:colcon.colcon_core.package_identification:_identify(docs/src/doxygen-custom) by extensions ['colcon_pkg']
[0.125s] Level 1:colcon.colcon_core.package_identification:_identify(docs/src/doxygen-custom) by extension 'colcon_pkg'
[0.125s] Level 1:colcon.colcon_core.package_identification:_identify(docs/src/doxygen-custom) by extensions ['colcon_meta']
[0.125s] Level 1:colcon.colcon_core.package_identification:_identify(docs/src/doxygen-custom) by extension 'colcon_meta'
[0.125s] Level 1:colcon.colcon_core.package_identification:_identify(docs/src/doxygen-custom) by extensions ['ros']
[0.125s] Level 1:colcon.colcon_core.package_identification:_identify(docs/src/doxygen-custom) by extension 'ros'
[0.125s] Level 1:colcon.colcon_core.package_identification:_identify(docs/src/doxygen-custom) by extensions ['cmake', 'python']
[0.125s] Level 1:colcon.colcon_core.package_identification:_identify(docs/src/doxygen-custom) by extension 'cmake'
[0.125s] Level 1:colcon.colcon_core.package_identification:_identify(docs/src/doxygen-custom) by extension 'python'
[0.125s] Level 1:colcon.colcon_core.package_identification:_identify(docs/src/doxygen-custom) by extensions ['python_setup_py']
[0.125s] Level 1:colcon.colcon_core.package_identification:_identify(docs/src/doxygen-custom) by extension 'python_setup_py'
[0.125s] Level 1:colcon.colcon_core.package_identification:_identify(docs/src/img) by extensions ['ignore', 'ignore_ament_install']
[0.125s] Level 1:colcon.colcon_core.package_identification:_identify(docs/src/img) by extension 'ignore'
[0.125s] Level 1:colcon.colcon_core.package_identification:_identify(docs/src/img) by extension 'ignore_ament_install'
[0.125s] Level 1:colcon.colcon_core.package_identification:_identify(docs/src/img) by extensions ['colcon_pkg']
[0.125s] Level 1:colcon.colcon_core.package_identification:_identify(docs/src/img) by extension 'colcon_pkg'
[0.125s] Level 1:colcon.colcon_core.package_identification:_identify(docs/src/img) by extensions ['colcon_meta']
[0.125s] Level 1:colcon.colcon_core.package_identification:_identify(docs/src/img) by extension 'colcon_meta'
[0.125s] Level 1:colcon.colcon_core.package_identification:_identify(docs/src/img) by extensions ['ros']
[0.125s] Level 1:colcon.colcon_core.package_identification:_identify(docs/src/img) by extension 'ros'
[0.125s] Level 1:colcon.colcon_core.package_identification:_identify(docs/src/img) by extensions ['cmake', 'python']
[0.125s] Level 1:colcon.colcon_core.package_identification:_identify(docs/src/img) by extension 'cmake'
[0.125s] Level 1:colcon.colcon_core.package_identification:_identify(docs/src/img) by extension 'python'
[0.125s] Level 1:colcon.colcon_core.package_identification:_identify(docs/src/img) by extensions ['python_setup_py']
[0.125s] Level 1:colcon.colcon_core.package_identification:_identify(docs/src/img) by extension 'python_setup_py'
[0.125s] Level 1:colcon.colcon_core.package_identification:_identify(install) by extensions ['ignore', 'ignore_ament_install']
[0.125s] Level 1:colcon.colcon_core.package_identification:_identify(install) by extension 'ignore'
[0.126s] Level 1:colcon.colcon_core.package_identification:_identify(install) ignored
[0.126s] Level 1:colcon.colcon_core.package_identification:_identify(log) by extensions ['ignore', 'ignore_ament_install']
[0.126s] Level 1:colcon.colcon_core.package_identification:_identify(log) by extension 'ignore'
[0.126s] Level 1:colcon.colcon_core.package_identification:_identify(log) ignored
[0.126s] Level 1:colcon.colcon_core.package_identification:_identify(src) by extensions ['ignore', 'ignore_ament_install']
[0.126s] Level 1:colcon.colcon_core.package_identification:_identify(src) by extension 'ignore'
[0.126s] Level 1:colcon.colcon_core.package_identification:_identify(src) by extension 'ignore_ament_install'
[0.126s] Level 1:colcon.colcon_core.package_identification:_identify(src) by extensions ['colcon_pkg']
[0.126s] Level 1:colcon.colcon_core.package_identification:_identify(src) by extension 'colcon_pkg'
[0.126s] Level 1:colcon.colcon_core.package_identification:_identify(src) by extensions ['colcon_meta']
[0.126s] Level 1:colcon.colcon_core.package_identification:_identify(src) by extension 'colcon_meta'
[0.126s] Level 1:colcon.colcon_core.package_identification:_identify(src) by extensions ['ros']
[0.126s] Level 1:colcon.colcon_core.package_identification:_identify(src) by extension 'ros'
[0.126s] Level 1:colcon.colcon_core.package_identification:_identify(src) by extensions ['cmake', 'python']
[0.126s] Level 1:colcon.colcon_core.package_identification:_identify(src) by extension 'cmake'
[0.126s] Level 1:colcon.colcon_core.package_identification:_identify(src) by extension 'python'
[0.126s] Level 1:colcon.colcon_core.package_identification:_identify(src) by extensions ['python_setup_py']
[0.126s] Level 1:colcon.colcon_core.package_identification:_identify(src) by extension 'python_setup_py'
[0.126s] Level 1:colcon.colcon_core.package_identification:_identify(src/controller) by extensions ['ignore', 'ignore_ament_install']
[0.126s] Level 1:colcon.colcon_core.package_identification:_identify(src/controller) by extension 'ignore'
[0.126s] Level 1:colcon.colcon_core.package_identification:_identify(src/controller) by extension 'ignore_ament_install'
[0.126s] Level 1:colcon.colcon_core.package_identification:_identify(src/controller) by extensions ['colcon_pkg']
[0.126s] Level 1:colcon.colcon_core.package_identification:_identify(src/controller) by extension 'colcon_pkg'
[0.126s] Level 1:colcon.colcon_core.package_identification:_identify(src/controller) by extensions ['colcon_meta']
[0.126s] Level 1:colcon.colcon_core.package_identification:_identify(src/controller) by extension 'colcon_meta'
[0.126s] Level 1:colcon.colcon_core.package_identification:_identify(src/controller) by extensions ['ros']
[0.126s] Level 1:colcon.colcon_core.package_identification:_identify(src/controller) by extension 'ros'
[0.128s] DEBUG:colcon.colcon_core.package_identification:Package 'src/controller' with type 'ros.ament_cmake' and name 'controller'
[0.128s] Level 1:colcon.colcon_core.package_identification:_identify(src/data_extract_pkg) by extensions ['ignore', 'ignore_ament_install']
[0.129s] Level 1:colcon.colcon_core.package_identification:_identify(src/data_extract_pkg) by extension 'ignore'
[0.129s] Level 1:colcon.colcon_core.package_identification:_identify(src/data_extract_pkg) by extension 'ignore_ament_install'
[0.129s] Level 1:colcon.colcon_core.package_identification:_identify(src/data_extract_pkg) by extensions ['colcon_pkg']
[0.129s] Level 1:colcon.colcon_core.package_identification:_identify(src/data_extract_pkg) by extension 'colcon_pkg'
[0.129s] Level 1:colcon.colcon_core.package_identification:_identify(src/data_extract_pkg) by extensions ['colcon_meta']
[0.129s] Level 1:colcon.colcon_core.package_identification:_identify(src/data_extract_pkg) by extension 'colcon_meta'
[0.129s] Level 1:colcon.colcon_core.package_identification:_identify(src/data_extract_pkg) by extensions ['ros']
[0.129s] Level 1:colcon.colcon_core.package_identification:_identify(src/data_extract_pkg) by extension 'ros'
[0.129s] DEBUG:colcon.colcon_core.package_identification:Package 'src/data_extract_pkg' with type 'ros.ament_cmake' and name 'data_extract_pkg'
[0.129s] Level 1:colcon.colcon_core.package_identification:_identify(src/ecat_msgs) by extensions ['ignore', 'ignore_ament_install']
[0.129s] Level 1:colcon.colcon_core.package_identification:_identify(src/ecat_msgs) by extension 'ignore'
[0.129s] Level 1:colcon.colcon_core.package_identification:_identify(src/ecat_msgs) by extension 'ignore_ament_install'
[0.129s] Level 1:colcon.colcon_core.package_identification:_identify(src/ecat_msgs) by extensions ['colcon_pkg']
[0.129s] Level 1:colcon.colcon_core.package_identification:_identify(src/ecat_msgs) by extension 'colcon_pkg'
[0.129s] Level 1:colcon.colcon_core.package_identification:_identify(src/ecat_msgs) by extensions ['colcon_meta']
[0.129s] Level 1:colcon.colcon_core.package_identification:_identify(src/ecat_msgs) by extension 'colcon_meta'
[0.129s] Level 1:colcon.colcon_core.package_identification:_identify(src/ecat_msgs) by extensions ['ros']
[0.129s] Level 1:colcon.colcon_core.package_identification:_identify(src/ecat_msgs) by extension 'ros'
[0.130s] DEBUG:colcon.colcon_core.package_identification:Package 'src/ecat_msgs' with type 'ros.ament_cmake' and name 'ecat_msgs'
[0.130s] Level 1:colcon.colcon_core.package_identification:_identify(src/ecat_pkg) by extensions ['ignore', 'ignore_ament_install']
[0.130s] Level 1:colcon.colcon_core.package_identification:_identify(src/ecat_pkg) by extension 'ignore'
[0.130s] Level 1:colcon.colcon_core.package_identification:_identify(src/ecat_pkg) by extension 'ignore_ament_install'
[0.130s] Level 1:colcon.colcon_core.package_identification:_identify(src/ecat_pkg) by extensions ['colcon_pkg']
[0.130s] Level 1:colcon.colcon_core.package_identification:_identify(src/ecat_pkg) by extension 'colcon_pkg'
[0.130s] Level 1:colcon.colcon_core.package_identification:_identify(src/ecat_pkg) by extensions ['colcon_meta']
[0.130s] Level 1:colcon.colcon_core.package_identification:_identify(src/ecat_pkg) by extension 'colcon_meta'
[0.130s] Level 1:colcon.colcon_core.package_identification:_identify(src/ecat_pkg) by extensions ['ros']
[0.130s] Level 1:colcon.colcon_core.package_identification:_identify(src/ecat_pkg) by extension 'ros'
[0.131s] DEBUG:colcon.colcon_core.package_identification:Package 'src/ecat_pkg' with type 'ros.ament_cmake' and name 'ecat_pkg'
[0.131s] Level 1:colcon.colcon_core.package_identification:_identify(src/gui_pkg) by extensions ['ignore', 'ignore_ament_install']
[0.131s] Level 1:colcon.colcon_core.package_identification:_identify(src/gui_pkg) by extension 'ignore'
[0.131s] Level 1:colcon.colcon_core.package_identification:_identify(src/gui_pkg) by extension 'ignore_ament_install'
[0.131s] Level 1:colcon.colcon_core.package_identification:_identify(src/gui_pkg) by extensions ['colcon_pkg']
[0.131s] Level 1:colcon.colcon_core.package_identification:_identify(src/gui_pkg) by extension 'colcon_pkg'
[0.131s] Level 1:colcon.colcon_core.package_identification:_identify(src/gui_pkg) by extensions ['colcon_meta']
[0.131s] Level 1:colcon.colcon_core.package_identification:_identify(src/gui_pkg) by extension 'colcon_meta'
[0.131s] Level 1:colcon.colcon_core.package_identification:_identify(src/gui_pkg) by extensions ['ros']
[0.131s] Level 1:colcon.colcon_core.package_identification:_identify(src/gui_pkg) by extension 'ros'
[0.131s] DEBUG:colcon.colcon_core.package_identification:Package 'src/gui_pkg' with type 'ros.ament_cmake' and name 'gui_pkg'
[0.131s] Level 1:colcon.colcon_core.package_identification:_identify(src/input_pkg) by extensions ['ignore', 'ignore_ament_install']
[0.132s] Level 1:colcon.colcon_core.package_identification:_identify(src/input_pkg) by extension 'ignore'
[0.132s] Level 1:colcon.colcon_core.package_identification:_identify(src/input_pkg) by extension 'ignore_ament_install'
[0.132s] Level 1:colcon.colcon_core.package_identification:_identify(src/input_pkg) by extensions ['colcon_pkg']
[0.132s] Level 1:colcon.colcon_core.package_identification:_identify(src/input_pkg) by extension 'colcon_pkg'
[0.132s] Level 1:colcon.colcon_core.package_identification:_identify(src/input_pkg) by extensions ['colcon_meta']
[0.132s] Level 1:colcon.colcon_core.package_identification:_identify(src/input_pkg) by extension 'colcon_meta'
[0.132s] Level 1:colcon.colcon_core.package_identification:_identify(src/input_pkg) by extensions ['ros']
[0.132s] Level 1:colcon.colcon_core.package_identification:_identify(src/input_pkg) by extension 'ros'
[0.132s] DEBUG:colcon.colcon_core.package_identification:Package 'src/input_pkg' with type 'ros.ament_cmake' and name 'input_pkg'
[0.132s] Level 1:colcon.colcon_core.package_identification:_identify(src/log_pkg) by extensions ['ignore', 'ignore_ament_install']
[0.132s] Level 1:colcon.colcon_core.package_identification:_identify(src/log_pkg) by extension 'ignore'
[0.132s] Level 1:colcon.colcon_core.package_identification:_identify(src/log_pkg) by extension 'ignore_ament_install'
[0.132s] Level 1:colcon.colcon_core.package_identification:_identify(src/log_pkg) by extensions ['colcon_pkg']
[0.132s] Level 1:colcon.colcon_core.package_identification:_identify(src/log_pkg) by extension 'colcon_pkg'
[0.132s] Level 1:colcon.colcon_core.package_identification:_identify(src/log_pkg) by extensions ['colcon_meta']
[0.132s] Level 1:colcon.colcon_core.package_identification:_identify(src/log_pkg) by extension 'colcon_meta'
[0.132s] Level 1:colcon.colcon_core.package_identification:_identify(src/log_pkg) by extensions ['ros']
[0.132s] Level 1:colcon.colcon_core.package_identification:_identify(src/log_pkg) by extension 'ros'
[0.133s] DEBUG:colcon.colcon_core.package_identification:Package 'src/log_pkg' with type 'ros.ament_cmake' and name 'log_pkg'
[0.133s] Level 1:colcon.colcon_core.package_identification:_identify(src/safety_pkg) by extensions ['ignore', 'ignore_ament_install']
[0.133s] Level 1:colcon.colcon_core.package_identification:_identify(src/safety_pkg) by extension 'ignore'
[0.133s] Level 1:colcon.colcon_core.package_identification:_identify(src/safety_pkg) by extension 'ignore_ament_install'
[0.133s] Level 1:colcon.colcon_core.package_identification:_identify(src/safety_pkg) by extensions ['colcon_pkg']
[0.133s] Level 1:colcon.colcon_core.package_identification:_identify(src/safety_pkg) by extension 'colcon_pkg'
[0.133s] Level 1:colcon.colcon_core.package_identification:_identify(src/safety_pkg) by extensions ['colcon_meta']
[0.133s] Level 1:colcon.colcon_core.package_identification:_identify(src/safety_pkg) by extension 'colcon_meta'
[0.133s] Level 1:colcon.colcon_core.package_identification:_identify(src/safety_pkg) by extensions ['ros']
[0.133s] Level 1:colcon.colcon_core.package_identification:_identify(src/safety_pkg) by extension 'ros'
[0.134s] DEBUG:colcon.colcon_core.package_identification:Package 'src/safety_pkg' with type 'ros.ament_cmake' and name 'safety_pkg'
[0.134s] Level 1:colcon.colcon_core.package_discovery:discover_packages(recursive) using defaults
[0.134s] Level 1:colcon.colcon_core.package_discovery:discover_packages(ignore) discover
[0.134s] Level 1:colcon.colcon_core.package_discovery:discover_packages(ignore) using defaults
[0.134s] Level 1:colcon.colcon_core.package_discovery:discover_packages(path) discover
[0.134s] Level 1:colcon.colcon_core.package_discovery:discover_packages(path) using defaults
[0.155s] INFO:colcon.colcon_core.package_selection:Skipping not selected package 'controller' in 'src/controller'
[0.155s] INFO:colcon.colcon_core.package_selection:Skipping not selected package 'ecat_msgs' in 'src/ecat_msgs'
[0.155s] INFO:colcon.colcon_core.package_selection:Skipping not selected package 'ecat_pkg' in 'src/ecat_pkg'
[0.156s] INFO:colcon.colcon_core.package_selection:Skipping not selected package 'gui_pkg' in 'src/gui_pkg'
[0.156s] INFO:colcon.colcon_core.package_selection:Skipping not selected package 'input_pkg' in 'src/input_pkg'
[0.156s] INFO:colcon.colcon_core.package_selection:Skipping not selected package 'log_pkg' in 'src/log_pkg'
[0.156s] INFO:colcon.colcon_core.package_selection:Skipping not selected package 'safety_pkg' in 'src/safety_pkg'
[0.156s] Level 1:colcon.colcon_core.package_discovery:discover_packages(prefix_path) check parameters
[0.156s] Level 1:colcon.colcon_core.package_discovery:discover_packages(prefix_path) discover
[0.157s] Level 1:colcon.colcon_core.package_discovery:discover_packages(prefix_path) using defaults
[0.158s] Level 5:colcon.colcon_core.verb:set package 'data_extract_pkg' build argument 'cmake_args' from command line to 'None'
[0.158s] Level 5:colcon.colcon_core.verb:set package 'data_extract_pkg' build argument 'cmake_target' from command line to 'None'
[0.158s] Level 5:colcon.colcon_core.verb:set package 'data_extract_pkg' build argument 'cmake_target_skip_unavailable' from command line to 'False'
[0.158s] Level 5:colcon.colcon_core.verb:set package 'data_extract_pkg' build argument 'cmake_clean_cache' from command line to 'False'
[0.158s] Level 5:colcon.colcon_core.verb:set package 'data_extract_pkg' build argument 'cmake_clean_first' from command line to 'False'
[0.158s] Level 5:colcon.colcon_core.verb:set package 'data_extract_pkg' build argument 'cmake_force_configure' from command line to 'False'
[0.158s] Level 5:colcon.colcon_core.verb:set package 'data_extract_pkg' build argument 'ament_cmake_args' from command line to 'None'
[0.158s] Level 5:colcon.colcon_core.verb:set package 'data_extract_pkg' build argument 'catkin_cmake_args' from command line to 'None'
[0.158s] Level 5:colcon.colcon_core.verb:set package 'data_extract_pkg' build argument 'catkin_skip_building_tests' from command line to 'False'
[0.158s] DEBUG:colcon.colcon_core.verb:Building package 'data_extract_pkg' with the following arguments: {'ament_cmake_args': None, 'build_base': '/home/daeyun/Desktop/ecat_control_ws/build/data_extract_pkg', 'catkin_cmake_args': None, 'catkin_skip_building_tests': False, 'cmake_args': None, 'cmake_clean_cache': False, 'cmake_clean_first': False, 'cmake_force_configure': False, 'cmake_target': None, 'cmake_target_skip_unavailable': False, 'install_base': '/home/daeyun/Desktop/ecat_control_ws/install/data_extract_pkg', 'merge_install': False, 'path': '/home/daeyun/Desktop/ecat_control_ws/src/data_extract_pkg', 'symlink_install': False, 'test_result_base': None}
[0.158s] INFO:colcon.colcon_core.executor:Executing jobs using 'parallel' executor
[0.161s] DEBUG:colcon.colcon_parallel_executor.executor.parallel:run_until_complete
[0.162s] INFO:colcon.colcon_ros.task.ament_cmake.build:Building ROS package in '/home/daeyun/Desktop/ecat_control_ws/src/data_extract_pkg' with build type 'ament_cmake'
[0.162s] INFO:colcon.colcon_cmake.task.cmake.build:Building CMake package in '/home/daeyun/Desktop/ecat_control_ws/src/data_extract_pkg'
[0.165s] INFO:colcon.colcon_core.plugin_system:Skipping extension 'colcon_core.shell.bat': Not used on non-Windows systems
[0.165s] INFO:colcon.colcon_core.shell:Skip shell extension 'powershell' for command environment: Not usable outside of PowerShell
[0.165s] DEBUG:colcon.colcon_core.shell:Skip shell extension 'dsv' for command environment
[0.172s] DEBUG:colcon.colcon_core.event_handler.log_command:Invoking command in '/home/daeyun/Desktop/ecat_control_ws/build/data_extract_pkg': /usr/bin/cmake /home/daeyun/Desktop/ecat_control_ws/src/data_extract_pkg -DCMAKE_INSTALL_PREFIX=/home/daeyun/Desktop/ecat_control_ws/install/data_extract_pkg
[0.314s] DEBUG:colcon.colcon_core.event_handler.log_command:Invoked command in '/home/daeyun/Desktop/ecat_control_ws/build/data_extract_pkg' returned '1': /usr/bin/cmake /home/daeyun/Desktop/ecat_control_ws/src/data_extract_pkg -DCMAKE_INSTALL_PREFIX=/home/daeyun/Desktop/ecat_control_ws/install/data_extract_pkg
[0.325s] Level 1:colcon.colcon_core.environment:create_environment_scripts_only(data_extract_pkg)
[0.329s] Level 1:colcon.colcon_core.environment:checking '/home/daeyun/Desktop/ecat_control_ws/install/data_extract_pkg' for CMake module files
[0.329s] Level 1:colcon.colcon_core.environment:checking '/home/daeyun/Desktop/ecat_control_ws/install/data_extract_pkg' for CMake config files
[0.330s] Level 1:colcon.colcon_core.shell:create_environment_hook('data_extract_pkg', 'cmake_prefix_path')
[0.330s] INFO:colcon.colcon_core.shell:Creating environment hook '/home/daeyun/Desktop/ecat_control_ws/install/data_extract_pkg/share/data_extract_pkg/hook/cmake_prefix_path.ps1'
[0.331s] INFO:colcon.colcon_core.shell:Creating environment descriptor '/home/daeyun/Desktop/ecat_control_ws/install/data_extract_pkg/share/data_extract_pkg/hook/cmake_prefix_path.dsv'
[0.331s] INFO:colcon.colcon_core.shell:Creating environment hook '/home/daeyun/Desktop/ecat_control_ws/install/data_extract_pkg/share/data_extract_pkg/hook/cmake_prefix_path.sh'
[0.332s] Level 1:colcon.colcon_core.environment:checking '/home/daeyun/Desktop/ecat_control_ws/install/data_extract_pkg/lib'
[0.332s] Level 1:colcon.colcon_core.environment:checking '/home/daeyun/Desktop/ecat_control_ws/install/data_extract_pkg/bin'
[0.332s] Level 1:colcon.colcon_core.environment:checking '/home/daeyun/Desktop/ecat_control_ws/install/data_extract_pkg/lib/pkgconfig/data_extract_pkg.pc'
[0.333s] Level 1:colcon.colcon_core.environment:checking '/home/daeyun/Desktop/ecat_control_ws/install/data_extract_pkg/lib/python3.8/site-packages'
[0.333s] Level 1:colcon.colcon_core.environment:checking '/home/daeyun/Desktop/ecat_control_ws/install/data_extract_pkg/bin'
[0.334s] INFO:colcon.colcon_core.shell:Creating package script '/home/daeyun/Desktop/ecat_control_ws/install/data_extract_pkg/share/data_extract_pkg/package.ps1'
[0.334s] INFO:colcon.colcon_core.shell:Creating package descriptor '/home/daeyun/Desktop/ecat_control_ws/install/data_extract_pkg/share/data_extract_pkg/package.dsv'
[0.335s] INFO:colcon.colcon_core.shell:Creating package script '/home/daeyun/Desktop/ecat_control_ws/install/data_extract_pkg/share/data_extract_pkg/package.sh'
[0.335s] INFO:colcon.colcon_core.shell:Creating package script '/home/daeyun/Desktop/ecat_control_ws/install/data_extract_pkg/share/data_extract_pkg/package.bash'
[0.335s] INFO:colcon.colcon_core.shell:Creating package script '/home/daeyun/Desktop/ecat_control_ws/install/data_extract_pkg/share/data_extract_pkg/package.zsh'
[0.336s] Level 1:colcon.colcon_core.environment:create_file_with_runtime_dependencies(/home/daeyun/Desktop/ecat_control_ws/install/data_extract_pkg/share/colcon-core/packages/data_extract_pkg)
[0.346s] DEBUG:colcon.colcon_parallel_executor.executor.parallel:closing loop
[0.346s] DEBUG:colcon.colcon_parallel_executor.executor.parallel:loop closed
[0.346s] DEBUG:colcon.colcon_parallel_executor.executor.parallel:run_until_complete finished with '1'
[0.346s] DEBUG:colcon.colcon_core.event_reactor:joining thread
[0.351s] INFO:colcon.colcon_core.plugin_system:Skipping extension 'colcon_notification.desktop_notification.terminal_notifier': Not used on non-Darwin systems
[0.351s] INFO:colcon.colcon_core.plugin_system:Skipping extension 'colcon_notification.desktop_notification.win32': Not used on non-Windows systems
[0.351s] INFO:colcon.colcon_notification.desktop_notification:Sending desktop notification using 'notify2'
[0.355s] DEBUG:colcon.colcon_notification.desktop_notification.notify2:Failed to initialize notify2: org.freedesktop.DBus.Error.ServiceUnknown: The name org.freedesktop.Notifications was not provided by any .service files
[0.355s] DEBUG:colcon.colcon_core.event_reactor:joined thread
[0.356s] INFO:colcon.colcon_core.shell:Creating prefix script '/home/daeyun/Desktop/ecat_control_ws/install/local_setup.ps1'
[0.357s] INFO:colcon.colcon_core.shell:Creating prefix util module '/home/daeyun/Desktop/ecat_control_ws/install/_local_setup_util_ps1.py'
[0.358s] INFO:colcon.colcon_core.shell:Creating prefix chain script '/home/daeyun/Desktop/ecat_control_ws/install/setup.ps1'
[0.358s] INFO:colcon.colcon_core.shell:Creating prefix script '/home/daeyun/Desktop/ecat_control_ws/install/local_setup.sh'
[0.359s] INFO:colcon.colcon_core.shell:Creating prefix util module '/home/daeyun/Desktop/ecat_control_ws/install/_local_setup_util_sh.py'
[0.359s] INFO:colcon.colcon_core.shell:Creating prefix chain script '/home/daeyun/Desktop/ecat_control_ws/install/setup.sh'
[0.360s] INFO:colcon.colcon_core.shell:Creating prefix script '/home/daeyun/Desktop/ecat_control_ws/install/local_setup.bash'
[0.360s] INFO:colcon.colcon_core.shell:Creating prefix chain script '/home/daeyun/Desktop/ecat_control_ws/install/setup.bash'
[0.361s] INFO:colcon.colcon_core.shell:Creating prefix script '/home/daeyun/Desktop/ecat_control_ws/install/local_setup.zsh'
[0.361s] INFO:colcon.colcon_core.shell:Creating prefix chain script '/home/daeyun/Desktop/ecat_control_ws/install/setup.zsh'
