[0.029s] Invoking command in '/home/daeyun/Desktop/ecat_control_ws/build/safety_pkg': CMAKE_PREFIX_PATH=/home/daeyun/Desktop/ecat_control_ws/install/ecat_msgs:/home/daeyun/Desktop/ecat_control_ws/install/safety_pkg:/home/daeyun/Desktop/ecat_control_ws/install/log_pkg:/home/daeyun/Desktop/ecat_control_ws/install/input_pkg:/home/daeyun/Desktop/ecat_control_ws/install/gui_pkg:/home/daeyun/Desktop/ecat_control_ws/install/ecat_pkg:/home/daeyun/Desktop/ecat_control_ws/install/controller:/opt/ros/foxy /usr/bin/cmake --build /home/daeyun/Desktop/ecat_control_ws/build/safety_pkg -- -j8 -l8
[0.081s] [35m[1mScanning dependencies of target safety_node[0m
[0.142s] [ 50%] [32mBuilding CXX object CMakeFiles/safety_node.dir/src/safety_node.cpp.o[0m
[10.219s] In file included from [01m[K/home/daeyun/Desktop/ecat_control_ws/src/safety_pkg/include/safety_pkg/safety_node.hpp:56[m[K,
[10.219s]                  from [01m[K/home/daeyun/Desktop/ecat_control_ws/src/safety_pkg/src/safety_node.cpp:1[m[K:
[10.219s] [01m[K/home/daeyun/Desktop/ecat_control_ws/src/safety_pkg/../ecat_pkg/include/ecat_pkg/ecat_globals.hpp:49:17:[m[K [01;35m[Kwarning: [m[K‘[01m[Kg_kOperationMode[m[K’ defined but not used [[01;35m[K-Wunused-variable[m[K]
[10.220s]    49 | static int8_t   [01;35m[Kg_kOperationMode[m[K = kProfileVelocity ;  // Velocity mode - slave
[10.220s]       |                 [01;35m[K^~~~~~~~~~~~~~~~[m[K
[17.970s] [100%] [32m[1mLinking CXX executable safety_node[0m
[19.121s] [100%] Built target safety_node
[19.181s] Invoked command in '/home/daeyun/Desktop/ecat_control_ws/build/safety_pkg' returned '0': CMAKE_PREFIX_PATH=/home/daeyun/Desktop/ecat_control_ws/install/ecat_msgs:/home/daeyun/Desktop/ecat_control_ws/install/safety_pkg:/home/daeyun/Desktop/ecat_control_ws/install/log_pkg:/home/daeyun/Desktop/ecat_control_ws/install/input_pkg:/home/daeyun/Desktop/ecat_control_ws/install/gui_pkg:/home/daeyun/Desktop/ecat_control_ws/install/ecat_pkg:/home/daeyun/Desktop/ecat_control_ws/install/controller:/opt/ros/foxy /usr/bin/cmake --build /home/daeyun/Desktop/ecat_control_ws/build/safety_pkg -- -j8 -l8
[19.311s] Invoking command in '/home/daeyun/Desktop/ecat_control_ws/build/safety_pkg': CMAKE_PREFIX_PATH=/home/daeyun/Desktop/ecat_control_ws/install/ecat_msgs:/home/daeyun/Desktop/ecat_control_ws/install/safety_pkg:/home/daeyun/Desktop/ecat_control_ws/install/log_pkg:/home/daeyun/Desktop/ecat_control_ws/install/input_pkg:/home/daeyun/Desktop/ecat_control_ws/install/gui_pkg:/home/daeyun/Desktop/ecat_control_ws/install/ecat_pkg:/home/daeyun/Desktop/ecat_control_ws/install/controller:/opt/ros/foxy /usr/bin/cmake --install /home/daeyun/Desktop/ecat_control_ws/build/safety_pkg
[19.353s] -- Install configuration: ""
[19.355s] -- Execute custom install script
[19.358s] -- Up-to-date symlink: /home/daeyun/Desktop/ecat_control_ws/install/safety_pkg/lib/safety_pkg/safety_node
[19.360s] -- Up-to-date symlink: /home/daeyun/Desktop/ecat_control_ws/install/safety_pkg/share/ament_index/resource_index/package_run_dependencies/safety_pkg
[19.362s] -- Up-to-date symlink: /home/daeyun/Desktop/ecat_control_ws/install/safety_pkg/share/ament_index/resource_index/parent_prefix_path/safety_pkg
[19.364s] -- Up-to-date symlink: /home/daeyun/Desktop/ecat_control_ws/install/safety_pkg/share/safety_pkg/environment/ament_prefix_path.sh
[19.365s] -- Up-to-date symlink: /home/daeyun/Desktop/ecat_control_ws/install/safety_pkg/share/safety_pkg/environment/ament_prefix_path.dsv
[19.367s] -- Up-to-date symlink: /home/daeyun/Desktop/ecat_control_ws/install/safety_pkg/share/safety_pkg/environment/path.sh
[19.369s] -- Up-to-date symlink: /home/daeyun/Desktop/ecat_control_ws/install/safety_pkg/share/safety_pkg/environment/path.dsv
[19.371s] -- Up-to-date symlink: /home/daeyun/Desktop/ecat_control_ws/install/safety_pkg/share/safety_pkg/local_setup.bash
[19.373s] -- Up-to-date symlink: /home/daeyun/Desktop/ecat_control_ws/install/safety_pkg/share/safety_pkg/local_setup.sh
[19.374s] -- Up-to-date symlink: /home/daeyun/Desktop/ecat_control_ws/install/safety_pkg/share/safety_pkg/local_setup.zsh
[19.375s] -- Up-to-date symlink: /home/daeyun/Desktop/ecat_control_ws/install/safety_pkg/share/safety_pkg/local_setup.dsv
[19.376s] -- Symlinking: /home/daeyun/Desktop/ecat_control_ws/install/safety_pkg/share/safety_pkg/package.dsv
[19.422s] -- Up-to-date symlink: /home/daeyun/Desktop/ecat_control_ws/install/safety_pkg/share/ament_index/resource_index/packages/safety_pkg
[19.424s] -- Up-to-date symlink: /home/daeyun/Desktop/ecat_control_ws/install/safety_pkg/share/safety_pkg/cmake/safety_pkgConfig.cmake
[19.424s] -- Up-to-date symlink: /home/daeyun/Desktop/ecat_control_ws/install/safety_pkg/share/safety_pkg/cmake/safety_pkgConfig-version.cmake
[19.425s] -- Up-to-date symlink: /home/daeyun/Desktop/ecat_control_ws/install/safety_pkg/share/safety_pkg/package.xml
[19.445s] Invoked command in '/home/daeyun/Desktop/ecat_control_ws/build/safety_pkg' returned '0': CMAKE_PREFIX_PATH=/home/daeyun/Desktop/ecat_control_ws/install/ecat_msgs:/home/daeyun/Desktop/ecat_control_ws/install/safety_pkg:/home/daeyun/Desktop/ecat_control_ws/install/log_pkg:/home/daeyun/Desktop/ecat_control_ws/install/input_pkg:/home/daeyun/Desktop/ecat_control_ws/install/gui_pkg:/home/daeyun/Desktop/ecat_control_ws/install/ecat_pkg:/home/daeyun/Desktop/ecat_control_ws/install/controller:/opt/ros/foxy /usr/bin/cmake --install /home/daeyun/Desktop/ecat_control_ws/build/safety_pkg
