[0.025s] Invoking command in '/home/daeyun/Desktop/ecat_control_ws/build/safety_pkg': AMENT_PREFIX_PATH=/home/daeyun/Desktop/ecat_control_ws/install/ecat_msgs:${AMENT_PREFIX_PATH} CMAKE_PREFIX_PATH=/home/daeyun/Desktop/ecat_control_ws/install/ecat_msgs:/opt/ros/foxy LD_LIBRARY_PATH=/home/daeyun/Desktop/ecat_control_ws/install/ecat_msgs/lib:${LD_LIBRARY_PATH} PYTHONPATH=/home/daeyun/Desktop/ecat_control_ws/install/ecat_msgs/lib/python3.8/site-packages:${PYTHONPATH} /usr/bin/cmake /home/daeyun/Desktop/ecat_control_ws/src/safety_pkg -DAMENT_CMAKE_SYMLINK_INSTALL=1 -DCMAKE_INSTALL_PREFIX=/home/daeyun/Desktop/ecat_control_ws/install/safety_pkg
[0.084s] -- The C compiler identification is GNU 9.4.0
[0.140s] -- The CXX compiler identification is GNU 9.4.0
[0.144s] -- Check for working C compiler: /usr/bin/cc
[0.212s] -- Check for working C compiler: /usr/bin/cc -- works
[0.213s] -- Detecting C compiler ABI info
[0.290s] -- Detecting C compiler ABI info - done
[0.304s] -- Detecting C compile features
[0.304s] -- Detecting C compile features - done
[0.307s] -- Check for working CXX compiler: /usr/bin/c++
[0.394s] -- Check for working CXX compiler: /usr/bin/c++ -- works
[0.396s] -- Detecting CXX compiler ABI info
[0.474s] -- Detecting CXX compiler ABI info - done
[0.486s] -- Detecting CXX compile features
[0.487s] -- Detecting CXX compile features - done
[0.489s] -- Found ament_cmake: 0.9.9 (/opt/ros/foxy/share/ament_cmake/cmake)
[0.517s] -- Found PythonInterp: /usr/bin/python3 (found suitable version "3.8.10", minimum required is "3") 
[0.517s] -- Using PYTHON_EXECUTABLE: /usr/bin/python3
[0.686s] -- Override CMake install command with custom implementation using symlinks instead of copying resources
[0.708s] -- Found rclcpp_lifecycle: 2.4.1 (/opt/ros/foxy/share/rclcpp_lifecycle/cmake)
[0.755s] -- Using all available rosidl_typesupport_c: rosidl_typesupport_fastrtps_c;rosidl_typesupport_introspection_c
[0.761s] -- Found rosidl_adapter: 1.2.1 (/opt/ros/foxy/share/rosidl_adapter/cmake)
[0.852s] -- Found OpenSSL: /usr/lib/x86_64-linux-gnu/libcrypto.so (found version "1.1.1f")  
[0.894s] -- Found FastRTPS: /opt/ros/foxy/include  
[0.996s] -- Using all available rosidl_typesupport_cpp: rosidl_typesupport_fastrtps_cpp;rosidl_typesupport_introspection_cpp
[1.068s] -- Found rmw_implementation_cmake: 1.0.3 (/opt/ros/foxy/share/rmw_implementation_cmake/cmake)
[1.069s] -- Using RMW implementation 'rmw_fastrtps_cpp' as default
[1.070s] -- Looking for pthread.h
[1.141s] -- Looking for pthread.h - found
[1.142s] -- Performing Test CMAKE_HAVE_LIBC_PTHREAD
[1.224s] -- Performing Test CMAKE_HAVE_LIBC_PTHREAD - Failed
[1.224s] -- Looking for pthread_create in pthreads
[1.320s] -- Looking for pthread_create in pthreads - not found
[1.324s] -- Looking for pthread_create in pthread
[1.474s] -- Looking for pthread_create in pthread - found
[1.476s] -- Found Threads: TRUE  
[1.727s] -- Found ecat_msgs: 0.0.1 (/home/daeyun/Desktop/ecat_control_ws/install/ecat_msgs/share/ecat_msgs/cmake)
[1.786s] -- Found sensor_msgs: 2.0.5 (/opt/ros/foxy/share/sensor_msgs/cmake)
[1.932s] -- Found ament_lint_auto: 0.9.6 (/opt/ros/foxy/share/ament_lint_auto/cmake)
[2.019s] -- Added test 'copyright' to check source files copyright and LICENSE
[2.021s] -- Added test 'cppcheck' to perform static code analysis on C / C++ code
[2.022s] -- Configured cppcheck include dirs: /home/daeyun/Desktop/ecat_control_ws/src/safety_pkg/../ecat_pkg/include/ecat_pkg;$<BUILD_INTERFACE:/home/daeyun/Desktop/ecat_control_ws/src/safety_pkg/include/safety_pkg>
[2.022s] -- Configured cppcheck exclude dirs and/or files: 
[2.024s] -- Added test 'cpplint' to check C / C++ code against the Google style
[2.024s] -- Configured cpplint exclude dirs and/or files: 
[2.026s] -- Added test 'lint_cmake' to check CMake code style
[2.027s] -- Added test 'uncrustify' to check C / C++ code style
[2.027s] -- Configured uncrustify additional arguments: 
[2.028s] -- Added test 'xmllint' to check XML markup files
[2.034s] -- Configuring done
[2.207s] -- Generating done
[2.209s] -- Build files have been written to: /home/daeyun/Desktop/ecat_control_ws/build/safety_pkg
[2.244s] Invoked command in '/home/daeyun/Desktop/ecat_control_ws/build/safety_pkg' returned '0': AMENT_PREFIX_PATH=/home/daeyun/Desktop/ecat_control_ws/install/ecat_msgs:${AMENT_PREFIX_PATH} CMAKE_PREFIX_PATH=/home/daeyun/Desktop/ecat_control_ws/install/ecat_msgs:/opt/ros/foxy LD_LIBRARY_PATH=/home/daeyun/Desktop/ecat_control_ws/install/ecat_msgs/lib:${LD_LIBRARY_PATH} PYTHONPATH=/home/daeyun/Desktop/ecat_control_ws/install/ecat_msgs/lib/python3.8/site-packages:${PYTHONPATH} /usr/bin/cmake /home/daeyun/Desktop/ecat_control_ws/src/safety_pkg -DAMENT_CMAKE_SYMLINK_INSTALL=1 -DCMAKE_INSTALL_PREFIX=/home/daeyun/Desktop/ecat_control_ws/install/safety_pkg
[2.245s] Invoking command in '/home/daeyun/Desktop/ecat_control_ws/build/safety_pkg': AMENT_PREFIX_PATH=/home/daeyun/Desktop/ecat_control_ws/install/ecat_msgs:${AMENT_PREFIX_PATH} CMAKE_PREFIX_PATH=/home/daeyun/Desktop/ecat_control_ws/install/ecat_msgs:/opt/ros/foxy LD_LIBRARY_PATH=/home/daeyun/Desktop/ecat_control_ws/install/ecat_msgs/lib:${LD_LIBRARY_PATH} PYTHONPATH=/home/daeyun/Desktop/ecat_control_ws/install/ecat_msgs/lib/python3.8/site-packages:${PYTHONPATH} /usr/bin/cmake --build /home/daeyun/Desktop/ecat_control_ws/build/safety_pkg -- -j8 -l8
[2.343s] [35m[1mScanning dependencies of target safety_node[0m
[2.447s] [ 50%] [32mBuilding CXX object CMakeFiles/safety_node.dir/src/safety_node.cpp.o[0m
[13.236s] In file included from [01m[K/home/daeyun/Desktop/ecat_control_ws/src/safety_pkg/include/safety_pkg/safety_node.hpp:56[m[K,
[13.237s]                  from [01m[K/home/daeyun/Desktop/ecat_control_ws/src/safety_pkg/src/safety_node.cpp:1[m[K:
[13.237s] [01m[K/home/daeyun/Desktop/ecat_control_ws/src/safety_pkg/../ecat_pkg/include/ecat_pkg/ecat_globals.hpp:49:17:[m[K [01;35m[Kwarning: [m[K‘[01m[Kg_kOperationMode[m[K’ defined but not used [[01;35m[K-Wunused-variable[m[K]
[13.237s]    49 | static int8_t   [01;35m[Kg_kOperationMode[m[K = kProfileVelocity ;
[13.237s]       |                 [01;35m[K^~~~~~~~~~~~~~~~[m[K
[16.862s] [100%] [32m[1mLinking CXX executable safety_node[0m
[17.902s] [100%] Built target safety_node
[17.914s] Invoked command in '/home/daeyun/Desktop/ecat_control_ws/build/safety_pkg' returned '0': AMENT_PREFIX_PATH=/home/daeyun/Desktop/ecat_control_ws/install/ecat_msgs:${AMENT_PREFIX_PATH} CMAKE_PREFIX_PATH=/home/daeyun/Desktop/ecat_control_ws/install/ecat_msgs:/opt/ros/foxy LD_LIBRARY_PATH=/home/daeyun/Desktop/ecat_control_ws/install/ecat_msgs/lib:${LD_LIBRARY_PATH} PYTHONPATH=/home/daeyun/Desktop/ecat_control_ws/install/ecat_msgs/lib/python3.8/site-packages:${PYTHONPATH} /usr/bin/cmake --build /home/daeyun/Desktop/ecat_control_ws/build/safety_pkg -- -j8 -l8
[17.939s] Invoking command in '/home/daeyun/Desktop/ecat_control_ws/build/safety_pkg': AMENT_PREFIX_PATH=/home/daeyun/Desktop/ecat_control_ws/install/ecat_msgs:${AMENT_PREFIX_PATH} CMAKE_PREFIX_PATH=/home/daeyun/Desktop/ecat_control_ws/install/ecat_msgs:/opt/ros/foxy LD_LIBRARY_PATH=/home/daeyun/Desktop/ecat_control_ws/install/ecat_msgs/lib:${LD_LIBRARY_PATH} PYTHONPATH=/home/daeyun/Desktop/ecat_control_ws/install/ecat_msgs/lib/python3.8/site-packages:${PYTHONPATH} /usr/bin/cmake --install /home/daeyun/Desktop/ecat_control_ws/build/safety_pkg
[17.948s] -- Install configuration: ""
[17.948s] -- Execute custom install script
[17.948s] -- Symlinking: /home/daeyun/Desktop/ecat_control_ws/install/safety_pkg/lib/safety_pkg/safety_node
[17.958s] -- Symlinking: /home/daeyun/Desktop/ecat_control_ws/install/safety_pkg/share/ament_index/resource_index/package_run_dependencies/safety_pkg
[17.967s] -- Symlinking: /home/daeyun/Desktop/ecat_control_ws/install/safety_pkg/share/ament_index/resource_index/parent_prefix_path/safety_pkg
[17.977s] -- Symlinking: /home/daeyun/Desktop/ecat_control_ws/install/safety_pkg/share/safety_pkg/environment/ament_prefix_path.sh
[17.987s] -- Symlinking: /home/daeyun/Desktop/ecat_control_ws/install/safety_pkg/share/safety_pkg/environment/ament_prefix_path.dsv
[17.996s] -- Symlinking: /home/daeyun/Desktop/ecat_control_ws/install/safety_pkg/share/safety_pkg/environment/path.sh
[18.005s] -- Symlinking: /home/daeyun/Desktop/ecat_control_ws/install/safety_pkg/share/safety_pkg/environment/path.dsv
[18.015s] -- Symlinking: /home/daeyun/Desktop/ecat_control_ws/install/safety_pkg/share/safety_pkg/local_setup.bash
[18.025s] -- Symlinking: /home/daeyun/Desktop/ecat_control_ws/install/safety_pkg/share/safety_pkg/local_setup.sh
[18.034s] -- Symlinking: /home/daeyun/Desktop/ecat_control_ws/install/safety_pkg/share/safety_pkg/local_setup.zsh
[18.043s] -- Symlinking: /home/daeyun/Desktop/ecat_control_ws/install/safety_pkg/share/safety_pkg/local_setup.dsv
[18.053s] -- Symlinking: /home/daeyun/Desktop/ecat_control_ws/install/safety_pkg/share/safety_pkg/package.dsv
[18.062s] -- Symlinking: /home/daeyun/Desktop/ecat_control_ws/install/safety_pkg/share/ament_index/resource_index/packages/safety_pkg
[18.072s] -- Symlinking: /home/daeyun/Desktop/ecat_control_ws/install/safety_pkg/share/safety_pkg/cmake/safety_pkgConfig.cmake
[18.081s] -- Symlinking: /home/daeyun/Desktop/ecat_control_ws/install/safety_pkg/share/safety_pkg/cmake/safety_pkgConfig-version.cmake
[18.091s] -- Symlinking: /home/daeyun/Desktop/ecat_control_ws/install/safety_pkg/share/safety_pkg/package.xml
[18.106s] Invoked command in '/home/daeyun/Desktop/ecat_control_ws/build/safety_pkg' returned '0': AMENT_PREFIX_PATH=/home/daeyun/Desktop/ecat_control_ws/install/ecat_msgs:${AMENT_PREFIX_PATH} CMAKE_PREFIX_PATH=/home/daeyun/Desktop/ecat_control_ws/install/ecat_msgs:/opt/ros/foxy LD_LIBRARY_PATH=/home/daeyun/Desktop/ecat_control_ws/install/ecat_msgs/lib:${LD_LIBRARY_PATH} PYTHONPATH=/home/daeyun/Desktop/ecat_control_ws/install/ecat_msgs/lib/python3.8/site-packages:${PYTHONPATH} /usr/bin/cmake --install /home/daeyun/Desktop/ecat_control_ws/build/safety_pkg
