[0.032s] Invoking command in '/home/daeyun/Desktop/ecat_control_ws/build/safety_pkg': AMENT_PREFIX_PATH=/home/daeyun/Desktop/ecat_control_ws/install/ecat_msgs:${AMENT_PREFIX_PATH} CMAKE_PREFIX_PATH=/home/daeyun/Desktop/ecat_control_ws/install/ecat_msgs:/opt/ros/foxy LD_LIBRARY_PATH=/home/daeyun/Desktop/ecat_control_ws/install/ecat_msgs/lib:${LD_LIBRARY_PATH} PYTHONPATH=/home/daeyun/Desktop/ecat_control_ws/install/ecat_msgs/lib/python3.8/site-packages:${PYTHONPATH} /usr/bin/cmake --build /home/daeyun/Desktop/ecat_control_ws/build/safety_pkg -- -j6 -l6
[0.113s] [100%] Built target safety_node
[0.127s] Invoked command in '/home/daeyun/Desktop/ecat_control_ws/build/safety_pkg' returned '0': AMENT_PREFIX_PATH=/home/daeyun/Desktop/ecat_control_ws/install/ecat_msgs:${AMENT_PREFIX_PATH} CMAKE_PREFIX_PATH=/home/daeyun/Desktop/ecat_control_ws/install/ecat_msgs:/opt/ros/foxy LD_LIBRARY_PATH=/home/daeyun/Desktop/ecat_control_ws/install/ecat_msgs/lib:${LD_LIBRARY_PATH} PYTHONPATH=/home/daeyun/Desktop/ecat_control_ws/install/ecat_msgs/lib/python3.8/site-packages:${PYTHONPATH} /usr/bin/cmake --build /home/daeyun/Desktop/ecat_control_ws/build/safety_pkg -- -j6 -l6
[0.154s] Invoking command in '/home/daeyun/Desktop/ecat_control_ws/build/safety_pkg': AMENT_PREFIX_PATH=/home/daeyun/Desktop/ecat_control_ws/install/ecat_msgs:${AMENT_PREFIX_PATH} CMAKE_PREFIX_PATH=/home/daeyun/Desktop/ecat_control_ws/install/ecat_msgs:/opt/ros/foxy LD_LIBRARY_PATH=/home/daeyun/Desktop/ecat_control_ws/install/ecat_msgs/lib:${LD_LIBRARY_PATH} PYTHONPATH=/home/daeyun/Desktop/ecat_control_ws/install/ecat_msgs/lib/python3.8/site-packages:${PYTHONPATH} /usr/bin/cmake --install /home/daeyun/Desktop/ecat_control_ws/build/safety_pkg
[0.163s] -- Install configuration: ""
[0.164s] -- Execute custom install script
[0.164s] -- Up-to-date symlink: /home/daeyun/Desktop/ecat_control_ws/install/safety_pkg/lib/safety_pkg/safety_node
[0.165s] -- Up-to-date symlink: /home/daeyun/Desktop/ecat_control_ws/install/safety_pkg/share/ament_index/resource_index/package_run_dependencies/safety_pkg
[0.165s] -- Up-to-date symlink: /home/daeyun/Desktop/ecat_control_ws/install/safety_pkg/share/ament_index/resource_index/parent_prefix_path/safety_pkg
[0.165s] -- Up-to-date symlink: /home/daeyun/Desktop/ecat_control_ws/install/safety_pkg/share/safety_pkg/environment/ament_prefix_path.sh
[0.166s] -- Up-to-date symlink: /home/daeyun/Desktop/ecat_control_ws/install/safety_pkg/share/safety_pkg/environment/ament_prefix_path.dsv
[0.166s] -- Up-to-date symlink: /home/daeyun/Desktop/ecat_control_ws/install/safety_pkg/share/safety_pkg/environment/path.sh
[0.166s] -- Up-to-date symlink: /home/daeyun/Desktop/ecat_control_ws/install/safety_pkg/share/safety_pkg/environment/path.dsv
[0.166s] -- Up-to-date symlink: /home/daeyun/Desktop/ecat_control_ws/install/safety_pkg/share/safety_pkg/local_setup.bash
[0.167s] -- Up-to-date symlink: /home/daeyun/Desktop/ecat_control_ws/install/safety_pkg/share/safety_pkg/local_setup.sh
[0.167s] -- Up-to-date symlink: /home/daeyun/Desktop/ecat_control_ws/install/safety_pkg/share/safety_pkg/local_setup.zsh
[0.167s] -- Up-to-date symlink: /home/daeyun/Desktop/ecat_control_ws/install/safety_pkg/share/safety_pkg/local_setup.dsv
[0.167s] -- Symlinking: /home/daeyun/Desktop/ecat_control_ws/install/safety_pkg/share/safety_pkg/package.dsv
[0.179s] -- Up-to-date symlink: /home/daeyun/Desktop/ecat_control_ws/install/safety_pkg/share/ament_index/resource_index/packages/safety_pkg
[0.179s] -- Up-to-date symlink: /home/daeyun/Desktop/ecat_control_ws/install/safety_pkg/share/safety_pkg/cmake/safety_pkgConfig.cmake
[0.179s] -- Up-to-date symlink: /home/daeyun/Desktop/ecat_control_ws/install/safety_pkg/share/safety_pkg/cmake/safety_pkgConfig-version.cmake
[0.180s] -- Up-to-date symlink: /home/daeyun/Desktop/ecat_control_ws/install/safety_pkg/share/safety_pkg/package.xml
[0.199s] Invoked command in '/home/daeyun/Desktop/ecat_control_ws/build/safety_pkg' returned '0': AMENT_PREFIX_PATH=/home/daeyun/Desktop/ecat_control_ws/install/ecat_msgs:${AMENT_PREFIX_PATH} CMAKE_PREFIX_PATH=/home/daeyun/Desktop/ecat_control_ws/install/ecat_msgs:/opt/ros/foxy LD_LIBRARY_PATH=/home/daeyun/Desktop/ecat_control_ws/install/ecat_msgs/lib:${LD_LIBRARY_PATH} PYTHONPATH=/home/daeyun/Desktop/ecat_control_ws/install/ecat_msgs/lib/python3.8/site-packages:${PYTHONPATH} /usr/bin/cmake --install /home/daeyun/Desktop/ecat_control_ws/build/safety_pkg
