[0.025s] Invoking command in '/home/daeyun/Desktop/ecat_control_ws/build/input_pkg': AMENT_PREFIX_PATH=/home/daeyun/Desktop/ecat_control_ws/install/ecat_msgs:${AMENT_PREFIX_PATH} CMAKE_PREFIX_PATH=/home/daeyun/Desktop/ecat_control_ws/install/ecat_msgs:/opt/ros/foxy LD_LIBRARY_PATH=/home/daeyun/Desktop/ecat_control_ws/install/ecat_msgs/lib:${LD_LIBRARY_PATH} PYTHONPATH=/home/daeyun/Desktop/ecat_control_ws/install/ecat_msgs/lib/python3.8/site-packages:${PYTHONPATH} /usr/bin/cmake --build /home/daeyun/Desktop/ecat_control_ws/build/input_pkg -- -j8 -l8
[0.066s] [35m[1mScanning dependencies of target hapticNode[0m
[0.111s] [ 33%] [32mBuilding CXX object CMakeFiles/hapticNode.dir/src/hapticNode.cpp.o[0m
[2.626s] [01m[K/home/daeyun/Desktop/ecat_control_ws/src/input_pkg/src/hapticNode.cpp:[m[K In member function ‘[01m[Kvoid HapticNode::commThread()[m[K’:
[2.627s] [01m[K/home/daeyun/Desktop/ecat_control_ws/src/input_pkg/src/hapticNode.cpp:191:22:[m[K [01;35m[Kwarning: [m[Kvariable ‘[01m[Kstatus[m[K’ set but not used [[01;35m[K-Wunused-but-set-variable[m[K]
[2.627s]   191 |   std::future_status [01;35m[Kstatus[m[K;
[2.627s]       |                      [01;35m[K^~~~~~[m[K
[2.627s] [01m[K/home/daeyun/Desktop/ecat_control_ws/src/input_pkg/src/hapticNode.cpp:194:14:[m[K [01;35m[Kwarning: [m[Kunused variable ‘[01m[Kcount[m[K’ [[01;35m[K-Wunused-variable[m[K]
[2.627s]   194 |   static int [01;35m[Kcount[m[K = 0;
[2.627s]       |              [01;35m[K^~~~~[m[K
[2.630s] [01m[K/home/daeyun/Desktop/ecat_control_ws/src/input_pkg/src/hapticNode.cpp:[m[K In member function ‘[01m[Kvoid HapticNode::CommWriteThread(int)[m[K’:
[2.630s] [01m[K/home/daeyun/Desktop/ecat_control_ws/src/input_pkg/src/hapticNode.cpp:232:12:[m[K [01;35m[Kwarning: [m[Kunused variable ‘[01m[Ktimestamp[m[K’ [[01;35m[K-Wunused-variable[m[K]
[2.630s]   232 |     double [01;35m[Ktimestamp[m[K = 0;
[2.630s]       |            [01;35m[K^~~~~~~~~[m[K
[2.630s] [01m[K/home/daeyun/Desktop/ecat_control_ws/src/input_pkg/src/hapticNode.cpp:233:12:[m[K [01;35m[Kwarning: [m[Kunused variable ‘[01m[Ktarget_q[m[K’ [[01;35m[K-Wunused-variable[m[K]
[2.631s]   233 |     double [01;35m[Ktarget_q[m[K[7] = {0};
[2.631s]       |            [01;35m[K^~~~~~~~[m[K
[2.631s] [01m[K/home/daeyun/Desktop/ecat_control_ws/src/input_pkg/src/hapticNode.cpp:234:12:[m[K [01;35m[Kwarning: [m[Kunused variable ‘[01m[Ktarget_qd[m[K’ [[01;35m[K-Wunused-variable[m[K]
[2.631s]   234 |     double [01;35m[Ktarget_qd[m[K[7] = {0};
[2.631s]       |            [01;35m[K^~~~~~~~~[m[K
[2.631s] [01m[K/home/daeyun/Desktop/ecat_control_ws/src/input_pkg/src/hapticNode.cpp:235:12:[m[K [01;35m[Kwarning: [m[Kunused variable ‘[01m[Ktarget_qdd[m[K’ [[01;35m[K-Wunused-variable[m[K]
[2.632s]   235 |     double [01;35m[Ktarget_qdd[m[K[7] = {0};
[2.632s]       |            [01;35m[K^~~~~~~~~~[m[K
[2.632s] [01m[K/home/daeyun/Desktop/ecat_control_ws/src/input_pkg/src/hapticNode.cpp:236:12:[m[K [01;35m[Kwarning: [m[Kunused variable ‘[01m[Ktarget_current[m[K’ [[01;35m[K-Wunused-variable[m[K]
[2.632s]   236 |     double [01;35m[Ktarget_current[m[K[7] = {0};
[2.632s]       |            [01;35m[K^~~~~~~~~~~~~~[m[K
[2.633s] [01m[K/home/daeyun/Desktop/ecat_control_ws/src/input_pkg/src/hapticNode.cpp:237:12:[m[K [01;35m[Kwarning: [m[Kunused variable ‘[01m[Ktarget_moment[m[K’ [[01;35m[K-Wunused-variable[m[K]
[2.633s]   237 |     double [01;35m[Ktarget_moment[m[K[7] = {0};
[2.633s]       |            [01;35m[K^~~~~~~~~~~~~[m[K
[2.633s] [01m[K/home/daeyun/Desktop/ecat_control_ws/src/input_pkg/src/hapticNode.cpp:[m[K In member function ‘[01m[Kvoid HapticNode::CommReadThread(int)[m[K’:
[2.633s] [01m[K/home/daeyun/Desktop/ecat_control_ws/src/input_pkg/src/hapticNode.cpp:432:19:[m[K [01;35m[Kwarning: [m[Kcomparison of integer expressions of different signedness: ‘[01m[Kint[m[K’ and ‘[01m[Kconst uint32_t[m[K’ {aka ‘[01m[Kconst unsigned int[m[K’} [[01;35m[K-Wsign-compare[m[K]
[2.634s]   432 |     for(int i=0; [01;35m[Ki<g_kNumberOfServoDrivers[m[K; i++)
[2.634s]       |                  [01;35m[K~^~~~~~~~~~~~~~~~~~~~~~~~[m[K
[2.640s] [01m[K/home/daeyun/Desktop/ecat_control_ws/src/input_pkg/src/hapticNode.cpp:479:19:[m[K [01;35m[Kwarning: [m[Kcomparison of integer expressions of different signedness: ‘[01m[Kint[m[K’ and ‘[01m[Kconst uint32_t[m[K’ {aka ‘[01m[Kconst unsigned int[m[K’} [[01;35m[K-Wsign-compare[m[K]
[2.641s]   479 |     for(int i=0; [01;35m[Ki<g_kNumberOfServoDrivers[m[K; i++)
[2.641s]       |                  [01;35m[K~^~~~~~~~~~~~~~~~~~~~~~~~[m[K
[2.641s] [01m[K/home/daeyun/Desktop/ecat_control_ws/src/input_pkg/src/hapticNode.cpp:333:14:[m[K [01;35m[Kwarning: [m[Kunused variable ‘[01m[Kcount_read[m[K’ [[01;35m[K-Wunused-variable[m[K]
[2.641s]   333 |   static int [01;35m[Kcount_read[m[K = 0;
[2.641s]       |              [01;35m[K^~~~~~~~~~[m[K
[2.641s] [01m[K/home/daeyun/Desktop/ecat_control_ws/src/input_pkg/src/hapticNode.cpp:[m[K In member function ‘[01m[Kvoid HapticNode::DoubleToIntByte(char*, double)[m[K’:
[2.642s] [01m[K/home/daeyun/Desktop/ecat_control_ws/src/input_pkg/src/hapticNode.cpp:506:19:[m[K [01;35m[Kwarning: [m[Kcomparison of integer expressions of different signedness: ‘[01m[Kint[m[K’ and ‘[01m[Klong unsigned int[m[K’ [[01;35m[K-Wsign-compare[m[K]
[2.642s]   506 |     for(int i=0; [01;35m[Ki<sizeof(cnvt_double.data_char)[m[K; i++)
[2.642s]       |                  [01;35m[K~^~~~~~~~~~~~~~~~~~~~~~~~~~~~~~[m[K
[2.642s] [01m[K/home/daeyun/Desktop/ecat_control_ws/src/input_pkg/src/hapticNode.cpp:503:10:[m[K [01;35m[Kwarning: [m[Kunused variable ‘[01m[Kbuf_data[m[K’ [[01;35m[K-Wunused-variable[m[K]
[2.643s]   503 |     char [01;35m[Kbuf_data[m[K[8];
[2.643s]       |          [01;35m[K^~~~~~~~[m[K
[2.643s] [01m[K/home/daeyun/Desktop/ecat_control_ws/src/input_pkg/src/hapticNode.cpp:[m[K In member function ‘[01m[Kstd::vector<std::__cxx11::basic_string<char> > HapticNode::Parsing(char*, int)[m[K’:
[2.644s] [01m[K/home/daeyun/Desktop/ecat_control_ws/src/input_pkg/src/hapticNode.cpp:575:21:[m[K [01;35m[Kwarning: [m[Kcomparison of integer expressions of different signedness: ‘[01m[Kint[m[K’ and ‘[01m[Kconst uint32_t[m[K’ {aka ‘[01m[Kconst unsigned int[m[K’} [[01;35m[K-Wsign-compare[m[K]
[2.644s]   575 |   for (int i = 0; [01;35m[Ki < g_kNumberOfServoDrivers[m[K; i++)
[2.644s]       |                   [01;35m[K~~^~~~~~~~~~~~~~~~~~~~~~~~~[m[K
[2.646s] [01m[K/home/daeyun/Desktop/ecat_control_ws/src/input_pkg/src/hapticNode.cpp:637:21:[m[K [01;35m[Kwarning: [m[Kcomparison of integer expressions of different signedness: ‘[01m[Kint[m[K’ and ‘[01m[Kstd::vector<std::__cxx11::basic_string<char> >::size_type[m[K’ {aka ‘[01m[Klong unsigned int[m[K’} [[01;35m[K-Wsign-compare[m[K]
[2.646s]   637 |   for (int i = 0; [01;35m[Ki < motor_val.size()[m[K; i++)
[2.647s]       |                   [01;35m[K~~^~~~~~~~~~~~~~~~~~[m[K
[9.248s] [01m[K/home/daeyun/Desktop/ecat_control_ws/src/input_pkg/src/hapticNode.cpp:[m[K At global scope:
[9.249s] [01m[K/home/daeyun/Desktop/ecat_control_ws/src/input_pkg/src/hapticNode.cpp:333:14:[m[K [01;35m[Kwarning: [m[K‘[01m[Kcount_read[m[K’ defined but not used [[01;35m[K-Wunused-variable[m[K]
[9.249s]   333 |   static int [01;35m[Kcount_read[m[K = 0;
[9.249s]       |              [01;35m[K^~~~~~~~~~[m[K
[9.249s] [01m[K/home/daeyun/Desktop/ecat_control_ws/src/input_pkg/src/hapticNode.cpp:194:14:[m[K [01;35m[Kwarning: [m[K‘[01m[Kcount[m[K’ defined but not used [[01;35m[K-Wunused-variable[m[K]
[9.249s]   194 |   static int [01;35m[Kcount[m[K = 0;
[9.249s]       |              [01;35m[K^~~~~[m[K
[9.249s] In file included from [01m[K/home/daeyun/Desktop/ecat_control_ws/src/input_pkg/../ecat_pkg/include/ecat_pkg/ecat_globals.hpp:42[m[K,
[9.249s]                  from [01m[K/home/daeyun/Desktop/ecat_control_ws/src/input_pkg/include/input_pkg/hapticNode.hpp:33[m[K,
[9.249s]                  from [01m[K/home/daeyun/Desktop/ecat_control_ws/src/input_pkg/src/hapticNode.cpp:28[m[K:
[9.249s] [01m[K/home/daeyun/Desktop/ecat_control_ws/src/input_pkg/../ecat_pkg/include/ecat_pkg/ecat_definitions.hpp:512:20:[m[K [01;35m[Kwarning: [m[K‘[01m[Kstd::string GetErrorMessage(const int&)[m[K’ defined but not used [[01;35m[K-Wunused-function[m[K]
[9.249s]   512 | static std::string [01;35m[KGetErrorMessage[m[K(const int& err_code)
[9.249s]       |                    [01;35m[K^~~~~~~~~~~~~~~[m[K
[16.836s] [ 66%] [32m[1mLinking CXX executable hapticNode[0m
[17.095s] [100%] Built target hapticNode
[17.104s] Invoked command in '/home/daeyun/Desktop/ecat_control_ws/build/input_pkg' returned '0': AMENT_PREFIX_PATH=/home/daeyun/Desktop/ecat_control_ws/install/ecat_msgs:${AMENT_PREFIX_PATH} CMAKE_PREFIX_PATH=/home/daeyun/Desktop/ecat_control_ws/install/ecat_msgs:/opt/ros/foxy LD_LIBRARY_PATH=/home/daeyun/Desktop/ecat_control_ws/install/ecat_msgs/lib:${LD_LIBRARY_PATH} PYTHONPATH=/home/daeyun/Desktop/ecat_control_ws/install/ecat_msgs/lib/python3.8/site-packages:${PYTHONPATH} /usr/bin/cmake --build /home/daeyun/Desktop/ecat_control_ws/build/input_pkg -- -j8 -l8
[17.127s] Invoking command in '/home/daeyun/Desktop/ecat_control_ws/build/input_pkg': AMENT_PREFIX_PATH=/home/daeyun/Desktop/ecat_control_ws/install/ecat_msgs:${AMENT_PREFIX_PATH} CMAKE_PREFIX_PATH=/home/daeyun/Desktop/ecat_control_ws/install/ecat_msgs:/opt/ros/foxy LD_LIBRARY_PATH=/home/daeyun/Desktop/ecat_control_ws/install/ecat_msgs/lib:${LD_LIBRARY_PATH} PYTHONPATH=/home/daeyun/Desktop/ecat_control_ws/install/ecat_msgs/lib/python3.8/site-packages:${PYTHONPATH} /usr/bin/cmake --install /home/daeyun/Desktop/ecat_control_ws/build/input_pkg
[17.134s] -- Install configuration: ""
[17.134s] -- Execute custom install script
[17.135s] -- Up-to-date symlink: /home/daeyun/Desktop/ecat_control_ws/install/input_pkg/lib/input_pkg/hapticNode
[17.135s] -- Up-to-date symlink: /home/daeyun/Desktop/ecat_control_ws/install/input_pkg/share/ament_index/resource_index/package_run_dependencies/input_pkg
[17.135s] -- Up-to-date symlink: /home/daeyun/Desktop/ecat_control_ws/install/input_pkg/share/ament_index/resource_index/parent_prefix_path/input_pkg
[17.135s] -- Up-to-date symlink: /home/daeyun/Desktop/ecat_control_ws/install/input_pkg/share/input_pkg/environment/ament_prefix_path.sh
[17.135s] -- Up-to-date symlink: /home/daeyun/Desktop/ecat_control_ws/install/input_pkg/share/input_pkg/environment/ament_prefix_path.dsv
[17.136s] -- Up-to-date symlink: /home/daeyun/Desktop/ecat_control_ws/install/input_pkg/share/input_pkg/environment/path.sh
[17.136s] -- Up-to-date symlink: /home/daeyun/Desktop/ecat_control_ws/install/input_pkg/share/input_pkg/environment/path.dsv
[17.136s] -- Up-to-date symlink: /home/daeyun/Desktop/ecat_control_ws/install/input_pkg/share/input_pkg/local_setup.bash
[17.136s] -- Up-to-date symlink: /home/daeyun/Desktop/ecat_control_ws/install/input_pkg/share/input_pkg/local_setup.sh
[17.136s] -- Up-to-date symlink: /home/daeyun/Desktop/ecat_control_ws/install/input_pkg/share/input_pkg/local_setup.zsh
[17.136s] -- Up-to-date symlink: /home/daeyun/Desktop/ecat_control_ws/install/input_pkg/share/input_pkg/local_setup.dsv
[17.137s] -- Symlinking: /home/daeyun/Desktop/ecat_control_ws/install/input_pkg/share/input_pkg/package.dsv
[17.145s] -- Up-to-date symlink: /home/daeyun/Desktop/ecat_control_ws/install/input_pkg/share/ament_index/resource_index/packages/input_pkg
[17.145s] -- Up-to-date symlink: /home/daeyun/Desktop/ecat_control_ws/install/input_pkg/share/input_pkg/cmake/input_pkgConfig.cmake
[17.145s] -- Up-to-date symlink: /home/daeyun/Desktop/ecat_control_ws/install/input_pkg/share/input_pkg/cmake/input_pkgConfig-version.cmake
[17.145s] -- Up-to-date symlink: /home/daeyun/Desktop/ecat_control_ws/install/input_pkg/share/input_pkg/package.xml
[17.149s] Invoked command in '/home/daeyun/Desktop/ecat_control_ws/build/input_pkg' returned '0': AMENT_PREFIX_PATH=/home/daeyun/Desktop/ecat_control_ws/install/ecat_msgs:${AMENT_PREFIX_PATH} CMAKE_PREFIX_PATH=/home/daeyun/Desktop/ecat_control_ws/install/ecat_msgs:/opt/ros/foxy LD_LIBRARY_PATH=/home/daeyun/Desktop/ecat_control_ws/install/ecat_msgs/lib:${LD_LIBRARY_PATH} PYTHONPATH=/home/daeyun/Desktop/ecat_control_ws/install/ecat_msgs/lib/python3.8/site-packages:${PYTHONPATH} /usr/bin/cmake --install /home/daeyun/Desktop/ecat_control_ws/build/input_pkg
