[35m[1mScanning dependencies of target gui_node[0m
[  4%] [32mBuilding CXX object CMakeFiles/gui_node.dir/src/gui_node.cpp.o[0m
[  8%] [32mBuilding CXX object CMakeFiles/gui_node.dir/src/main.cpp.o[0m
[ 12%] [32mBuilding CXX object CMakeFiles/gui_node.dir/include/gui_pkg/moc_main_window.cpp.o[0m
[ 16%] [32mBuilding CXX object CMakeFiles/gui_node.dir/src/main_window.cpp.o[0m
[ 20%] [32m[1mLinking CXX executable gui_node[0m
[100%] Built target gui_node
-- Install configuration: ""
-- Execute custom install script
-- Up-to-date symlink: /home/daeyun/Desktop/ecat_control_ws/install/gui_pkg/lib/gui_pkg/gui_node
-- Up-to-date symlink: /home/daeyun/Desktop/ecat_control_ws/install/gui_pkg/share/ament_index/resource_index/package_run_dependencies/gui_pkg
-- Up-to-date symlink: /home/daeyun/Desktop/ecat_control_ws/install/gui_pkg/share/ament_index/resource_index/parent_prefix_path/gui_pkg
-- Up-to-date symlink: /home/daeyun/Desktop/ecat_control_ws/install/gui_pkg/share/gui_pkg/environment/ament_prefix_path.sh
-- Up-to-date symlink: /home/daeyun/Desktop/ecat_control_ws/install/gui_pkg/share/gui_pkg/environment/ament_prefix_path.dsv
-- Up-to-date symlink: /home/daeyun/Desktop/ecat_control_ws/install/gui_pkg/share/gui_pkg/environment/path.sh
-- Up-to-date symlink: /home/daeyun/Desktop/ecat_control_ws/install/gui_pkg/share/gui_pkg/environment/path.dsv
-- Up-to-date symlink: /home/daeyun/Desktop/ecat_control_ws/install/gui_pkg/share/gui_pkg/local_setup.bash
-- Up-to-date symlink: /home/daeyun/Desktop/ecat_control_ws/install/gui_pkg/share/gui_pkg/local_setup.sh
-- Up-to-date symlink: /home/daeyun/Desktop/ecat_control_ws/install/gui_pkg/share/gui_pkg/local_setup.zsh
-- Up-to-date symlink: /home/daeyun/Desktop/ecat_control_ws/install/gui_pkg/share/gui_pkg/local_setup.dsv
-- Symlinking: /home/daeyun/Desktop/ecat_control_ws/install/gui_pkg/share/gui_pkg/package.dsv
-- Up-to-date symlink: /home/daeyun/Desktop/ecat_control_ws/install/gui_pkg/share/ament_index/resource_index/packages/gui_pkg
-- Up-to-date symlink: /home/daeyun/Desktop/ecat_control_ws/install/gui_pkg/share/gui_pkg/cmake/gui_pkgConfig.cmake
-- Up-to-date symlink: /home/daeyun/Desktop/ecat_control_ws/install/gui_pkg/share/gui_pkg/cmake/gui_pkgConfig-version.cmake
-- Up-to-date symlink: /home/daeyun/Desktop/ecat_control_ws/install/gui_pkg/share/gui_pkg/package.xml
