[0.030s] Invoking command in '/home/daeyun/Desktop/ecat_control_ws/build/gui_pkg': CMAKE_PREFIX_PATH=/home/daeyun/Desktop/ecat_control_ws/install/ecat_msgs:/home/daeyun/Desktop/ecat_control_ws/install/data_extract_pkg:/home/daeyun/Desktop/ecat_control_ws/install/safety_pkg:/home/daeyun/Desktop/ecat_control_ws/install/log_pkg:/home/daeyun/Desktop/ecat_control_ws/install/input_pkg:/home/daeyun/Desktop/ecat_control_ws/install/gui_pkg:/home/daeyun/Desktop/ecat_control_ws/install/ecat_pkg:/home/daeyun/Desktop/ecat_control_ws/install/controller:/opt/ros/foxy /usr/bin/cmake --build /home/daeyun/Desktop/ecat_control_ws/build/gui_pkg -- -j6 -l6
[0.069s] [35m[1mScanning dependencies of target gui_node[0m
[0.176s] [  4%] [32mBuilding CXX object CMakeFiles/gui_node.dir/src/gui_node.cpp.o[0m
[0.179s] [  8%] [32mBuilding CXX object CMakeFiles/gui_node.dir/src/main.cpp.o[0m
[0.183s] [ 12%] [32mBuilding CXX object CMakeFiles/gui_node.dir/include/gui_pkg/moc_main_window.cpp.o[0m
[0.186s] [ 16%] [32mBuilding CXX object CMakeFiles/gui_node.dir/src/main_window.cpp.o[0m
[2.192s] [01m[K/home/daeyun/Desktop/ecat_control_ws/src/gui_pkg/src/gui_node.cpp:[m[K In constructor ‘[01m[KGUI::GuiNode::GuiNode()[m[K’:
[2.193s] [01m[K/home/daeyun/Desktop/ecat_control_ws/src/gui_pkg/src/gui_node.cpp:11:22:[m[K [01;35m[Kwarning: [m[Kcomparison of integer expressions of different signedness: ‘[01m[Kint[m[K’ and ‘[01m[Kconst uint32_t[m[K’ {aka ‘[01m[Kconst unsigned int[m[K’} [[01;35m[K-Wsign-compare[m[K]
[2.193s]    11 |     for(int i = 0; [01;35m[Ki < g_kNumberOfServoDrivers[m[K; i++)
[2.193s]       |                    [01;35m[K~~^~~~~~~~~~~~~~~~~~~~~~~~~[m[K
[2.223s] [01m[K/home/daeyun/Desktop/ecat_control_ws/src/gui_pkg/src/gui_node.cpp:[m[K In member function ‘[01m[Kvoid GUI::GuiNode::HandleControllerCallbacks(sensor_msgs::msg::Joy_<std::allocator<void> >::SharedPtr)[m[K’:
[2.223s] [01m[K/home/daeyun/Desktop/ecat_control_ws/src/gui_pkg/src/gui_node.cpp:47:82:[m[K [01;35m[Kwarning: [m[Kunused parameter ‘[01m[Kmsg[m[K’ [[01;35m[K-Wunused-parameter[m[K]
[2.223s]    47 | leControllerCallbacks([01;35m[Kconst sensor_msgs::msg::Joy::SharedPtr msg[m[K)
[2.223s]       |                       [01;35m[K~~~~~~~~~~~~~~~~~~~~~~~~~~~~~~~~~~~~~~~^~~[m[K
[2.223s] 
[2.225s] [01m[K/home/daeyun/Desktop/ecat_control_ws/src/gui_pkg/src/gui_node.cpp:[m[K In member function ‘[01m[Kvoid GUI::GuiNode::HandleMasterCommandCallbacks(ecat_msgs::msg::DataSent_<std::allocator<void> >::SharedPtr)[m[K’:
[2.225s] [01m[K/home/daeyun/Desktop/ecat_control_ws/src/gui_pkg/src/gui_node.cpp:59:22:[m[K [01;35m[Kwarning: [m[Kcomparison of integer expressions of different signedness: ‘[01m[Kint[m[K’ and ‘[01m[Kconst uint32_t[m[K’ {aka ‘[01m[Kconst unsigned int[m[K’} [[01;35m[K-Wsign-compare[m[K]
[2.225s]    59 |       for(int i=0; [01;35m[Ki < g_kNumberOfServoDrivers[m[K ; i++){
[2.225s]       |                    [01;35m[K~~^~~~~~~~~~~~~~~~~~~~~~~~~[m[K
[2.226s] [01m[K/home/daeyun/Desktop/ecat_control_ws/src/gui_pkg/src/gui_node.cpp:[m[K In member function ‘[01m[Kvoid GUI::GuiNode::HandleSlaveFeedbackCallbacks(ecat_msgs::msg::DataReceived_<std::allocator<void> >::SharedPtr)[m[K’:
[2.226s] [01m[K/home/daeyun/Desktop/ecat_control_ws/src/gui_pkg/src/gui_node.cpp:70:22:[m[K [01;35m[Kwarning: [m[Kcomparison of integer expressions of different signedness: ‘[01m[Kint[m[K’ and ‘[01m[Kconst uint32_t[m[K’ {aka ‘[01m[Kconst unsigned int[m[K’} [[01;35m[K-Wsign-compare[m[K]
[2.227s]    70 |       for(int i=0; [01;35m[Ki < g_kNumberOfServoDrivers[m[K ; i++){
[2.227s]       |                    [01;35m[K~~^~~~~~~~~~~~~~~~~~~~~~~~~[m[K
[5.879s] In file included from [01m[K/home/daeyun/Desktop/ecat_control_ws/src/gui_pkg/src/../include/gui_pkg/gui_node.hpp:50[m[K,
[5.879s]                  from [01m[K/home/daeyun/Desktop/ecat_control_ws/src/gui_pkg/src/gui_node.cpp:1[m[K:
[5.879s] [01m[K/home/daeyun/Desktop/ecat_control_ws/src/gui_pkg/../ecat_pkg/include/ecat_pkg/ecat_globals.hpp:[m[K At global scope:
[5.879s] [01m[K/home/daeyun/Desktop/ecat_control_ws/src/gui_pkg/../ecat_pkg/include/ecat_pkg/ecat_globals.hpp:49:17:[m[K [01;35m[Kwarning: [m[K‘[01m[Kg_kOperationMode[m[K’ defined but not used [[01;35m[K-Wunused-variable[m[K]
[5.879s]    49 | static int8_t   [01;35m[Kg_kOperationMode[m[K = kProfileVelocity ;
[5.880s]       |                 [01;35m[K^~~~~~~~~~~~~~~~[m[K
[5.880s] In file included from [01m[K/home/daeyun/Desktop/ecat_control_ws/src/gui_pkg/../ecat_pkg/include/ecat_pkg/ecat_globals.hpp:42[m[K,
[5.880s]                  from [01m[K/home/daeyun/Desktop/ecat_control_ws/src/gui_pkg/src/../include/gui_pkg/gui_node.hpp:50[m[K,
[5.880s]                  from [01m[K/home/daeyun/Desktop/ecat_control_ws/src/gui_pkg/src/gui_node.cpp:1[m[K:
[5.880s] [01m[K/home/daeyun/Desktop/ecat_control_ws/src/gui_pkg/../ecat_pkg/include/ecat_pkg/ecat_definitions.hpp:508:20:[m[K [01;35m[Kwarning: [m[K‘[01m[Kstd::string GetErrorMessage(const int&)[m[K’ defined but not used [[01;35m[K-Wunused-function[m[K]
[5.880s]   508 | static std::string [01;35m[KGetErrorMessage[m[K(const int& err_code)
[5.880s]       |                    [01;35m[K^~~~~~~~~~~~~~~[m[K
[6.812s] In file included from [01m[K/home/daeyun/Desktop/ecat_control_ws/src/gui_pkg/src/../include/gui_pkg/gui_node.hpp:50[m[K,
[6.812s]                  from [01m[K/home/daeyun/Desktop/ecat_control_ws/src/gui_pkg/src/../include/gui_pkg/main_window.hpp:48[m[K,
[6.812s]                  from [01m[K/home/daeyun/Desktop/ecat_control_ws/src/gui_pkg/src/main.cpp:2[m[K:
[6.812s] [01m[K/home/daeyun/Desktop/ecat_control_ws/src/gui_pkg/../ecat_pkg/include/ecat_pkg/ecat_globals.hpp:49:17:[m[K [01;35m[Kwarning: [m[K‘[01m[Kg_kOperationMode[m[K’ defined but not used [[01;35m[K-Wunused-variable[m[K]
[6.813s]    49 | static int8_t   [01;35m[Kg_kOperationMode[m[K = kProfileVelocity ;
[6.813s]       |                 [01;35m[K^~~~~~~~~~~~~~~~[m[K
[6.813s] In file included from [01m[K/home/daeyun/Desktop/ecat_control_ws/src/gui_pkg/../ecat_pkg/include/ecat_pkg/ecat_globals.hpp:42[m[K,
[6.813s]                  from [01m[K/home/daeyun/Desktop/ecat_control_ws/src/gui_pkg/src/../include/gui_pkg/gui_node.hpp:50[m[K,
[6.813s]                  from [01m[K/home/daeyun/Desktop/ecat_control_ws/src/gui_pkg/src/../include/gui_pkg/main_window.hpp:48[m[K,
[6.813s]                  from [01m[K/home/daeyun/Desktop/ecat_control_ws/src/gui_pkg/src/main.cpp:2[m[K:
[6.814s] [01m[K/home/daeyun/Desktop/ecat_control_ws/src/gui_pkg/../ecat_pkg/include/ecat_pkg/ecat_definitions.hpp:508:20:[m[K [01;35m[Kwarning: [m[K‘[01m[Kstd::string GetErrorMessage(const int&)[m[K’ defined but not used [[01;35m[K-Wunused-function[m[K]
[6.814s]   508 | static std::string [01;35m[KGetErrorMessage[m[K(const int& err_code)
[6.814s]       |                    [01;35m[K^~~~~~~~~~~~~~~[m[K
[7.009s] [01m[K/home/daeyun/Desktop/ecat_control_ws/src/gui_pkg/src/main_window.cpp:[m[K In member function ‘[01m[Kvoid MainWindow::on_b_send_clicked()[m[K’:
[7.009s] [01m[K/home/daeyun/Desktop/ecat_control_ws/src/gui_pkg/src/main_window.cpp:203:23:[m[K [01;35m[Kwarning: [m[Kcomparison of integer expressions of different signedness: ‘[01m[Kint[m[K’ and ‘[01m[Kconst uint32_t[m[K’ {aka ‘[01m[Kconst unsigned int[m[K’} [[01;35m[K-Wsign-compare[m[K]
[7.009s]   203 |     for(int i = 0 ; [01;35m[Ki < g_kNumberOfServoDrivers[m[K; i++){
[7.009s]       |                     [01;35m[K~~^~~~~~~~~~~~~~~~~~~~~~~~~[m[K
[7.016s] [01m[K/home/daeyun/Desktop/ecat_control_ws/src/gui_pkg/src/main_window.cpp:[m[K In member function ‘[01m[Kvoid MainWindow::ShowAllMotorStatus()[m[K’:
[7.016s] [01m[K/home/daeyun/Desktop/ecat_control_ws/src/gui_pkg/src/main_window.cpp:405:22:[m[K [01;35m[Kwarning: [m[Kcomparison of integer expressions of different signedness: ‘[01m[Kint[m[K’ and ‘[01m[Kconst uint32_t[m[K’ {aka ‘[01m[Kconst unsigned int[m[K’} [[01;35m[K-Wsign-compare[m[K]
[7.016s]   405 |     for(int i = 0; [01;35m[Ki < g_kNumberOfServoDrivers[m[K ;i++){
[7.016s]       |                    [01;35m[K~~^~~~~~~~~~~~~~~~~~~~~~~~~[m[K
[7.023s] [01m[K/home/daeyun/Desktop/ecat_control_ws/src/gui_pkg/src/main_window.cpp:[m[K In member function ‘[01m[Kvoid MainWindow::ShowOperationMode()[m[K’:
[7.023s] [01m[K/home/daeyun/Desktop/ecat_control_ws/src/gui_pkg/src/main_window.cpp:596:22:[m[K [01;35m[Kwarning: [m[Kcomparison of integer expressions of different signedness: ‘[01m[Kint[m[K’ and ‘[01m[Kconst uint32_t[m[K’ {aka ‘[01m[Kconst unsigned int[m[K’} [[01;35m[K-Wsign-compare[m[K]
[7.023s]   596 |     for(int i = 0; [01;35m[Ki < g_kNumberOfServoDrivers[m[K ; i++){
[7.023s]       |                    [01;35m[K~~^~~~~~~~~~~~~~~~~~~~~~~~~[m[K
[8.516s] In file included from [01m[K/home/daeyun/Desktop/ecat_control_ws/build/gui_pkg/include/gui_pkg/../../../../src/gui_pkg/include/gui_pkg/gui_node.hpp:50[m[K,
[8.516s]                  from [01m[K/home/daeyun/Desktop/ecat_control_ws/build/gui_pkg/include/gui_pkg/../../../../src/gui_pkg/include/gui_pkg/main_window.hpp:48[m[K,
[8.516s]                  from [01m[K/home/daeyun/Desktop/ecat_control_ws/build/gui_pkg/include/gui_pkg/moc_main_window.cpp:9[m[K:
[8.516s] [01m[K/home/daeyun/Desktop/ecat_control_ws/src/gui_pkg/../ecat_pkg/include/ecat_pkg/ecat_globals.hpp:49:17:[m[K [01;35m[Kwarning: [m[K‘[01m[Kg_kOperationMode[m[K’ defined but not used [[01;35m[K-Wunused-variable[m[K]
[8.516s]    49 | static int8_t   [01;35m[Kg_kOperationMode[m[K = kProfileVelocity ;
[8.516s]       |                 [01;35m[K^~~~~~~~~~~~~~~~[m[K
[8.516s] In file included from [01m[K/home/daeyun/Desktop/ecat_control_ws/src/gui_pkg/../ecat_pkg/include/ecat_pkg/ecat_globals.hpp:42[m[K,
[8.516s]                  from [01m[K/home/daeyun/Desktop/ecat_control_ws/build/gui_pkg/include/gui_pkg/../../../../src/gui_pkg/include/gui_pkg/gui_node.hpp:50[m[K,
[8.517s]                  from [01m[K/home/daeyun/Desktop/ecat_control_ws/build/gui_pkg/include/gui_pkg/../../../../src/gui_pkg/include/gui_pkg/main_window.hpp:48[m[K,
[8.517s]                  from [01m[K/home/daeyun/Desktop/ecat_control_ws/build/gui_pkg/include/gui_pkg/moc_main_window.cpp:9[m[K:
[8.517s] [01m[K/home/daeyun/Desktop/ecat_control_ws/src/gui_pkg/../ecat_pkg/include/ecat_pkg/ecat_definitions.hpp:508:20:[m[K [01;35m[Kwarning: [m[K‘[01m[Kstd::string GetErrorMessage(const int&)[m[K’ defined but not used [[01;35m[K-Wunused-function[m[K]
[8.517s]   508 | static std::string [01;35m[KGetErrorMessage[m[K(const int& err_code)
[8.517s]       |                    [01;35m[K^~~~~~~~~~~~~~~[m[K
[8.637s] In file included from [01m[K/home/daeyun/Desktop/ecat_control_ws/src/gui_pkg/src/../include/gui_pkg/gui_node.hpp:50[m[K,
[8.637s]                  from [01m[K/home/daeyun/Desktop/ecat_control_ws/src/gui_pkg/src/../include/gui_pkg/main_window.hpp:48[m[K,
[8.637s]                  from [01m[K/home/daeyun/Desktop/ecat_control_ws/src/gui_pkg/src/main_window.cpp:1[m[K:
[8.637s] [01m[K/home/daeyun/Desktop/ecat_control_ws/src/gui_pkg/../ecat_pkg/include/ecat_pkg/ecat_globals.hpp:[m[K At global scope:
[8.637s] [01m[K/home/daeyun/Desktop/ecat_control_ws/src/gui_pkg/../ecat_pkg/include/ecat_pkg/ecat_globals.hpp:49:17:[m[K [01;35m[Kwarning: [m[K‘[01m[Kg_kOperationMode[m[K’ defined but not used [[01;35m[K-Wunused-variable[m[K]
[8.637s]    49 | static int8_t   [01;35m[Kg_kOperationMode[m[K = kProfileVelocity ;
[8.637s]       |                 [01;35m[K^~~~~~~~~~~~~~~~[m[K
[8.637s] In file included from [01m[K/home/daeyun/Desktop/ecat_control_ws/src/gui_pkg/../ecat_pkg/include/ecat_pkg/ecat_globals.hpp:42[m[K,
[8.637s]                  from [01m[K/home/daeyun/Desktop/ecat_control_ws/src/gui_pkg/src/../include/gui_pkg/gui_node.hpp:50[m[K,
[8.637s]                  from [01m[K/home/daeyun/Desktop/ecat_control_ws/src/gui_pkg/src/../include/gui_pkg/main_window.hpp:48[m[K,
[8.637s]                  from [01m[K/home/daeyun/Desktop/ecat_control_ws/src/gui_pkg/src/main_window.cpp:1[m[K:
[8.637s] [01m[K/home/daeyun/Desktop/ecat_control_ws/src/gui_pkg/../ecat_pkg/include/ecat_pkg/ecat_definitions.hpp:508:20:[m[K [01;35m[Kwarning: [m[K‘[01m[Kstd::string GetErrorMessage(const int&)[m[K’ defined but not used [[01;35m[K-Wunused-function[m[K]
[8.638s]   508 | static std::string [01;35m[KGetErrorMessage[m[K(const int& err_code)
[8.638s]       |                    [01;35m[K^~~~~~~~~~~~~~~[m[K
[9.247s] [ 20%] [32m[1mLinking CXX executable gui_node[0m
[10.675s] [100%] Built target gui_node
[10.684s] Invoked command in '/home/daeyun/Desktop/ecat_control_ws/build/gui_pkg' returned '0': CMAKE_PREFIX_PATH=/home/daeyun/Desktop/ecat_control_ws/install/ecat_msgs:/home/daeyun/Desktop/ecat_control_ws/install/data_extract_pkg:/home/daeyun/Desktop/ecat_control_ws/install/safety_pkg:/home/daeyun/Desktop/ecat_control_ws/install/log_pkg:/home/daeyun/Desktop/ecat_control_ws/install/input_pkg:/home/daeyun/Desktop/ecat_control_ws/install/gui_pkg:/home/daeyun/Desktop/ecat_control_ws/install/ecat_pkg:/home/daeyun/Desktop/ecat_control_ws/install/controller:/opt/ros/foxy /usr/bin/cmake --build /home/daeyun/Desktop/ecat_control_ws/build/gui_pkg -- -j6 -l6
[10.723s] Invoking command in '/home/daeyun/Desktop/ecat_control_ws/build/gui_pkg': CMAKE_PREFIX_PATH=/home/daeyun/Desktop/ecat_control_ws/install/ecat_msgs:/home/daeyun/Desktop/ecat_control_ws/install/data_extract_pkg:/home/daeyun/Desktop/ecat_control_ws/install/safety_pkg:/home/daeyun/Desktop/ecat_control_ws/install/log_pkg:/home/daeyun/Desktop/ecat_control_ws/install/input_pkg:/home/daeyun/Desktop/ecat_control_ws/install/gui_pkg:/home/daeyun/Desktop/ecat_control_ws/install/ecat_pkg:/home/daeyun/Desktop/ecat_control_ws/install/controller:/opt/ros/foxy /usr/bin/cmake --install /home/daeyun/Desktop/ecat_control_ws/build/gui_pkg
[10.731s] -- Install configuration: ""
[10.731s] -- Execute custom install script
[10.731s] -- Up-to-date symlink: /home/daeyun/Desktop/ecat_control_ws/install/gui_pkg/lib/gui_pkg/gui_node
[10.732s] -- Up-to-date symlink: /home/daeyun/Desktop/ecat_control_ws/install/gui_pkg/share/ament_index/resource_index/package_run_dependencies/gui_pkg
[10.732s] -- Up-to-date symlink: /home/daeyun/Desktop/ecat_control_ws/install/gui_pkg/share/ament_index/resource_index/parent_prefix_path/gui_pkg
[10.732s] -- Up-to-date symlink: /home/daeyun/Desktop/ecat_control_ws/install/gui_pkg/share/gui_pkg/environment/ament_prefix_path.sh
[10.732s] -- Up-to-date symlink: /home/daeyun/Desktop/ecat_control_ws/install/gui_pkg/share/gui_pkg/environment/ament_prefix_path.dsv
[10.733s] -- Up-to-date symlink: /home/daeyun/Desktop/ecat_control_ws/install/gui_pkg/share/gui_pkg/environment/path.sh
[10.733s] -- Up-to-date symlink: /home/daeyun/Desktop/ecat_control_ws/install/gui_pkg/share/gui_pkg/environment/path.dsv
[10.733s] -- Up-to-date symlink: /home/daeyun/Desktop/ecat_control_ws/install/gui_pkg/share/gui_pkg/local_setup.bash
[10.733s] -- Up-to-date symlink: /home/daeyun/Desktop/ecat_control_ws/install/gui_pkg/share/gui_pkg/local_setup.sh
[10.733s] -- Up-to-date symlink: /home/daeyun/Desktop/ecat_control_ws/install/gui_pkg/share/gui_pkg/local_setup.zsh
[10.734s] -- Up-to-date symlink: /home/daeyun/Desktop/ecat_control_ws/install/gui_pkg/share/gui_pkg/local_setup.dsv
[10.734s] -- Symlinking: /home/daeyun/Desktop/ecat_control_ws/install/gui_pkg/share/gui_pkg/package.dsv
[10.742s] -- Up-to-date symlink: /home/daeyun/Desktop/ecat_control_ws/install/gui_pkg/share/ament_index/resource_index/packages/gui_pkg
[10.742s] -- Up-to-date symlink: /home/daeyun/Desktop/ecat_control_ws/install/gui_pkg/share/gui_pkg/cmake/gui_pkgConfig.cmake
[10.742s] -- Up-to-date symlink: /home/daeyun/Desktop/ecat_control_ws/install/gui_pkg/share/gui_pkg/cmake/gui_pkgConfig-version.cmake
[10.743s] -- Up-to-date symlink: /home/daeyun/Desktop/ecat_control_ws/install/gui_pkg/share/gui_pkg/package.xml
[10.746s] Invoked command in '/home/daeyun/Desktop/ecat_control_ws/build/gui_pkg' returned '0': CMAKE_PREFIX_PATH=/home/daeyun/Desktop/ecat_control_ws/install/ecat_msgs:/home/daeyun/Desktop/ecat_control_ws/install/data_extract_pkg:/home/daeyun/Desktop/ecat_control_ws/install/safety_pkg:/home/daeyun/Desktop/ecat_control_ws/install/log_pkg:/home/daeyun/Desktop/ecat_control_ws/install/input_pkg:/home/daeyun/Desktop/ecat_control_ws/install/gui_pkg:/home/daeyun/Desktop/ecat_control_ws/install/ecat_pkg:/home/daeyun/Desktop/ecat_control_ws/install/controller:/opt/ros/foxy /usr/bin/cmake --install /home/daeyun/Desktop/ecat_control_ws/build/gui_pkg
