[0.026s] Invoking command in '/home/daeyun/Desktop/ecat_control_ws/build/safety_pkg': AMENT_PREFIX_PATH=/home/daeyun/Desktop/ecat_control_ws/install/ecat_msgs:${AMENT_PREFIX_PATH} CMAKE_PREFIX_PATH=/home/daeyun/Desktop/ecat_control_ws/install/ecat_msgs:/opt/ros/foxy LD_LIBRARY_PATH=/home/daeyun/Desktop/ecat_control_ws/install/ecat_msgs/lib:${LD_LIBRARY_PATH} PYTHONPATH=/home/daeyun/Desktop/ecat_control_ws/install/ecat_msgs/lib/python3.8/site-packages:${PYTHONPATH} /usr/bin/cmake --build /home/daeyun/Desktop/ecat_control_ws/build/safety_pkg -- -j8 -l8
[0.067s] [35m[1mScanning dependencies of target safety_node[0m
[0.117s] [ 50%] [32mBuilding CXX object CMakeFiles/safety_node.dir/src/safety_node.cpp.o[0m
[10.539s] In file included from [01m[K/home/daeyun/Desktop/ecat_control_ws/src/safety_pkg/include/safety_pkg/safety_node.hpp:56[m[K,
[10.539s]                  from [01m[K/home/daeyun/Desktop/ecat_control_ws/src/safety_pkg/src/safety_node.cpp:1[m[K:
[10.539s] [01m[K/home/daeyun/Desktop/ecat_control_ws/src/safety_pkg/../ecat_pkg/include/ecat_pkg/ecat_globals.hpp:49:17:[m[K [01;35m[Kwarning: [m[K‘[01m[Kg_kOperationMode[m[K’ defined but not used [[01;35m[K-Wunused-variable[m[K]
[10.540s]    49 | static int8_t   [01;35m[Kg_kOperationMode[m[K = kProfileVelocity ;  // Velocity mode - slave
[10.540s]       |                 [01;35m[K^~~~~~~~~~~~~~~~[m[K
[19.070s] [100%] [32m[1mLinking CXX executable safety_node[0m
[20.085s] [100%] Built target safety_node
[20.096s] Invoked command in '/home/daeyun/Desktop/ecat_control_ws/build/safety_pkg' returned '0': AMENT_PREFIX_PATH=/home/daeyun/Desktop/ecat_control_ws/install/ecat_msgs:${AMENT_PREFIX_PATH} CMAKE_PREFIX_PATH=/home/daeyun/Desktop/ecat_control_ws/install/ecat_msgs:/opt/ros/foxy LD_LIBRARY_PATH=/home/daeyun/Desktop/ecat_control_ws/install/ecat_msgs/lib:${LD_LIBRARY_PATH} PYTHONPATH=/home/daeyun/Desktop/ecat_control_ws/install/ecat_msgs/lib/python3.8/site-packages:${PYTHONPATH} /usr/bin/cmake --build /home/daeyun/Desktop/ecat_control_ws/build/safety_pkg -- -j8 -l8
[20.121s] Invoking command in '/home/daeyun/Desktop/ecat_control_ws/build/safety_pkg': AMENT_PREFIX_PATH=/home/daeyun/Desktop/ecat_control_ws/install/ecat_msgs:${AMENT_PREFIX_PATH} CMAKE_PREFIX_PATH=/home/daeyun/Desktop/ecat_control_ws/install/ecat_msgs:/opt/ros/foxy LD_LIBRARY_PATH=/home/daeyun/Desktop/ecat_control_ws/install/ecat_msgs/lib:${LD_LIBRARY_PATH} PYTHONPATH=/home/daeyun/Desktop/ecat_control_ws/install/ecat_msgs/lib/python3.8/site-packages:${PYTHONPATH} /usr/bin/cmake --install /home/daeyun/Desktop/ecat_control_ws/build/safety_pkg
[20.128s] -- Install configuration: ""
[20.129s] -- Execute custom install script
[20.129s] -- Up-to-date symlink: /home/daeyun/Desktop/ecat_control_ws/install/safety_pkg/lib/safety_pkg/safety_node
[20.129s] -- Up-to-date symlink: /home/daeyun/Desktop/ecat_control_ws/install/safety_pkg/share/ament_index/resource_index/package_run_dependencies/safety_pkg
[20.129s] -- Up-to-date symlink: /home/daeyun/Desktop/ecat_control_ws/install/safety_pkg/share/ament_index/resource_index/parent_prefix_path/safety_pkg
[20.129s] -- Up-to-date symlink: /home/daeyun/Desktop/ecat_control_ws/install/safety_pkg/share/safety_pkg/environment/ament_prefix_path.sh
[20.130s] -- Up-to-date symlink: /home/daeyun/Desktop/ecat_control_ws/install/safety_pkg/share/safety_pkg/environment/ament_prefix_path.dsv
[20.130s] -- Up-to-date symlink: /home/daeyun/Desktop/ecat_control_ws/install/safety_pkg/share/safety_pkg/environment/path.sh
[20.130s] -- Up-to-date symlink: /home/daeyun/Desktop/ecat_control_ws/install/safety_pkg/share/safety_pkg/environment/path.dsv
[20.130s] -- Up-to-date symlink: /home/daeyun/Desktop/ecat_control_ws/install/safety_pkg/share/safety_pkg/local_setup.bash
[20.130s] -- Up-to-date symlink: /home/daeyun/Desktop/ecat_control_ws/install/safety_pkg/share/safety_pkg/local_setup.sh
[20.130s] -- Up-to-date symlink: /home/daeyun/Desktop/ecat_control_ws/install/safety_pkg/share/safety_pkg/local_setup.zsh
[20.131s] -- Up-to-date symlink: /home/daeyun/Desktop/ecat_control_ws/install/safety_pkg/share/safety_pkg/local_setup.dsv
[20.131s] -- Symlinking: /home/daeyun/Desktop/ecat_control_ws/install/safety_pkg/share/safety_pkg/package.dsv
[20.140s] -- Up-to-date symlink: /home/daeyun/Desktop/ecat_control_ws/install/safety_pkg/share/ament_index/resource_index/packages/safety_pkg
[20.140s] -- Up-to-date symlink: /home/daeyun/Desktop/ecat_control_ws/install/safety_pkg/share/safety_pkg/cmake/safety_pkgConfig.cmake
[20.140s] -- Up-to-date symlink: /home/daeyun/Desktop/ecat_control_ws/install/safety_pkg/share/safety_pkg/cmake/safety_pkgConfig-version.cmake
[20.140s] -- Up-to-date symlink: /home/daeyun/Desktop/ecat_control_ws/install/safety_pkg/share/safety_pkg/package.xml
[20.144s] Invoked command in '/home/daeyun/Desktop/ecat_control_ws/build/safety_pkg' returned '0': AMENT_PREFIX_PATH=/home/daeyun/Desktop/ecat_control_ws/install/ecat_msgs:${AMENT_PREFIX_PATH} CMAKE_PREFIX_PATH=/home/daeyun/Desktop/ecat_control_ws/install/ecat_msgs:/opt/ros/foxy LD_LIBRARY_PATH=/home/daeyun/Desktop/ecat_control_ws/install/ecat_msgs/lib:${LD_LIBRARY_PATH} PYTHONPATH=/home/daeyun/Desktop/ecat_control_ws/install/ecat_msgs/lib/python3.8/site-packages:${PYTHONPATH} /usr/bin/cmake --install /home/daeyun/Desktop/ecat_control_ws/build/safety_pkg
