[0.024s] Invoking command in '/home/daeyun/Desktop/ecat_control_ws/build/data_extract_pkg': CMAKE_PREFIX_PATH=${CMAKE_PREFIX_PATH}:/opt/ros/foxy /usr/bin/cmake --build /home/daeyun/Desktop/ecat_control_ws/build/data_extract_pkg -- -j6 -l6
[0.050s] -- Found ament_cmake: 0.9.9 (/opt/ros/foxy/share/ament_cmake/cmake)
[0.077s] -- Using PYTHON_EXECUTABLE: /usr/bin/python3
[0.265s] -- Override CMake install command with custom implementation using symlinks instead of copying resources
[0.282s] -- Found rclcpp: 2.4.1 (/opt/ros/foxy/share/rclcpp/cmake)
[0.358s] -- Using all available rosidl_typesupport_c: rosidl_typesupport_fastrtps_c;rosidl_typesupport_introspection_c
[0.371s] -- Found rosidl_adapter: 1.2.1 (/opt/ros/foxy/share/rosidl_adapter/cmake)
[0.465s] -- Found OpenSSL: /usr/lib/x86_64-linux-gnu/libcrypto.so (found version "1.1.1f")  
[0.493s] -- Found FastRTPS: /opt/ros/foxy/include  
[0.580s] -- Using all available rosidl_typesupport_cpp: rosidl_typesupport_fastrtps_cpp;rosidl_typesupport_introspection_cpp
[0.643s] -- Found rmw_implementation_cmake: 1.0.3 (/opt/ros/foxy/share/rmw_implementation_cmake/cmake)
[0.645s] -- Using RMW implementation 'rmw_fastrtps_cpp' as default
[0.648s] -- Looking for pthread.h
[0.919s] -- Looking for pthread.h - found
[0.919s] -- Performing Test CMAKE_HAVE_LIBC_PTHREAD
[1.231s] -- Performing Test CMAKE_HAVE_LIBC_PTHREAD - Failed
[1.231s] -- Looking for pthread_create in pthreads
[1.563s] -- Looking for pthread_create in pthreads - not found
[1.563s] -- Looking for pthread_create in pthread
[1.872s] -- Looking for pthread_create in pthread - found
[1.873s] -- Found Threads: TRUE  
[2.279s] -- Found ecat_msgs: 0.0.1 (/home/daeyun/Desktop/ecat_control_ws/install/ecat_msgs/share/ecat_msgs/cmake)
[2.380s] -- Found ament_lint_auto: 0.9.6 (/opt/ros/foxy/share/ament_lint_auto/cmake)
[2.483s] -- Added test 'copyright' to check source files copyright and LICENSE
[2.484s] -- Added test 'cppcheck' to perform static code analysis on C / C++ code
[2.485s] -- Configured cppcheck include dirs: /home/daeyun/Desktop/ecat_control_ws/src/data_extract_pkg/include/data_extract_pkg;/home/daeyun/Desktop/ecat_control_ws/src/data_extract_pkg/../ecat_pkg/include/ecat_pkg;/home/daeyun/Desktop/ecat_control_ws/src/data_extract_pkg/../ecat_msgs/msg;$<BUILD_INTERFACE:/home/daeyun/Desktop/ecat_control_ws/src/data_extract_pkg/include>
[2.485s] -- Configured cppcheck exclude dirs and/or files: 
[2.486s] -- Added test 'cpplint' to check C / C++ code against the Google style
[2.486s] -- Configured cpplint exclude dirs and/or files: 
[2.488s] -- Added test 'lint_cmake' to check CMake code style
[2.489s] -- Added test 'uncrustify' to check C / C++ code style
[2.489s] -- Configured uncrustify additional arguments: 
[2.490s] -- Added test 'xmllint' to check XML markup files
[2.494s] -- Configuring done
[2.519s] -- Generating done
[2.523s] -- Build files have been written to: /home/daeyun/Desktop/ecat_control_ws/build/data_extract_pkg
[2.608s] [35m[1mScanning dependencies of target data_extract_node[0m
[2.763s] [ 50%] [32mBuilding CXX object CMakeFiles/data_extract_node.dir/src/data_extract_node.cpp.o[0m
[4.254s] [01m[K/home/daeyun/Desktop/ecat_control_ws/src/data_extract_pkg/src/data_extract_node.cpp:[m[K In member function ‘[01m[Kuint8_t DataExtractionNode::DataExtraction::CreateFile()[m[K’:
[4.254s] [01m[K/home/daeyun/Desktop/ecat_control_ws/src/data_extract_pkg/src/data_extract_node.cpp:43:1:[m[K [01;35m[Kwarning: [m[Kno return statement in function returning non-void [[01;35m[K-Wreturn-type[m[K]
[4.255s]    43 | [01;35m[K}[m[K
[4.255s]       | [01;35m[K^[m[K
[4.255s] [01m[K/home/daeyun/Desktop/ecat_control_ws/src/data_extract_pkg/src/data_extract_node.cpp:[m[K In member function ‘[01m[Kuint8_t DataExtractionNode::DataExtraction::CloseFile()[m[K’:
[4.255s] [01m[K/home/daeyun/Desktop/ecat_control_ws/src/data_extract_pkg/src/data_extract_node.cpp:49:1:[m[K [01;35m[Kwarning: [m[Kno return statement in function returning non-void [[01;35m[K-Wreturn-type[m[K]
[4.256s]    49 | [01;35m[K}[m[K
[4.256s]       | [01;35m[K^[m[K
[4.256s] [01m[K/home/daeyun/Desktop/ecat_control_ws/src/data_extract_pkg/src/data_extract_node.cpp:[m[K In member function ‘[01m[Kvoid DataExtractionNode::DataExtraction::PrintDataFromFile(int)[m[K’:
[4.257s] [01m[K/home/daeyun/Desktop/ecat_control_ws/src/data_extract_pkg/src/data_extract_node.cpp:63:44:[m[K [01;35m[Kwarning: [m[Kunused parameter ‘[01m[Kline[m[K’ [[01;35m[K-Wunused-parameter[m[K]
[4.257s]    63 | void DataExtraction::PrintDataFromFile([01;35m[Kint line[m[K)
[4.257s]       |                                        [01;35m[K~~~~^~~~[m[K
[4.257s] [01m[K/home/daeyun/Desktop/ecat_control_ws/src/data_extract_pkg/src/data_extract_node.cpp:[m[K In member function ‘[01m[Kvoid DataExtractionNode::DataExtraction::SlaveFeedbackCallbakcs(ecat_msgs::msg::DataReceived_<std::allocator<void> >::SharedPtr)[m[K’:
[4.258s] [01m[K/home/daeyun/Desktop/ecat_control_ws/src/data_extract_pkg/src/data_extract_node.cpp:84:19:[m[K [01;35m[Kwarning: [m[Kcomparison of integer expressions of different signedness: ‘[01m[Kint[m[K’ and ‘[01m[Kconst uint32_t[m[K’ {aka ‘[01m[Kconst unsigned int[m[K’} [[01;35m[K-Wsign-compare[m[K]
[4.258s]    84 |     for(int i=0; [01;35m[Ki<g_kNumberOfServoDrivers[m[K; i++)
[4.258s]       |                  [01;35m[K~^~~~~~~~~~~~~~~~~~~~~~~~[m[K
[5.008s] In file included from [01m[K/usr/include/x86_64-linux-gnu/c++/9/bits/c++allocator.h:33[m[K,
[5.008s]                  from [01m[K/usr/include/c++/9/bits/allocator.h:46[m[K,
[5.008s]                  from [01m[K/usr/include/c++/9/string:41[m[K,
[5.008s]                  from [01m[K/usr/include/c++/9/bits/locale_classes.h:40[m[K,
[5.008s]                  from [01m[K/usr/include/c++/9/bits/ios_base.h:41[m[K,
[5.009s]                  from [01m[K/usr/include/c++/9/ios:42[m[K,
[5.009s]                  from [01m[K/usr/include/c++/9/ostream:38[m[K,
[5.009s]                  from [01m[K/usr/include/c++/9/iostream:39[m[K,
[5.009s]                  from [01m[K/home/daeyun/Desktop/ecat_control_ws/src/data_extract_pkg/include/data_extract_pkg/data_extract_node.hpp:7[m[K,
[5.010s]                  from [01m[K/home/daeyun/Desktop/ecat_control_ws/src/data_extract_pkg/src/data_extract_node.cpp:1[m[K:
[5.010s] /usr/include/c++/9/ext/new_allocator.h: In instantiation of ‘[01m[Kvoid __gnu_cxx::new_allocator<_Tp>::construct(_Up*, _Args&& ...) [with _Up = DataExtractionNode::DataExtraction; _Args = {char**&}; _Tp = DataExtractionNode::DataExtraction][m[K’:
[5.010s] [01m[K/usr/include/c++/9/bits/alloc_traits.h:483:4:[m[K   required from ‘[01m[Kstatic void std::allocator_traits<std::allocator<_CharT> >::construct(std::allocator_traits<std::allocator<_CharT> >::allocator_type&, _Up*, _Args&& ...) [with _Up = DataExtractionNode::DataExtraction; _Args = {char**&}; _Tp = DataExtractionNode::DataExtraction; std::allocator_traits<std::allocator<_CharT> >::allocator_type = std::allocator<DataExtractionNode::DataExtraction>][m[K’
[5.010s] [01m[K/usr/include/c++/9/bits/shared_ptr_base.h:548:39:[m[K   required from ‘[01m[Kstd::_Sp_counted_ptr_inplace<_Tp, _Alloc, _Lp>::_Sp_counted_ptr_inplace(_Alloc, _Args&& ...) [with _Args = {char**&}; _Tp = DataExtractionNode::DataExtraction; _Alloc = std::allocator<DataExtractionNode::DataExtraction>; __gnu_cxx::_Lock_policy _Lp = __gnu_cxx::_S_atomic][m[K’
[5.010s] [01m[K/usr/include/c++/9/bits/shared_ptr_base.h:679:16:[m[K   required from ‘[01m[Kstd::__shared_count<_Lp>::__shared_count(_Tp*&, std::_Sp_alloc_shared_tag<_Alloc>, _Args&& ...) [with _Tp = DataExtractionNode::DataExtraction; _Alloc = std::allocator<DataExtractionNode::DataExtraction>; _Args = {char**&}; __gnu_cxx::_Lock_policy _Lp = __gnu_cxx::_S_atomic][m[K’
[5.011s] [01m[K/usr/include/c++/9/bits/shared_ptr_base.h:1344:71:[m[K   required from ‘[01m[Kstd::__shared_ptr<_Tp, _Lp>::__shared_ptr(std::_Sp_alloc_shared_tag<_Tp>, _Args&& ...) [with _Alloc = std::allocator<DataExtractionNode::DataExtraction>; _Args = {char**&}; _Tp = DataExtractionNode::DataExtraction; __gnu_cxx::_Lock_policy _Lp = __gnu_cxx::_S_atomic][m[K’
[5.011s] [01m[K/usr/include/c++/9/bits/shared_ptr.h:359:59:[m[K   required from ‘[01m[Kstd::shared_ptr<_Tp>::shared_ptr(std::_Sp_alloc_shared_tag<_Tp>, _Args&& ...) [with _Alloc = std::allocator<DataExtractionNode::DataExtraction>; _Args = {char**&}; _Tp = DataExtractionNode::DataExtraction][m[K’
[5.011s] [01m[K/usr/include/c++/9/bits/shared_ptr.h:701:14:[m[K   required from ‘[01m[Kstd::shared_ptr<_Tp> std::allocate_shared(const _Alloc&, _Args&& ...) [with _Tp = DataExtractionNode::DataExtraction; _Alloc = std::allocator<DataExtractionNode::DataExtraction>; _Args = {char**&}][m[K’
[5.011s] [01m[K/usr/include/c++/9/bits/shared_ptr.h:717:39:[m[K   required from ‘[01m[Kstd::shared_ptr<_Tp> std::make_shared(_Args&& ...) [with _Tp = DataExtractionNode::DataExtraction; _Args = {char**&}][m[K’
[5.011s] [01m[K/home/daeyun/Desktop/ecat_control_ws/src/data_extract_pkg/src/data_extract_node.cpp:107:55:[m[K   required from here
[5.012s] [01m[K/usr/include/c++/9/ext/new_allocator.h:146:4:[m[K [01;31m[Kerror: [m[Kno matching function for call to ‘[01m[KDataExtractionNode::DataExtraction::DataExtraction(char**&)[m[K’
[5.012s]   146 |  { [01;31m[K::new((void *)__p) _Up(std::forward<_Args>(__args)...)[m[K; }
[5.012s]       |    [01;31m[K^~~~~~~~~~~~~~~~~~~~~~~~~~~~~~~~~~~~~~~~~~~~~~~~~~~~~~[m[K
[5.012s] [01m[K/home/daeyun/Desktop/ecat_control_ws/src/data_extract_pkg/src/data_extract_node.cpp:6:1:[m[K [01;36m[Knote: [m[Kcandidate: ‘[01m[KDataExtractionNode::DataExtraction::DataExtraction()[m[K’
[5.012s]     6 | [01;36m[KDataExtraction[m[K::DataExtraction() : rclcpp::Node("data_extract_node")
[5.013s]       | [01;36m[K^~~~~~~~~~~~~~[m[K
[5.013s] [01m[K/home/daeyun/Desktop/ecat_control_ws/src/data_extract_pkg/src/data_extract_node.cpp:6:1:[m[K [01;36m[Knote: [m[K  candidate expects 0 arguments, 1 provided
[6.360s] In file included from [01m[K/home/daeyun/Desktop/ecat_control_ws/src/data_extract_pkg/include/data_extract_pkg/data_extract_node.hpp:23[m[K,
[6.360s]                  from [01m[K/home/daeyun/Desktop/ecat_control_ws/src/data_extract_pkg/src/data_extract_node.cpp:1[m[K:
[6.360s] [01m[K/home/daeyun/Desktop/ecat_control_ws/src/data_extract_pkg/../ecat_pkg/include/ecat_pkg/ecat_globals.hpp:[m[K At global scope:
[6.360s] [01m[K/home/daeyun/Desktop/ecat_control_ws/src/data_extract_pkg/../ecat_pkg/include/ecat_pkg/ecat_globals.hpp:49:17:[m[K [01;35m[Kwarning: [m[K‘[01m[Kg_kOperationMode[m[K’ defined but not used [[01;35m[K-Wunused-variable[m[K]
[6.360s]    49 | static int8_t   [01;35m[Kg_kOperationMode[m[K = kProfileVelocity ;
[6.360s]       |                 [01;35m[K^~~~~~~~~~~~~~~~[m[K
[6.360s] In file included from [01m[K/home/daeyun/Desktop/ecat_control_ws/src/data_extract_pkg/../ecat_pkg/include/ecat_pkg/ecat_globals.hpp:42[m[K,
[6.361s]                  from [01m[K/home/daeyun/Desktop/ecat_control_ws/src/data_extract_pkg/include/data_extract_pkg/data_extract_node.hpp:23[m[K,
[6.361s]                  from [01m[K/home/daeyun/Desktop/ecat_control_ws/src/data_extract_pkg/src/data_extract_node.cpp:1[m[K:
[6.361s] [01m[K/home/daeyun/Desktop/ecat_control_ws/src/data_extract_pkg/../ecat_pkg/include/ecat_pkg/ecat_definitions.hpp:508:20:[m[K [01;35m[Kwarning: [m[K‘[01m[Kstd::string GetErrorMessage(const int&)[m[K’ defined but not used [[01;35m[K-Wunused-function[m[K]
[6.361s]   508 | static std::string [01;35m[KGetErrorMessage[m[K(const int& err_code)
[6.361s]       |                    [01;35m[K^~~~~~~~~~~~~~~[m[K
[6.422s] make[2]: *** [CMakeFiles/data_extract_node.dir/build.make:63: CMakeFiles/data_extract_node.dir/src/data_extract_node.cpp.o] Error 1
[6.423s] make[1]: *** [CMakeFiles/Makefile2:78: CMakeFiles/data_extract_node.dir/all] Error 2
[6.428s] make: *** [Makefile:141: all] Error 2
[6.428s] Invoked command in '/home/daeyun/Desktop/ecat_control_ws/build/data_extract_pkg' returned '2': CMAKE_PREFIX_PATH=${CMAKE_PREFIX_PATH}:/opt/ros/foxy /usr/bin/cmake --build /home/daeyun/Desktop/ecat_control_ws/build/data_extract_pkg -- -j6 -l6
