[0.029s] Invoking command in '/home/daeyun/Desktop/ecat_control_ws/build/ecat_pkg': AMENT_PREFIX_PATH=/home/daeyun/Desktop/ecat_control_ws/install/ecat_msgs:${AMENT_PREFIX_PATH} CMAKE_PREFIX_PATH=/home/daeyun/Desktop/ecat_control_ws/install/ecat_msgs:/opt/ros/foxy LD_LIBRARY_PATH=/home/daeyun/Desktop/ecat_control_ws/install/ecat_msgs/lib:${LD_LIBRARY_PATH} PYTHONPATH=/home/daeyun/Desktop/ecat_control_ws/install/ecat_msgs/lib/python3.8/site-packages:${PYTHONPATH} /usr/bin/cmake --build /home/daeyun/Desktop/ecat_control_ws/build/ecat_pkg -- -j8 -l8
[0.068s] [35m[1mScanning dependencies of target ecat_node[0m
[0.121s] [ 16%] [32mBuilding CXX object CMakeFiles/ecat_node.dir/src/main.cpp.o[0m
[0.124s] [ 33%] [32mBuilding CXX object CMakeFiles/ecat_node.dir/src/ecat_node.cpp.o[0m
[0.127s] [ 50%] [32mBuilding CXX object CMakeFiles/ecat_node.dir/src/ecat_slave.cpp.o[0m
[0.131s] [ 66%] [32mBuilding CXX object CMakeFiles/ecat_node.dir/src/ecat_lifecycle.cpp.o[0m
[19.371s] [ 83%] [32m[1mLinking CXX executable ecat_node[0m
[19.769s] [100%] Built target ecat_node
[19.780s] Invoked command in '/home/daeyun/Desktop/ecat_control_ws/build/ecat_pkg' returned '0': AMENT_PREFIX_PATH=/home/daeyun/Desktop/ecat_control_ws/install/ecat_msgs:${AMENT_PREFIX_PATH} CMAKE_PREFIX_PATH=/home/daeyun/Desktop/ecat_control_ws/install/ecat_msgs:/opt/ros/foxy LD_LIBRARY_PATH=/home/daeyun/Desktop/ecat_control_ws/install/ecat_msgs/lib:${LD_LIBRARY_PATH} PYTHONPATH=/home/daeyun/Desktop/ecat_control_ws/install/ecat_msgs/lib/python3.8/site-packages:${PYTHONPATH} /usr/bin/cmake --build /home/daeyun/Desktop/ecat_control_ws/build/ecat_pkg -- -j8 -l8
[19.814s] Invoking command in '/home/daeyun/Desktop/ecat_control_ws/build/ecat_pkg': AMENT_PREFIX_PATH=/home/daeyun/Desktop/ecat_control_ws/install/ecat_msgs:${AMENT_PREFIX_PATH} CMAKE_PREFIX_PATH=/home/daeyun/Desktop/ecat_control_ws/install/ecat_msgs:/opt/ros/foxy LD_LIBRARY_PATH=/home/daeyun/Desktop/ecat_control_ws/install/ecat_msgs/lib:${LD_LIBRARY_PATH} PYTHONPATH=/home/daeyun/Desktop/ecat_control_ws/install/ecat_msgs/lib/python3.8/site-packages:${PYTHONPATH} /usr/bin/cmake --install /home/daeyun/Desktop/ecat_control_ws/build/ecat_pkg
[19.822s] -- Install configuration: ""
[19.822s] -- Execute custom install script
[19.822s] -- Up-to-date symlink: /home/daeyun/Desktop/ecat_control_ws/install/ecat_pkg/lib/ecat_pkg/ecat_node
[19.822s] -- Up-to-date symlink: /home/daeyun/Desktop/ecat_control_ws/install/ecat_pkg/share/ament_index/resource_index/package_run_dependencies/ecat_pkg
[19.823s] -- Up-to-date symlink: /home/daeyun/Desktop/ecat_control_ws/install/ecat_pkg/share/ament_index/resource_index/parent_prefix_path/ecat_pkg
[19.823s] -- Up-to-date symlink: /home/daeyun/Desktop/ecat_control_ws/install/ecat_pkg/share/ecat_pkg/environment/ament_prefix_path.sh
[19.823s] -- Up-to-date symlink: /home/daeyun/Desktop/ecat_control_ws/install/ecat_pkg/share/ecat_pkg/environment/ament_prefix_path.dsv
[19.823s] -- Up-to-date symlink: /home/daeyun/Desktop/ecat_control_ws/install/ecat_pkg/share/ecat_pkg/environment/path.sh
[19.823s] -- Up-to-date symlink: /home/daeyun/Desktop/ecat_control_ws/install/ecat_pkg/share/ecat_pkg/environment/path.dsv
[19.824s] -- Up-to-date symlink: /home/daeyun/Desktop/ecat_control_ws/install/ecat_pkg/share/ecat_pkg/local_setup.bash
[19.824s] -- Up-to-date symlink: /home/daeyun/Desktop/ecat_control_ws/install/ecat_pkg/share/ecat_pkg/local_setup.sh
[19.824s] -- Up-to-date symlink: /home/daeyun/Desktop/ecat_control_ws/install/ecat_pkg/share/ecat_pkg/local_setup.zsh
[19.824s] -- Up-to-date symlink: /home/daeyun/Desktop/ecat_control_ws/install/ecat_pkg/share/ecat_pkg/local_setup.dsv
[19.824s] -- Symlinking: /home/daeyun/Desktop/ecat_control_ws/install/ecat_pkg/share/ecat_pkg/package.dsv
[19.834s] -- Up-to-date symlink: /home/daeyun/Desktop/ecat_control_ws/install/ecat_pkg/share/ament_index/resource_index/packages/ecat_pkg
[19.834s] -- Up-to-date symlink: /home/daeyun/Desktop/ecat_control_ws/install/ecat_pkg/share/ecat_pkg/cmake/ecat_pkgConfig.cmake
[19.834s] -- Up-to-date symlink: /home/daeyun/Desktop/ecat_control_ws/install/ecat_pkg/share/ecat_pkg/cmake/ecat_pkgConfig-version.cmake
[19.834s] -- Up-to-date symlink: /home/daeyun/Desktop/ecat_control_ws/install/ecat_pkg/share/ecat_pkg/package.xml
[19.838s] Invoked command in '/home/daeyun/Desktop/ecat_control_ws/build/ecat_pkg' returned '0': AMENT_PREFIX_PATH=/home/daeyun/Desktop/ecat_control_ws/install/ecat_msgs:${AMENT_PREFIX_PATH} CMAKE_PREFIX_PATH=/home/daeyun/Desktop/ecat_control_ws/install/ecat_msgs:/opt/ros/foxy LD_LIBRARY_PATH=/home/daeyun/Desktop/ecat_control_ws/install/ecat_msgs/lib:${LD_LIBRARY_PATH} PYTHONPATH=/home/daeyun/Desktop/ecat_control_ws/install/ecat_msgs/lib/python3.8/site-packages:${PYTHONPATH} /usr/bin/cmake --install /home/daeyun/Desktop/ecat_control_ws/build/ecat_pkg
