[35m[1mScanning dependencies of target hapticNode[0m
[ 33%] [32mBuilding CXX object CMakeFiles/hapticNode.dir/src/hapticNode.cpp.o[0m
[01m[K/home/daeyun/Desktop/ecat_control_ws/src/input_pkg/src/hapticNode.cpp:[m[K In constructor ‘[01m[KHapticNode::HapticNode(char**)[m[K’:
[01m[K/home/daeyun/Desktop/ecat_control_ws/src/input_pkg/src/hapticNode.cpp:35:25:[m[K [01;35m[Kwarning: [m[Koverflow in conversion from ‘[01m[Kint[m[K’ to ‘[01m[Kchar[m[K’ changes value from ‘[01m[K9800[m[K’ to ‘[01m[K'H'[m[K’ [[01;35m[K-Woverflow[m[K]
   35 | #define SERVER_PORT_NUM [01;35m[K9800[m[K
      |                         [01;35m[K^~~~[m[K
[01m[K/home/daeyun/Desktop/ecat_control_ws/src/input_pkg/src/hapticNode.cpp:66:12:[m[K [01;36m[Knote: [m[Kin expansion of macro ‘[01m[KSERVER_PORT_NUM[m[K’
   66 |   m_Port = [01;36m[KSERVER_PORT_NUM[m[K;
      |            [01;36m[K^~~~~~~~~~~~~~~[m[K
[01m[K/home/daeyun/Desktop/ecat_control_ws/src/input_pkg/src/hapticNode.cpp:60:31:[m[K [01;35m[Kwarning: [m[Kunused parameter ‘[01m[Kargv[m[K’ [[01;35m[K-Wunused-parameter[m[K]
   60 | HapticNode::HapticNode([01;35m[Kchar * argv[][m[K) : rclcpp::Node("HapticNode")
      |                        [01;35m[K~~~~~~~^~~~~~[m[K
[01m[K/home/daeyun/Desktop/ecat_control_ws/src/input_pkg/src/hapticNode.cpp:[m[K In member function ‘[01m[Kvoid HapticNode::commThread()[m[K’:
[01m[K/home/daeyun/Desktop/ecat_control_ws/src/input_pkg/src/hapticNode.cpp:116:55:[m[K [01;31m[Kerror: [m[Kno matching function for call to ‘[01m[KTCPCommunication::TCPServer::TCPServer(std::string&, int)[m[K’
  116 |   TCPServer Server = TCPServer(m_Port, TCP_BUFFER_SIZE[01;31m[K)[m[K;
      |                                                       [01;31m[K^[m[K
In file included from [01m[K/home/daeyun/Desktop/ecat_control_ws/src/input_pkg/include/input_pkg/hapticNode.hpp:34[m[K,
                 from [01m[K/home/daeyun/Desktop/ecat_control_ws/src/input_pkg/src/hapticNode.cpp:28[m[K:
[01m[K/home/daeyun/Desktop/ecat_control_ws/src/input_pkg/include/input_pkg/TCPcomm.hpp:46:13:[m[K [01;36m[Knote: [m[Kcandidate: ‘[01m[KTCPCommunication::TCPServer::TCPServer(int, int, int)[m[K’
   46 |             [01;36m[KTCPServer[m[K(int PortNum, int SizeOfBuffer, int NumOfRoom);
      |             [01;36m[K^~~~~~~~~[m[K
[01m[K/home/daeyun/Desktop/ecat_control_ws/src/input_pkg/include/input_pkg/TCPcomm.hpp:46:13:[m[K [01;36m[Knote: [m[K  candidate expects 3 arguments, 2 provided
[01m[K/home/daeyun/Desktop/ecat_control_ws/src/input_pkg/include/input_pkg/TCPcomm.hpp:45:13:[m[K [01;36m[Knote: [m[Kcandidate: ‘[01m[KTCPCommunication::TCPServer::TCPServer(int, int)[m[K’
   45 |             [01;36m[KTCPServer[m[K(int PortNum, int SizeOfBuffer);
      |             [01;36m[K^~~~~~~~~[m[K
[01m[K/home/daeyun/Desktop/ecat_control_ws/src/input_pkg/include/input_pkg/TCPcomm.hpp:45:27:[m[K [01;36m[Knote: [m[K  no known conversion for argument 1 from ‘[01m[Kstd::string[m[K’ {aka ‘[01m[Kstd::__cxx11::basic_string<char>[m[K’} to ‘[01m[Kint[m[K’
   45 |             TCPServer([01;36m[Kint PortNum[m[K, int SizeOfBuffer);
      |                       [01;36m[K~~~~^~~~~~~[m[K
[01m[K/home/daeyun/Desktop/ecat_control_ws/src/input_pkg/include/input_pkg/TCPcomm.hpp:44:13:[m[K [01;36m[Knote: [m[Kcandidate: ‘[01m[KTCPCommunication::TCPServer::TCPServer(int)[m[K’
   44 |             [01;36m[KTCPServer[m[K(int PortNum);
      |             [01;36m[K^~~~~~~~~[m[K
[01m[K/home/daeyun/Desktop/ecat_control_ws/src/input_pkg/include/input_pkg/TCPcomm.hpp:44:13:[m[K [01;36m[Knote: [m[K  candidate expects 1 argument, 2 provided
[01m[K/home/daeyun/Desktop/ecat_control_ws/src/input_pkg/include/input_pkg/TCPcomm.hpp:43:13:[m[K [01;36m[Knote: [m[Kcandidate: ‘[01m[KTCPCommunication::TCPServer::TCPServer()[m[K’
   43 |             [01;36m[KTCPServer[m[K();
      |             [01;36m[K^~~~~~~~~[m[K
[01m[K/home/daeyun/Desktop/ecat_control_ws/src/input_pkg/include/input_pkg/TCPcomm.hpp:43:13:[m[K [01;36m[Knote: [m[K  candidate expects 0 arguments, 2 provided
[01m[K/home/daeyun/Desktop/ecat_control_ws/src/input_pkg/include/input_pkg/TCPcomm.hpp:30:11:[m[K [01;36m[Knote: [m[Kcandidate: ‘[01m[Kconstexpr TCPCommunication::TCPServer::TCPServer(const TCPCommunication::TCPServer&)[m[K’
   30 |     class [01;36m[KTCPServer[m[K
      |           [01;36m[K^~~~~~~~~[m[K
[01m[K/home/daeyun/Desktop/ecat_control_ws/src/input_pkg/include/input_pkg/TCPcomm.hpp:30:11:[m[K [01;36m[Knote: [m[K  candidate expects 1 argument, 2 provided
[01m[K/home/daeyun/Desktop/ecat_control_ws/src/input_pkg/src/hapticNode.cpp:195:14:[m[K [01;35m[Kwarning: [m[Kunused variable ‘[01m[Kcount[m[K’ [[01;35m[K-Wunused-variable[m[K]
  195 |   static int [01;35m[Kcount[m[K = 0;
      |              [01;35m[K^~~~~[m[K
[01m[K/home/daeyun/Desktop/ecat_control_ws/src/input_pkg/src/hapticNode.cpp:[m[K In member function ‘[01m[Kvoid HapticNode::CommWriteThread(int)[m[K’:
[01m[K/home/daeyun/Desktop/ecat_control_ws/src/input_pkg/src/hapticNode.cpp:233:12:[m[K [01;35m[Kwarning: [m[Kunused variable ‘[01m[Ktimestamp[m[K’ [[01;35m[K-Wunused-variable[m[K]
  233 |     double [01;35m[Ktimestamp[m[K = 0;
      |            [01;35m[K^~~~~~~~~[m[K
[01m[K/home/daeyun/Desktop/ecat_control_ws/src/input_pkg/src/hapticNode.cpp:234:12:[m[K [01;35m[Kwarning: [m[Kunused variable ‘[01m[Ktarget_q[m[K’ [[01;35m[K-Wunused-variable[m[K]
  234 |     double [01;35m[Ktarget_q[m[K[7] = {0};
      |            [01;35m[K^~~~~~~~[m[K
[01m[K/home/daeyun/Desktop/ecat_control_ws/src/input_pkg/src/hapticNode.cpp:235:12:[m[K [01;35m[Kwarning: [m[Kunused variable ‘[01m[Ktarget_qd[m[K’ [[01;35m[K-Wunused-variable[m[K]
  235 |     double [01;35m[Ktarget_qd[m[K[7] = {0};
      |            [01;35m[K^~~~~~~~~[m[K
[01m[K/home/daeyun/Desktop/ecat_control_ws/src/input_pkg/src/hapticNode.cpp:236:12:[m[K [01;35m[Kwarning: [m[Kunused variable ‘[01m[Ktarget_qdd[m[K’ [[01;35m[K-Wunused-variable[m[K]
  236 |     double [01;35m[Ktarget_qdd[m[K[7] = {0};
      |            [01;35m[K^~~~~~~~~~[m[K
[01m[K/home/daeyun/Desktop/ecat_control_ws/src/input_pkg/src/hapticNode.cpp:237:12:[m[K [01;35m[Kwarning: [m[Kunused variable ‘[01m[Ktarget_current[m[K’ [[01;35m[K-Wunused-variable[m[K]
  237 |     double [01;35m[Ktarget_current[m[K[7] = {0};
      |            [01;35m[K^~~~~~~~~~~~~~[m[K
[01m[K/home/daeyun/Desktop/ecat_control_ws/src/input_pkg/src/hapticNode.cpp:238:12:[m[K [01;35m[Kwarning: [m[Kunused variable ‘[01m[Ktarget_moment[m[K’ [[01;35m[K-Wunused-variable[m[K]
  238 |     double [01;35m[Ktarget_moment[m[K[7] = {0};
      |            [01;35m[K^~~~~~~~~~~~~[m[K
[01m[K/home/daeyun/Desktop/ecat_control_ws/src/input_pkg/src/hapticNode.cpp:[m[K In member function ‘[01m[Kvoid HapticNode::CommReadThread(int)[m[K’:
[01m[K/home/daeyun/Desktop/ecat_control_ws/src/input_pkg/src/hapticNode.cpp:433:19:[m[K [01;35m[Kwarning: [m[Kcomparison of integer expressions of different signedness: ‘[01m[Kint[m[K’ and ‘[01m[Kconst uint32_t[m[K’ {aka ‘[01m[Kconst unsigned int[m[K’} [[01;35m[K-Wsign-compare[m[K]
  433 |     for(int i=0; [01;35m[Ki<g_kNumberOfServoDrivers[m[K; i++)
      |                  [01;35m[K~^~~~~~~~~~~~~~~~~~~~~~~~[m[K
[01m[K/home/daeyun/Desktop/ecat_control_ws/src/input_pkg/src/hapticNode.cpp:480:19:[m[K [01;35m[Kwarning: [m[Kcomparison of integer expressions of different signedness: ‘[01m[Kint[m[K’ and ‘[01m[Kconst uint32_t[m[K’ {aka ‘[01m[Kconst unsigned int[m[K’} [[01;35m[K-Wsign-compare[m[K]
  480 |     for(int i=0; [01;35m[Ki<g_kNumberOfServoDrivers[m[K; i++)
      |                  [01;35m[K~^~~~~~~~~~~~~~~~~~~~~~~~[m[K
[01m[K/home/daeyun/Desktop/ecat_control_ws/src/input_pkg/src/hapticNode.cpp:334:14:[m[K [01;35m[Kwarning: [m[Kunused variable ‘[01m[Kcount_read[m[K’ [[01;35m[K-Wunused-variable[m[K]
  334 |   static int [01;35m[Kcount_read[m[K = 0;
      |              [01;35m[K^~~~~~~~~~[m[K
[01m[K/home/daeyun/Desktop/ecat_control_ws/src/input_pkg/src/hapticNode.cpp:[m[K In member function ‘[01m[Kvoid HapticNode::DoubleToIntByte(char*, double)[m[K’:
[01m[K/home/daeyun/Desktop/ecat_control_ws/src/input_pkg/src/hapticNode.cpp:507:19:[m[K [01;35m[Kwarning: [m[Kcomparison of integer expressions of different signedness: ‘[01m[Kint[m[K’ and ‘[01m[Klong unsigned int[m[K’ [[01;35m[K-Wsign-compare[m[K]
  507 |     for(int i=0; [01;35m[Ki<sizeof(cnvt_double.data_char)[m[K; i++)
      |                  [01;35m[K~^~~~~~~~~~~~~~~~~~~~~~~~~~~~~~[m[K
[01m[K/home/daeyun/Desktop/ecat_control_ws/src/input_pkg/src/hapticNode.cpp:504:10:[m[K [01;35m[Kwarning: [m[Kunused variable ‘[01m[Kbuf_data[m[K’ [[01;35m[K-Wunused-variable[m[K]
  504 |     char [01;35m[Kbuf_data[m[K[8];
      |          [01;35m[K^~~~~~~~[m[K
[01m[K/home/daeyun/Desktop/ecat_control_ws/src/input_pkg/src/hapticNode.cpp:[m[K In member function ‘[01m[Kstd::vector<std::__cxx11::basic_string<char> > HapticNode::Parsing(char*, int)[m[K’:
[01m[K/home/daeyun/Desktop/ecat_control_ws/src/input_pkg/src/hapticNode.cpp:576:21:[m[K [01;35m[Kwarning: [m[Kcomparison of integer expressions of different signedness: ‘[01m[Kint[m[K’ and ‘[01m[Kconst uint32_t[m[K’ {aka ‘[01m[Kconst unsigned int[m[K’} [[01;35m[K-Wsign-compare[m[K]
  576 |   for (int i = 0; [01;35m[Ki < g_kNumberOfServoDrivers[m[K; i++)
      |                   [01;35m[K~~^~~~~~~~~~~~~~~~~~~~~~~~~[m[K
[01m[K/home/daeyun/Desktop/ecat_control_ws/src/input_pkg/src/hapticNode.cpp:638:21:[m[K [01;35m[Kwarning: [m[Kcomparison of integer expressions of different signedness: ‘[01m[Kint[m[K’ and ‘[01m[Kstd::vector<std::__cxx11::basic_string<char> >::size_type[m[K’ {aka ‘[01m[Klong unsigned int[m[K’} [[01;35m[K-Wsign-compare[m[K]
  638 |   for (int i = 0; [01;35m[Ki < motor_val.size()[m[K; i++)
      |                   [01;35m[K~~^~~~~~~~~~~~~~~~~~[m[K
[01m[K/home/daeyun/Desktop/ecat_control_ws/src/input_pkg/src/hapticNode.cpp:[m[K At global scope:
[01m[K/home/daeyun/Desktop/ecat_control_ws/src/input_pkg/src/hapticNode.cpp:334:14:[m[K [01;35m[Kwarning: [m[K‘[01m[Kcount_read[m[K’ defined but not used [[01;35m[K-Wunused-variable[m[K]
  334 |   static int [01;35m[Kcount_read[m[K = 0;
      |              [01;35m[K^~~~~~~~~~[m[K
[01m[K/home/daeyun/Desktop/ecat_control_ws/src/input_pkg/src/hapticNode.cpp:195:14:[m[K [01;35m[Kwarning: [m[K‘[01m[Kcount[m[K’ defined but not used [[01;35m[K-Wunused-variable[m[K]
  195 |   static int [01;35m[Kcount[m[K = 0;
      |              [01;35m[K^~~~~[m[K
In file included from [01m[K/home/daeyun/Desktop/ecat_control_ws/src/input_pkg/../ecat_pkg/include/ecat_pkg/ecat_globals.hpp:42[m[K,
                 from [01m[K/home/daeyun/Desktop/ecat_control_ws/src/input_pkg/include/input_pkg/hapticNode.hpp:33[m[K,
                 from [01m[K/home/daeyun/Desktop/ecat_control_ws/src/input_pkg/src/hapticNode.cpp:28[m[K:
[01m[K/home/daeyun/Desktop/ecat_control_ws/src/input_pkg/../ecat_pkg/include/ecat_pkg/ecat_definitions.hpp:512:20:[m[K [01;35m[Kwarning: [m[K‘[01m[Kstd::string GetErrorMessage(const int&)[m[K’ defined but not used [[01;35m[K-Wunused-function[m[K]
  512 | static std::string [01;35m[KGetErrorMessage[m[K(const int& err_code)
      |                    [01;35m[K^~~~~~~~~~~~~~~[m[K
make[2]: *** [CMakeFiles/hapticNode.dir/build.make:63: CMakeFiles/hapticNode.dir/src/hapticNode.cpp.o] Error 1
make[1]: *** [CMakeFiles/Makefile2:78: CMakeFiles/hapticNode.dir/all] Error 2
make: *** [Makefile:141: all] Error 2
