[0.053s] Invoking command in '/home/daeyun/Desktop/ecat_control_ws/build/input_pkg': CMAKE_PREFIX_PATH=/home/daeyun/Desktop/ecat_control_ws/install/ecat_msgs:/home/daeyun/Desktop/ecat_control_ws/install/safety_pkg:/home/daeyun/Desktop/ecat_control_ws/install/log_pkg:/home/daeyun/Desktop/ecat_control_ws/install/input_pkg:/home/daeyun/Desktop/ecat_control_ws/install/gui_pkg:/home/daeyun/Desktop/ecat_control_ws/install/ecat_pkg:/home/daeyun/Desktop/ecat_control_ws/install/data_extract_pkg:/home/daeyun/Desktop/ecat_control_ws/install/controller:/opt/ros/foxy /usr/bin/cmake --build /home/daeyun/Desktop/ecat_control_ws/build/input_pkg -- -j6 -l6
[0.091s] -- Found ament_cmake: 0.9.9 (/opt/ros/foxy/share/ament_cmake/cmake)
[0.124s] -- Using PYTHON_EXECUTABLE: /usr/bin/python3
[0.335s] -- Override CMake install command with custom implementation using symlinks instead of copying resources
[0.347s] -- Found rclcpp: 2.4.1 (/opt/ros/foxy/share/rclcpp/cmake)
[0.540s] -- Using all available rosidl_typesupport_c: rosidl_typesupport_fastrtps_c;rosidl_typesupport_introspection_c
[0.572s] -- Found rosidl_adapter: 1.2.1 (/opt/ros/foxy/share/rosidl_adapter/cmake)
[0.939s] -- Using all available rosidl_typesupport_cpp: rosidl_typesupport_fastrtps_cpp;rosidl_typesupport_introspection_cpp
[0.990s] -- Found rmw_implementation_cmake: 1.0.3 (/opt/ros/foxy/share/rmw_implementation_cmake/cmake)
[0.991s] -- Using RMW implementation 'rmw_fastrtps_cpp' as default
[1.306s] -- Found sensor_msgs: 2.0.5 (/opt/ros/foxy/share/sensor_msgs/cmake)
[1.619s] -- Found ecat_msgs: 0.0.1 (/home/daeyun/Desktop/ecat_control_ws/install/ecat_msgs/share/ecat_msgs/cmake)
[1.679s] -- Found ament_lint_auto: 0.9.6 (/opt/ros/foxy/share/ament_lint_auto/cmake)
[1.754s] -- Added test 'copyright' to check source files copyright and LICENSE
[1.755s] -- Added test 'cppcheck' to perform static code analysis on C / C++ code
[1.756s] -- Configured cppcheck include dirs: /home/daeyun/Desktop/ecat_control_ws/src/input_pkg/include/input_pkg;/home/daeyun/Desktop/ecat_control_ws/src/input_pkg/../ecat_pkg/include/ecat_pkg;$<BUILD_INTERFACE:/home/daeyun/Desktop/ecat_control_ws/src/input_pkg/include>
[1.756s] -- Configured cppcheck exclude dirs and/or files: 
[1.757s] -- Added test 'cpplint' to check C / C++ code against the Google style
[1.757s] -- Configured cpplint exclude dirs and/or files: 
[1.762s] -- Added test 'lint_cmake' to check CMake code style
[1.763s] -- Added test 'uncrustify' to check C / C++ code style
[1.763s] -- Configured uncrustify additional arguments: 
[1.764s] -- Added test 'xmllint' to check XML markup files
[1.769s] -- Configuring done
[1.786s] -- Generating done
[1.788s] -- Build files have been written to: /home/daeyun/Desktop/ecat_control_ws/build/input_pkg
[1.900s] [35m[1mScanning dependencies of target hapticNode[0m
[1.966s] [ 33%] [32mBuilding CXX object CMakeFiles/hapticNode.dir/src/hapticNode.cpp.o[0m
[1.996s] [ 66%] [32mBuilding CXX object CMakeFiles/hapticNode.dir/src/TCPcomm.cpp.o[0m
[2.529s] [01m[K/home/daeyun/Desktop/ecat_control_ws/src/input_pkg/src/TCPcomm.cpp:[m[K In constructor ‘[01m[KTCPCommunication::TCPServer::TCPServer(int)[m[K’:
[2.529s] [01m[K/home/daeyun/Desktop/ecat_control_ws/src/input_pkg/src/TCPcomm.cpp:31:39:[m[K [01;35m[Kwarning: [m[Kformat ‘[01m[K%d[m[K’ expects argument of type ‘[01m[Kint[m[K’, but argument 2 has type ‘[01m[Kssize_t[m[K’ {aka ‘[01m[Klong int[m[K’} [[01;35m[K-Wformat=[m[K]
[2.530s]    31 |     printf("Size of Buffer(server) = [01;35m[K%d[m[K\n", [32m[Kbuffer_size_[m[K);
[2.530s]       |                                      [01;35m[K~^[m[K     [32m[K~~~~~~~~~~~~[m[K
[2.530s]       |                                       [01;35m[K|[m[K     [32m[K|[m[K
[2.530s]       |                                       [01;35m[Kint[m[K   [32m[Kssize_t {aka long int}[m[K
[2.530s]       |                                      [32m[K%ld[m[K
[2.531s] [01m[K/home/daeyun/Desktop/ecat_control_ws/src/input_pkg/src/TCPcomm.cpp:[m[K In constructor ‘[01m[KTCPCommunication::TCPServer::TCPServer(int, int)[m[K’:
[2.531s] [01m[K/home/daeyun/Desktop/ecat_control_ws/src/input_pkg/src/TCPcomm.cpp:44:39:[m[K [01;35m[Kwarning: [m[Kformat ‘[01m[K%d[m[K’ expects argument of type ‘[01m[Kint[m[K’, but argument 2 has type ‘[01m[Kssize_t[m[K’ {aka ‘[01m[Klong int[m[K’} [[01;35m[K-Wformat=[m[K]
[2.531s]    44 |     printf("Size of Buffer(server) = [01;35m[K%d[m[K\n", [32m[Kbuffer_size_[m[K);
[2.531s]       |                                      [01;35m[K~^[m[K     [32m[K~~~~~~~~~~~~[m[K
[2.532s]       |                                       [01;35m[K|[m[K     [32m[K|[m[K
[2.532s]       |                                       [01;35m[Kint[m[K   [32m[Kssize_t {aka long int}[m[K
[2.532s]       |                                      [32m[K%ld[m[K
[2.532s] [01m[K/home/daeyun/Desktop/ecat_control_ws/src/input_pkg/src/TCPcomm.cpp:[m[K In constructor ‘[01m[KTCPCommunication::TCPServer::TCPServer(int, int, int)[m[K’:
[2.533s] [01m[K/home/daeyun/Desktop/ecat_control_ws/src/input_pkg/src/TCPcomm.cpp:57:39:[m[K [01;35m[Kwarning: [m[Kformat ‘[01m[K%d[m[K’ expects argument of type ‘[01m[Kint[m[K’, but argument 2 has type ‘[01m[Kssize_t[m[K’ {aka ‘[01m[Klong int[m[K’} [[01;35m[K-Wformat=[m[K]
[2.533s]    57 |     printf("Size of Buffer(server) = [01;35m[K%d[m[K\n", [32m[Kbuffer_size_[m[K);
[2.533s]       |                                      [01;35m[K~^[m[K     [32m[K~~~~~~~~~~~~[m[K
[2.533s]       |                                       [01;35m[K|[m[K     [32m[K|[m[K
[2.534s]       |                                       [01;35m[Kint[m[K   [32m[Kssize_t {aka long int}[m[K
[2.534s]       |                                      [32m[K%ld[m[K
[2.536s] [01m[K/home/daeyun/Desktop/ecat_control_ws/src/input_pkg/src/TCPcomm.cpp:[m[K In constructor ‘[01m[KTCPCommunication::TCPClient::TCPClient(const char*, int)[m[K’:
[2.537s] [01m[K/home/daeyun/Desktop/ecat_control_ws/src/input_pkg/src/TCPcomm.cpp:221:27:[m[K [01;35m[Kwarning: [m[Kformat ‘[01m[K%s[m[K’ expects argument of type ‘[01m[Kchar*[m[K’, but argument 2 has type ‘[01m[Kstd::string[m[K’ {aka ‘[01m[Kstd::__cxx11::basic_string<char>[m[K’} [[01;35m[K-Wformat=[m[K]
[2.537s]   221 |     printf("IP address : [01;35m[K%s[m[K", IP_address_);
[2.537s]       |                          [01;35m[K~^[m[K
[2.538s]       |                           [01;35m[K|[m[K
[2.538s]       |                           [01;35m[Kchar*[m[K
[2.538s] [01m[K/home/daeyun/Desktop/ecat_control_ws/src/input_pkg/src/TCPcomm.cpp:223:48:[m[K [01;35m[Kwarning: [m[Kformat ‘[01m[K%d[m[K’ expects argument of type ‘[01m[Kint[m[K’, but argument 2 has type ‘[01m[Kssize_t[m[K’ {aka ‘[01m[Klong int[m[K’} [[01;35m[K-Wformat=[m[K]
[2.538s]   223 |     printf("Size of Buffer(client, DEFAULT) = [01;35m[K%d[m[K\n", [32m[Kbuffer_size_[m[K);
[2.539s]       |                                               [01;35m[K~^[m[K     [32m[K~~~~~~~~~~~~[m[K
[2.539s]       |                                                [01;35m[K|[m[K     [32m[K|[m[K
[2.539s]       |                                                [01;35m[Kint[m[K   [32m[Kssize_t {aka long int}[m[K
[2.539s]       |                                               [32m[K%ld[m[K
[2.540s] [01m[K/home/daeyun/Desktop/ecat_control_ws/src/input_pkg/src/TCPcomm.cpp:[m[K In constructor ‘[01m[KTCPCommunication::TCPClient::TCPClient(const char*, int, int)[m[K’:
[2.540s] [01m[K/home/daeyun/Desktop/ecat_control_ws/src/input_pkg/src/TCPcomm.cpp:234:27:[m[K [01;35m[Kwarning: [m[Kformat ‘[01m[K%s[m[K’ expects argument of type ‘[01m[Kchar*[m[K’, but argument 2 has type ‘[01m[Kstd::string[m[K’ {aka ‘[01m[Kstd::__cxx11::basic_string<char>[m[K’} [[01;35m[K-Wformat=[m[K]
[2.540s]   234 |     printf("IP address : [01;35m[K%s[m[K", IP_address_);
[2.540s]       |                          [01;35m[K~^[m[K
[2.540s]       |                           [01;35m[K|[m[K
[2.541s]       |                           [01;35m[Kchar*[m[K
[2.541s] [01m[K/home/daeyun/Desktop/ecat_control_ws/src/input_pkg/src/TCPcomm.cpp:236:39:[m[K [01;35m[Kwarning: [m[Kformat ‘[01m[K%d[m[K’ expects argument of type ‘[01m[Kint[m[K’, but argument 2 has type ‘[01m[Kssize_t[m[K’ {aka ‘[01m[Klong int[m[K’} [[01;35m[K-Wformat=[m[K]
[2.541s]   236 |     printf("Size of Buffer(client) = [01;35m[K%d[m[K\n", [32m[Kbuffer_size_[m[K);
[2.541s]       |                                      [01;35m[K~^[m[K     [32m[K~~~~~~~~~~~~[m[K
[2.542s]       |                                       [01;35m[K|[m[K     [32m[K|[m[K
[2.542s]       |                                       [01;35m[Kint[m[K   [32m[Kssize_t {aka long int}[m[K
[2.542s]       |                                      [32m[K%ld[m[K
[5.826s] [01m[K/home/daeyun/Desktop/ecat_control_ws/src/input_pkg/src/hapticNode.cpp:[m[K In constructor ‘[01m[KHapticNode::HapticNode(char**)[m[K’:
[5.826s] [01m[K/home/daeyun/Desktop/ecat_control_ws/src/input_pkg/src/hapticNode.cpp:58:31:[m[K [01;35m[Kwarning: [m[Kunused parameter ‘[01m[Kargv[m[K’ [[01;35m[K-Wunused-parameter[m[K]
[5.826s]    58 | HapticNode::HapticNode([01;35m[Kchar * argv[][m[K) : rclcpp::Node("HapticNode")
[5.826s]       |                        [01;35m[K~~~~~~~^~~~~~[m[K
[5.850s] [01m[K/home/daeyun/Desktop/ecat_control_ws/src/input_pkg/src/hapticNode.cpp:[m[K In member function ‘[01m[Kvoid HapticNode::commThread()[m[K’:
[5.851s] [01m[K/home/daeyun/Desktop/ecat_control_ws/src/input_pkg/src/hapticNode.cpp:120:22:[m[K [01;35m[Kwarning: [m[Kvariable ‘[01m[Kstatus[m[K’ set but not used [[01;35m[K-Wunused-but-set-variable[m[K]
[5.851s]   120 |   std::future_status [01;35m[Kstatus[m[K;
[5.851s]       |                      [01;35m[K^~~~~~[m[K
[5.851s] [01m[K/home/daeyun/Desktop/ecat_control_ws/src/input_pkg/src/hapticNode.cpp:123:14:[m[K [01;35m[Kwarning: [m[Kunused variable ‘[01m[Kcount[m[K’ [[01;35m[K-Wunused-variable[m[K]
[5.851s]   123 |   static int [01;35m[Kcount[m[K = 0;
[5.852s]       |              [01;35m[K^~~~~[m[K
[5.859s] [01m[K/home/daeyun/Desktop/ecat_control_ws/src/input_pkg/src/hapticNode.cpp:[m[K In member function ‘[01m[Kvoid HapticNode::CommWriteThread(int)[m[K’:
[5.859s] [01m[K/home/daeyun/Desktop/ecat_control_ws/src/input_pkg/src/hapticNode.cpp:154:12:[m[K [01;35m[Kwarning: [m[Kunused variable ‘[01m[Ktimestamp[m[K’ [[01;35m[K-Wunused-variable[m[K]
[5.859s]   154 |     double [01;35m[Ktimestamp[m[K = 0;
[5.859s]       |            [01;35m[K^~~~~~~~~[m[K
[5.860s] [01m[K/home/daeyun/Desktop/ecat_control_ws/src/input_pkg/src/hapticNode.cpp:155:12:[m[K [01;35m[Kwarning: [m[Kunused variable ‘[01m[Ktarget_q[m[K’ [[01;35m[K-Wunused-variable[m[K]
[5.860s]   155 |     double [01;35m[Ktarget_q[m[K[7] = {0};
[5.860s]       |            [01;35m[K^~~~~~~~[m[K
[5.860s] [01m[K/home/daeyun/Desktop/ecat_control_ws/src/input_pkg/src/hapticNode.cpp:156:12:[m[K [01;35m[Kwarning: [m[Kunused variable ‘[01m[Ktarget_qd[m[K’ [[01;35m[K-Wunused-variable[m[K]
[5.860s]   156 |     double [01;35m[Ktarget_qd[m[K[7] = {0};
[5.861s]       |            [01;35m[K^~~~~~~~~[m[K
[5.861s] [01m[K/home/daeyun/Desktop/ecat_control_ws/src/input_pkg/src/hapticNode.cpp:157:12:[m[K [01;35m[Kwarning: [m[Kunused variable ‘[01m[Ktarget_qdd[m[K’ [[01;35m[K-Wunused-variable[m[K]
[5.861s]   157 |     double [01;35m[Ktarget_qdd[m[K[7] = {0};
[5.861s]       |            [01;35m[K^~~~~~~~~~[m[K
[5.861s] [01m[K/home/daeyun/Desktop/ecat_control_ws/src/input_pkg/src/hapticNode.cpp:158:12:[m[K [01;35m[Kwarning: [m[Kunused variable ‘[01m[Ktarget_current[m[K’ [[01;35m[K-Wunused-variable[m[K]
[5.862s]   158 |     double [01;35m[Ktarget_current[m[K[7] = {0};
[5.862s]       |            [01;35m[K^~~~~~~~~~~~~~[m[K
[5.862s] [01m[K/home/daeyun/Desktop/ecat_control_ws/src/input_pkg/src/hapticNode.cpp:159:12:[m[K [01;35m[Kwarning: [m[Kunused variable ‘[01m[Ktarget_moment[m[K’ [[01;35m[K-Wunused-variable[m[K]
[5.862s]   159 |     double [01;35m[Ktarget_moment[m[K[7] = {0};
[5.863s]       |            [01;35m[K^~~~~~~~~~~~~[m[K
[5.863s] [01m[K/home/daeyun/Desktop/ecat_control_ws/src/input_pkg/src/hapticNode.cpp:[m[K In member function ‘[01m[Kvoid HapticNode::CommReadThread(int)[m[K’:
[5.863s] [01m[K/home/daeyun/Desktop/ecat_control_ws/src/input_pkg/src/hapticNode.cpp:284:19:[m[K [01;35m[Kwarning: [m[Kcomparison of integer expressions of different signedness: ‘[01m[Kint[m[K’ and ‘[01m[Kconst uint32_t[m[K’ {aka ‘[01m[Kconst unsigned int[m[K’} [[01;35m[K-Wsign-compare[m[K]
[5.863s]   284 |     for(int i=0; [01;35m[Ki<g_kNumberOfServoDrivers[m[K; i++)
[5.864s]       |                  [01;35m[K~^~~~~~~~~~~~~~~~~~~~~~~~[m[K
[5.888s] [01m[K/home/daeyun/Desktop/ecat_control_ws/src/input_pkg/src/hapticNode.cpp:[m[K In member function ‘[01m[Kvoid HapticNode::DoubleToIntByte(char*, double)[m[K’:
[5.888s] [01m[K/home/daeyun/Desktop/ecat_control_ws/src/input_pkg/src/hapticNode.cpp:349:19:[m[K [01;35m[Kwarning: [m[Kcomparison of integer expressions of different signedness: ‘[01m[Kint[m[K’ and ‘[01m[Klong unsigned int[m[K’ [[01;35m[K-Wsign-compare[m[K]
[5.889s]   349 |     for(int i=0; [01;35m[Ki<sizeof(cnvt_double.data_char)[m[K; i++)
[5.889s]       |                  [01;35m[K~^~~~~~~~~~~~~~~~~~~~~~~~~~~~~~[m[K
[5.889s] [01m[K/home/daeyun/Desktop/ecat_control_ws/src/input_pkg/src/hapticNode.cpp:346:10:[m[K [01;35m[Kwarning: [m[Kunused variable ‘[01m[Kbuf_data[m[K’ [[01;35m[K-Wunused-variable[m[K]
[5.889s]   346 |     char [01;35m[Kbuf_data[m[K[8];
[5.889s]       |          [01;35m[K^~~~~~~~[m[K
[5.893s] [01m[K/home/daeyun/Desktop/ecat_control_ws/src/input_pkg/src/hapticNode.cpp:[m[K In member function ‘[01m[Kstd::vector<std::__cxx11::basic_string<char> > HapticNode::Parsing(char*, int)[m[K’:
[5.893s] [01m[K/home/daeyun/Desktop/ecat_control_ws/src/input_pkg/src/hapticNode.cpp:410:21:[m[K [01;35m[Kwarning: [m[Kcomparison of integer expressions of different signedness: ‘[01m[Kint[m[K’ and ‘[01m[Kconst uint32_t[m[K’ {aka ‘[01m[Kconst unsigned int[m[K’} [[01;35m[K-Wsign-compare[m[K]
[5.893s]   410 |   for (int i = 0; [01;35m[Ki < g_kNumberOfServoDrivers[m[K; i++)
[5.893s]       |                   [01;35m[K~~^~~~~~~~~~~~~~~~~~~~~~~~~[m[K
[5.900s] [01m[K/home/daeyun/Desktop/ecat_control_ws/src/input_pkg/src/hapticNode.cpp:484:23:[m[K [01;35m[Kwarning: [m[Kcomparison of integer expressions of different signedness: ‘[01m[Kint[m[K’ and ‘[01m[Kstd::vector<std::__cxx11::basic_string<char> >::size_type[m[K’ {aka ‘[01m[Klong unsigned int[m[K’} [[01;35m[K-Wsign-compare[m[K]
[5.900s]   484 |     for (int i = 0; [01;35m[Ki < motor_val.size()[m[K; i++)
[5.900s]       |                     [01;35m[K~~^~~~~~~~~~~~~~~~~~[m[K
[8.669s] [01m[K/home/daeyun/Desktop/ecat_control_ws/src/input_pkg/src/hapticNode.cpp:[m[K At global scope:
[8.669s] [01m[K/home/daeyun/Desktop/ecat_control_ws/src/input_pkg/src/hapticNode.cpp:123:14:[m[K [01;35m[Kwarning: [m[K‘[01m[Kcount[m[K’ defined but not used [[01;35m[K-Wunused-variable[m[K]
[8.669s]   123 |   static int [01;35m[Kcount[m[K = 0;
[8.670s]       |              [01;35m[K^~~~~[m[K
[8.670s] In file included from [01m[K/home/daeyun/Desktop/ecat_control_ws/src/input_pkg/../ecat_pkg/include/ecat_pkg/ecat_globals.hpp:42[m[K,
[8.670s]                  from [01m[K/home/daeyun/Desktop/ecat_control_ws/src/input_pkg/include/input_pkg/hapticNode.hpp:33[m[K,
[8.670s]                  from [01m[K/home/daeyun/Desktop/ecat_control_ws/src/input_pkg/src/hapticNode.cpp:28[m[K:
[8.678s] [01m[K/home/daeyun/Desktop/ecat_control_ws/src/input_pkg/../ecat_pkg/include/ecat_pkg/ecat_definitions.hpp:508:20:[m[K [01;35m[Kwarning: [m[K‘[01m[Kstd::string GetErrorMessage(const int&)[m[K’ defined but not used [[01;35m[K-Wunused-function[m[K]
[8.678s]   508 | static std::string [01;35m[KGetErrorMessage[m[K(const int& err_code)
[8.679s]       |                    [01;35m[K^~~~~~~~~~~~~~~[m[K
[12.473s] [100%] [32m[1mLinking CXX executable hapticNode[0m
[12.730s] [100%] Built target hapticNode
