[0.028s] Invoking command in '/home/daeyun/Desktop/ecat_control_ws/build/input_pkg': CMAKE_PREFIX_PATH=/home/daeyun/Desktop/ecat_control_ws/install/ecat_msgs:/home/daeyun/Desktop/ecat_control_ws/install/data_extract_pkg:/home/daeyun/Desktop/ecat_control_ws/install/safety_pkg:/home/daeyun/Desktop/ecat_control_ws/install/log_pkg:/home/daeyun/Desktop/ecat_control_ws/install/input_pkg:/home/daeyun/Desktop/ecat_control_ws/install/gui_pkg:/home/daeyun/Desktop/ecat_control_ws/install/ecat_pkg:/home/daeyun/Desktop/ecat_control_ws/install/controller:/opt/ros/foxy /usr/bin/cmake --build /home/daeyun/Desktop/ecat_control_ws/build/input_pkg -- -j6 -l6
[0.075s] [35m[1mScanning dependencies of target hapticNode[0m
[0.123s] [ 33%] [32mBuilding CXX object CMakeFiles/hapticNode.dir/src/hapticNode.cpp.o[0m
[1.853s] [01m[K/home/daeyun/Desktop/ecat_control_ws/src/input_pkg/src/hapticNode.cpp:[m[K In constructor ‘[01m[KHapticNode::HapticNode(char**)[m[K’:
[1.854s] [01m[K/home/daeyun/Desktop/ecat_control_ws/src/input_pkg/src/hapticNode.cpp:58:31:[m[K [01;35m[Kwarning: [m[Kunused parameter ‘[01m[Kargv[m[K’ [[01;35m[K-Wunused-parameter[m[K]
[1.854s]    58 | HapticNode::HapticNode([01;35m[Kchar * argv[][m[K) : rclcpp::Node("HapticNode")
[1.854s]       |                        [01;35m[K~~~~~~~^~~~~~[m[K
[1.858s] [01m[K/home/daeyun/Desktop/ecat_control_ws/src/input_pkg/src/hapticNode.cpp:[m[K In member function ‘[01m[Kvoid HapticNode::commThread()[m[K’:
[1.858s] [01m[K/home/daeyun/Desktop/ecat_control_ws/src/input_pkg/src/hapticNode.cpp:120:22:[m[K [01;35m[Kwarning: [m[Kvariable ‘[01m[Kstatus[m[K’ set but not used [[01;35m[K-Wunused-but-set-variable[m[K]
[1.859s]   120 |   std::future_status [01;35m[Kstatus[m[K;
[1.859s]       |                      [01;35m[K^~~~~~[m[K
[1.859s] [01m[K/home/daeyun/Desktop/ecat_control_ws/src/input_pkg/src/hapticNode.cpp:123:14:[m[K [01;35m[Kwarning: [m[Kunused variable ‘[01m[Kcount[m[K’ [[01;35m[K-Wunused-variable[m[K]
[1.859s]   123 |   static int [01;35m[Kcount[m[K = 0;
[1.859s]       |              [01;35m[K^~~~~[m[K
[1.861s] [01m[K/home/daeyun/Desktop/ecat_control_ws/src/input_pkg/src/hapticNode.cpp:[m[K In member function ‘[01m[Kvoid HapticNode::CommWriteThread(int)[m[K’:
[1.861s] [01m[K/home/daeyun/Desktop/ecat_control_ws/src/input_pkg/src/hapticNode.cpp:154:12:[m[K [01;35m[Kwarning: [m[Kunused variable ‘[01m[Ktimestamp[m[K’ [[01;35m[K-Wunused-variable[m[K]
[1.861s]   154 |     double [01;35m[Ktimestamp[m[K = 0;
[1.861s]       |            [01;35m[K^~~~~~~~~[m[K
[1.861s] [01m[K/home/daeyun/Desktop/ecat_control_ws/src/input_pkg/src/hapticNode.cpp:155:12:[m[K [01;35m[Kwarning: [m[Kunused variable ‘[01m[Ktarget_q[m[K’ [[01;35m[K-Wunused-variable[m[K]
[1.861s]   155 |     double [01;35m[Ktarget_q[m[K[7] = {0};
[1.862s]       |            [01;35m[K^~~~~~~~[m[K
[1.862s] [01m[K/home/daeyun/Desktop/ecat_control_ws/src/input_pkg/src/hapticNode.cpp:156:12:[m[K [01;35m[Kwarning: [m[Kunused variable ‘[01m[Ktarget_qd[m[K’ [[01;35m[K-Wunused-variable[m[K]
[1.862s]   156 |     double [01;35m[Ktarget_qd[m[K[7] = {0};
[1.862s]       |            [01;35m[K^~~~~~~~~[m[K
[1.862s] [01m[K/home/daeyun/Desktop/ecat_control_ws/src/input_pkg/src/hapticNode.cpp:157:12:[m[K [01;35m[Kwarning: [m[Kunused variable ‘[01m[Ktarget_qdd[m[K’ [[01;35m[K-Wunused-variable[m[K]
[1.862s]   157 |     double [01;35m[Ktarget_qdd[m[K[7] = {0};
[1.862s]       |            [01;35m[K^~~~~~~~~~[m[K
[1.862s] [01m[K/home/daeyun/Desktop/ecat_control_ws/src/input_pkg/src/hapticNode.cpp:158:12:[m[K [01;35m[Kwarning: [m[Kunused variable ‘[01m[Ktarget_current[m[K’ [[01;35m[K-Wunused-variable[m[K]
[1.862s]   158 |     double [01;35m[Ktarget_current[m[K[7] = {0};
[1.862s]       |            [01;35m[K^~~~~~~~~~~~~~[m[K
[1.862s] [01m[K/home/daeyun/Desktop/ecat_control_ws/src/input_pkg/src/hapticNode.cpp:159:12:[m[K [01;35m[Kwarning: [m[Kunused variable ‘[01m[Ktarget_moment[m[K’ [[01;35m[K-Wunused-variable[m[K]
[1.863s]   159 |     double [01;35m[Ktarget_moment[m[K[7] = {0};
[1.863s]       |            [01;35m[K^~~~~~~~~~~~~[m[K
[1.864s] [01m[K/home/daeyun/Desktop/ecat_control_ws/src/input_pkg/src/hapticNode.cpp:[m[K In member function ‘[01m[Kvoid HapticNode::CommReadThread(int)[m[K’:
[1.864s] [01m[K/home/daeyun/Desktop/ecat_control_ws/src/input_pkg/src/hapticNode.cpp:284:19:[m[K [01;35m[Kwarning: [m[Kcomparison of integer expressions of different signedness: ‘[01m[Kint[m[K’ and ‘[01m[Kconst uint32_t[m[K’ {aka ‘[01m[Kconst unsigned int[m[K’} [[01;35m[K-Wsign-compare[m[K]
[1.864s]   284 |     for(int i=0; [01;35m[Ki<g_kNumberOfServoDrivers[m[K; i++)
[1.864s]       |                  [01;35m[K~^~~~~~~~~~~~~~~~~~~~~~~~[m[K
[1.871s] [01m[K/home/daeyun/Desktop/ecat_control_ws/src/input_pkg/src/hapticNode.cpp:[m[K In member function ‘[01m[Kvoid HapticNode::DoubleToIntByte(char*, double)[m[K’:
[1.871s] [01m[K/home/daeyun/Desktop/ecat_control_ws/src/input_pkg/src/hapticNode.cpp:349:19:[m[K [01;35m[Kwarning: [m[Kcomparison of integer expressions of different signedness: ‘[01m[Kint[m[K’ and ‘[01m[Klong unsigned int[m[K’ [[01;35m[K-Wsign-compare[m[K]
[1.871s]   349 |     for(int i=0; [01;35m[Ki<sizeof(cnvt_double.data_char)[m[K; i++)
[1.871s]       |                  [01;35m[K~^~~~~~~~~~~~~~~~~~~~~~~~~~~~~~[m[K
[1.871s] [01m[K/home/daeyun/Desktop/ecat_control_ws/src/input_pkg/src/hapticNode.cpp:346:10:[m[K [01;35m[Kwarning: [m[Kunused variable ‘[01m[Kbuf_data[m[K’ [[01;35m[K-Wunused-variable[m[K]
[1.871s]   346 |     char [01;35m[Kbuf_data[m[K[8];
[1.871s]       |          [01;35m[K^~~~~~~~[m[K
[1.873s] [01m[K/home/daeyun/Desktop/ecat_control_ws/src/input_pkg/src/hapticNode.cpp:[m[K In member function ‘[01m[Kstd::vector<std::__cxx11::basic_string<char> > HapticNode::Parsing(char*, int)[m[K’:
[1.873s] [01m[K/home/daeyun/Desktop/ecat_control_ws/src/input_pkg/src/hapticNode.cpp:410:21:[m[K [01;35m[Kwarning: [m[Kcomparison of integer expressions of different signedness: ‘[01m[Kint[m[K’ and ‘[01m[Kconst uint32_t[m[K’ {aka ‘[01m[Kconst unsigned int[m[K’} [[01;35m[K-Wsign-compare[m[K]
[1.873s]   410 |   for (int i = 0; [01;35m[Ki < g_kNumberOfServoDrivers[m[K; i++)
[1.873s]       |                   [01;35m[K~~^~~~~~~~~~~~~~~~~~~~~~~~~[m[K
[1.875s] [01m[K/home/daeyun/Desktop/ecat_control_ws/src/input_pkg/src/hapticNode.cpp:484:23:[m[K [01;35m[Kwarning: [m[Kcomparison of integer expressions of different signedness: ‘[01m[Kint[m[K’ and ‘[01m[Kstd::vector<std::__cxx11::basic_string<char> >::size_type[m[K’ {aka ‘[01m[Klong unsigned int[m[K’} [[01;35m[K-Wsign-compare[m[K]
[1.875s]   484 |     for (int i = 0; [01;35m[Ki < motor_val.size()[m[K; i++)
[1.875s]       |                     [01;35m[K~~^~~~~~~~~~~~~~~~~~[m[K
[3.149s] [01m[K/home/daeyun/Desktop/ecat_control_ws/src/input_pkg/src/hapticNode.cpp:[m[K At global scope:
[3.149s] [01m[K/home/daeyun/Desktop/ecat_control_ws/src/input_pkg/src/hapticNode.cpp:123:14:[m[K [01;35m[Kwarning: [m[K‘[01m[Kcount[m[K’ defined but not used [[01;35m[K-Wunused-variable[m[K]
[3.149s]   123 |   static int [01;35m[Kcount[m[K = 0;
[3.149s]       |              [01;35m[K^~~~~[m[K
[3.150s] In file included from [01m[K/home/daeyun/Desktop/ecat_control_ws/src/input_pkg/../ecat_pkg/include/ecat_pkg/ecat_globals.hpp:42[m[K,
[3.150s]                  from [01m[K/home/daeyun/Desktop/ecat_control_ws/src/input_pkg/include/input_pkg/hapticNode.hpp:33[m[K,
[3.150s]                  from [01m[K/home/daeyun/Desktop/ecat_control_ws/src/input_pkg/src/hapticNode.cpp:28[m[K:
[3.150s] [01m[K/home/daeyun/Desktop/ecat_control_ws/src/input_pkg/../ecat_pkg/include/ecat_pkg/ecat_definitions.hpp:508:20:[m[K [01;35m[Kwarning: [m[K‘[01m[Kstd::string GetErrorMessage(const int&)[m[K’ defined but not used [[01;35m[K-Wunused-function[m[K]
[3.150s]   508 | static std::string [01;35m[KGetErrorMessage[m[K(const int& err_code)
[3.150s]       |                    [01;35m[K^~~~~~~~~~~~~~~[m[K
[7.172s] [ 66%] [32m[1mLinking CXX executable hapticNode[0m
[7.459s] [100%] Built target hapticNode
[7.471s] Invoked command in '/home/daeyun/Desktop/ecat_control_ws/build/input_pkg' returned '0': CMAKE_PREFIX_PATH=/home/daeyun/Desktop/ecat_control_ws/install/ecat_msgs:/home/daeyun/Desktop/ecat_control_ws/install/data_extract_pkg:/home/daeyun/Desktop/ecat_control_ws/install/safety_pkg:/home/daeyun/Desktop/ecat_control_ws/install/log_pkg:/home/daeyun/Desktop/ecat_control_ws/install/input_pkg:/home/daeyun/Desktop/ecat_control_ws/install/gui_pkg:/home/daeyun/Desktop/ecat_control_ws/install/ecat_pkg:/home/daeyun/Desktop/ecat_control_ws/install/controller:/opt/ros/foxy /usr/bin/cmake --build /home/daeyun/Desktop/ecat_control_ws/build/input_pkg -- -j6 -l6
[7.508s] Invoking command in '/home/daeyun/Desktop/ecat_control_ws/build/input_pkg': CMAKE_PREFIX_PATH=/home/daeyun/Desktop/ecat_control_ws/install/ecat_msgs:/home/daeyun/Desktop/ecat_control_ws/install/data_extract_pkg:/home/daeyun/Desktop/ecat_control_ws/install/safety_pkg:/home/daeyun/Desktop/ecat_control_ws/install/log_pkg:/home/daeyun/Desktop/ecat_control_ws/install/input_pkg:/home/daeyun/Desktop/ecat_control_ws/install/gui_pkg:/home/daeyun/Desktop/ecat_control_ws/install/ecat_pkg:/home/daeyun/Desktop/ecat_control_ws/install/controller:/opt/ros/foxy /usr/bin/cmake --install /home/daeyun/Desktop/ecat_control_ws/build/input_pkg
[7.521s] -- Install configuration: ""
[7.521s] -- Execute custom install script
[7.521s] -- Up-to-date symlink: /home/daeyun/Desktop/ecat_control_ws/install/input_pkg/lib/input_pkg/hapticNode
[7.521s] -- Up-to-date symlink: /home/daeyun/Desktop/ecat_control_ws/install/input_pkg/share/ament_index/resource_index/package_run_dependencies/input_pkg
[7.521s] -- Up-to-date symlink: /home/daeyun/Desktop/ecat_control_ws/install/input_pkg/share/ament_index/resource_index/parent_prefix_path/input_pkg
[7.521s] -- Up-to-date symlink: /home/daeyun/Desktop/ecat_control_ws/install/input_pkg/share/input_pkg/environment/ament_prefix_path.sh
[7.521s] -- Up-to-date symlink: /home/daeyun/Desktop/ecat_control_ws/install/input_pkg/share/input_pkg/environment/ament_prefix_path.dsv
[7.521s] -- Up-to-date symlink: /home/daeyun/Desktop/ecat_control_ws/install/input_pkg/share/input_pkg/environment/path.sh
[7.521s] -- Up-to-date symlink: /home/daeyun/Desktop/ecat_control_ws/install/input_pkg/share/input_pkg/environment/path.dsv
[7.521s] -- Up-to-date symlink: /home/daeyun/Desktop/ecat_control_ws/install/input_pkg/share/input_pkg/local_setup.bash
[7.521s] -- Up-to-date symlink: /home/daeyun/Desktop/ecat_control_ws/install/input_pkg/share/input_pkg/local_setup.sh
[7.521s] -- Up-to-date symlink: /home/daeyun/Desktop/ecat_control_ws/install/input_pkg/share/input_pkg/local_setup.zsh
[7.521s] -- Up-to-date symlink: /home/daeyun/Desktop/ecat_control_ws/install/input_pkg/share/input_pkg/local_setup.dsv
[7.521s] -- Symlinking: /home/daeyun/Desktop/ecat_control_ws/install/input_pkg/share/input_pkg/package.dsv
[7.529s] -- Up-to-date symlink: /home/daeyun/Desktop/ecat_control_ws/install/input_pkg/share/ament_index/resource_index/packages/input_pkg
[7.529s] -- Up-to-date symlink: /home/daeyun/Desktop/ecat_control_ws/install/input_pkg/share/input_pkg/cmake/input_pkgConfig.cmake
[7.529s] -- Up-to-date symlink: /home/daeyun/Desktop/ecat_control_ws/install/input_pkg/share/input_pkg/cmake/input_pkgConfig-version.cmake
[7.529s] -- Up-to-date symlink: /home/daeyun/Desktop/ecat_control_ws/install/input_pkg/share/input_pkg/package.xml
[7.531s] Invoked command in '/home/daeyun/Desktop/ecat_control_ws/build/input_pkg' returned '0': CMAKE_PREFIX_PATH=/home/daeyun/Desktop/ecat_control_ws/install/ecat_msgs:/home/daeyun/Desktop/ecat_control_ws/install/data_extract_pkg:/home/daeyun/Desktop/ecat_control_ws/install/safety_pkg:/home/daeyun/Desktop/ecat_control_ws/install/log_pkg:/home/daeyun/Desktop/ecat_control_ws/install/input_pkg:/home/daeyun/Desktop/ecat_control_ws/install/gui_pkg:/home/daeyun/Desktop/ecat_control_ws/install/ecat_pkg:/home/daeyun/Desktop/ecat_control_ws/install/controller:/opt/ros/foxy /usr/bin/cmake --install /home/daeyun/Desktop/ecat_control_ws/build/input_pkg
