[0.162s] DEBUG:colcon:Command line arguments: ['/usr/bin/colcon', 'build', '--symlink-install']
[0.162s] DEBUG:colcon:Parsed command line arguments: Namespace(allow_overriding=[], ament_cmake_args=None, base_paths=['.'], build_base='build', catkin_cmake_args=None, catkin_skip_building_tests=False, cmake_args=None, cmake_clean_cache=False, cmake_clean_first=False, cmake_force_configure=False, cmake_target=None, cmake_target_skip_unavailable=False, continue_on_error=False, event_handlers=None, executor='parallel', ignore_user_meta=False, install_base='install', log_base=None, log_level=None, main=<bound method BuildVerb.main of <colcon_core.verb.build.BuildVerb object at 0x7fc17e716580>>, merge_install=False, metas=['./colcon.meta'], packages_above=None, packages_above_and_dependencies=None, packages_above_depth=None, packages_end=None, packages_ignore=None, packages_ignore_regex=None, packages_select=None, packages_select_build_failed=False, packages_select_by_dep=None, packages_select_regex=None, packages_select_test_failures=False, packages_skip=None, packages_skip_build_finished=False, packages_skip_by_dep=None, packages_skip_regex=None, packages_skip_test_passed=False, packages_skip_up_to=None, packages_start=None, packages_up_to=None, packages_up_to_regex=None, parallel_workers=8, paths=None, symlink_install=True, test_result_base=None, verb_extension=<colcon_core.verb.build.BuildVerb object at 0x7fc17e716580>, verb_name='build', verb_parser=<colcon_defaults.argument_parser.defaults.DefaultArgumentsDecorator object at 0x7fc17e716ac0>)
[0.195s] Level 1:colcon.colcon_core.package_discovery:discover_packages(colcon_meta) check parameters
[0.195s] Level 1:colcon.colcon_core.package_discovery:discover_packages(recursive) check parameters
[0.195s] Level 1:colcon.colcon_core.package_discovery:discover_packages(ignore) check parameters
[0.195s] Level 1:colcon.colcon_core.package_discovery:discover_packages(path) check parameters
[0.195s] Level 1:colcon.colcon_core.package_discovery:discover_packages(colcon_meta) discover
[0.195s] Level 1:colcon.colcon_core.package_discovery:discover_packages(recursive) discover
[0.195s] INFO:colcon.colcon_core.package_discovery:Crawling recursively for packages in '/home/daeyun/Desktop/ecat_control_ws'
[0.195s] Level 1:colcon.colcon_core.package_identification:_identify(.) by extensions ['ignore', 'ignore_ament_install']
[0.195s] Level 1:colcon.colcon_core.package_identification:_identify(.) by extension 'ignore'
[0.195s] Level 1:colcon.colcon_core.package_identification:_identify(.) by extension 'ignore_ament_install'
[0.195s] Level 1:colcon.colcon_core.package_identification:_identify(.) by extensions ['colcon_pkg']
[0.195s] Level 1:colcon.colcon_core.package_identification:_identify(.) by extension 'colcon_pkg'
[0.195s] Level 1:colcon.colcon_core.package_identification:_identify(.) by extensions ['colcon_meta']
[0.195s] Level 1:colcon.colcon_core.package_identification:_identify(.) by extension 'colcon_meta'
[0.195s] Level 1:colcon.colcon_core.package_identification:_identify(.) by extensions ['ros']
[0.195s] Level 1:colcon.colcon_core.package_identification:_identify(.) by extension 'ros'
[0.204s] Level 1:colcon.colcon_core.package_identification:_identify(.) by extensions ['cmake', 'python']
[0.204s] Level 1:colcon.colcon_core.package_identification:_identify(.) by extension 'cmake'
[0.204s] Level 1:colcon.colcon_core.package_identification:_identify(.) by extension 'python'
[0.204s] Level 1:colcon.colcon_core.package_identification:_identify(.) by extensions ['python_setup_py']
[0.204s] Level 1:colcon.colcon_core.package_identification:_identify(.) by extension 'python_setup_py'
[0.204s] Level 1:colcon.colcon_core.package_identification:_identify(__pycache__) by extensions ['ignore', 'ignore_ament_install']
[0.205s] Level 1:colcon.colcon_core.package_identification:_identify(__pycache__) by extension 'ignore'
[0.205s] Level 1:colcon.colcon_core.package_identification:_identify(__pycache__) by extension 'ignore_ament_install'
[0.205s] Level 1:colcon.colcon_core.package_identification:_identify(__pycache__) by extensions ['colcon_pkg']
[0.205s] Level 1:colcon.colcon_core.package_identification:_identify(__pycache__) by extension 'colcon_pkg'
[0.205s] Level 1:colcon.colcon_core.package_identification:_identify(__pycache__) by extensions ['colcon_meta']
[0.205s] Level 1:colcon.colcon_core.package_identification:_identify(__pycache__) by extension 'colcon_meta'
[0.205s] Level 1:colcon.colcon_core.package_identification:_identify(__pycache__) by extensions ['ros']
[0.205s] Level 1:colcon.colcon_core.package_identification:_identify(__pycache__) by extension 'ros'
[0.205s] Level 1:colcon.colcon_core.package_identification:_identify(__pycache__) by extensions ['cmake', 'python']
[0.205s] Level 1:colcon.colcon_core.package_identification:_identify(__pycache__) by extension 'cmake'
[0.205s] Level 1:colcon.colcon_core.package_identification:_identify(__pycache__) by extension 'python'
[0.205s] Level 1:colcon.colcon_core.package_identification:_identify(__pycache__) by extensions ['python_setup_py']
[0.205s] Level 1:colcon.colcon_core.package_identification:_identify(__pycache__) by extension 'python_setup_py'
[0.205s] Level 1:colcon.colcon_core.package_identification:_identify(build) by extensions ['ignore', 'ignore_ament_install']
[0.205s] Level 1:colcon.colcon_core.package_identification:_identify(build) by extension 'ignore'
[0.205s] Level 1:colcon.colcon_core.package_identification:_identify(build) ignored
[0.206s] Level 1:colcon.colcon_core.package_identification:_identify(docs) by extensions ['ignore', 'ignore_ament_install']
[0.206s] Level 1:colcon.colcon_core.package_identification:_identify(docs) by extension 'ignore'
[0.206s] Level 1:colcon.colcon_core.package_identification:_identify(docs) by extension 'ignore_ament_install'
[0.206s] Level 1:colcon.colcon_core.package_identification:_identify(docs) by extensions ['colcon_pkg']
[0.206s] Level 1:colcon.colcon_core.package_identification:_identify(docs) by extension 'colcon_pkg'
[0.206s] Level 1:colcon.colcon_core.package_identification:_identify(docs) by extensions ['colcon_meta']
[0.206s] Level 1:colcon.colcon_core.package_identification:_identify(docs) by extension 'colcon_meta'
[0.206s] Level 1:colcon.colcon_core.package_identification:_identify(docs) by extensions ['ros']
[0.206s] Level 1:colcon.colcon_core.package_identification:_identify(docs) by extension 'ros'
[0.206s] Level 1:colcon.colcon_core.package_identification:_identify(docs) by extensions ['cmake', 'python']
[0.206s] Level 1:colcon.colcon_core.package_identification:_identify(docs) by extension 'cmake'
[0.206s] Level 1:colcon.colcon_core.package_identification:_identify(docs) by extension 'python'
[0.206s] Level 1:colcon.colcon_core.package_identification:_identify(docs) by extensions ['python_setup_py']
[0.206s] Level 1:colcon.colcon_core.package_identification:_identify(docs) by extension 'python_setup_py'
[0.206s] Level 1:colcon.colcon_core.package_identification:_identify(docs/doxy_xml) by extensions ['ignore', 'ignore_ament_install']
[0.206s] Level 1:colcon.colcon_core.package_identification:_identify(docs/doxy_xml) by extension 'ignore'
[0.206s] Level 1:colcon.colcon_core.package_identification:_identify(docs/doxy_xml) by extension 'ignore_ament_install'
[0.206s] Level 1:colcon.colcon_core.package_identification:_identify(docs/doxy_xml) by extensions ['colcon_pkg']
[0.207s] Level 1:colcon.colcon_core.package_identification:_identify(docs/doxy_xml) by extension 'colcon_pkg'
[0.207s] Level 1:colcon.colcon_core.package_identification:_identify(docs/doxy_xml) by extensions ['colcon_meta']
[0.207s] Level 1:colcon.colcon_core.package_identification:_identify(docs/doxy_xml) by extension 'colcon_meta'
[0.207s] Level 1:colcon.colcon_core.package_identification:_identify(docs/doxy_xml) by extensions ['ros']
[0.207s] Level 1:colcon.colcon_core.package_identification:_identify(docs/doxy_xml) by extension 'ros'
[0.207s] Level 1:colcon.colcon_core.package_identification:_identify(docs/doxy_xml) by extensions ['cmake', 'python']
[0.207s] Level 1:colcon.colcon_core.package_identification:_identify(docs/doxy_xml) by extension 'cmake'
[0.207s] Level 1:colcon.colcon_core.package_identification:_identify(docs/doxy_xml) by extension 'python'
[0.207s] Level 1:colcon.colcon_core.package_identification:_identify(docs/doxy_xml) by extensions ['python_setup_py']
[0.207s] Level 1:colcon.colcon_core.package_identification:_identify(docs/doxy_xml) by extension 'python_setup_py'
[0.207s] Level 1:colcon.colcon_core.package_identification:_identify(docs/html) by extensions ['ignore', 'ignore_ament_install']
[0.207s] Level 1:colcon.colcon_core.package_identification:_identify(docs/html) by extension 'ignore'
[0.207s] Level 1:colcon.colcon_core.package_identification:_identify(docs/html) by extension 'ignore_ament_install'
[0.207s] Level 1:colcon.colcon_core.package_identification:_identify(docs/html) by extensions ['colcon_pkg']
[0.207s] Level 1:colcon.colcon_core.package_identification:_identify(docs/html) by extension 'colcon_pkg'
[0.207s] Level 1:colcon.colcon_core.package_identification:_identify(docs/html) by extensions ['colcon_meta']
[0.207s] Level 1:colcon.colcon_core.package_identification:_identify(docs/html) by extension 'colcon_meta'
[0.207s] Level 1:colcon.colcon_core.package_identification:_identify(docs/html) by extensions ['ros']
[0.207s] Level 1:colcon.colcon_core.package_identification:_identify(docs/html) by extension 'ros'
[0.207s] Level 1:colcon.colcon_core.package_identification:_identify(docs/html) by extensions ['cmake', 'python']
[0.207s] Level 1:colcon.colcon_core.package_identification:_identify(docs/html) by extension 'cmake'
[0.207s] Level 1:colcon.colcon_core.package_identification:_identify(docs/html) by extension 'python'
[0.207s] Level 1:colcon.colcon_core.package_identification:_identify(docs/html) by extensions ['python_setup_py']
[0.207s] Level 1:colcon.colcon_core.package_identification:_identify(docs/html) by extension 'python_setup_py'
[0.208s] Level 1:colcon.colcon_core.package_identification:_identify(docs/html/search) by extensions ['ignore', 'ignore_ament_install']
[0.208s] Level 1:colcon.colcon_core.package_identification:_identify(docs/html/search) by extension 'ignore'
[0.208s] Level 1:colcon.colcon_core.package_identification:_identify(docs/html/search) by extension 'ignore_ament_install'
[0.208s] Level 1:colcon.colcon_core.package_identification:_identify(docs/html/search) by extensions ['colcon_pkg']
[0.208s] Level 1:colcon.colcon_core.package_identification:_identify(docs/html/search) by extension 'colcon_pkg'
[0.208s] Level 1:colcon.colcon_core.package_identification:_identify(docs/html/search) by extensions ['colcon_meta']
[0.208s] Level 1:colcon.colcon_core.package_identification:_identify(docs/html/search) by extension 'colcon_meta'
[0.208s] Level 1:colcon.colcon_core.package_identification:_identify(docs/html/search) by extensions ['ros']
[0.208s] Level 1:colcon.colcon_core.package_identification:_identify(docs/html/search) by extension 'ros'
[0.208s] Level 1:colcon.colcon_core.package_identification:_identify(docs/html/search) by extensions ['cmake', 'python']
[0.208s] Level 1:colcon.colcon_core.package_identification:_identify(docs/html/search) by extension 'cmake'
[0.208s] Level 1:colcon.colcon_core.package_identification:_identify(docs/html/search) by extension 'python'
[0.208s] Level 1:colcon.colcon_core.package_identification:_identify(docs/html/search) by extensions ['python_setup_py']
[0.208s] Level 1:colcon.colcon_core.package_identification:_identify(docs/html/search) by extension 'python_setup_py'
[0.208s] Level 1:colcon.colcon_core.package_identification:_identify(docs/img) by extensions ['ignore', 'ignore_ament_install']
[0.208s] Level 1:colcon.colcon_core.package_identification:_identify(docs/img) by extension 'ignore'
[0.208s] Level 1:colcon.colcon_core.package_identification:_identify(docs/img) by extension 'ignore_ament_install'
[0.208s] Level 1:colcon.colcon_core.package_identification:_identify(docs/img) by extensions ['colcon_pkg']
[0.208s] Level 1:colcon.colcon_core.package_identification:_identify(docs/img) by extension 'colcon_pkg'
[0.208s] Level 1:colcon.colcon_core.package_identification:_identify(docs/img) by extensions ['colcon_meta']
[0.208s] Level 1:colcon.colcon_core.package_identification:_identify(docs/img) by extension 'colcon_meta'
[0.208s] Level 1:colcon.colcon_core.package_identification:_identify(docs/img) by extensions ['ros']
[0.208s] Level 1:colcon.colcon_core.package_identification:_identify(docs/img) by extension 'ros'
[0.208s] Level 1:colcon.colcon_core.package_identification:_identify(docs/img) by extensions ['cmake', 'python']
[0.208s] Level 1:colcon.colcon_core.package_identification:_identify(docs/img) by extension 'cmake'
[0.208s] Level 1:colcon.colcon_core.package_identification:_identify(docs/img) by extension 'python'
[0.208s] Level 1:colcon.colcon_core.package_identification:_identify(docs/img) by extensions ['python_setup_py']
[0.208s] Level 1:colcon.colcon_core.package_identification:_identify(docs/img) by extension 'python_setup_py'
[0.209s] Level 1:colcon.colcon_core.package_identification:_identify(docs/latex) by extensions ['ignore', 'ignore_ament_install']
[0.209s] Level 1:colcon.colcon_core.package_identification:_identify(docs/latex) by extension 'ignore'
[0.209s] Level 1:colcon.colcon_core.package_identification:_identify(docs/latex) by extension 'ignore_ament_install'
[0.209s] Level 1:colcon.colcon_core.package_identification:_identify(docs/latex) by extensions ['colcon_pkg']
[0.209s] Level 1:colcon.colcon_core.package_identification:_identify(docs/latex) by extension 'colcon_pkg'
[0.209s] Level 1:colcon.colcon_core.package_identification:_identify(docs/latex) by extensions ['colcon_meta']
[0.209s] Level 1:colcon.colcon_core.package_identification:_identify(docs/latex) by extension 'colcon_meta'
[0.209s] Level 1:colcon.colcon_core.package_identification:_identify(docs/latex) by extensions ['ros']
[0.209s] Level 1:colcon.colcon_core.package_identification:_identify(docs/latex) by extension 'ros'
[0.209s] Level 1:colcon.colcon_core.package_identification:_identify(docs/latex) by extensions ['cmake', 'python']
[0.209s] Level 1:colcon.colcon_core.package_identification:_identify(docs/latex) by extension 'cmake'
[0.209s] Level 1:colcon.colcon_core.package_identification:_identify(docs/latex) by extension 'python'
[0.209s] Level 1:colcon.colcon_core.package_identification:_identify(docs/latex) by extensions ['python_setup_py']
[0.209s] Level 1:colcon.colcon_core.package_identification:_identify(docs/latex) by extension 'python_setup_py'
[0.209s] Level 1:colcon.colcon_core.package_identification:_identify(docs/search) by extensions ['ignore', 'ignore_ament_install']
[0.209s] Level 1:colcon.colcon_core.package_identification:_identify(docs/search) by extension 'ignore'
[0.209s] Level 1:colcon.colcon_core.package_identification:_identify(docs/search) by extension 'ignore_ament_install'
[0.209s] Level 1:colcon.colcon_core.package_identification:_identify(docs/search) by extensions ['colcon_pkg']
[0.209s] Level 1:colcon.colcon_core.package_identification:_identify(docs/search) by extension 'colcon_pkg'
[0.209s] Level 1:colcon.colcon_core.package_identification:_identify(docs/search) by extensions ['colcon_meta']
[0.209s] Level 1:colcon.colcon_core.package_identification:_identify(docs/search) by extension 'colcon_meta'
[0.209s] Level 1:colcon.colcon_core.package_identification:_identify(docs/search) by extensions ['ros']
[0.210s] Level 1:colcon.colcon_core.package_identification:_identify(docs/search) by extension 'ros'
[0.210s] Level 1:colcon.colcon_core.package_identification:_identify(docs/search) by extensions ['cmake', 'python']
[0.210s] Level 1:colcon.colcon_core.package_identification:_identify(docs/search) by extension 'cmake'
[0.210s] Level 1:colcon.colcon_core.package_identification:_identify(docs/search) by extension 'python'
[0.210s] Level 1:colcon.colcon_core.package_identification:_identify(docs/search) by extensions ['python_setup_py']
[0.210s] Level 1:colcon.colcon_core.package_identification:_identify(docs/search) by extension 'python_setup_py'
[0.210s] Level 1:colcon.colcon_core.package_identification:_identify(docs/src) by extensions ['ignore', 'ignore_ament_install']
[0.210s] Level 1:colcon.colcon_core.package_identification:_identify(docs/src) by extension 'ignore'
[0.210s] Level 1:colcon.colcon_core.package_identification:_identify(docs/src) by extension 'ignore_ament_install'
[0.210s] Level 1:colcon.colcon_core.package_identification:_identify(docs/src) by extensions ['colcon_pkg']
[0.210s] Level 1:colcon.colcon_core.package_identification:_identify(docs/src) by extension 'colcon_pkg'
[0.210s] Level 1:colcon.colcon_core.package_identification:_identify(docs/src) by extensions ['colcon_meta']
[0.210s] Level 1:colcon.colcon_core.package_identification:_identify(docs/src) by extension 'colcon_meta'
[0.210s] Level 1:colcon.colcon_core.package_identification:_identify(docs/src) by extensions ['ros']
[0.210s] Level 1:colcon.colcon_core.package_identification:_identify(docs/src) by extension 'ros'
[0.210s] Level 1:colcon.colcon_core.package_identification:_identify(docs/src) by extensions ['cmake', 'python']
[0.210s] Level 1:colcon.colcon_core.package_identification:_identify(docs/src) by extension 'cmake'
[0.210s] Level 1:colcon.colcon_core.package_identification:_identify(docs/src) by extension 'python'
[0.210s] Level 1:colcon.colcon_core.package_identification:_identify(docs/src) by extensions ['python_setup_py']
[0.210s] Level 1:colcon.colcon_core.package_identification:_identify(docs/src) by extension 'python_setup_py'
[0.210s] Level 1:colcon.colcon_core.package_identification:_identify(docs/src/doxygen-custom) by extensions ['ignore', 'ignore_ament_install']
[0.210s] Level 1:colcon.colcon_core.package_identification:_identify(docs/src/doxygen-custom) by extension 'ignore'
[0.210s] Level 1:colcon.colcon_core.package_identification:_identify(docs/src/doxygen-custom) by extension 'ignore_ament_install'
[0.210s] Level 1:colcon.colcon_core.package_identification:_identify(docs/src/doxygen-custom) by extensions ['colcon_pkg']
[0.210s] Level 1:colcon.colcon_core.package_identification:_identify(docs/src/doxygen-custom) by extension 'colcon_pkg'
[0.210s] Level 1:colcon.colcon_core.package_identification:_identify(docs/src/doxygen-custom) by extensions ['colcon_meta']
[0.210s] Level 1:colcon.colcon_core.package_identification:_identify(docs/src/doxygen-custom) by extension 'colcon_meta'
[0.210s] Level 1:colcon.colcon_core.package_identification:_identify(docs/src/doxygen-custom) by extensions ['ros']
[0.210s] Level 1:colcon.colcon_core.package_identification:_identify(docs/src/doxygen-custom) by extension 'ros'
[0.210s] Level 1:colcon.colcon_core.package_identification:_identify(docs/src/doxygen-custom) by extensions ['cmake', 'python']
[0.210s] Level 1:colcon.colcon_core.package_identification:_identify(docs/src/doxygen-custom) by extension 'cmake'
[0.211s] Level 1:colcon.colcon_core.package_identification:_identify(docs/src/doxygen-custom) by extension 'python'
[0.211s] Level 1:colcon.colcon_core.package_identification:_identify(docs/src/doxygen-custom) by extensions ['python_setup_py']
[0.211s] Level 1:colcon.colcon_core.package_identification:_identify(docs/src/doxygen-custom) by extension 'python_setup_py'
[0.211s] Level 1:colcon.colcon_core.package_identification:_identify(docs/src/img) by extensions ['ignore', 'ignore_ament_install']
[0.211s] Level 1:colcon.colcon_core.package_identification:_identify(docs/src/img) by extension 'ignore'
[0.211s] Level 1:colcon.colcon_core.package_identification:_identify(docs/src/img) by extension 'ignore_ament_install'
[0.211s] Level 1:colcon.colcon_core.package_identification:_identify(docs/src/img) by extensions ['colcon_pkg']
[0.211s] Level 1:colcon.colcon_core.package_identification:_identify(docs/src/img) by extension 'colcon_pkg'
[0.211s] Level 1:colcon.colcon_core.package_identification:_identify(docs/src/img) by extensions ['colcon_meta']
[0.211s] Level 1:colcon.colcon_core.package_identification:_identify(docs/src/img) by extension 'colcon_meta'
[0.211s] Level 1:colcon.colcon_core.package_identification:_identify(docs/src/img) by extensions ['ros']
[0.211s] Level 1:colcon.colcon_core.package_identification:_identify(docs/src/img) by extension 'ros'
[0.211s] Level 1:colcon.colcon_core.package_identification:_identify(docs/src/img) by extensions ['cmake', 'python']
[0.211s] Level 1:colcon.colcon_core.package_identification:_identify(docs/src/img) by extension 'cmake'
[0.211s] Level 1:colcon.colcon_core.package_identification:_identify(docs/src/img) by extension 'python'
[0.211s] Level 1:colcon.colcon_core.package_identification:_identify(docs/src/img) by extensions ['python_setup_py']
[0.211s] Level 1:colcon.colcon_core.package_identification:_identify(docs/src/img) by extension 'python_setup_py'
[0.211s] Level 1:colcon.colcon_core.package_identification:_identify(install) by extensions ['ignore', 'ignore_ament_install']
[0.211s] Level 1:colcon.colcon_core.package_identification:_identify(install) by extension 'ignore'
[0.211s] Level 1:colcon.colcon_core.package_identification:_identify(install) ignored
[0.211s] Level 1:colcon.colcon_core.package_identification:_identify(log) by extensions ['ignore', 'ignore_ament_install']
[0.211s] Level 1:colcon.colcon_core.package_identification:_identify(log) by extension 'ignore'
[0.211s] Level 1:colcon.colcon_core.package_identification:_identify(log) ignored
[0.211s] Level 1:colcon.colcon_core.package_identification:_identify(src) by extensions ['ignore', 'ignore_ament_install']
[0.211s] Level 1:colcon.colcon_core.package_identification:_identify(src) by extension 'ignore'
[0.211s] Level 1:colcon.colcon_core.package_identification:_identify(src) by extension 'ignore_ament_install'
[0.211s] Level 1:colcon.colcon_core.package_identification:_identify(src) by extensions ['colcon_pkg']
[0.212s] Level 1:colcon.colcon_core.package_identification:_identify(src) by extension 'colcon_pkg'
[0.212s] Level 1:colcon.colcon_core.package_identification:_identify(src) by extensions ['colcon_meta']
[0.212s] Level 1:colcon.colcon_core.package_identification:_identify(src) by extension 'colcon_meta'
[0.212s] Level 1:colcon.colcon_core.package_identification:_identify(src) by extensions ['ros']
[0.212s] Level 1:colcon.colcon_core.package_identification:_identify(src) by extension 'ros'
[0.212s] Level 1:colcon.colcon_core.package_identification:_identify(src) by extensions ['cmake', 'python']
[0.212s] Level 1:colcon.colcon_core.package_identification:_identify(src) by extension 'cmake'
[0.212s] Level 1:colcon.colcon_core.package_identification:_identify(src) by extension 'python'
[0.212s] Level 1:colcon.colcon_core.package_identification:_identify(src) by extensions ['python_setup_py']
[0.212s] Level 1:colcon.colcon_core.package_identification:_identify(src) by extension 'python_setup_py'
[0.212s] Level 1:colcon.colcon_core.package_identification:_identify(src/controller) by extensions ['ignore', 'ignore_ament_install']
[0.212s] Level 1:colcon.colcon_core.package_identification:_identify(src/controller) by extension 'ignore'
[0.212s] Level 1:colcon.colcon_core.package_identification:_identify(src/controller) by extension 'ignore_ament_install'
[0.212s] Level 1:colcon.colcon_core.package_identification:_identify(src/controller) by extensions ['colcon_pkg']
[0.212s] Level 1:colcon.colcon_core.package_identification:_identify(src/controller) by extension 'colcon_pkg'
[0.212s] Level 1:colcon.colcon_core.package_identification:_identify(src/controller) by extensions ['colcon_meta']
[0.212s] Level 1:colcon.colcon_core.package_identification:_identify(src/controller) by extension 'colcon_meta'
[0.212s] Level 1:colcon.colcon_core.package_identification:_identify(src/controller) by extensions ['ros']
[0.212s] Level 1:colcon.colcon_core.package_identification:_identify(src/controller) by extension 'ros'
[0.214s] DEBUG:colcon.colcon_core.package_identification:Package 'src/controller' with type 'ros.ament_cmake' and name 'controller'
[0.214s] Level 1:colcon.colcon_core.package_identification:_identify(src/ecat_msgs) by extensions ['ignore', 'ignore_ament_install']
[0.214s] Level 1:colcon.colcon_core.package_identification:_identify(src/ecat_msgs) by extension 'ignore'
[0.214s] Level 1:colcon.colcon_core.package_identification:_identify(src/ecat_msgs) by extension 'ignore_ament_install'
[0.215s] Level 1:colcon.colcon_core.package_identification:_identify(src/ecat_msgs) by extensions ['colcon_pkg']
[0.215s] Level 1:colcon.colcon_core.package_identification:_identify(src/ecat_msgs) by extension 'colcon_pkg'
[0.215s] Level 1:colcon.colcon_core.package_identification:_identify(src/ecat_msgs) by extensions ['colcon_meta']
[0.215s] Level 1:colcon.colcon_core.package_identification:_identify(src/ecat_msgs) by extension 'colcon_meta'
[0.215s] Level 1:colcon.colcon_core.package_identification:_identify(src/ecat_msgs) by extensions ['ros']
[0.215s] Level 1:colcon.colcon_core.package_identification:_identify(src/ecat_msgs) by extension 'ros'
[0.215s] DEBUG:colcon.colcon_core.package_identification:Package 'src/ecat_msgs' with type 'ros.ament_cmake' and name 'ecat_msgs'
[0.215s] Level 1:colcon.colcon_core.package_identification:_identify(src/ecat_pkg) by extensions ['ignore', 'ignore_ament_install']
[0.215s] Level 1:colcon.colcon_core.package_identification:_identify(src/ecat_pkg) by extension 'ignore'
[0.215s] Level 1:colcon.colcon_core.package_identification:_identify(src/ecat_pkg) by extension 'ignore_ament_install'
[0.215s] Level 1:colcon.colcon_core.package_identification:_identify(src/ecat_pkg) by extensions ['colcon_pkg']
[0.215s] Level 1:colcon.colcon_core.package_identification:_identify(src/ecat_pkg) by extension 'colcon_pkg'
[0.215s] Level 1:colcon.colcon_core.package_identification:_identify(src/ecat_pkg) by extensions ['colcon_meta']
[0.215s] Level 1:colcon.colcon_core.package_identification:_identify(src/ecat_pkg) by extension 'colcon_meta'
[0.215s] Level 1:colcon.colcon_core.package_identification:_identify(src/ecat_pkg) by extensions ['ros']
[0.215s] Level 1:colcon.colcon_core.package_identification:_identify(src/ecat_pkg) by extension 'ros'
[0.216s] DEBUG:colcon.colcon_core.package_identification:Package 'src/ecat_pkg' with type 'ros.ament_cmake' and name 'ecat_pkg'
[0.216s] Level 1:colcon.colcon_core.package_identification:_identify(src/gui_pkg) by extensions ['ignore', 'ignore_ament_install']
[0.216s] Level 1:colcon.colcon_core.package_identification:_identify(src/gui_pkg) by extension 'ignore'
[0.216s] Level 1:colcon.colcon_core.package_identification:_identify(src/gui_pkg) by extension 'ignore_ament_install'
[0.216s] Level 1:colcon.colcon_core.package_identification:_identify(src/gui_pkg) by extensions ['colcon_pkg']
[0.216s] Level 1:colcon.colcon_core.package_identification:_identify(src/gui_pkg) by extension 'colcon_pkg'
[0.216s] Level 1:colcon.colcon_core.package_identification:_identify(src/gui_pkg) by extensions ['colcon_meta']
[0.216s] Level 1:colcon.colcon_core.package_identification:_identify(src/gui_pkg) by extension 'colcon_meta'
[0.216s] Level 1:colcon.colcon_core.package_identification:_identify(src/gui_pkg) by extensions ['ros']
[0.216s] Level 1:colcon.colcon_core.package_identification:_identify(src/gui_pkg) by extension 'ros'
[0.217s] DEBUG:colcon.colcon_core.package_identification:Package 'src/gui_pkg' with type 'ros.ament_cmake' and name 'gui_pkg'
[0.217s] Level 1:colcon.colcon_core.package_identification:_identify(src/input_pkg) by extensions ['ignore', 'ignore_ament_install']
[0.217s] Level 1:colcon.colcon_core.package_identification:_identify(src/input_pkg) by extension 'ignore'
[0.217s] Level 1:colcon.colcon_core.package_identification:_identify(src/input_pkg) by extension 'ignore_ament_install'
[0.217s] Level 1:colcon.colcon_core.package_identification:_identify(src/input_pkg) by extensions ['colcon_pkg']
[0.217s] Level 1:colcon.colcon_core.package_identification:_identify(src/input_pkg) by extension 'colcon_pkg'
[0.217s] Level 1:colcon.colcon_core.package_identification:_identify(src/input_pkg) by extensions ['colcon_meta']
[0.217s] Level 1:colcon.colcon_core.package_identification:_identify(src/input_pkg) by extension 'colcon_meta'
[0.217s] Level 1:colcon.colcon_core.package_identification:_identify(src/input_pkg) by extensions ['ros']
[0.217s] Level 1:colcon.colcon_core.package_identification:_identify(src/input_pkg) by extension 'ros'
[0.218s] DEBUG:colcon.colcon_core.package_identification:Package 'src/input_pkg' with type 'ros.ament_cmake' and name 'input_pkg'
[0.218s] Level 1:colcon.colcon_core.package_identification:_identify(src/log_pkg) by extensions ['ignore', 'ignore_ament_install']
[0.218s] Level 1:colcon.colcon_core.package_identification:_identify(src/log_pkg) by extension 'ignore'
[0.218s] Level 1:colcon.colcon_core.package_identification:_identify(src/log_pkg) by extension 'ignore_ament_install'
[0.218s] Level 1:colcon.colcon_core.package_identification:_identify(src/log_pkg) by extensions ['colcon_pkg']
[0.218s] Level 1:colcon.colcon_core.package_identification:_identify(src/log_pkg) by extension 'colcon_pkg'
[0.218s] Level 1:colcon.colcon_core.package_identification:_identify(src/log_pkg) by extensions ['colcon_meta']
[0.218s] Level 1:colcon.colcon_core.package_identification:_identify(src/log_pkg) by extension 'colcon_meta'
[0.218s] Level 1:colcon.colcon_core.package_identification:_identify(src/log_pkg) by extensions ['ros']
[0.218s] Level 1:colcon.colcon_core.package_identification:_identify(src/log_pkg) by extension 'ros'
[0.219s] DEBUG:colcon.colcon_core.package_identification:Package 'src/log_pkg' with type 'ros.ament_cmake' and name 'log_pkg'
[0.219s] Level 1:colcon.colcon_core.package_identification:_identify(src/safety_pkg) by extensions ['ignore', 'ignore_ament_install']
[0.219s] Level 1:colcon.colcon_core.package_identification:_identify(src/safety_pkg) by extension 'ignore'
[0.219s] Level 1:colcon.colcon_core.package_identification:_identify(src/safety_pkg) by extension 'ignore_ament_install'
[0.219s] Level 1:colcon.colcon_core.package_identification:_identify(src/safety_pkg) by extensions ['colcon_pkg']
[0.219s] Level 1:colcon.colcon_core.package_identification:_identify(src/safety_pkg) by extension 'colcon_pkg'
[0.219s] Level 1:colcon.colcon_core.package_identification:_identify(src/safety_pkg) by extensions ['colcon_meta']
[0.219s] Level 1:colcon.colcon_core.package_identification:_identify(src/safety_pkg) by extension 'colcon_meta'
[0.219s] Level 1:colcon.colcon_core.package_identification:_identify(src/safety_pkg) by extensions ['ros']
[0.219s] Level 1:colcon.colcon_core.package_identification:_identify(src/safety_pkg) by extension 'ros'
[0.219s] DEBUG:colcon.colcon_core.package_identification:Package 'src/safety_pkg' with type 'ros.ament_cmake' and name 'safety_pkg'
[0.220s] Level 1:colcon.colcon_core.package_discovery:discover_packages(recursive) using defaults
[0.220s] Level 1:colcon.colcon_core.package_discovery:discover_packages(ignore) discover
[0.220s] Level 1:colcon.colcon_core.package_discovery:discover_packages(ignore) using defaults
[0.220s] Level 1:colcon.colcon_core.package_discovery:discover_packages(path) discover
[0.220s] Level 1:colcon.colcon_core.package_discovery:discover_packages(path) using defaults
[0.246s] Level 1:colcon.colcon_core.package_discovery:discover_packages(prefix_path) check parameters
[0.246s] Level 1:colcon.colcon_core.package_discovery:discover_packages(prefix_path) discover
[0.250s] DEBUG:colcon.colcon_installed_package_information.package_discovery:Found 256 installed packages in /opt/ros/foxy
[0.251s] Level 1:colcon.colcon_core.package_discovery:discover_packages(prefix_path) using defaults
[0.303s] Level 5:colcon.colcon_core.verb:set package 'controller' build argument 'cmake_args' from command line to 'None'
[0.303s] Level 5:colcon.colcon_core.verb:set package 'controller' build argument 'cmake_target' from command line to 'None'
[0.303s] Level 5:colcon.colcon_core.verb:set package 'controller' build argument 'cmake_target_skip_unavailable' from command line to 'False'
[0.303s] Level 5:colcon.colcon_core.verb:set package 'controller' build argument 'cmake_clean_cache' from command line to 'False'
[0.303s] Level 5:colcon.colcon_core.verb:set package 'controller' build argument 'cmake_clean_first' from command line to 'False'
[0.303s] Level 5:colcon.colcon_core.verb:set package 'controller' build argument 'cmake_force_configure' from command line to 'False'
[0.303s] Level 5:colcon.colcon_core.verb:set package 'controller' build argument 'ament_cmake_args' from command line to 'None'
[0.303s] Level 5:colcon.colcon_core.verb:set package 'controller' build argument 'catkin_cmake_args' from command line to 'None'
[0.303s] Level 5:colcon.colcon_core.verb:set package 'controller' build argument 'catkin_skip_building_tests' from command line to 'False'
[0.303s] DEBUG:colcon.colcon_core.verb:Building package 'controller' with the following arguments: {'ament_cmake_args': None, 'build_base': '/home/daeyun/Desktop/ecat_control_ws/build/controller', 'catkin_cmake_args': None, 'catkin_skip_building_tests': False, 'cmake_args': None, 'cmake_clean_cache': False, 'cmake_clean_first': False, 'cmake_force_configure': False, 'cmake_target': None, 'cmake_target_skip_unavailable': False, 'install_base': '/home/daeyun/Desktop/ecat_control_ws/install/controller', 'merge_install': False, 'path': '/home/daeyun/Desktop/ecat_control_ws/src/controller', 'symlink_install': True, 'test_result_base': None}
[0.304s] Level 5:colcon.colcon_core.verb:set package 'ecat_msgs' build argument 'cmake_args' from command line to 'None'
[0.304s] Level 5:colcon.colcon_core.verb:set package 'ecat_msgs' build argument 'cmake_target' from command line to 'None'
[0.304s] Level 5:colcon.colcon_core.verb:set package 'ecat_msgs' build argument 'cmake_target_skip_unavailable' from command line to 'False'
[0.304s] Level 5:colcon.colcon_core.verb:set package 'ecat_msgs' build argument 'cmake_clean_cache' from command line to 'False'
[0.304s] Level 5:colcon.colcon_core.verb:set package 'ecat_msgs' build argument 'cmake_clean_first' from command line to 'False'
[0.304s] Level 5:colcon.colcon_core.verb:set package 'ecat_msgs' build argument 'cmake_force_configure' from command line to 'False'
[0.304s] Level 5:colcon.colcon_core.verb:set package 'ecat_msgs' build argument 'ament_cmake_args' from command line to 'None'
[0.304s] Level 5:colcon.colcon_core.verb:set package 'ecat_msgs' build argument 'catkin_cmake_args' from command line to 'None'
[0.304s] Level 5:colcon.colcon_core.verb:set package 'ecat_msgs' build argument 'catkin_skip_building_tests' from command line to 'False'
[0.304s] DEBUG:colcon.colcon_core.verb:Building package 'ecat_msgs' with the following arguments: {'ament_cmake_args': None, 'build_base': '/home/daeyun/Desktop/ecat_control_ws/build/ecat_msgs', 'catkin_cmake_args': None, 'catkin_skip_building_tests': False, 'cmake_args': None, 'cmake_clean_cache': False, 'cmake_clean_first': False, 'cmake_force_configure': False, 'cmake_target': None, 'cmake_target_skip_unavailable': False, 'install_base': '/home/daeyun/Desktop/ecat_control_ws/install/ecat_msgs', 'merge_install': False, 'path': '/home/daeyun/Desktop/ecat_control_ws/src/ecat_msgs', 'symlink_install': True, 'test_result_base': None}
[0.304s] Level 5:colcon.colcon_core.verb:set package 'ecat_pkg' build argument 'cmake_args' from command line to 'None'
[0.304s] Level 5:colcon.colcon_core.verb:set package 'ecat_pkg' build argument 'cmake_target' from command line to 'None'
[0.304s] Level 5:colcon.colcon_core.verb:set package 'ecat_pkg' build argument 'cmake_target_skip_unavailable' from command line to 'False'
[0.304s] Level 5:colcon.colcon_core.verb:set package 'ecat_pkg' build argument 'cmake_clean_cache' from command line to 'False'
[0.304s] Level 5:colcon.colcon_core.verb:set package 'ecat_pkg' build argument 'cmake_clean_first' from command line to 'False'
[0.304s] Level 5:colcon.colcon_core.verb:set package 'ecat_pkg' build argument 'cmake_force_configure' from command line to 'False'
[0.304s] Level 5:colcon.colcon_core.verb:set package 'ecat_pkg' build argument 'ament_cmake_args' from command line to 'None'
[0.304s] Level 5:colcon.colcon_core.verb:set package 'ecat_pkg' build argument 'catkin_cmake_args' from command line to 'None'
[0.304s] Level 5:colcon.colcon_core.verb:set package 'ecat_pkg' build argument 'catkin_skip_building_tests' from command line to 'False'
[0.304s] DEBUG:colcon.colcon_core.verb:Building package 'ecat_pkg' with the following arguments: {'ament_cmake_args': None, 'build_base': '/home/daeyun/Desktop/ecat_control_ws/build/ecat_pkg', 'catkin_cmake_args': None, 'catkin_skip_building_tests': False, 'cmake_args': None, 'cmake_clean_cache': False, 'cmake_clean_first': False, 'cmake_force_configure': False, 'cmake_target': None, 'cmake_target_skip_unavailable': False, 'install_base': '/home/daeyun/Desktop/ecat_control_ws/install/ecat_pkg', 'merge_install': False, 'path': '/home/daeyun/Desktop/ecat_control_ws/src/ecat_pkg', 'symlink_install': True, 'test_result_base': None}
[0.305s] Level 5:colcon.colcon_core.verb:set package 'gui_pkg' build argument 'cmake_args' from command line to 'None'
[0.305s] Level 5:colcon.colcon_core.verb:set package 'gui_pkg' build argument 'cmake_target' from command line to 'None'
[0.305s] Level 5:colcon.colcon_core.verb:set package 'gui_pkg' build argument 'cmake_target_skip_unavailable' from command line to 'False'
[0.305s] Level 5:colcon.colcon_core.verb:set package 'gui_pkg' build argument 'cmake_clean_cache' from command line to 'False'
[0.305s] Level 5:colcon.colcon_core.verb:set package 'gui_pkg' build argument 'cmake_clean_first' from command line to 'False'
[0.305s] Level 5:colcon.colcon_core.verb:set package 'gui_pkg' build argument 'cmake_force_configure' from command line to 'False'
[0.305s] Level 5:colcon.colcon_core.verb:set package 'gui_pkg' build argument 'ament_cmake_args' from command line to 'None'
[0.305s] Level 5:colcon.colcon_core.verb:set package 'gui_pkg' build argument 'catkin_cmake_args' from command line to 'None'
[0.305s] Level 5:colcon.colcon_core.verb:set package 'gui_pkg' build argument 'catkin_skip_building_tests' from command line to 'False'
[0.305s] DEBUG:colcon.colcon_core.verb:Building package 'gui_pkg' with the following arguments: {'ament_cmake_args': None, 'build_base': '/home/daeyun/Desktop/ecat_control_ws/build/gui_pkg', 'catkin_cmake_args': None, 'catkin_skip_building_tests': False, 'cmake_args': None, 'cmake_clean_cache': False, 'cmake_clean_first': False, 'cmake_force_configure': False, 'cmake_target': None, 'cmake_target_skip_unavailable': False, 'install_base': '/home/daeyun/Desktop/ecat_control_ws/install/gui_pkg', 'merge_install': False, 'path': '/home/daeyun/Desktop/ecat_control_ws/src/gui_pkg', 'symlink_install': True, 'test_result_base': None}
[0.306s] Level 5:colcon.colcon_core.verb:set package 'input_pkg' build argument 'cmake_args' from command line to 'None'
[0.306s] Level 5:colcon.colcon_core.verb:set package 'input_pkg' build argument 'cmake_target' from command line to 'None'
[0.306s] Level 5:colcon.colcon_core.verb:set package 'input_pkg' build argument 'cmake_target_skip_unavailable' from command line to 'False'
[0.306s] Level 5:colcon.colcon_core.verb:set package 'input_pkg' build argument 'cmake_clean_cache' from command line to 'False'
[0.306s] Level 5:colcon.colcon_core.verb:set package 'input_pkg' build argument 'cmake_clean_first' from command line to 'False'
[0.306s] Level 5:colcon.colcon_core.verb:set package 'input_pkg' build argument 'cmake_force_configure' from command line to 'False'
[0.306s] Level 5:colcon.colcon_core.verb:set package 'input_pkg' build argument 'ament_cmake_args' from command line to 'None'
[0.306s] Level 5:colcon.colcon_core.verb:set package 'input_pkg' build argument 'catkin_cmake_args' from command line to 'None'
[0.306s] Level 5:colcon.colcon_core.verb:set package 'input_pkg' build argument 'catkin_skip_building_tests' from command line to 'False'
[0.306s] DEBUG:colcon.colcon_core.verb:Building package 'input_pkg' with the following arguments: {'ament_cmake_args': None, 'build_base': '/home/daeyun/Desktop/ecat_control_ws/build/input_pkg', 'catkin_cmake_args': None, 'catkin_skip_building_tests': False, 'cmake_args': None, 'cmake_clean_cache': False, 'cmake_clean_first': False, 'cmake_force_configure': False, 'cmake_target': None, 'cmake_target_skip_unavailable': False, 'install_base': '/home/daeyun/Desktop/ecat_control_ws/install/input_pkg', 'merge_install': False, 'path': '/home/daeyun/Desktop/ecat_control_ws/src/input_pkg', 'symlink_install': True, 'test_result_base': None}
[0.307s] Level 5:colcon.colcon_core.verb:set package 'log_pkg' build argument 'cmake_args' from command line to 'None'
[0.307s] Level 5:colcon.colcon_core.verb:set package 'log_pkg' build argument 'cmake_target' from command line to 'None'
[0.307s] Level 5:colcon.colcon_core.verb:set package 'log_pkg' build argument 'cmake_target_skip_unavailable' from command line to 'False'
[0.307s] Level 5:colcon.colcon_core.verb:set package 'log_pkg' build argument 'cmake_clean_cache' from command line to 'False'
[0.307s] Level 5:colcon.colcon_core.verb:set package 'log_pkg' build argument 'cmake_clean_first' from command line to 'False'
[0.307s] Level 5:colcon.colcon_core.verb:set package 'log_pkg' build argument 'cmake_force_configure' from command line to 'False'
[0.307s] Level 5:colcon.colcon_core.verb:set package 'log_pkg' build argument 'ament_cmake_args' from command line to 'None'
[0.307s] Level 5:colcon.colcon_core.verb:set package 'log_pkg' build argument 'catkin_cmake_args' from command line to 'None'
[0.307s] Level 5:colcon.colcon_core.verb:set package 'log_pkg' build argument 'catkin_skip_building_tests' from command line to 'False'
[0.307s] DEBUG:colcon.colcon_core.verb:Building package 'log_pkg' with the following arguments: {'ament_cmake_args': None, 'build_base': '/home/daeyun/Desktop/ecat_control_ws/build/log_pkg', 'catkin_cmake_args': None, 'catkin_skip_building_tests': False, 'cmake_args': None, 'cmake_clean_cache': False, 'cmake_clean_first': False, 'cmake_force_configure': False, 'cmake_target': None, 'cmake_target_skip_unavailable': False, 'install_base': '/home/daeyun/Desktop/ecat_control_ws/install/log_pkg', 'merge_install': False, 'path': '/home/daeyun/Desktop/ecat_control_ws/src/log_pkg', 'symlink_install': True, 'test_result_base': None}
[0.307s] Level 5:colcon.colcon_core.verb:set package 'safety_pkg' build argument 'cmake_args' from command line to 'None'
[0.307s] Level 5:colcon.colcon_core.verb:set package 'safety_pkg' build argument 'cmake_target' from command line to 'None'
[0.307s] Level 5:colcon.colcon_core.verb:set package 'safety_pkg' build argument 'cmake_target_skip_unavailable' from command line to 'False'
[0.307s] Level 5:colcon.colcon_core.verb:set package 'safety_pkg' build argument 'cmake_clean_cache' from command line to 'False'
[0.307s] Level 5:colcon.colcon_core.verb:set package 'safety_pkg' build argument 'cmake_clean_first' from command line to 'False'
[0.307s] Level 5:colcon.colcon_core.verb:set package 'safety_pkg' build argument 'cmake_force_configure' from command line to 'False'
[0.307s] Level 5:colcon.colcon_core.verb:set package 'safety_pkg' build argument 'ament_cmake_args' from command line to 'None'
[0.307s] Level 5:colcon.colcon_core.verb:set package 'safety_pkg' build argument 'catkin_cmake_args' from command line to 'None'
[0.307s] Level 5:colcon.colcon_core.verb:set package 'safety_pkg' build argument 'catkin_skip_building_tests' from command line to 'False'
[0.307s] DEBUG:colcon.colcon_core.verb:Building package 'safety_pkg' with the following arguments: {'ament_cmake_args': None, 'build_base': '/home/daeyun/Desktop/ecat_control_ws/build/safety_pkg', 'catkin_cmake_args': None, 'catkin_skip_building_tests': False, 'cmake_args': None, 'cmake_clean_cache': False, 'cmake_clean_first': False, 'cmake_force_configure': False, 'cmake_target': None, 'cmake_target_skip_unavailable': False, 'install_base': '/home/daeyun/Desktop/ecat_control_ws/install/safety_pkg', 'merge_install': False, 'path': '/home/daeyun/Desktop/ecat_control_ws/src/safety_pkg', 'symlink_install': True, 'test_result_base': None}
[0.308s] INFO:colcon.colcon_core.executor:Executing jobs using 'parallel' executor
[0.311s] DEBUG:colcon.colcon_parallel_executor.executor.parallel:run_until_complete
[0.311s] INFO:colcon.colcon_ros.task.ament_cmake.build:Building ROS package in '/home/daeyun/Desktop/ecat_control_ws/src/ecat_msgs' with build type 'ament_cmake'
[0.311s] INFO:colcon.colcon_cmake.task.cmake.build:Building CMake package in '/home/daeyun/Desktop/ecat_control_ws/src/ecat_msgs'
[0.317s] INFO:colcon.colcon_core.plugin_system:Skipping extension 'colcon_core.shell.bat': Not used on non-Windows systems
[0.318s] INFO:colcon.colcon_core.shell:Skip shell extension 'powershell' for command environment: Not usable outside of PowerShell
[0.318s] DEBUG:colcon.colcon_core.shell:Skip shell extension 'dsv' for command environment
[0.321s] INFO:colcon.colcon_ros.task.ament_cmake.build:Building ROS package in '/home/daeyun/Desktop/ecat_control_ws/src/controller' with build type 'ament_cmake'
[0.322s] INFO:colcon.colcon_cmake.task.cmake.build:Building CMake package in '/home/daeyun/Desktop/ecat_control_ws/src/controller'
[0.323s] INFO:colcon.colcon_core.shell:Skip shell extension 'powershell' for command environment: Not usable outside of PowerShell
[0.323s] DEBUG:colcon.colcon_core.shell:Skip shell extension 'dsv' for command environment
[0.330s] DEBUG:colcon.colcon_core.event_handler.log_command:Invoking command in '/home/daeyun/Desktop/ecat_control_ws/build/ecat_msgs': CMAKE_PREFIX_PATH=/opt/ros/foxy /usr/bin/cmake --build /home/daeyun/Desktop/ecat_control_ws/build/ecat_msgs -- -j8 -l8
[0.338s] DEBUG:colcon.colcon_core.event_handler.log_command:Invoking command in '/home/daeyun/Desktop/ecat_control_ws/build/controller': CMAKE_PREFIX_PATH=/opt/ros/foxy /usr/bin/cmake --build /home/daeyun/Desktop/ecat_control_ws/build/controller -- -j8 -l8
[0.412s] DEBUG:colcon.colcon_core.event_handler.log_command:Invoked command in '/home/daeyun/Desktop/ecat_control_ws/build/controller' returned '0': CMAKE_PREFIX_PATH=/opt/ros/foxy /usr/bin/cmake --build /home/daeyun/Desktop/ecat_control_ws/build/controller -- -j8 -l8
[0.442s] DEBUG:colcon.colcon_core.event_handler.log_command:Invoking command in '/home/daeyun/Desktop/ecat_control_ws/build/controller': CMAKE_PREFIX_PATH=/opt/ros/foxy /usr/bin/cmake --install /home/daeyun/Desktop/ecat_control_ws/build/controller
[0.461s] Level 1:colcon.colcon_core.environment:create_environment_scripts_only(controller)
[0.461s] DEBUG:colcon.colcon_core.event_handler.log_command:Invoked command in '/home/daeyun/Desktop/ecat_control_ws/build/controller' returned '0': CMAKE_PREFIX_PATH=/opt/ros/foxy /usr/bin/cmake --install /home/daeyun/Desktop/ecat_control_ws/build/controller
[0.468s] Level 1:colcon.colcon_core.environment:checking '/home/daeyun/Desktop/ecat_control_ws/install/controller' for CMake module files
[0.469s] Level 1:colcon.colcon_core.environment:checking '/home/daeyun/Desktop/ecat_control_ws/install/controller' for CMake config files
[0.469s] Level 1:colcon.colcon_core.shell:create_environment_hook('controller', 'cmake_prefix_path')
[0.470s] INFO:colcon.colcon_core.shell:Creating environment hook '/home/daeyun/Desktop/ecat_control_ws/install/controller/share/controller/hook/cmake_prefix_path.ps1'
[0.470s] INFO:colcon.colcon_core.shell:Creating environment descriptor '/home/daeyun/Desktop/ecat_control_ws/install/controller/share/controller/hook/cmake_prefix_path.dsv'
[0.471s] INFO:colcon.colcon_core.shell:Creating environment hook '/home/daeyun/Desktop/ecat_control_ws/install/controller/share/controller/hook/cmake_prefix_path.sh'
[0.472s] Level 1:colcon.colcon_core.environment:checking '/home/daeyun/Desktop/ecat_control_ws/install/controller/lib'
[0.472s] Level 1:colcon.colcon_core.environment:checking '/home/daeyun/Desktop/ecat_control_ws/install/controller/bin'
[0.472s] Level 1:colcon.colcon_core.environment:checking '/home/daeyun/Desktop/ecat_control_ws/install/controller/lib/pkgconfig/controller.pc'
[0.472s] Level 1:colcon.colcon_core.environment:checking '/home/daeyun/Desktop/ecat_control_ws/install/controller/lib/python3.8/site-packages'
[0.472s] Level 1:colcon.colcon_core.environment:checking '/home/daeyun/Desktop/ecat_control_ws/install/controller/bin'
[0.473s] INFO:colcon.colcon_core.shell:Creating package script '/home/daeyun/Desktop/ecat_control_ws/install/controller/share/controller/package.ps1'
[0.474s] INFO:colcon.colcon_core.shell:Creating package descriptor '/home/daeyun/Desktop/ecat_control_ws/install/controller/share/controller/package.dsv'
[0.474s] INFO:colcon.colcon_core.shell:Creating package script '/home/daeyun/Desktop/ecat_control_ws/install/controller/share/controller/package.sh'
[0.475s] INFO:colcon.colcon_core.shell:Creating package script '/home/daeyun/Desktop/ecat_control_ws/install/controller/share/controller/package.bash'
[0.476s] INFO:colcon.colcon_core.shell:Creating package script '/home/daeyun/Desktop/ecat_control_ws/install/controller/share/controller/package.zsh'
[0.477s] Level 1:colcon.colcon_core.environment:create_file_with_runtime_dependencies(/home/daeyun/Desktop/ecat_control_ws/install/controller/share/colcon-core/packages/controller)
[0.496s] Level 1:colcon.colcon_core.environment:create_environment_scripts_only(controller)
[0.497s] Level 1:colcon.colcon_core.environment:checking '/home/daeyun/Desktop/ecat_control_ws/install/controller' for CMake module files
[0.497s] Level 1:colcon.colcon_core.environment:checking '/home/daeyun/Desktop/ecat_control_ws/install/controller' for CMake config files
[0.497s] Level 1:colcon.colcon_core.shell:create_environment_hook('controller', 'cmake_prefix_path')
[0.498s] INFO:colcon.colcon_core.shell:Creating environment hook '/home/daeyun/Desktop/ecat_control_ws/install/controller/share/controller/hook/cmake_prefix_path.ps1'
[0.499s] INFO:colcon.colcon_core.shell:Creating environment descriptor '/home/daeyun/Desktop/ecat_control_ws/install/controller/share/controller/hook/cmake_prefix_path.dsv'
[0.499s] INFO:colcon.colcon_core.shell:Creating environment hook '/home/daeyun/Desktop/ecat_control_ws/install/controller/share/controller/hook/cmake_prefix_path.sh'
[0.500s] Level 1:colcon.colcon_core.environment:checking '/home/daeyun/Desktop/ecat_control_ws/install/controller/lib'
[0.500s] Level 1:colcon.colcon_core.environment:checking '/home/daeyun/Desktop/ecat_control_ws/install/controller/bin'
[0.500s] Level 1:colcon.colcon_core.environment:checking '/home/daeyun/Desktop/ecat_control_ws/install/controller/lib/pkgconfig/controller.pc'
[0.500s] Level 1:colcon.colcon_core.environment:checking '/home/daeyun/Desktop/ecat_control_ws/install/controller/lib/python3.8/site-packages'
[0.500s] Level 1:colcon.colcon_core.environment:checking '/home/daeyun/Desktop/ecat_control_ws/install/controller/bin'
[0.501s] INFO:colcon.colcon_core.shell:Creating package script '/home/daeyun/Desktop/ecat_control_ws/install/controller/share/controller/package.ps1'
[0.501s] INFO:colcon.colcon_core.shell:Creating package descriptor '/home/daeyun/Desktop/ecat_control_ws/install/controller/share/controller/package.dsv'
[0.502s] INFO:colcon.colcon_core.shell:Creating package script '/home/daeyun/Desktop/ecat_control_ws/install/controller/share/controller/package.sh'
[0.502s] INFO:colcon.colcon_core.shell:Creating package script '/home/daeyun/Desktop/ecat_control_ws/install/controller/share/controller/package.bash'
[0.502s] INFO:colcon.colcon_core.shell:Creating package script '/home/daeyun/Desktop/ecat_control_ws/install/controller/share/controller/package.zsh'
[0.502s] Level 1:colcon.colcon_core.environment:create_file_with_runtime_dependencies(/home/daeyun/Desktop/ecat_control_ws/install/controller/share/colcon-core/packages/controller)
[0.532s] DEBUG:colcon.colcon_core.event_handler.log_command:Invoked command in '/home/daeyun/Desktop/ecat_control_ws/build/ecat_msgs' returned '0': CMAKE_PREFIX_PATH=/opt/ros/foxy /usr/bin/cmake --build /home/daeyun/Desktop/ecat_control_ws/build/ecat_msgs -- -j8 -l8
[0.607s] DEBUG:colcon.colcon_core.event_handler.log_command:Invoking command in '/home/daeyun/Desktop/ecat_control_ws/build/ecat_msgs': CMAKE_PREFIX_PATH=/opt/ros/foxy /usr/bin/cmake --install /home/daeyun/Desktop/ecat_control_ws/build/ecat_msgs
[0.670s] Level 1:colcon.colcon_core.environment:create_environment_scripts_only(ecat_msgs)
[0.671s] Level 1:colcon.colcon_core.environment:checking '/home/daeyun/Desktop/ecat_control_ws/install/ecat_msgs' for CMake module files
[0.672s] DEBUG:colcon.colcon_core.event_handler.log_command:Invoked command in '/home/daeyun/Desktop/ecat_control_ws/build/ecat_msgs' returned '0': CMAKE_PREFIX_PATH=/opt/ros/foxy /usr/bin/cmake --install /home/daeyun/Desktop/ecat_control_ws/build/ecat_msgs
[0.672s] Level 1:colcon.colcon_core.environment:checking '/home/daeyun/Desktop/ecat_control_ws/install/ecat_msgs' for CMake config files
[0.672s] Level 1:colcon.colcon_core.shell:create_environment_hook('ecat_msgs', 'cmake_prefix_path')
[0.673s] INFO:colcon.colcon_core.shell:Creating environment hook '/home/daeyun/Desktop/ecat_control_ws/install/ecat_msgs/share/ecat_msgs/hook/cmake_prefix_path.ps1'
[0.674s] INFO:colcon.colcon_core.shell:Creating environment descriptor '/home/daeyun/Desktop/ecat_control_ws/install/ecat_msgs/share/ecat_msgs/hook/cmake_prefix_path.dsv'
[0.674s] INFO:colcon.colcon_core.shell:Creating environment hook '/home/daeyun/Desktop/ecat_control_ws/install/ecat_msgs/share/ecat_msgs/hook/cmake_prefix_path.sh'
[0.674s] Level 1:colcon.colcon_core.environment:checking '/home/daeyun/Desktop/ecat_control_ws/install/ecat_msgs/lib'
[0.674s] Level 1:colcon.colcon_core.shell:create_environment_hook('ecat_msgs', 'ld_library_path_lib')
[0.675s] INFO:colcon.colcon_core.shell:Creating environment hook '/home/daeyun/Desktop/ecat_control_ws/install/ecat_msgs/share/ecat_msgs/hook/ld_library_path_lib.ps1'
[0.675s] INFO:colcon.colcon_core.shell:Creating environment descriptor '/home/daeyun/Desktop/ecat_control_ws/install/ecat_msgs/share/ecat_msgs/hook/ld_library_path_lib.dsv'
[0.676s] INFO:colcon.colcon_core.shell:Creating environment hook '/home/daeyun/Desktop/ecat_control_ws/install/ecat_msgs/share/ecat_msgs/hook/ld_library_path_lib.sh'
[0.676s] Level 1:colcon.colcon_core.environment:checking '/home/daeyun/Desktop/ecat_control_ws/install/ecat_msgs/bin'
[0.676s] Level 1:colcon.colcon_core.environment:checking '/home/daeyun/Desktop/ecat_control_ws/install/ecat_msgs/lib/pkgconfig/ecat_msgs.pc'
[0.676s] Level 1:colcon.colcon_core.environment:checking '/home/daeyun/Desktop/ecat_control_ws/install/ecat_msgs/lib/python3.8/site-packages'
[0.676s] Level 1:colcon.colcon_core.shell:create_environment_hook('ecat_msgs', 'pythonpath')
[0.677s] INFO:colcon.colcon_core.shell:Creating environment hook '/home/daeyun/Desktop/ecat_control_ws/install/ecat_msgs/share/ecat_msgs/hook/pythonpath.ps1'
[0.677s] INFO:colcon.colcon_core.shell:Creating environment descriptor '/home/daeyun/Desktop/ecat_control_ws/install/ecat_msgs/share/ecat_msgs/hook/pythonpath.dsv'
[0.677s] INFO:colcon.colcon_core.shell:Creating environment hook '/home/daeyun/Desktop/ecat_control_ws/install/ecat_msgs/share/ecat_msgs/hook/pythonpath.sh'
[0.678s] Level 1:colcon.colcon_core.environment:checking '/home/daeyun/Desktop/ecat_control_ws/install/ecat_msgs/bin'
[0.678s] INFO:colcon.colcon_core.shell:Creating package script '/home/daeyun/Desktop/ecat_control_ws/install/ecat_msgs/share/ecat_msgs/package.ps1'
[0.679s] INFO:colcon.colcon_core.shell:Creating package descriptor '/home/daeyun/Desktop/ecat_control_ws/install/ecat_msgs/share/ecat_msgs/package.dsv'
[0.679s] INFO:colcon.colcon_core.shell:Creating package script '/home/daeyun/Desktop/ecat_control_ws/install/ecat_msgs/share/ecat_msgs/package.sh'
[0.679s] INFO:colcon.colcon_core.shell:Creating package script '/home/daeyun/Desktop/ecat_control_ws/install/ecat_msgs/share/ecat_msgs/package.bash'
[0.680s] INFO:colcon.colcon_core.shell:Creating package script '/home/daeyun/Desktop/ecat_control_ws/install/ecat_msgs/share/ecat_msgs/package.zsh'
[0.680s] Level 1:colcon.colcon_core.environment:create_file_with_runtime_dependencies(/home/daeyun/Desktop/ecat_control_ws/install/ecat_msgs/share/colcon-core/packages/ecat_msgs)
[0.753s] Level 1:colcon.colcon_core.environment:create_environment_scripts_only(ecat_msgs)
[0.754s] Level 1:colcon.colcon_core.environment:checking '/home/daeyun/Desktop/ecat_control_ws/install/ecat_msgs' for CMake module files
[0.755s] Level 1:colcon.colcon_core.environment:checking '/home/daeyun/Desktop/ecat_control_ws/install/ecat_msgs' for CMake config files
[0.755s] Level 1:colcon.colcon_core.shell:create_environment_hook('ecat_msgs', 'cmake_prefix_path')
[0.756s] INFO:colcon.colcon_core.shell:Creating environment hook '/home/daeyun/Desktop/ecat_control_ws/install/ecat_msgs/share/ecat_msgs/hook/cmake_prefix_path.ps1'
[0.756s] INFO:colcon.colcon_core.shell:Creating environment descriptor '/home/daeyun/Desktop/ecat_control_ws/install/ecat_msgs/share/ecat_msgs/hook/cmake_prefix_path.dsv'
[0.757s] INFO:colcon.colcon_core.shell:Creating environment hook '/home/daeyun/Desktop/ecat_control_ws/install/ecat_msgs/share/ecat_msgs/hook/cmake_prefix_path.sh'
[0.757s] Level 1:colcon.colcon_core.environment:checking '/home/daeyun/Desktop/ecat_control_ws/install/ecat_msgs/lib'
[0.757s] Level 1:colcon.colcon_core.shell:create_environment_hook('ecat_msgs', 'ld_library_path_lib')
[0.758s] INFO:colcon.colcon_core.shell:Creating environment hook '/home/daeyun/Desktop/ecat_control_ws/install/ecat_msgs/share/ecat_msgs/hook/ld_library_path_lib.ps1'
[0.758s] INFO:colcon.colcon_core.shell:Creating environment descriptor '/home/daeyun/Desktop/ecat_control_ws/install/ecat_msgs/share/ecat_msgs/hook/ld_library_path_lib.dsv'
[0.758s] INFO:colcon.colcon_core.shell:Creating environment hook '/home/daeyun/Desktop/ecat_control_ws/install/ecat_msgs/share/ecat_msgs/hook/ld_library_path_lib.sh'
[0.759s] Level 1:colcon.colcon_core.environment:checking '/home/daeyun/Desktop/ecat_control_ws/install/ecat_msgs/bin'
[0.759s] Level 1:colcon.colcon_core.environment:checking '/home/daeyun/Desktop/ecat_control_ws/install/ecat_msgs/lib/pkgconfig/ecat_msgs.pc'
[0.759s] Level 1:colcon.colcon_core.environment:checking '/home/daeyun/Desktop/ecat_control_ws/install/ecat_msgs/lib/python3.8/site-packages'
[0.759s] Level 1:colcon.colcon_core.shell:create_environment_hook('ecat_msgs', 'pythonpath')
[0.760s] INFO:colcon.colcon_core.shell:Creating environment hook '/home/daeyun/Desktop/ecat_control_ws/install/ecat_msgs/share/ecat_msgs/hook/pythonpath.ps1'
[0.760s] INFO:colcon.colcon_core.shell:Creating environment descriptor '/home/daeyun/Desktop/ecat_control_ws/install/ecat_msgs/share/ecat_msgs/hook/pythonpath.dsv'
[0.760s] INFO:colcon.colcon_core.shell:Creating environment hook '/home/daeyun/Desktop/ecat_control_ws/install/ecat_msgs/share/ecat_msgs/hook/pythonpath.sh'
[0.760s] Level 1:colcon.colcon_core.environment:checking '/home/daeyun/Desktop/ecat_control_ws/install/ecat_msgs/bin'
[0.761s] INFO:colcon.colcon_core.shell:Creating package script '/home/daeyun/Desktop/ecat_control_ws/install/ecat_msgs/share/ecat_msgs/package.ps1'
[0.762s] INFO:colcon.colcon_core.shell:Creating package descriptor '/home/daeyun/Desktop/ecat_control_ws/install/ecat_msgs/share/ecat_msgs/package.dsv'
[0.762s] INFO:colcon.colcon_core.shell:Creating package script '/home/daeyun/Desktop/ecat_control_ws/install/ecat_msgs/share/ecat_msgs/package.sh'
[0.762s] INFO:colcon.colcon_core.shell:Creating package script '/home/daeyun/Desktop/ecat_control_ws/install/ecat_msgs/share/ecat_msgs/package.bash'
[0.762s] INFO:colcon.colcon_core.shell:Creating package script '/home/daeyun/Desktop/ecat_control_ws/install/ecat_msgs/share/ecat_msgs/package.zsh'
[0.763s] Level 1:colcon.colcon_core.environment:create_file_with_runtime_dependencies(/home/daeyun/Desktop/ecat_control_ws/install/ecat_msgs/share/colcon-core/packages/ecat_msgs)
[0.763s] INFO:colcon.colcon_ros.task.ament_cmake.build:Building ROS package in '/home/daeyun/Desktop/ecat_control_ws/src/ecat_pkg' with build type 'ament_cmake'
[0.763s] INFO:colcon.colcon_cmake.task.cmake.build:Building CMake package in '/home/daeyun/Desktop/ecat_control_ws/src/ecat_pkg'
[0.764s] INFO:colcon.colcon_core.shell:Skip shell extension 'powershell' for command environment: Not usable outside of PowerShell
[0.764s] DEBUG:colcon.colcon_core.shell:Skip shell extension 'dsv' for command environment
[0.768s] INFO:colcon.colcon_ros.task.ament_cmake.build:Building ROS package in '/home/daeyun/Desktop/ecat_control_ws/src/gui_pkg' with build type 'ament_cmake'
[0.768s] INFO:colcon.colcon_cmake.task.cmake.build:Building CMake package in '/home/daeyun/Desktop/ecat_control_ws/src/gui_pkg'
[0.769s] INFO:colcon.colcon_core.shell:Skip shell extension 'powershell' for command environment: Not usable outside of PowerShell
[0.769s] DEBUG:colcon.colcon_core.shell:Skip shell extension 'dsv' for command environment
[0.773s] INFO:colcon.colcon_ros.task.ament_cmake.build:Building ROS package in '/home/daeyun/Desktop/ecat_control_ws/src/input_pkg' with build type 'ament_cmake'
[0.773s] INFO:colcon.colcon_cmake.task.cmake.build:Building CMake package in '/home/daeyun/Desktop/ecat_control_ws/src/input_pkg'
[0.774s] INFO:colcon.colcon_core.shell:Skip shell extension 'powershell' for command environment: Not usable outside of PowerShell
[0.774s] DEBUG:colcon.colcon_core.shell:Skip shell extension 'dsv' for command environment
[0.778s] INFO:colcon.colcon_ros.task.ament_cmake.build:Building ROS package in '/home/daeyun/Desktop/ecat_control_ws/src/log_pkg' with build type 'ament_cmake'
[0.778s] INFO:colcon.colcon_cmake.task.cmake.build:Building CMake package in '/home/daeyun/Desktop/ecat_control_ws/src/log_pkg'
[0.779s] INFO:colcon.colcon_core.shell:Skip shell extension 'powershell' for command environment: Not usable outside of PowerShell
[0.780s] DEBUG:colcon.colcon_core.shell:Skip shell extension 'dsv' for command environment
[0.783s] INFO:colcon.colcon_ros.task.ament_cmake.build:Building ROS package in '/home/daeyun/Desktop/ecat_control_ws/src/safety_pkg' with build type 'ament_cmake'
[0.783s] INFO:colcon.colcon_cmake.task.cmake.build:Building CMake package in '/home/daeyun/Desktop/ecat_control_ws/src/safety_pkg'
[0.784s] INFO:colcon.colcon_core.shell:Skip shell extension 'powershell' for command environment: Not usable outside of PowerShell
[0.784s] DEBUG:colcon.colcon_core.shell:Skip shell extension 'dsv' for command environment
[0.793s] DEBUG:colcon.colcon_core.event_handler.log_command:Invoking command in '/home/daeyun/Desktop/ecat_control_ws/build/ecat_pkg': AMENT_PREFIX_PATH=/home/daeyun/Desktop/ecat_control_ws/install/ecat_msgs:${AMENT_PREFIX_PATH} CMAKE_PREFIX_PATH=/home/daeyun/Desktop/ecat_control_ws/install/ecat_msgs:/opt/ros/foxy LD_LIBRARY_PATH=/home/daeyun/Desktop/ecat_control_ws/install/ecat_msgs/lib:${LD_LIBRARY_PATH} PYTHONPATH=/home/daeyun/Desktop/ecat_control_ws/install/ecat_msgs/lib/python3.8/site-packages:${PYTHONPATH} /usr/bin/cmake --build /home/daeyun/Desktop/ecat_control_ws/build/ecat_pkg -- -j8 -l8
[0.797s] DEBUG:colcon.colcon_core.event_handler.log_command:Invoking command in '/home/daeyun/Desktop/ecat_control_ws/build/gui_pkg': AMENT_PREFIX_PATH=/home/daeyun/Desktop/ecat_control_ws/install/ecat_msgs:${AMENT_PREFIX_PATH} CMAKE_PREFIX_PATH=/home/daeyun/Desktop/ecat_control_ws/install/ecat_msgs:/opt/ros/foxy LD_LIBRARY_PATH=/home/daeyun/Desktop/ecat_control_ws/install/ecat_msgs/lib:${LD_LIBRARY_PATH} PYTHONPATH=/home/daeyun/Desktop/ecat_control_ws/install/ecat_msgs/lib/python3.8/site-packages:${PYTHONPATH} /usr/bin/cmake --build /home/daeyun/Desktop/ecat_control_ws/build/gui_pkg -- -j8 -l8
[0.802s] DEBUG:colcon.colcon_core.event_handler.log_command:Invoking command in '/home/daeyun/Desktop/ecat_control_ws/build/input_pkg': AMENT_PREFIX_PATH=/home/daeyun/Desktop/ecat_control_ws/install/ecat_msgs:${AMENT_PREFIX_PATH} CMAKE_PREFIX_PATH=/home/daeyun/Desktop/ecat_control_ws/install/ecat_msgs:/opt/ros/foxy LD_LIBRARY_PATH=/home/daeyun/Desktop/ecat_control_ws/install/ecat_msgs/lib:${LD_LIBRARY_PATH} PYTHONPATH=/home/daeyun/Desktop/ecat_control_ws/install/ecat_msgs/lib/python3.8/site-packages:${PYTHONPATH} /usr/bin/cmake --build /home/daeyun/Desktop/ecat_control_ws/build/input_pkg -- -j8 -l8
[0.808s] DEBUG:colcon.colcon_core.event_handler.log_command:Invoking command in '/home/daeyun/Desktop/ecat_control_ws/build/log_pkg': AMENT_PREFIX_PATH=/home/daeyun/Desktop/ecat_control_ws/install/ecat_msgs:${AMENT_PREFIX_PATH} CMAKE_PREFIX_PATH=/home/daeyun/Desktop/ecat_control_ws/install/ecat_msgs:/opt/ros/foxy LD_LIBRARY_PATH=/home/daeyun/Desktop/ecat_control_ws/install/ecat_msgs/lib:${LD_LIBRARY_PATH} PYTHONPATH=/home/daeyun/Desktop/ecat_control_ws/install/ecat_msgs/lib/python3.8/site-packages:${PYTHONPATH} /usr/bin/cmake --build /home/daeyun/Desktop/ecat_control_ws/build/log_pkg -- -j8 -l8
[0.814s] DEBUG:colcon.colcon_core.event_handler.log_command:Invoking command in '/home/daeyun/Desktop/ecat_control_ws/build/safety_pkg': AMENT_PREFIX_PATH=/home/daeyun/Desktop/ecat_control_ws/install/ecat_msgs:${AMENT_PREFIX_PATH} CMAKE_PREFIX_PATH=/home/daeyun/Desktop/ecat_control_ws/install/ecat_msgs:/opt/ros/foxy LD_LIBRARY_PATH=/home/daeyun/Desktop/ecat_control_ws/install/ecat_msgs/lib:${LD_LIBRARY_PATH} PYTHONPATH=/home/daeyun/Desktop/ecat_control_ws/install/ecat_msgs/lib/python3.8/site-packages:${PYTHONPATH} /usr/bin/cmake --build /home/daeyun/Desktop/ecat_control_ws/build/safety_pkg -- -j8 -l8
[0.880s] DEBUG:colcon.colcon_core.event_handler.log_command:Invoked command in '/home/daeyun/Desktop/ecat_control_ws/build/log_pkg' returned '0': AMENT_PREFIX_PATH=/home/daeyun/Desktop/ecat_control_ws/install/ecat_msgs:${AMENT_PREFIX_PATH} CMAKE_PREFIX_PATH=/home/daeyun/Desktop/ecat_control_ws/install/ecat_msgs:/opt/ros/foxy LD_LIBRARY_PATH=/home/daeyun/Desktop/ecat_control_ws/install/ecat_msgs/lib:${LD_LIBRARY_PATH} PYTHONPATH=/home/daeyun/Desktop/ecat_control_ws/install/ecat_msgs/lib/python3.8/site-packages:${PYTHONPATH} /usr/bin/cmake --build /home/daeyun/Desktop/ecat_control_ws/build/log_pkg -- -j8 -l8
[0.886s] DEBUG:colcon.colcon_core.event_handler.log_command:Invoked command in '/home/daeyun/Desktop/ecat_control_ws/build/ecat_pkg' returned '0': AMENT_PREFIX_PATH=/home/daeyun/Desktop/ecat_control_ws/install/ecat_msgs:${AMENT_PREFIX_PATH} CMAKE_PREFIX_PATH=/home/daeyun/Desktop/ecat_control_ws/install/ecat_msgs:/opt/ros/foxy LD_LIBRARY_PATH=/home/daeyun/Desktop/ecat_control_ws/install/ecat_msgs/lib:${LD_LIBRARY_PATH} PYTHONPATH=/home/daeyun/Desktop/ecat_control_ws/install/ecat_msgs/lib/python3.8/site-packages:${PYTHONPATH} /usr/bin/cmake --build /home/daeyun/Desktop/ecat_control_ws/build/ecat_pkg -- -j8 -l8
[0.908s] DEBUG:colcon.colcon_core.event_handler.log_command:Invoked command in '/home/daeyun/Desktop/ecat_control_ws/build/gui_pkg' returned '0': AMENT_PREFIX_PATH=/home/daeyun/Desktop/ecat_control_ws/install/ecat_msgs:${AMENT_PREFIX_PATH} CMAKE_PREFIX_PATH=/home/daeyun/Desktop/ecat_control_ws/install/ecat_msgs:/opt/ros/foxy LD_LIBRARY_PATH=/home/daeyun/Desktop/ecat_control_ws/install/ecat_msgs/lib:${LD_LIBRARY_PATH} PYTHONPATH=/home/daeyun/Desktop/ecat_control_ws/install/ecat_msgs/lib/python3.8/site-packages:${PYTHONPATH} /usr/bin/cmake --build /home/daeyun/Desktop/ecat_control_ws/build/gui_pkg -- -j8 -l8
[0.910s] DEBUG:colcon.colcon_core.event_handler.log_command:Invoked command in '/home/daeyun/Desktop/ecat_control_ws/build/safety_pkg' returned '0': AMENT_PREFIX_PATH=/home/daeyun/Desktop/ecat_control_ws/install/ecat_msgs:${AMENT_PREFIX_PATH} CMAKE_PREFIX_PATH=/home/daeyun/Desktop/ecat_control_ws/install/ecat_msgs:/opt/ros/foxy LD_LIBRARY_PATH=/home/daeyun/Desktop/ecat_control_ws/install/ecat_msgs/lib:${LD_LIBRARY_PATH} PYTHONPATH=/home/daeyun/Desktop/ecat_control_ws/install/ecat_msgs/lib/python3.8/site-packages:${PYTHONPATH} /usr/bin/cmake --build /home/daeyun/Desktop/ecat_control_ws/build/safety_pkg -- -j8 -l8
[0.916s] DEBUG:colcon.colcon_core.event_handler.log_command:Invoking command in '/home/daeyun/Desktop/ecat_control_ws/build/log_pkg': AMENT_PREFIX_PATH=/home/daeyun/Desktop/ecat_control_ws/install/ecat_msgs:${AMENT_PREFIX_PATH} CMAKE_PREFIX_PATH=/home/daeyun/Desktop/ecat_control_ws/install/ecat_msgs:/opt/ros/foxy LD_LIBRARY_PATH=/home/daeyun/Desktop/ecat_control_ws/install/ecat_msgs/lib:${LD_LIBRARY_PATH} PYTHONPATH=/home/daeyun/Desktop/ecat_control_ws/install/ecat_msgs/lib/python3.8/site-packages:${PYTHONPATH} /usr/bin/cmake --install /home/daeyun/Desktop/ecat_control_ws/build/log_pkg
[0.924s] DEBUG:colcon.colcon_core.event_handler.log_command:Invoking command in '/home/daeyun/Desktop/ecat_control_ws/build/ecat_pkg': AMENT_PREFIX_PATH=/home/daeyun/Desktop/ecat_control_ws/install/ecat_msgs:${AMENT_PREFIX_PATH} CMAKE_PREFIX_PATH=/home/daeyun/Desktop/ecat_control_ws/install/ecat_msgs:/opt/ros/foxy LD_LIBRARY_PATH=/home/daeyun/Desktop/ecat_control_ws/install/ecat_msgs/lib:${LD_LIBRARY_PATH} PYTHONPATH=/home/daeyun/Desktop/ecat_control_ws/install/ecat_msgs/lib/python3.8/site-packages:${PYTHONPATH} /usr/bin/cmake --install /home/daeyun/Desktop/ecat_control_ws/build/ecat_pkg
[0.938s] DEBUG:colcon.colcon_core.event_handler.log_command:Invoking command in '/home/daeyun/Desktop/ecat_control_ws/build/safety_pkg': AMENT_PREFIX_PATH=/home/daeyun/Desktop/ecat_control_ws/install/ecat_msgs:${AMENT_PREFIX_PATH} CMAKE_PREFIX_PATH=/home/daeyun/Desktop/ecat_control_ws/install/ecat_msgs:/opt/ros/foxy LD_LIBRARY_PATH=/home/daeyun/Desktop/ecat_control_ws/install/ecat_msgs/lib:${LD_LIBRARY_PATH} PYTHONPATH=/home/daeyun/Desktop/ecat_control_ws/install/ecat_msgs/lib/python3.8/site-packages:${PYTHONPATH} /usr/bin/cmake --install /home/daeyun/Desktop/ecat_control_ws/build/safety_pkg
[0.940s] Level 1:colcon.colcon_core.environment:create_environment_scripts_only(log_pkg)
[0.942s] Level 1:colcon.colcon_core.environment:checking '/home/daeyun/Desktop/ecat_control_ws/install/log_pkg' for CMake module files
[0.944s] Level 1:colcon.colcon_core.environment:checking '/home/daeyun/Desktop/ecat_control_ws/install/log_pkg' for CMake config files
[0.945s] DEBUG:colcon.colcon_core.event_handler.log_command:Invoked command in '/home/daeyun/Desktop/ecat_control_ws/build/log_pkg' returned '0': AMENT_PREFIX_PATH=/home/daeyun/Desktop/ecat_control_ws/install/ecat_msgs:${AMENT_PREFIX_PATH} CMAKE_PREFIX_PATH=/home/daeyun/Desktop/ecat_control_ws/install/ecat_msgs:/opt/ros/foxy LD_LIBRARY_PATH=/home/daeyun/Desktop/ecat_control_ws/install/ecat_msgs/lib:${LD_LIBRARY_PATH} PYTHONPATH=/home/daeyun/Desktop/ecat_control_ws/install/ecat_msgs/lib/python3.8/site-packages:${PYTHONPATH} /usr/bin/cmake --install /home/daeyun/Desktop/ecat_control_ws/build/log_pkg
[0.945s] Level 1:colcon.colcon_core.shell:create_environment_hook('log_pkg', 'cmake_prefix_path')
[0.946s] INFO:colcon.colcon_core.shell:Creating environment hook '/home/daeyun/Desktop/ecat_control_ws/install/log_pkg/share/log_pkg/hook/cmake_prefix_path.ps1'
[0.947s] INFO:colcon.colcon_core.shell:Creating environment descriptor '/home/daeyun/Desktop/ecat_control_ws/install/log_pkg/share/log_pkg/hook/cmake_prefix_path.dsv'
[0.947s] INFO:colcon.colcon_core.shell:Creating environment hook '/home/daeyun/Desktop/ecat_control_ws/install/log_pkg/share/log_pkg/hook/cmake_prefix_path.sh'
[0.947s] Level 1:colcon.colcon_core.environment:checking '/home/daeyun/Desktop/ecat_control_ws/install/log_pkg/lib'
[0.948s] Level 1:colcon.colcon_core.environment:checking '/home/daeyun/Desktop/ecat_control_ws/install/log_pkg/bin'
[0.948s] Level 1:colcon.colcon_core.environment:checking '/home/daeyun/Desktop/ecat_control_ws/install/log_pkg/lib/pkgconfig/log_pkg.pc'
[0.948s] Level 1:colcon.colcon_core.environment:checking '/home/daeyun/Desktop/ecat_control_ws/install/log_pkg/lib/python3.8/site-packages'
[0.948s] Level 1:colcon.colcon_core.environment:checking '/home/daeyun/Desktop/ecat_control_ws/install/log_pkg/bin'
[0.950s] INFO:colcon.colcon_core.shell:Creating package script '/home/daeyun/Desktop/ecat_control_ws/install/log_pkg/share/log_pkg/package.ps1'
[0.951s] INFO:colcon.colcon_core.shell:Creating package descriptor '/home/daeyun/Desktop/ecat_control_ws/install/log_pkg/share/log_pkg/package.dsv'
[0.951s] INFO:colcon.colcon_core.shell:Creating package script '/home/daeyun/Desktop/ecat_control_ws/install/log_pkg/share/log_pkg/package.sh'
[0.952s] INFO:colcon.colcon_core.shell:Creating package script '/home/daeyun/Desktop/ecat_control_ws/install/log_pkg/share/log_pkg/package.bash'
[0.952s] INFO:colcon.colcon_core.shell:Creating package script '/home/daeyun/Desktop/ecat_control_ws/install/log_pkg/share/log_pkg/package.zsh'
[0.953s] Level 1:colcon.colcon_core.environment:create_file_with_runtime_dependencies(/home/daeyun/Desktop/ecat_control_ws/install/log_pkg/share/colcon-core/packages/log_pkg)
[0.957s] Level 1:colcon.colcon_core.environment:create_environment_scripts_only(ecat_pkg)
[0.960s] Level 1:colcon.colcon_core.environment:checking '/home/daeyun/Desktop/ecat_control_ws/install/ecat_pkg' for CMake module files
[0.961s] DEBUG:colcon.colcon_core.event_handler.log_command:Invoked command in '/home/daeyun/Desktop/ecat_control_ws/build/ecat_pkg' returned '0': AMENT_PREFIX_PATH=/home/daeyun/Desktop/ecat_control_ws/install/ecat_msgs:${AMENT_PREFIX_PATH} CMAKE_PREFIX_PATH=/home/daeyun/Desktop/ecat_control_ws/install/ecat_msgs:/opt/ros/foxy LD_LIBRARY_PATH=/home/daeyun/Desktop/ecat_control_ws/install/ecat_msgs/lib:${LD_LIBRARY_PATH} PYTHONPATH=/home/daeyun/Desktop/ecat_control_ws/install/ecat_msgs/lib/python3.8/site-packages:${PYTHONPATH} /usr/bin/cmake --install /home/daeyun/Desktop/ecat_control_ws/build/ecat_pkg
[0.961s] Level 1:colcon.colcon_core.environment:checking '/home/daeyun/Desktop/ecat_control_ws/install/ecat_pkg' for CMake config files
[0.961s] Level 1:colcon.colcon_core.shell:create_environment_hook('ecat_pkg', 'cmake_prefix_path')
[0.963s] INFO:colcon.colcon_core.shell:Creating environment hook '/home/daeyun/Desktop/ecat_control_ws/install/ecat_pkg/share/ecat_pkg/hook/cmake_prefix_path.ps1'
[0.963s] INFO:colcon.colcon_core.shell:Creating environment descriptor '/home/daeyun/Desktop/ecat_control_ws/install/ecat_pkg/share/ecat_pkg/hook/cmake_prefix_path.dsv'
[0.964s] INFO:colcon.colcon_core.shell:Creating environment hook '/home/daeyun/Desktop/ecat_control_ws/install/ecat_pkg/share/ecat_pkg/hook/cmake_prefix_path.sh'
[0.964s] Level 1:colcon.colcon_core.environment:checking '/home/daeyun/Desktop/ecat_control_ws/install/ecat_pkg/lib'
[0.964s] Level 1:colcon.colcon_core.environment:checking '/home/daeyun/Desktop/ecat_control_ws/install/ecat_pkg/bin'
[0.964s] Level 1:colcon.colcon_core.environment:checking '/home/daeyun/Desktop/ecat_control_ws/install/ecat_pkg/lib/pkgconfig/ecat_pkg.pc'
[0.964s] Level 1:colcon.colcon_core.environment:checking '/home/daeyun/Desktop/ecat_control_ws/install/ecat_pkg/lib/python3.8/site-packages'
[0.965s] Level 1:colcon.colcon_core.environment:checking '/home/daeyun/Desktop/ecat_control_ws/install/ecat_pkg/bin'
[0.966s] INFO:colcon.colcon_core.shell:Creating package script '/home/daeyun/Desktop/ecat_control_ws/install/ecat_pkg/share/ecat_pkg/package.ps1'
[0.966s] INFO:colcon.colcon_core.shell:Creating package descriptor '/home/daeyun/Desktop/ecat_control_ws/install/ecat_pkg/share/ecat_pkg/package.dsv'
[0.966s] INFO:colcon.colcon_core.shell:Creating package script '/home/daeyun/Desktop/ecat_control_ws/install/ecat_pkg/share/ecat_pkg/package.sh'
[0.967s] INFO:colcon.colcon_core.shell:Creating package script '/home/daeyun/Desktop/ecat_control_ws/install/ecat_pkg/share/ecat_pkg/package.bash'
[0.967s] INFO:colcon.colcon_core.shell:Creating package script '/home/daeyun/Desktop/ecat_control_ws/install/ecat_pkg/share/ecat_pkg/package.zsh'
[0.967s] Level 1:colcon.colcon_core.environment:create_file_with_runtime_dependencies(/home/daeyun/Desktop/ecat_control_ws/install/ecat_pkg/share/colcon-core/packages/ecat_pkg)
[0.973s] DEBUG:colcon.colcon_core.event_handler.log_command:Invoking command in '/home/daeyun/Desktop/ecat_control_ws/build/gui_pkg': AMENT_PREFIX_PATH=/home/daeyun/Desktop/ecat_control_ws/install/ecat_msgs:${AMENT_PREFIX_PATH} CMAKE_PREFIX_PATH=/home/daeyun/Desktop/ecat_control_ws/install/ecat_msgs:/opt/ros/foxy LD_LIBRARY_PATH=/home/daeyun/Desktop/ecat_control_ws/install/ecat_msgs/lib:${LD_LIBRARY_PATH} PYTHONPATH=/home/daeyun/Desktop/ecat_control_ws/install/ecat_msgs/lib/python3.8/site-packages:${PYTHONPATH} /usr/bin/cmake --install /home/daeyun/Desktop/ecat_control_ws/build/gui_pkg
[0.975s] Level 1:colcon.colcon_core.environment:create_environment_scripts_only(safety_pkg)
[0.978s] Level 1:colcon.colcon_core.environment:checking '/home/daeyun/Desktop/ecat_control_ws/install/safety_pkg' for CMake module files
[0.978s] DEBUG:colcon.colcon_core.event_handler.log_command:Invoked command in '/home/daeyun/Desktop/ecat_control_ws/build/safety_pkg' returned '0': AMENT_PREFIX_PATH=/home/daeyun/Desktop/ecat_control_ws/install/ecat_msgs:${AMENT_PREFIX_PATH} CMAKE_PREFIX_PATH=/home/daeyun/Desktop/ecat_control_ws/install/ecat_msgs:/opt/ros/foxy LD_LIBRARY_PATH=/home/daeyun/Desktop/ecat_control_ws/install/ecat_msgs/lib:${LD_LIBRARY_PATH} PYTHONPATH=/home/daeyun/Desktop/ecat_control_ws/install/ecat_msgs/lib/python3.8/site-packages:${PYTHONPATH} /usr/bin/cmake --install /home/daeyun/Desktop/ecat_control_ws/build/safety_pkg
[0.979s] Level 1:colcon.colcon_core.environment:checking '/home/daeyun/Desktop/ecat_control_ws/install/safety_pkg' for CMake config files
[0.979s] Level 1:colcon.colcon_core.shell:create_environment_hook('safety_pkg', 'cmake_prefix_path')
[0.981s] INFO:colcon.colcon_core.shell:Creating environment hook '/home/daeyun/Desktop/ecat_control_ws/install/safety_pkg/share/safety_pkg/hook/cmake_prefix_path.ps1'
[0.982s] INFO:colcon.colcon_core.shell:Creating environment descriptor '/home/daeyun/Desktop/ecat_control_ws/install/safety_pkg/share/safety_pkg/hook/cmake_prefix_path.dsv'
[0.982s] INFO:colcon.colcon_core.shell:Creating environment hook '/home/daeyun/Desktop/ecat_control_ws/install/safety_pkg/share/safety_pkg/hook/cmake_prefix_path.sh'
[0.983s] Level 1:colcon.colcon_core.environment:checking '/home/daeyun/Desktop/ecat_control_ws/install/safety_pkg/lib'
[0.984s] Level 1:colcon.colcon_core.environment:checking '/home/daeyun/Desktop/ecat_control_ws/install/safety_pkg/bin'
[0.984s] Level 1:colcon.colcon_core.environment:checking '/home/daeyun/Desktop/ecat_control_ws/install/safety_pkg/lib/pkgconfig/safety_pkg.pc'
[0.984s] Level 1:colcon.colcon_core.environment:checking '/home/daeyun/Desktop/ecat_control_ws/install/safety_pkg/lib/python3.8/site-packages'
[0.984s] Level 1:colcon.colcon_core.environment:checking '/home/daeyun/Desktop/ecat_control_ws/install/safety_pkg/bin'
[0.985s] INFO:colcon.colcon_core.shell:Creating package script '/home/daeyun/Desktop/ecat_control_ws/install/safety_pkg/share/safety_pkg/package.ps1'
[0.986s] INFO:colcon.colcon_core.shell:Creating package descriptor '/home/daeyun/Desktop/ecat_control_ws/install/safety_pkg/share/safety_pkg/package.dsv'
[0.986s] INFO:colcon.colcon_core.shell:Creating package script '/home/daeyun/Desktop/ecat_control_ws/install/safety_pkg/share/safety_pkg/package.sh'
[0.986s] INFO:colcon.colcon_core.shell:Creating package script '/home/daeyun/Desktop/ecat_control_ws/install/safety_pkg/share/safety_pkg/package.bash'
[0.986s] INFO:colcon.colcon_core.shell:Creating package script '/home/daeyun/Desktop/ecat_control_ws/install/safety_pkg/share/safety_pkg/package.zsh'
[0.986s] Level 1:colcon.colcon_core.environment:create_file_with_runtime_dependencies(/home/daeyun/Desktop/ecat_control_ws/install/safety_pkg/share/colcon-core/packages/safety_pkg)
[0.992s] Level 1:colcon.colcon_core.environment:create_environment_scripts_only(log_pkg)
[0.995s] Level 1:colcon.colcon_core.environment:checking '/home/daeyun/Desktop/ecat_control_ws/install/log_pkg' for CMake module files
[0.996s] Level 1:colcon.colcon_core.environment:checking '/home/daeyun/Desktop/ecat_control_ws/install/log_pkg' for CMake config files
[0.996s] Level 1:colcon.colcon_core.shell:create_environment_hook('log_pkg', 'cmake_prefix_path')
[0.998s] INFO:colcon.colcon_core.shell:Creating environment hook '/home/daeyun/Desktop/ecat_control_ws/install/log_pkg/share/log_pkg/hook/cmake_prefix_path.ps1'
[0.998s] INFO:colcon.colcon_core.shell:Creating environment descriptor '/home/daeyun/Desktop/ecat_control_ws/install/log_pkg/share/log_pkg/hook/cmake_prefix_path.dsv'
[0.999s] INFO:colcon.colcon_core.shell:Creating environment hook '/home/daeyun/Desktop/ecat_control_ws/install/log_pkg/share/log_pkg/hook/cmake_prefix_path.sh'
[0.999s] Level 1:colcon.colcon_core.environment:checking '/home/daeyun/Desktop/ecat_control_ws/install/log_pkg/lib'
[0.999s] Level 1:colcon.colcon_core.environment:checking '/home/daeyun/Desktop/ecat_control_ws/install/log_pkg/bin'
[1.000s] Level 1:colcon.colcon_core.environment:checking '/home/daeyun/Desktop/ecat_control_ws/install/log_pkg/lib/pkgconfig/log_pkg.pc'
[1.000s] Level 1:colcon.colcon_core.environment:checking '/home/daeyun/Desktop/ecat_control_ws/install/log_pkg/lib/python3.8/site-packages'
[1.000s] Level 1:colcon.colcon_core.environment:checking '/home/daeyun/Desktop/ecat_control_ws/install/log_pkg/bin'
[1.001s] INFO:colcon.colcon_core.shell:Creating package script '/home/daeyun/Desktop/ecat_control_ws/install/log_pkg/share/log_pkg/package.ps1'
[1.002s] INFO:colcon.colcon_core.shell:Creating package descriptor '/home/daeyun/Desktop/ecat_control_ws/install/log_pkg/share/log_pkg/package.dsv'
[1.002s] INFO:colcon.colcon_core.shell:Creating package script '/home/daeyun/Desktop/ecat_control_ws/install/log_pkg/share/log_pkg/package.sh'
[1.003s] INFO:colcon.colcon_core.shell:Creating package script '/home/daeyun/Desktop/ecat_control_ws/install/log_pkg/share/log_pkg/package.bash'
[1.003s] INFO:colcon.colcon_core.shell:Creating package script '/home/daeyun/Desktop/ecat_control_ws/install/log_pkg/share/log_pkg/package.zsh'
[1.004s] Level 1:colcon.colcon_core.environment:create_file_with_runtime_dependencies(/home/daeyun/Desktop/ecat_control_ws/install/log_pkg/share/colcon-core/packages/log_pkg)
[1.006s] Level 1:colcon.colcon_core.environment:create_environment_scripts_only(ecat_pkg)
[1.007s] Level 1:colcon.colcon_core.environment:checking '/home/daeyun/Desktop/ecat_control_ws/install/ecat_pkg' for CMake module files
[1.008s] Level 1:colcon.colcon_core.environment:checking '/home/daeyun/Desktop/ecat_control_ws/install/ecat_pkg' for CMake config files
[1.008s] Level 1:colcon.colcon_core.shell:create_environment_hook('ecat_pkg', 'cmake_prefix_path')
[1.009s] INFO:colcon.colcon_core.shell:Creating environment hook '/home/daeyun/Desktop/ecat_control_ws/install/ecat_pkg/share/ecat_pkg/hook/cmake_prefix_path.ps1'
[1.009s] INFO:colcon.colcon_core.shell:Creating environment descriptor '/home/daeyun/Desktop/ecat_control_ws/install/ecat_pkg/share/ecat_pkg/hook/cmake_prefix_path.dsv'
[1.009s] INFO:colcon.colcon_core.shell:Creating environment hook '/home/daeyun/Desktop/ecat_control_ws/install/ecat_pkg/share/ecat_pkg/hook/cmake_prefix_path.sh'
[1.010s] Level 1:colcon.colcon_core.environment:checking '/home/daeyun/Desktop/ecat_control_ws/install/ecat_pkg/lib'
[1.010s] Level 1:colcon.colcon_core.environment:checking '/home/daeyun/Desktop/ecat_control_ws/install/ecat_pkg/bin'
[1.010s] Level 1:colcon.colcon_core.environment:checking '/home/daeyun/Desktop/ecat_control_ws/install/ecat_pkg/lib/pkgconfig/ecat_pkg.pc'
[1.010s] Level 1:colcon.colcon_core.environment:checking '/home/daeyun/Desktop/ecat_control_ws/install/ecat_pkg/lib/python3.8/site-packages'
[1.010s] Level 1:colcon.colcon_core.environment:checking '/home/daeyun/Desktop/ecat_control_ws/install/ecat_pkg/bin'
[1.011s] INFO:colcon.colcon_core.shell:Creating package script '/home/daeyun/Desktop/ecat_control_ws/install/ecat_pkg/share/ecat_pkg/package.ps1'
[1.012s] INFO:colcon.colcon_core.shell:Creating package descriptor '/home/daeyun/Desktop/ecat_control_ws/install/ecat_pkg/share/ecat_pkg/package.dsv'
[1.012s] INFO:colcon.colcon_core.shell:Creating package script '/home/daeyun/Desktop/ecat_control_ws/install/ecat_pkg/share/ecat_pkg/package.sh'
[1.012s] INFO:colcon.colcon_core.shell:Creating package script '/home/daeyun/Desktop/ecat_control_ws/install/ecat_pkg/share/ecat_pkg/package.bash'
[1.013s] INFO:colcon.colcon_core.shell:Creating package script '/home/daeyun/Desktop/ecat_control_ws/install/ecat_pkg/share/ecat_pkg/package.zsh'
[1.013s] Level 1:colcon.colcon_core.environment:create_file_with_runtime_dependencies(/home/daeyun/Desktop/ecat_control_ws/install/ecat_pkg/share/colcon-core/packages/ecat_pkg)
[1.014s] Level 1:colcon.colcon_core.environment:create_environment_scripts_only(gui_pkg)
[1.015s] Level 1:colcon.colcon_core.environment:checking '/home/daeyun/Desktop/ecat_control_ws/install/gui_pkg' for CMake module files
[1.015s] DEBUG:colcon.colcon_core.event_handler.log_command:Invoked command in '/home/daeyun/Desktop/ecat_control_ws/build/gui_pkg' returned '0': AMENT_PREFIX_PATH=/home/daeyun/Desktop/ecat_control_ws/install/ecat_msgs:${AMENT_PREFIX_PATH} CMAKE_PREFIX_PATH=/home/daeyun/Desktop/ecat_control_ws/install/ecat_msgs:/opt/ros/foxy LD_LIBRARY_PATH=/home/daeyun/Desktop/ecat_control_ws/install/ecat_msgs/lib:${LD_LIBRARY_PATH} PYTHONPATH=/home/daeyun/Desktop/ecat_control_ws/install/ecat_msgs/lib/python3.8/site-packages:${PYTHONPATH} /usr/bin/cmake --install /home/daeyun/Desktop/ecat_control_ws/build/gui_pkg
[1.016s] Level 1:colcon.colcon_core.environment:checking '/home/daeyun/Desktop/ecat_control_ws/install/gui_pkg' for CMake config files
[1.016s] Level 1:colcon.colcon_core.shell:create_environment_hook('gui_pkg', 'cmake_prefix_path')
[1.017s] INFO:colcon.colcon_core.shell:Creating environment hook '/home/daeyun/Desktop/ecat_control_ws/install/gui_pkg/share/gui_pkg/hook/cmake_prefix_path.ps1'
[1.017s] INFO:colcon.colcon_core.shell:Creating environment descriptor '/home/daeyun/Desktop/ecat_control_ws/install/gui_pkg/share/gui_pkg/hook/cmake_prefix_path.dsv'
[1.017s] INFO:colcon.colcon_core.shell:Creating environment hook '/home/daeyun/Desktop/ecat_control_ws/install/gui_pkg/share/gui_pkg/hook/cmake_prefix_path.sh'
[1.017s] Level 1:colcon.colcon_core.environment:checking '/home/daeyun/Desktop/ecat_control_ws/install/gui_pkg/lib'
[1.018s] Level 1:colcon.colcon_core.environment:checking '/home/daeyun/Desktop/ecat_control_ws/install/gui_pkg/bin'
[1.018s] Level 1:colcon.colcon_core.environment:checking '/home/daeyun/Desktop/ecat_control_ws/install/gui_pkg/lib/pkgconfig/gui_pkg.pc'
[1.018s] Level 1:colcon.colcon_core.environment:checking '/home/daeyun/Desktop/ecat_control_ws/install/gui_pkg/lib/python3.8/site-packages'
[1.018s] Level 1:colcon.colcon_core.environment:checking '/home/daeyun/Desktop/ecat_control_ws/install/gui_pkg/bin'
[1.019s] INFO:colcon.colcon_core.shell:Creating package script '/home/daeyun/Desktop/ecat_control_ws/install/gui_pkg/share/gui_pkg/package.ps1'
[1.019s] INFO:colcon.colcon_core.shell:Creating package descriptor '/home/daeyun/Desktop/ecat_control_ws/install/gui_pkg/share/gui_pkg/package.dsv'
[1.019s] INFO:colcon.colcon_core.shell:Creating package script '/home/daeyun/Desktop/ecat_control_ws/install/gui_pkg/share/gui_pkg/package.sh'
[1.020s] INFO:colcon.colcon_core.shell:Creating package script '/home/daeyun/Desktop/ecat_control_ws/install/gui_pkg/share/gui_pkg/package.bash'
[1.020s] INFO:colcon.colcon_core.shell:Creating package script '/home/daeyun/Desktop/ecat_control_ws/install/gui_pkg/share/gui_pkg/package.zsh'
[1.020s] Level 1:colcon.colcon_core.environment:create_file_with_runtime_dependencies(/home/daeyun/Desktop/ecat_control_ws/install/gui_pkg/share/colcon-core/packages/gui_pkg)
[1.024s] Level 1:colcon.colcon_core.environment:create_environment_scripts_only(safety_pkg)
[1.026s] Level 1:colcon.colcon_core.environment:checking '/home/daeyun/Desktop/ecat_control_ws/install/safety_pkg' for CMake module files
[1.027s] Level 1:colcon.colcon_core.environment:checking '/home/daeyun/Desktop/ecat_control_ws/install/safety_pkg' for CMake config files
[1.027s] Level 1:colcon.colcon_core.shell:create_environment_hook('safety_pkg', 'cmake_prefix_path')
[1.028s] INFO:colcon.colcon_core.shell:Creating environment hook '/home/daeyun/Desktop/ecat_control_ws/install/safety_pkg/share/safety_pkg/hook/cmake_prefix_path.ps1'
[1.029s] INFO:colcon.colcon_core.shell:Creating environment descriptor '/home/daeyun/Desktop/ecat_control_ws/install/safety_pkg/share/safety_pkg/hook/cmake_prefix_path.dsv'
[1.029s] INFO:colcon.colcon_core.shell:Creating environment hook '/home/daeyun/Desktop/ecat_control_ws/install/safety_pkg/share/safety_pkg/hook/cmake_prefix_path.sh'
[1.030s] Level 1:colcon.colcon_core.environment:checking '/home/daeyun/Desktop/ecat_control_ws/install/safety_pkg/lib'
[1.030s] Level 1:colcon.colcon_core.environment:checking '/home/daeyun/Desktop/ecat_control_ws/install/safety_pkg/bin'
[1.030s] Level 1:colcon.colcon_core.environment:checking '/home/daeyun/Desktop/ecat_control_ws/install/safety_pkg/lib/pkgconfig/safety_pkg.pc'
[1.030s] Level 1:colcon.colcon_core.environment:checking '/home/daeyun/Desktop/ecat_control_ws/install/safety_pkg/lib/python3.8/site-packages'
[1.030s] Level 1:colcon.colcon_core.environment:checking '/home/daeyun/Desktop/ecat_control_ws/install/safety_pkg/bin'
[1.032s] INFO:colcon.colcon_core.shell:Creating package script '/home/daeyun/Desktop/ecat_control_ws/install/safety_pkg/share/safety_pkg/package.ps1'
[1.032s] INFO:colcon.colcon_core.shell:Creating package descriptor '/home/daeyun/Desktop/ecat_control_ws/install/safety_pkg/share/safety_pkg/package.dsv'
[1.033s] INFO:colcon.colcon_core.shell:Creating package script '/home/daeyun/Desktop/ecat_control_ws/install/safety_pkg/share/safety_pkg/package.sh'
[1.033s] INFO:colcon.colcon_core.shell:Creating package script '/home/daeyun/Desktop/ecat_control_ws/install/safety_pkg/share/safety_pkg/package.bash'
[1.033s] INFO:colcon.colcon_core.shell:Creating package script '/home/daeyun/Desktop/ecat_control_ws/install/safety_pkg/share/safety_pkg/package.zsh'
[1.034s] Level 1:colcon.colcon_core.environment:create_file_with_runtime_dependencies(/home/daeyun/Desktop/ecat_control_ws/install/safety_pkg/share/colcon-core/packages/safety_pkg)
[1.059s] Level 1:colcon.colcon_core.environment:create_environment_scripts_only(gui_pkg)
[1.060s] Level 1:colcon.colcon_core.environment:checking '/home/daeyun/Desktop/ecat_control_ws/install/gui_pkg' for CMake module files
[1.060s] Level 1:colcon.colcon_core.environment:checking '/home/daeyun/Desktop/ecat_control_ws/install/gui_pkg' for CMake config files
[1.060s] Level 1:colcon.colcon_core.shell:create_environment_hook('gui_pkg', 'cmake_prefix_path')
[1.061s] INFO:colcon.colcon_core.shell:Creating environment hook '/home/daeyun/Desktop/ecat_control_ws/install/gui_pkg/share/gui_pkg/hook/cmake_prefix_path.ps1'
[1.062s] INFO:colcon.colcon_core.shell:Creating environment descriptor '/home/daeyun/Desktop/ecat_control_ws/install/gui_pkg/share/gui_pkg/hook/cmake_prefix_path.dsv'
[1.062s] INFO:colcon.colcon_core.shell:Creating environment hook '/home/daeyun/Desktop/ecat_control_ws/install/gui_pkg/share/gui_pkg/hook/cmake_prefix_path.sh'
[1.062s] Level 1:colcon.colcon_core.environment:checking '/home/daeyun/Desktop/ecat_control_ws/install/gui_pkg/lib'
[1.062s] Level 1:colcon.colcon_core.environment:checking '/home/daeyun/Desktop/ecat_control_ws/install/gui_pkg/bin'
[1.062s] Level 1:colcon.colcon_core.environment:checking '/home/daeyun/Desktop/ecat_control_ws/install/gui_pkg/lib/pkgconfig/gui_pkg.pc'
[1.063s] Level 1:colcon.colcon_core.environment:checking '/home/daeyun/Desktop/ecat_control_ws/install/gui_pkg/lib/python3.8/site-packages'
[1.063s] Level 1:colcon.colcon_core.environment:checking '/home/daeyun/Desktop/ecat_control_ws/install/gui_pkg/bin'
[1.064s] INFO:colcon.colcon_core.shell:Creating package script '/home/daeyun/Desktop/ecat_control_ws/install/gui_pkg/share/gui_pkg/package.ps1'
[1.064s] INFO:colcon.colcon_core.shell:Creating package descriptor '/home/daeyun/Desktop/ecat_control_ws/install/gui_pkg/share/gui_pkg/package.dsv'
[1.064s] INFO:colcon.colcon_core.shell:Creating package script '/home/daeyun/Desktop/ecat_control_ws/install/gui_pkg/share/gui_pkg/package.sh'
[1.064s] INFO:colcon.colcon_core.shell:Creating package script '/home/daeyun/Desktop/ecat_control_ws/install/gui_pkg/share/gui_pkg/package.bash'
[1.065s] INFO:colcon.colcon_core.shell:Creating package script '/home/daeyun/Desktop/ecat_control_ws/install/gui_pkg/share/gui_pkg/package.zsh'
[1.065s] Level 1:colcon.colcon_core.environment:create_file_with_runtime_dependencies(/home/daeyun/Desktop/ecat_control_ws/install/gui_pkg/share/colcon-core/packages/gui_pkg)
[1.678s] DEBUG:colcon.colcon_core.event_handler.log_command:Invoked command in '/home/daeyun/Desktop/ecat_control_ws/build/input_pkg' returned '2': AMENT_PREFIX_PATH=/home/daeyun/Desktop/ecat_control_ws/install/ecat_msgs:${AMENT_PREFIX_PATH} CMAKE_PREFIX_PATH=/home/daeyun/Desktop/ecat_control_ws/install/ecat_msgs:/opt/ros/foxy LD_LIBRARY_PATH=/home/daeyun/Desktop/ecat_control_ws/install/ecat_msgs/lib:${LD_LIBRARY_PATH} PYTHONPATH=/home/daeyun/Desktop/ecat_control_ws/install/ecat_msgs/lib/python3.8/site-packages:${PYTHONPATH} /usr/bin/cmake --build /home/daeyun/Desktop/ecat_control_ws/build/input_pkg -- -j8 -l8
[1.697s] Level 1:colcon.colcon_core.environment:create_environment_scripts_only(input_pkg)
[1.699s] Level 1:colcon.colcon_core.environment:checking '/home/daeyun/Desktop/ecat_control_ws/install/input_pkg' for CMake module files
[1.699s] Level 1:colcon.colcon_core.environment:checking '/home/daeyun/Desktop/ecat_control_ws/install/input_pkg' for CMake config files
[1.699s] Level 1:colcon.colcon_core.shell:create_environment_hook('input_pkg', 'cmake_prefix_path')
[1.700s] INFO:colcon.colcon_core.shell:Creating environment hook '/home/daeyun/Desktop/ecat_control_ws/install/input_pkg/share/input_pkg/hook/cmake_prefix_path.ps1'
[1.701s] INFO:colcon.colcon_core.shell:Creating environment descriptor '/home/daeyun/Desktop/ecat_control_ws/install/input_pkg/share/input_pkg/hook/cmake_prefix_path.dsv'
[1.701s] INFO:colcon.colcon_core.shell:Creating environment hook '/home/daeyun/Desktop/ecat_control_ws/install/input_pkg/share/input_pkg/hook/cmake_prefix_path.sh'
[1.701s] Level 1:colcon.colcon_core.environment:checking '/home/daeyun/Desktop/ecat_control_ws/install/input_pkg/lib'
[1.701s] Level 1:colcon.colcon_core.environment:checking '/home/daeyun/Desktop/ecat_control_ws/install/input_pkg/bin'
[1.701s] Level 1:colcon.colcon_core.environment:checking '/home/daeyun/Desktop/ecat_control_ws/install/input_pkg/lib/pkgconfig/input_pkg.pc'
[1.701s] Level 1:colcon.colcon_core.environment:checking '/home/daeyun/Desktop/ecat_control_ws/install/input_pkg/lib/python3.8/site-packages'
[1.702s] Level 1:colcon.colcon_core.environment:checking '/home/daeyun/Desktop/ecat_control_ws/install/input_pkg/bin'
[1.702s] INFO:colcon.colcon_core.shell:Creating package script '/home/daeyun/Desktop/ecat_control_ws/install/input_pkg/share/input_pkg/package.ps1'
[1.703s] INFO:colcon.colcon_core.shell:Creating package descriptor '/home/daeyun/Desktop/ecat_control_ws/install/input_pkg/share/input_pkg/package.dsv'
[1.704s] ERROR:colcon.colcon_core.environment:Exception in shell extension 'dsv': [Errno 13] Permission denied: '/home/daeyun/Desktop/ecat_control_ws/install/input_pkg/share/input_pkg/package.dsv'
Traceback (most recent call last):
  File "/usr/lib/python3/dist-packages/colcon_core/environment/__init__.py", line 131, in create_environment_scripts_only
    retval = extension.create_package_script(
  File "/usr/lib/python3/dist-packages/colcon_core/shell/dsv.py", line 30, in create_package_script
    expand_template(
  File "/usr/lib/python3/dist-packages/colcon_core/shell/template/__init__.py", line 54, in expand_template
    with destination_path.open('w') as h:
  File "/usr/lib/python3.8/pathlib.py", line 1222, in open
    return io.open(self, mode, buffering, encoding, errors, newline,
  File "/usr/lib/python3.8/pathlib.py", line 1078, in _opener
    return self._accessor.open(self, flags, mode)
PermissionError: [Errno 13] Permission denied: '/home/daeyun/Desktop/ecat_control_ws/install/input_pkg/share/input_pkg/package.dsv'

[1.704s] INFO:colcon.colcon_core.shell:Creating package script '/home/daeyun/Desktop/ecat_control_ws/install/input_pkg/share/input_pkg/package.sh'
[1.704s] INFO:colcon.colcon_core.shell:Creating package script '/home/daeyun/Desktop/ecat_control_ws/install/input_pkg/share/input_pkg/package.bash'
[1.705s] INFO:colcon.colcon_core.shell:Creating package script '/home/daeyun/Desktop/ecat_control_ws/install/input_pkg/share/input_pkg/package.zsh'
[1.705s] Level 1:colcon.colcon_core.environment:create_file_with_runtime_dependencies(/home/daeyun/Desktop/ecat_control_ws/install/input_pkg/share/colcon-core/packages/input_pkg)
[1.715s] DEBUG:colcon.colcon_parallel_executor.executor.parallel:closing loop
[1.716s] DEBUG:colcon.colcon_parallel_executor.executor.parallel:loop closed
[1.716s] DEBUG:colcon.colcon_parallel_executor.executor.parallel:run_until_complete finished with '2'
[1.716s] DEBUG:colcon.colcon_core.event_reactor:joining thread
[1.722s] INFO:colcon.colcon_core.plugin_system:Skipping extension 'colcon_notification.desktop_notification.terminal_notifier': Not used on non-Darwin systems
[1.722s] INFO:colcon.colcon_core.plugin_system:Skipping extension 'colcon_notification.desktop_notification.win32': Not used on non-Windows systems
[1.722s] INFO:colcon.colcon_notification.desktop_notification:Sending desktop notification using 'notify2'
[1.738s] DEBUG:colcon.colcon_core.event_reactor:joined thread
[1.739s] INFO:colcon.colcon_core.shell:Creating prefix script '/home/daeyun/Desktop/ecat_control_ws/install/local_setup.ps1'
[1.740s] INFO:colcon.colcon_core.shell:Creating prefix util module '/home/daeyun/Desktop/ecat_control_ws/install/_local_setup_util_ps1.py'
[1.741s] INFO:colcon.colcon_core.shell:Creating prefix chain script '/home/daeyun/Desktop/ecat_control_ws/install/setup.ps1'
[1.742s] INFO:colcon.colcon_core.shell:Creating prefix script '/home/daeyun/Desktop/ecat_control_ws/install/local_setup.sh'
[1.742s] INFO:colcon.colcon_core.shell:Creating prefix util module '/home/daeyun/Desktop/ecat_control_ws/install/_local_setup_util_sh.py'
[1.743s] INFO:colcon.colcon_core.shell:Creating prefix chain script '/home/daeyun/Desktop/ecat_control_ws/install/setup.sh'
[1.743s] INFO:colcon.colcon_core.shell:Creating prefix script '/home/daeyun/Desktop/ecat_control_ws/install/local_setup.bash'
[1.744s] INFO:colcon.colcon_core.shell:Creating prefix chain script '/home/daeyun/Desktop/ecat_control_ws/install/setup.bash'
[1.745s] INFO:colcon.colcon_core.shell:Creating prefix script '/home/daeyun/Desktop/ecat_control_ws/install/local_setup.zsh'
[1.745s] INFO:colcon.colcon_core.shell:Creating prefix chain script '/home/daeyun/Desktop/ecat_control_ws/install/setup.zsh'
