[0.026s] Invoking command in '/home/daeyun/Desktop/ecat_control_ws/build/input_pkg': AMENT_PREFIX_PATH=/home/daeyun/Desktop/ecat_control_ws/install/ecat_msgs:${AMENT_PREFIX_PATH} CMAKE_PREFIX_PATH=/home/daeyun/Desktop/ecat_control_ws/install/ecat_msgs:/opt/ros/foxy LD_LIBRARY_PATH=/home/daeyun/Desktop/ecat_control_ws/install/ecat_msgs/lib:${LD_LIBRARY_PATH} PYTHONPATH=/home/daeyun/Desktop/ecat_control_ws/install/ecat_msgs/lib/python3.8/site-packages:${PYTHONPATH} /usr/bin/cmake --build /home/daeyun/Desktop/ecat_control_ws/build/input_pkg -- -j8 -l8
[0.054s] -- Found ament_cmake: 0.9.9 (/opt/ros/foxy/share/ament_cmake/cmake)
[0.072s] -- Using PYTHON_EXECUTABLE: /usr/bin/python3
[0.215s] -- Override CMake install command with custom implementation using symlinks instead of copying resources
[0.219s] -- Found rclcpp: 2.4.1 (/opt/ros/foxy/share/rclcpp/cmake)
[0.246s] -- Using all available rosidl_typesupport_c: rosidl_typesupport_fastrtps_c;rosidl_typesupport_introspection_c
[0.248s] -- Found rosidl_adapter: 1.2.1 (/opt/ros/foxy/share/rosidl_adapter/cmake)
[0.345s] -- Using all available rosidl_typesupport_cpp: rosidl_typesupport_fastrtps_cpp;rosidl_typesupport_introspection_cpp
[0.379s] -- Found rmw_implementation_cmake: 1.0.3 (/opt/ros/foxy/share/rmw_implementation_cmake/cmake)
[0.380s] -- Using RMW implementation 'rmw_fastrtps_cpp' as default
[0.476s] -- Found sensor_msgs: 2.0.5 (/opt/ros/foxy/share/sensor_msgs/cmake)
[0.549s] -- Found ecat_msgs: 0.0.1 (/home/daeyun/Desktop/ecat_control_ws/install/ecat_msgs/share/ecat_msgs/cmake)
[0.575s] -- Found ament_lint_auto: 0.9.6 (/opt/ros/foxy/share/ament_lint_auto/cmake)
[0.619s] -- Added test 'copyright' to check source files copyright and LICENSE
[0.620s] -- Added test 'cppcheck' to perform static code analysis on C / C++ code
[0.620s] -- Configured cppcheck include dirs: /home/daeyun/Desktop/ecat_control_ws/src/input_pkg/include/input_pkg;/home/daeyun/Desktop/ecat_control_ws/src/input_pkg/../ecat_pkg/include;$<BUILD_INTERFACE:/home/daeyun/Desktop/ecat_control_ws/src/input_pkg/include>
[0.620s] -- Configured cppcheck exclude dirs and/or files: 
[0.620s] -- Added test 'cpplint' to check C / C++ code against the Google style
[0.620s] -- Configured cpplint exclude dirs and/or files: 
[0.621s] -- Added test 'lint_cmake' to check CMake code style
[0.621s] -- Added test 'uncrustify' to check C / C++ code style
[0.621s] -- Configured uncrustify additional arguments: 
[0.622s] -- Added test 'xmllint' to check XML markup files
[0.624s] -- Configuring done
[0.631s] -- Generating done
[0.632s] -- Build files have been written to: /home/daeyun/Desktop/ecat_control_ws/build/input_pkg
[0.659s] [35m[1mScanning dependencies of target hapticNode[0m
[0.674s] [ 66%] [32mBuilding CXX object CMakeFiles/hapticNode.dir/src/hapticNode.cpp.o[0m
[0.674s] [ 66%] [32mBuilding CXX object CMakeFiles/hapticNode.dir/src/TCPcomm.cpp.o[0m
[0.790s] In file included from [01m[K/home/daeyun/Desktop/ecat_control_ws/src/input_pkg/src/hapticNode.cpp:28[m[K:
[0.790s] [01m[K/home/daeyun/Desktop/ecat_control_ws/src/input_pkg/include/input_pkg/hapticNode.hpp:33:10:[m[K [01;31m[Kfatal error: [m[Kecat_globals.hpp: No such file or directory
[0.790s]    33 | #include [01;31m[K"ecat_globals.hpp"[m[K
[0.790s]       |          [01;31m[K^~~~~~~~~~~~~~~~~~[m[K
[0.790s] compilation terminated.
[0.792s] make[2]: *** [CMakeFiles/hapticNode.dir/build.make:63: CMakeFiles/hapticNode.dir/src/hapticNode.cpp.o] Error 1
[0.793s] make[2]: *** Waiting for unfinished jobs....
[0.858s] [01m[K/home/daeyun/Desktop/ecat_control_ws/src/input_pkg/src/TCPcomm.cpp:[m[K In constructor ‘[01m[KTCPCommunication::TCPServer::TCPServer(int)[m[K’:
[0.858s] [01m[K/home/daeyun/Desktop/ecat_control_ws/src/input_pkg/src/TCPcomm.cpp:31:39:[m[K [01;35m[Kwarning: [m[Kformat ‘[01m[K%d[m[K’ expects argument of type ‘[01m[Kint[m[K’, but argument 2 has type ‘[01m[Kssize_t[m[K’ {aka ‘[01m[Klong int[m[K’} [[01;35m[K-Wformat=[m[K]
[0.858s]    31 |     printf("Size of Buffer(server) = [01;35m[K%d[m[K\n", [32m[Kbuffer_size_[m[K);
[0.858s]       |                                      [01;35m[K~^[m[K     [32m[K~~~~~~~~~~~~[m[K
[0.858s]       |                                       [01;35m[K|[m[K     [32m[K|[m[K
[0.858s]       |                                       [01;35m[Kint[m[K   [32m[Kssize_t {aka long int}[m[K
[0.858s]       |                                      [32m[K%ld[m[K
[0.859s] [01m[K/home/daeyun/Desktop/ecat_control_ws/src/input_pkg/src/TCPcomm.cpp:[m[K In constructor ‘[01m[KTCPCommunication::TCPServer::TCPServer(int, int)[m[K’:
[0.859s] [01m[K/home/daeyun/Desktop/ecat_control_ws/src/input_pkg/src/TCPcomm.cpp:44:39:[m[K [01;35m[Kwarning: [m[Kformat ‘[01m[K%d[m[K’ expects argument of type ‘[01m[Kint[m[K’, but argument 2 has type ‘[01m[Kssize_t[m[K’ {aka ‘[01m[Klong int[m[K’} [[01;35m[K-Wformat=[m[K]
[0.859s]    44 |     printf("Size of Buffer(server) = [01;35m[K%d[m[K\n", [32m[Kbuffer_size_[m[K);
[0.859s]       |                                      [01;35m[K~^[m[K     [32m[K~~~~~~~~~~~~[m[K
[0.859s]       |                                       [01;35m[K|[m[K     [32m[K|[m[K
[0.859s]       |                                       [01;35m[Kint[m[K   [32m[Kssize_t {aka long int}[m[K
[0.859s]       |                                      [32m[K%ld[m[K
[0.859s] [01m[K/home/daeyun/Desktop/ecat_control_ws/src/input_pkg/src/TCPcomm.cpp:[m[K In constructor ‘[01m[KTCPCommunication::TCPServer::TCPServer(int, int, int)[m[K’:
[0.859s] [01m[K/home/daeyun/Desktop/ecat_control_ws/src/input_pkg/src/TCPcomm.cpp:57:39:[m[K [01;35m[Kwarning: [m[Kformat ‘[01m[K%d[m[K’ expects argument of type ‘[01m[Kint[m[K’, but argument 2 has type ‘[01m[Kssize_t[m[K’ {aka ‘[01m[Klong int[m[K’} [[01;35m[K-Wformat=[m[K]
[0.859s]    57 |     printf("Size of Buffer(server) = [01;35m[K%d[m[K\n", [32m[Kbuffer_size_[m[K);
[0.859s]       |                                      [01;35m[K~^[m[K     [32m[K~~~~~~~~~~~~[m[K
[0.859s]       |                                       [01;35m[K|[m[K     [32m[K|[m[K
[0.859s]       |                                       [01;35m[Kint[m[K   [32m[Kssize_t {aka long int}[m[K
[0.859s]       |                                      [32m[K%ld[m[K
[0.860s] [01m[K/home/daeyun/Desktop/ecat_control_ws/src/input_pkg/src/TCPcomm.cpp:[m[K In constructor ‘[01m[KTCPCommunication::TCPClient::TCPClient(const char*, int)[m[K’:
[0.861s] [01m[K/home/daeyun/Desktop/ecat_control_ws/src/input_pkg/src/TCPcomm.cpp:221:27:[m[K [01;35m[Kwarning: [m[Kformat ‘[01m[K%s[m[K’ expects argument of type ‘[01m[Kchar*[m[K’, but argument 2 has type ‘[01m[Kstd::string[m[K’ {aka ‘[01m[Kstd::__cxx11::basic_string<char>[m[K’} [[01;35m[K-Wformat=[m[K]
[0.861s]   221 |     printf("IP address : [01;35m[K%s[m[K", IP_address_);
[0.861s]       |                          [01;35m[K~^[m[K
[0.861s]       |                           [01;35m[K|[m[K
[0.861s]       |                           [01;35m[Kchar*[m[K
[0.861s] [01m[K/home/daeyun/Desktop/ecat_control_ws/src/input_pkg/src/TCPcomm.cpp:223:48:[m[K [01;35m[Kwarning: [m[Kformat ‘[01m[K%d[m[K’ expects argument of type ‘[01m[Kint[m[K’, but argument 2 has type ‘[01m[Kssize_t[m[K’ {aka ‘[01m[Klong int[m[K’} [[01;35m[K-Wformat=[m[K]
[0.861s]   223 |     printf("Size of Buffer(client, DEFAULT) = [01;35m[K%d[m[K\n", [32m[Kbuffer_size_[m[K);
[0.861s]       |                                               [01;35m[K~^[m[K     [32m[K~~~~~~~~~~~~[m[K
[0.861s]       |                                                [01;35m[K|[m[K     [32m[K|[m[K
[0.861s]       |                                                [01;35m[Kint[m[K   [32m[Kssize_t {aka long int}[m[K
[0.861s]       |                                               [32m[K%ld[m[K
[0.861s] [01m[K/home/daeyun/Desktop/ecat_control_ws/src/input_pkg/src/TCPcomm.cpp:[m[K In constructor ‘[01m[KTCPCommunication::TCPClient::TCPClient(const char*, int, int)[m[K’:
[0.861s] [01m[K/home/daeyun/Desktop/ecat_control_ws/src/input_pkg/src/TCPcomm.cpp:234:27:[m[K [01;35m[Kwarning: [m[Kformat ‘[01m[K%s[m[K’ expects argument of type ‘[01m[Kchar*[m[K’, but argument 2 has type ‘[01m[Kstd::string[m[K’ {aka ‘[01m[Kstd::__cxx11::basic_string<char>[m[K’} [[01;35m[K-Wformat=[m[K]
[0.861s]   234 |     printf("IP address : [01;35m[K%s[m[K", IP_address_);
[0.861s]       |                          [01;35m[K~^[m[K
[0.861s]       |                           [01;35m[K|[m[K
[0.861s]       |                           [01;35m[Kchar*[m[K
[0.861s] [01m[K/home/daeyun/Desktop/ecat_control_ws/src/input_pkg/src/TCPcomm.cpp:236:39:[m[K [01;35m[Kwarning: [m[Kformat ‘[01m[K%d[m[K’ expects argument of type ‘[01m[Kint[m[K’, but argument 2 has type ‘[01m[Kssize_t[m[K’ {aka ‘[01m[Klong int[m[K’} [[01;35m[K-Wformat=[m[K]
[0.861s]   236 |     printf("Size of Buffer(client) = [01;35m[K%d[m[K\n", [32m[Kbuffer_size_[m[K);
[0.861s]       |                                      [01;35m[K~^[m[K     [32m[K~~~~~~~~~~~~[m[K
[0.861s]       |                                       [01;35m[K|[m[K     [32m[K|[m[K
[0.862s]       |                                       [01;35m[Kint[m[K   [32m[Kssize_t {aka long int}[m[K
[0.862s]       |                                      [32m[K%ld[m[K
[0.962s] make[1]: *** [CMakeFiles/Makefile2:78: CMakeFiles/hapticNode.dir/all] Error 2
[0.962s] make: *** [Makefile:141: all] Error 2
[0.964s] Invoked command in '/home/daeyun/Desktop/ecat_control_ws/build/input_pkg' returned '2': AMENT_PREFIX_PATH=/home/daeyun/Desktop/ecat_control_ws/install/ecat_msgs:${AMENT_PREFIX_PATH} CMAKE_PREFIX_PATH=/home/daeyun/Desktop/ecat_control_ws/install/ecat_msgs:/opt/ros/foxy LD_LIBRARY_PATH=/home/daeyun/Desktop/ecat_control_ws/install/ecat_msgs/lib:${LD_LIBRARY_PATH} PYTHONPATH=/home/daeyun/Desktop/ecat_control_ws/install/ecat_msgs/lib/python3.8/site-packages:${PYTHONPATH} /usr/bin/cmake --build /home/daeyun/Desktop/ecat_control_ws/build/input_pkg -- -j8 -l8
