CMake Warning (dev) at CMakeLists.txt:41:
  Syntax Warning in cmake code at column 41

  Argument not separated from preceding token by whitespace.
This warning is for project developers.  Use -Wno-dev to suppress it.

-- Found ament_cmake: 0.9.9 (/opt/ros/foxy/share/ament_cmake/cmake)
-- Using PYTHON_EXECUTABLE: /usr/bin/python3
-- Override CMake install command with custom implementation using symlinks instead of copying resources
-- Found rclcpp: 2.4.1 (/opt/ros/foxy/share/rclcpp/cmake)
-- Using all available rosidl_typesupport_c: rosidl_typesupport_fastrtps_c;rosidl_typesupport_introspection_c
-- Found rosidl_adapter: 1.2.1 (/opt/ros/foxy/share/rosidl_adapter/cmake)
-- Using all available rosidl_typesupport_cpp: rosidl_typesupport_fastrtps_cpp;rosidl_typesupport_introspection_cpp
-- Found rmw_implementation_cmake: 1.0.3 (/opt/ros/foxy/share/rmw_implementation_cmake/cmake)
-- Using RMW implementation 'rmw_fastrtps_cpp' as default
-- Found sensor_msgs: 2.0.5 (/opt/ros/foxy/share/sensor_msgs/cmake)
-- Found ecat_msgs: 0.0.1 (/home/daeyun/Desktop/ecat_control_ws/install/ecat_msgs/share/ecat_msgs/cmake)
CMake Error at CMakeLists.txt:34 (find_package):
  By not providing "Findecat_pkg.cmake" in CMAKE_MODULE_PATH this project has
  asked CMake to find a package configuration file provided by "ecat_pkg",
  but CMake did not find one.

  Could not find a package configuration file provided by "ecat_pkg" with any
  of the following names:

    ecat_pkgConfig.cmake
    ecat_pkg-config.cmake

  Add the installation prefix of "ecat_pkg" to CMAKE_PREFIX_PATH or set
  "ecat_pkg_DIR" to a directory containing one of the above files.  If
  "ecat_pkg" provides a separate development package or SDK, be sure it has
  been installed.


-- Configuring incomplete, errors occurred!
See also "/home/daeyun/Desktop/ecat_control_ws/build/input_pkg/CMakeFiles/CMakeOutput.log".
See also "/home/daeyun/Desktop/ecat_control_ws/build/input_pkg/CMakeFiles/CMakeError.log".
make: *** [Makefile:296: cmake_check_build_system] Error 1
