[0.012s] Invoking command in '/home/daeyun/Desktop/ecat_control_ws/build/data_extract_pkg': CMAKE_PREFIX_PATH=${CMAKE_PREFIX_PATH}:/opt/ros/foxy /usr/bin/cmake /home/daeyun/Desktop/ecat_control_ws/src/data_extract_pkg -DCMAKE_INSTALL_PREFIX=/home/daeyun/Desktop/ecat_control_ws/install/data_extract_pkg
[0.028s] -- Found ament_cmake: 0.9.9 (/opt/ros/foxy/share/ament_cmake/cmake)
[0.046s] -- Using PYTHON_EXECUTABLE: /usr/bin/python3
[0.165s] -- Override CMake install command with custom implementation using symlinks instead of copying resources
[0.178s] -- Found rclcpp: 2.4.1 (/opt/ros/foxy/share/rclcpp/cmake)
[0.212s] -- Using all available rosidl_typesupport_c: rosidl_typesupport_fastrtps_c;rosidl_typesupport_introspection_c
[0.216s] -- Found rosidl_adapter: 1.2.1 (/opt/ros/foxy/share/rosidl_adapter/cmake)
[0.327s] -- Using all available rosidl_typesupport_cpp: rosidl_typesupport_fastrtps_cpp;rosidl_typesupport_introspection_cpp
[0.373s] -- Found rmw_implementation_cmake: 1.0.3 (/opt/ros/foxy/share/rmw_implementation_cmake/cmake)
[0.375s] -- Using RMW implementation 'rmw_fastrtps_cpp' as default
[0.479s] -- Found ecat_msgs: 0.0.1 (/home/daeyun/Desktop/ecat_control_ws/install/ecat_msgs/share/ecat_msgs/cmake)
[0.511s] -- Found ament_lint_auto: 0.9.6 (/opt/ros/foxy/share/ament_lint_auto/cmake)
[0.565s] -- Added test 'copyright' to check source files copyright and LICENSE
[0.565s] -- Added test 'cppcheck' to perform static code analysis on C / C++ code
[0.566s] -- Configured cppcheck include dirs: /home/daeyun/Desktop/ecat_control_ws/src/data_extract_pkg/include/data_extract_pkg;/home/daeyun/Desktop/ecat_control_ws/src/data_extract_pkg/../ecat_pkg/include/ecat_pkg;/home/daeyun/Desktop/ecat_control_ws/src/data_extract_pkg/../ecat_msgs/msg;$<BUILD_INTERFACE:/home/daeyun/Desktop/ecat_control_ws/src/data_extract_pkg/include>
[0.566s] -- Configured cppcheck exclude dirs and/or files: 
[0.566s] -- Added test 'cpplint' to check C / C++ code against the Google style
[0.566s] -- Configured cpplint exclude dirs and/or files: 
[0.567s] -- Added test 'lint_cmake' to check CMake code style
[0.568s] -- Added test 'uncrustify' to check C / C++ code style
[0.568s] -- Configured uncrustify additional arguments: 
[0.568s] -- Added test 'xmllint' to check XML markup files
[0.572s] -- Configuring done
[0.575s] CMake Error: Cannot open file for write: /home/daeyun/Desktop/ecat_control_ws/build/data_extract_pkg/CMakeFiles/data_extract_node.dir/build.make.tmp
[0.575s] CMake Error: : System Error: Permission denied
[0.575s] CMake Error: Cannot open file for write: /home/daeyun/Desktop/ecat_control_ws/build/data_extract_pkg/CMakeFiles/data_extract_node.dir/flags.make.tmp
[0.575s] CMake Error: : System Error: Permission denied
[0.577s] CMake Error: Cannot open file for write: /home/daeyun/Desktop/ecat_control_ws/build/data_extract_pkg/CMakeFiles/data_extract_node.dir/link.txt.tmp
[0.577s] CMake Error: : System Error: Permission denied
[0.577s] CMake Error: Could not create /home/daeyun/Desktop/ecat_control_ws/build/data_extract_pkg/CMakeFiles/data_extract_node.dir/cmake_clean.cmake
[0.577s] CMake Error: Cannot open file for write: /home/daeyun/Desktop/ecat_control_ws/build/data_extract_pkg/CMakeFiles/data_extract_node.dir/DependInfo.cmake.tmp
[0.577s] CMake Error: : System Error: Permission denied
[0.580s] -- Generating done
[0.580s] CMake Error: Cannot open file for write: /home/daeyun/Desktop/ecat_control_ws/build/data_extract_pkg/CMakeFiles/data_extract_node.dir/progress.make.tmp
[0.580s] CMake Error: : System Error: Permission denied
[0.580s] CMake Generate step failed.  Build files cannot be regenerated correctly.
[0.586s] Invoked command in '/home/daeyun/Desktop/ecat_control_ws/build/data_extract_pkg' returned '1': CMAKE_PREFIX_PATH=${CMAKE_PREFIX_PATH}:/opt/ros/foxy /usr/bin/cmake /home/daeyun/Desktop/ecat_control_ws/src/data_extract_pkg -DCMAKE_INSTALL_PREFIX=/home/daeyun/Desktop/ecat_control_ws/install/data_extract_pkg
