[0.024s] Invoking command in '/home/daeyun/Desktop/ecat_control_ws/build/safety_pkg': AMENT_PREFIX_PATH=/home/daeyun/Desktop/ecat_control_ws/install/ecat_msgs:${AMENT_PREFIX_PATH} CMAKE_PREFIX_PATH=/home/daeyun/Desktop/ecat_control_ws/install/ecat_msgs:/opt/ros/foxy LD_LIBRARY_PATH=/home/daeyun/Desktop/ecat_control_ws/install/ecat_msgs/lib:${LD_LIBRARY_PATH} PYTHONPATH=/home/daeyun/Desktop/ecat_control_ws/install/ecat_msgs/lib/python3.8/site-packages:${PYTHONPATH} /usr/bin/cmake /home/daeyun/Desktop/ecat_control_ws/src/safety_pkg -DAMENT_CMAKE_SYMLINK_INSTALL=1 -DCMAKE_INSTALL_PREFIX=/home/daeyun/Desktop/ecat_control_ws/install/safety_pkg
[0.073s] -- The C compiler identification is GNU 9.4.0
[0.121s] -- The CXX compiler identification is GNU 9.4.0
[0.125s] -- Check for working C compiler: /usr/bin/cc
[0.184s] -- Check for working C compiler: /usr/bin/cc -- works
[0.185s] -- Detecting C compiler ABI info
[0.242s] -- Detecting C compiler ABI info - done
[0.257s] -- Detecting C compile features
[0.258s] -- Detecting C compile features - done
[0.261s] -- Check for working CXX compiler: /usr/bin/c++
[0.332s] -- Check for working CXX compiler: /usr/bin/c++ -- works
[0.333s] -- Detecting CXX compiler ABI info
[0.407s] -- Detecting CXX compiler ABI info - done
[0.422s] -- Detecting CXX compile features
[0.422s] -- Detecting CXX compile features - done
[0.424s] -- Found ament_cmake: 0.9.9 (/opt/ros/foxy/share/ament_cmake/cmake)
[0.443s] -- Found PythonInterp: /usr/bin/python3 (found suitable version "3.8.10", minimum required is "3") 
[0.443s] -- Using PYTHON_EXECUTABLE: /usr/bin/python3
[0.565s] -- Override CMake install command with custom implementation using symlinks instead of copying resources
[0.583s] -- Found rclcpp_lifecycle: 2.4.1 (/opt/ros/foxy/share/rclcpp_lifecycle/cmake)
[0.619s] -- Using all available rosidl_typesupport_c: rosidl_typesupport_fastrtps_c;rosidl_typesupport_introspection_c
[0.624s] -- Found rosidl_adapter: 1.2.1 (/opt/ros/foxy/share/rosidl_adapter/cmake)
[0.713s] -- Found OpenSSL: /usr/lib/x86_64-linux-gnu/libcrypto.so (found version "1.1.1f")  
[0.743s] -- Found FastRTPS: /opt/ros/foxy/include  
[0.812s] -- Using all available rosidl_typesupport_cpp: rosidl_typesupport_fastrtps_cpp;rosidl_typesupport_introspection_cpp
[0.852s] -- Found rmw_implementation_cmake: 1.0.3 (/opt/ros/foxy/share/rmw_implementation_cmake/cmake)
[0.853s] -- Using RMW implementation 'rmw_fastrtps_cpp' as default
[0.854s] -- Looking for pthread.h
[0.910s] -- Looking for pthread.h - found
[0.911s] -- Performing Test CMAKE_HAVE_LIBC_PTHREAD
[0.975s] -- Performing Test CMAKE_HAVE_LIBC_PTHREAD - Failed
[0.975s] -- Looking for pthread_create in pthreads
[1.029s] -- Looking for pthread_create in pthreads - not found
[1.029s] -- Looking for pthread_create in pthread
[1.097s] -- Looking for pthread_create in pthread - found
[1.098s] -- Found Threads: TRUE  
[1.246s] -- Found ecat_msgs: 0.0.1 (/home/daeyun/Desktop/ecat_control_ws/install/ecat_msgs/share/ecat_msgs/cmake)
[1.278s] -- Found sensor_msgs: 2.0.5 (/opt/ros/foxy/share/sensor_msgs/cmake)
[1.369s] -- Found ament_lint_auto: 0.9.6 (/opt/ros/foxy/share/ament_lint_auto/cmake)
[1.431s] -- Added test 'copyright' to check source files copyright and LICENSE
[1.432s] -- Added test 'cppcheck' to perform static code analysis on C / C++ code
[1.433s] -- Configured cppcheck include dirs: /home/daeyun/Desktop/ecat_control_ws/src/safety_pkg/../ecat_pkg/include/ecat_pkg;$<BUILD_INTERFACE:/home/daeyun/Desktop/ecat_control_ws/src/safety_pkg/include/safety_pkg>
[1.433s] -- Configured cppcheck exclude dirs and/or files: 
[1.433s] -- Added test 'cpplint' to check C / C++ code against the Google style
[1.433s] -- Configured cpplint exclude dirs and/or files: 
[1.434s] -- Added test 'lint_cmake' to check CMake code style
[1.435s] -- Added test 'uncrustify' to check C / C++ code style
[1.435s] -- Configured uncrustify additional arguments: 
[1.436s] -- Added test 'xmllint' to check XML markup files
[1.439s] -- Configuring done
[1.530s] -- Generating done
[1.532s] -- Build files have been written to: /home/daeyun/Desktop/ecat_control_ws/build/safety_pkg
[1.539s] Invoked command in '/home/daeyun/Desktop/ecat_control_ws/build/safety_pkg' returned '0': AMENT_PREFIX_PATH=/home/daeyun/Desktop/ecat_control_ws/install/ecat_msgs:${AMENT_PREFIX_PATH} CMAKE_PREFIX_PATH=/home/daeyun/Desktop/ecat_control_ws/install/ecat_msgs:/opt/ros/foxy LD_LIBRARY_PATH=/home/daeyun/Desktop/ecat_control_ws/install/ecat_msgs/lib:${LD_LIBRARY_PATH} PYTHONPATH=/home/daeyun/Desktop/ecat_control_ws/install/ecat_msgs/lib/python3.8/site-packages:${PYTHONPATH} /usr/bin/cmake /home/daeyun/Desktop/ecat_control_ws/src/safety_pkg -DAMENT_CMAKE_SYMLINK_INSTALL=1 -DCMAKE_INSTALL_PREFIX=/home/daeyun/Desktop/ecat_control_ws/install/safety_pkg
[1.542s] Invoking command in '/home/daeyun/Desktop/ecat_control_ws/build/safety_pkg': AMENT_PREFIX_PATH=/home/daeyun/Desktop/ecat_control_ws/install/ecat_msgs:${AMENT_PREFIX_PATH} CMAKE_PREFIX_PATH=/home/daeyun/Desktop/ecat_control_ws/install/ecat_msgs:/opt/ros/foxy LD_LIBRARY_PATH=/home/daeyun/Desktop/ecat_control_ws/install/ecat_msgs/lib:${LD_LIBRARY_PATH} PYTHONPATH=/home/daeyun/Desktop/ecat_control_ws/install/ecat_msgs/lib/python3.8/site-packages:${PYTHONPATH} /usr/bin/cmake --build /home/daeyun/Desktop/ecat_control_ws/build/safety_pkg -- -j8 -l8
[1.590s] [35m[1mScanning dependencies of target safety_node[0m
[1.657s] [ 50%] [32mBuilding CXX object CMakeFiles/safety_node.dir/src/safety_node.cpp.o[0m
[9.505s] In file included from [01m[K/home/daeyun/Desktop/ecat_control_ws/src/safety_pkg/include/safety_pkg/safety_node.hpp:56[m[K,
[9.505s]                  from [01m[K/home/daeyun/Desktop/ecat_control_ws/src/safety_pkg/src/safety_node.cpp:1[m[K:
[9.505s] [01m[K/home/daeyun/Desktop/ecat_control_ws/src/safety_pkg/../ecat_pkg/include/ecat_pkg/ecat_globals.hpp:49:17:[m[K [01;35m[Kwarning: [m[K‘[01m[Kg_kOperationMode[m[K’ defined but not used [[01;35m[K-Wunused-variable[m[K]
[9.505s]    49 | static int8_t   [01;35m[Kg_kOperationMode[m[K = kProfileVelocity ;
[9.505s]       |                 [01;35m[K^~~~~~~~~~~~~~~~[m[K
[12.809s] [100%] [32m[1mLinking CXX executable safety_node[0m
[13.568s] [100%] Built target safety_node
[13.577s] Invoked command in '/home/daeyun/Desktop/ecat_control_ws/build/safety_pkg' returned '0': AMENT_PREFIX_PATH=/home/daeyun/Desktop/ecat_control_ws/install/ecat_msgs:${AMENT_PREFIX_PATH} CMAKE_PREFIX_PATH=/home/daeyun/Desktop/ecat_control_ws/install/ecat_msgs:/opt/ros/foxy LD_LIBRARY_PATH=/home/daeyun/Desktop/ecat_control_ws/install/ecat_msgs/lib:${LD_LIBRARY_PATH} PYTHONPATH=/home/daeyun/Desktop/ecat_control_ws/install/ecat_msgs/lib/python3.8/site-packages:${PYTHONPATH} /usr/bin/cmake --build /home/daeyun/Desktop/ecat_control_ws/build/safety_pkg -- -j8 -l8
[13.601s] Invoking command in '/home/daeyun/Desktop/ecat_control_ws/build/safety_pkg': AMENT_PREFIX_PATH=/home/daeyun/Desktop/ecat_control_ws/install/ecat_msgs:${AMENT_PREFIX_PATH} CMAKE_PREFIX_PATH=/home/daeyun/Desktop/ecat_control_ws/install/ecat_msgs:/opt/ros/foxy LD_LIBRARY_PATH=/home/daeyun/Desktop/ecat_control_ws/install/ecat_msgs/lib:${LD_LIBRARY_PATH} PYTHONPATH=/home/daeyun/Desktop/ecat_control_ws/install/ecat_msgs/lib/python3.8/site-packages:${PYTHONPATH} /usr/bin/cmake --install /home/daeyun/Desktop/ecat_control_ws/build/safety_pkg
[13.608s] -- Install configuration: ""
[13.608s] -- Execute custom install script
[13.608s] -- Symlinking: /home/daeyun/Desktop/ecat_control_ws/install/safety_pkg/lib/safety_pkg/safety_node
[13.617s] -- Symlinking: /home/daeyun/Desktop/ecat_control_ws/install/safety_pkg/share/ament_index/resource_index/package_run_dependencies/safety_pkg
[13.625s] -- Symlinking: /home/daeyun/Desktop/ecat_control_ws/install/safety_pkg/share/ament_index/resource_index/parent_prefix_path/safety_pkg
[13.633s] -- Symlinking: /home/daeyun/Desktop/ecat_control_ws/install/safety_pkg/share/safety_pkg/environment/ament_prefix_path.sh
[13.642s] -- Symlinking: /home/daeyun/Desktop/ecat_control_ws/install/safety_pkg/share/safety_pkg/environment/ament_prefix_path.dsv
[13.650s] -- Symlinking: /home/daeyun/Desktop/ecat_control_ws/install/safety_pkg/share/safety_pkg/environment/path.sh
[13.657s] -- Symlinking: /home/daeyun/Desktop/ecat_control_ws/install/safety_pkg/share/safety_pkg/environment/path.dsv
[13.664s] -- Symlinking: /home/daeyun/Desktop/ecat_control_ws/install/safety_pkg/share/safety_pkg/local_setup.bash
[13.671s] -- Symlinking: /home/daeyun/Desktop/ecat_control_ws/install/safety_pkg/share/safety_pkg/local_setup.sh
[13.678s] -- Symlinking: /home/daeyun/Desktop/ecat_control_ws/install/safety_pkg/share/safety_pkg/local_setup.zsh
[13.686s] -- Symlinking: /home/daeyun/Desktop/ecat_control_ws/install/safety_pkg/share/safety_pkg/local_setup.dsv
[13.694s] -- Symlinking: /home/daeyun/Desktop/ecat_control_ws/install/safety_pkg/share/safety_pkg/package.dsv
[13.701s] -- Symlinking: /home/daeyun/Desktop/ecat_control_ws/install/safety_pkg/share/ament_index/resource_index/packages/safety_pkg
[13.709s] -- Symlinking: /home/daeyun/Desktop/ecat_control_ws/install/safety_pkg/share/safety_pkg/cmake/safety_pkgConfig.cmake
[13.717s] -- Symlinking: /home/daeyun/Desktop/ecat_control_ws/install/safety_pkg/share/safety_pkg/cmake/safety_pkgConfig-version.cmake
[13.724s] -- Symlinking: /home/daeyun/Desktop/ecat_control_ws/install/safety_pkg/share/safety_pkg/package.xml
[13.735s] Invoked command in '/home/daeyun/Desktop/ecat_control_ws/build/safety_pkg' returned '0': AMENT_PREFIX_PATH=/home/daeyun/Desktop/ecat_control_ws/install/ecat_msgs:${AMENT_PREFIX_PATH} CMAKE_PREFIX_PATH=/home/daeyun/Desktop/ecat_control_ws/install/ecat_msgs:/opt/ros/foxy LD_LIBRARY_PATH=/home/daeyun/Desktop/ecat_control_ws/install/ecat_msgs/lib:${LD_LIBRARY_PATH} PYTHONPATH=/home/daeyun/Desktop/ecat_control_ws/install/ecat_msgs/lib/python3.8/site-packages:${PYTHONPATH} /usr/bin/cmake --install /home/daeyun/Desktop/ecat_control_ws/build/safety_pkg
