[35m[1mScanning dependencies of target data_extract_node[0m
[ 50%] [32mBuilding CXX object CMakeFiles/data_extract_node.dir/src/data_extract_node.cpp.o[0m
[01m[K/home/daeyun/Desktop/ecat_control_ws/src/data_extract_pkg/src/data_extract_node.cpp:[m[K In member function ‘[01m[Kuint8_t DataExtractionNode::DataExtraction::CloseFile(std::ofstream)[m[K’:
[01m[K/home/daeyun/Desktop/ecat_control_ws/src/data_extract_pkg/src/data_extract_node.cpp:66:1:[m[K [01;35m[Kwarning: [m[Kno return statement in function returning non-void [[01;35m[K-Wreturn-type[m[K]
   66 | [01;35m[K}[m[K
      | [01;35m[K^[m[K
[01m[K/home/daeyun/Desktop/ecat_control_ws/src/data_extract_pkg/src/data_extract_node.cpp:63:49:[m[K [01;35m[Kwarning: [m[Kunused parameter ‘[01m[Kfstream_file_[m[K’ [[01;35m[K-Wunused-parameter[m[K]
   63 | uint8_t DataExtraction::CloseFile([01;35m[Kstd::ofstream fstream_file_[m[K)
      |                                   [01;35m[K~~~~~~~~~~~~~~^~~~~~~~~~~~~[m[K
[01m[K/home/daeyun/Desktop/ecat_control_ws/src/data_extract_pkg/src/data_extract_node.cpp:[m[K In member function ‘[01m[Kvoid DataExtractionNode::DataExtraction::RecordFile(std::ofstream)[m[K’:
[01m[K/home/daeyun/Desktop/ecat_control_ws/src/data_extract_pkg/src/data_extract_node.cpp:68:47:[m[K [01;35m[Kwarning: [m[Kunused parameter ‘[01m[Kfstream_file_[m[K’ [[01;35m[K-Wunused-parameter[m[K]
   68 | void DataExtraction::RecordFile([01;35m[Kstd::ofstream fstream_file_[m[K)
      |                                 [01;35m[K~~~~~~~~~~~~~~^~~~~~~~~~~~~[m[K
In file included from [01m[K/home/daeyun/Desktop/ecat_control_ws/src/data_extract_pkg/include/data_extract_pkg/data_extract_node.hpp:19[m[K,
                 from [01m[K/home/daeyun/Desktop/ecat_control_ws/src/data_extract_pkg/src/data_extract_node.cpp:1[m[K:
[01m[K/home/daeyun/Desktop/ecat_control_ws/src/data_extract_pkg/../ecat_pkg/include/ecat_pkg/ecat_globals.hpp:[m[K At global scope:
[01m[K/home/daeyun/Desktop/ecat_control_ws/src/data_extract_pkg/../ecat_pkg/include/ecat_pkg/ecat_globals.hpp:49:17:[m[K [01;35m[Kwarning: [m[K‘[01m[Kg_kOperationMode[m[K’ defined but not used [[01;35m[K-Wunused-variable[m[K]
   49 | static int8_t   [01;35m[Kg_kOperationMode[m[K = kProfileVelocity ;
      |                 [01;35m[K^~~~~~~~~~~~~~~~[m[K
In file included from [01m[K/home/daeyun/Desktop/ecat_control_ws/src/data_extract_pkg/../ecat_pkg/include/ecat_pkg/ecat_globals.hpp:42[m[K,
                 from [01m[K/home/daeyun/Desktop/ecat_control_ws/src/data_extract_pkg/include/data_extract_pkg/data_extract_node.hpp:19[m[K,
                 from [01m[K/home/daeyun/Desktop/ecat_control_ws/src/data_extract_pkg/src/data_extract_node.cpp:1[m[K:
[01m[K/home/daeyun/Desktop/ecat_control_ws/src/data_extract_pkg/../ecat_pkg/include/ecat_pkg/ecat_definitions.hpp:508:20:[m[K [01;35m[Kwarning: [m[K‘[01m[Kstd::string GetErrorMessage(const int&)[m[K’ defined but not used [[01;35m[K-Wunused-function[m[K]
  508 | static std::string [01;35m[KGetErrorMessage[m[K(const int& err_code)
      |                    [01;35m[K^~~~~~~~~~~~~~~[m[K
[100%] [32m[1mLinking CXX executable data_extract_node[0m
[100%] Built target data_extract_node
-- Install configuration: ""
-- Execute custom install script
-- Up-to-date symlink: /home/daeyun/Desktop/ecat_control_ws/install/data_extract_pkg/lib/data_extract_pkg/data_extract_node
-- Up-to-date symlink: /home/daeyun/Desktop/ecat_control_ws/install/data_extract_pkg/share/ament_index/resource_index/package_run_dependencies/data_extract_pkg
-- Up-to-date symlink: /home/daeyun/Desktop/ecat_control_ws/install/data_extract_pkg/share/ament_index/resource_index/parent_prefix_path/data_extract_pkg
-- Up-to-date symlink: /home/daeyun/Desktop/ecat_control_ws/install/data_extract_pkg/share/data_extract_pkg/environment/ament_prefix_path.sh
-- Up-to-date symlink: /home/daeyun/Desktop/ecat_control_ws/install/data_extract_pkg/share/data_extract_pkg/environment/ament_prefix_path.dsv
-- Up-to-date symlink: /home/daeyun/Desktop/ecat_control_ws/install/data_extract_pkg/share/data_extract_pkg/environment/path.sh
-- Up-to-date symlink: /home/daeyun/Desktop/ecat_control_ws/install/data_extract_pkg/share/data_extract_pkg/environment/path.dsv
-- Up-to-date symlink: /home/daeyun/Desktop/ecat_control_ws/install/data_extract_pkg/share/data_extract_pkg/local_setup.bash
-- Up-to-date symlink: /home/daeyun/Desktop/ecat_control_ws/install/data_extract_pkg/share/data_extract_pkg/local_setup.sh
-- Up-to-date symlink: /home/daeyun/Desktop/ecat_control_ws/install/data_extract_pkg/share/data_extract_pkg/local_setup.zsh
-- Up-to-date symlink: /home/daeyun/Desktop/ecat_control_ws/install/data_extract_pkg/share/data_extract_pkg/local_setup.dsv
-- Symlinking: /home/daeyun/Desktop/ecat_control_ws/install/data_extract_pkg/share/data_extract_pkg/package.dsv
-- Up-to-date symlink: /home/daeyun/Desktop/ecat_control_ws/install/data_extract_pkg/share/ament_index/resource_index/packages/data_extract_pkg
-- Up-to-date symlink: /home/daeyun/Desktop/ecat_control_ws/install/data_extract_pkg/share/data_extract_pkg/cmake/data_extract_pkgConfig.cmake
-- Up-to-date symlink: /home/daeyun/Desktop/ecat_control_ws/install/data_extract_pkg/share/data_extract_pkg/cmake/data_extract_pkgConfig-version.cmake
-- Up-to-date symlink: /home/daeyun/Desktop/ecat_control_ws/install/data_extract_pkg/share/data_extract_pkg/package.xml
