[0.017s] Invoking command in '/home/daeyun/Desktop/ecat_control_ws/build/data_extract_pkg': CMAKE_PREFIX_PATH=/opt/ros/foxy /usr/bin/cmake --build /home/daeyun/Desktop/ecat_control_ws/build/data_extract_pkg -- -j6 -l6
[0.052s] [35m[1mScanning dependencies of target data_extract_node[0m
[0.092s] [ 50%] [32mBuilding CXX object CMakeFiles/data_extract_node.dir/src/data_extract_node.cpp.o[0m
[1.006s] [01m[K/home/daeyun/Desktop/ecat_control_ws/src/data_extract_pkg/src/data_extract_node.cpp:[m[K In member function ‘[01m[Kuint8_t DataExtractionNode::DataExtraction::CloseFile(std::ofstream)[m[K’:
[1.006s] [01m[K/home/daeyun/Desktop/ecat_control_ws/src/data_extract_pkg/src/data_extract_node.cpp:66:1:[m[K [01;35m[Kwarning: [m[Kno return statement in function returning non-void [[01;35m[K-Wreturn-type[m[K]
[1.006s]    66 | [01;35m[K}[m[K
[1.006s]       | [01;35m[K^[m[K
[1.006s] [01m[K/home/daeyun/Desktop/ecat_control_ws/src/data_extract_pkg/src/data_extract_node.cpp:63:49:[m[K [01;35m[Kwarning: [m[Kunused parameter ‘[01m[Kfstream_file_[m[K’ [[01;35m[K-Wunused-parameter[m[K]
[1.006s]    63 | uint8_t DataExtraction::CloseFile([01;35m[Kstd::ofstream fstream_file_[m[K)
[1.006s]       |                                   [01;35m[K~~~~~~~~~~~~~~^~~~~~~~~~~~~[m[K
[1.006s] [01m[K/home/daeyun/Desktop/ecat_control_ws/src/data_extract_pkg/src/data_extract_node.cpp:[m[K In member function ‘[01m[Kvoid DataExtractionNode::DataExtraction::RecordFile(std::ofstream)[m[K’:
[1.006s] [01m[K/home/daeyun/Desktop/ecat_control_ws/src/data_extract_pkg/src/data_extract_node.cpp:68:47:[m[K [01;35m[Kwarning: [m[Kunused parameter ‘[01m[Kfstream_file_[m[K’ [[01;35m[K-Wunused-parameter[m[K]
[1.006s]    68 | void DataExtraction::RecordFile([01;35m[Kstd::ofstream fstream_file_[m[K)
[1.006s]       |                                 [01;35m[K~~~~~~~~~~~~~~^~~~~~~~~~~~~[m[K
[1.009s] [01m[K/home/daeyun/Desktop/ecat_control_ws/src/data_extract_pkg/src/data_extract_node.cpp:[m[K In member function ‘[01m[Kvoid DataExtractionNode::DataExtraction::RecordThread(std::string*)[m[K’:
[1.009s] [01m[K/home/daeyun/Desktop/ecat_control_ws/src/data_extract_pkg/src/data_extract_node.cpp:73:42:[m[K [01;35m[Kwarning: [m[Kunused parameter ‘[01m[Kargs[m[K’ [[01;35m[K-Wunused-parameter[m[K]
[1.009s]    73 | void DataExtraction::RecordThread([01;35m[Kstring args[2][m[K)
[1.009s]       |                                   [01;35m[K~~~~~~~^~~~~~~[m[K
[1.069s] In file included from [01m[K/usr/include/c++/9/future:39[m[K,
[1.069s]                  from [01m[K/opt/ros/foxy/include/rclcpp/executors.hpp:18[m[K,
[1.069s]                  from [01m[K/opt/ros/foxy/include/rclcpp/rclcpp.hpp:146[m[K,
[1.069s]                  from [01m[K/home/daeyun/Desktop/ecat_control_ws/src/data_extract_pkg/include/data_extract_pkg/data_extract_node.hpp:12[m[K,
[1.069s]                  from [01m[K/home/daeyun/Desktop/ecat_control_ws/src/data_extract_pkg/src/data_extract_node.cpp:1[m[K:
[1.069s] /usr/include/c++/9/thread: In instantiation of ‘[01m[Kstd::thread::thread(_Callable&&, _Args&& ...) [with _Callable = void (DataExtractionNode::DataExtraction::*)(std::__cxx11::basic_string<char>*); _Args = {DataExtractionNode::DataExtraction*}; <template-parameter-1-3> = void][m[K’:
[1.069s] [01m[K/home/daeyun/Desktop/ecat_control_ws/src/data_extract_pkg/src/data_extract_node.cpp:28:69:[m[K   required from here
[1.069s] [01m[K/usr/include/c++/9/thread:120:44:[m[K [01;31m[Kerror: [m[Kstatic assertion failed: std::thread arguments must be invocable after conversion to rvalues
[1.069s]   120 |           typename decay<_Args>::type...>::[01;31m[Kvalue[m[K,
[1.069s]       |                                            [01;31m[K^~~~~[m[K
[1.071s] /usr/include/c++/9/thread: In instantiation of ‘[01m[Kstruct std::thread::_Invoker<std::tuple<void (DataExtractionNode::DataExtraction::*)(std::__cxx11::basic_string<char, std::char_traits<char>, std::allocator<char> >*), DataExtractionNode::DataExtraction*> >[m[K’:
[1.071s] [01m[K/usr/include/c++/9/thread:131:22:[m[K   required from ‘[01m[Kstd::thread::thread(_Callable&&, _Args&& ...) [with _Callable = void (DataExtractionNode::DataExtraction::*)(std::__cxx11::basic_string<char>*); _Args = {DataExtractionNode::DataExtraction*}; <template-parameter-1-3> = void][m[K’
[1.071s] [01m[K/home/daeyun/Desktop/ecat_control_ws/src/data_extract_pkg/src/data_extract_node.cpp:28:69:[m[K   required from here
[1.071s] [01m[K/usr/include/c++/9/thread:243:4:[m[K [01;31m[Kerror: [m[Kno type named ‘[01m[Ktype[m[K’ in ‘[01m[Kstruct std::thread::_Invoker<std::tuple<void (DataExtractionNode::DataExtraction::*)(std::__cxx11::basic_string<char, std::char_traits<char>, std::allocator<char> >*), DataExtractionNode::DataExtraction*> >::__result<std::tuple<void (DataExtractionNode::DataExtraction::*)(std::__cxx11::basic_string<char, std::char_traits<char>, std::allocator<char> >*), DataExtractionNode::DataExtraction*> >[m[K’
[1.071s]   243 |    [01;31m[K_M_invoke[m[K(_Index_tuple<_Ind...>)
[1.071s]       |    [01;31m[K^~~~~~~~~[m[K
[1.071s] [01m[K/usr/include/c++/9/thread:247:2:[m[K [01;31m[Kerror: [m[Kno type named ‘[01m[Ktype[m[K’ in ‘[01m[Kstruct std::thread::_Invoker<std::tuple<void (DataExtractionNode::DataExtraction::*)(std::__cxx11::basic_string<char, std::char_traits<char>, std::allocator<char> >*), DataExtractionNode::DataExtraction*> >::__result<std::tuple<void (DataExtractionNode::DataExtraction::*)(std::__cxx11::basic_string<char, std::char_traits<char>, std::allocator<char> >*), DataExtractionNode::DataExtraction*> >[m[K’
[1.071s]   247 |  [01;31m[Koperator[m[K()()
[1.071s]       |  [01;31m[K^~~~~~~~[m[K
[1.983s] In file included from [01m[K/home/daeyun/Desktop/ecat_control_ws/src/data_extract_pkg/include/data_extract_pkg/data_extract_node.hpp:19[m[K,
[1.983s]                  from [01m[K/home/daeyun/Desktop/ecat_control_ws/src/data_extract_pkg/src/data_extract_node.cpp:1[m[K:
[1.983s] [01m[K/home/daeyun/Desktop/ecat_control_ws/src/data_extract_pkg/../ecat_pkg/include/ecat_pkg/ecat_globals.hpp:[m[K At global scope:
[1.983s] [01m[K/home/daeyun/Desktop/ecat_control_ws/src/data_extract_pkg/../ecat_pkg/include/ecat_pkg/ecat_globals.hpp:49:17:[m[K [01;35m[Kwarning: [m[K‘[01m[Kg_kOperationMode[m[K’ defined but not used [[01;35m[K-Wunused-variable[m[K]
[1.983s]    49 | static int8_t   [01;35m[Kg_kOperationMode[m[K = kProfileVelocity ;
[1.983s]       |                 [01;35m[K^~~~~~~~~~~~~~~~[m[K
[1.983s] In file included from [01m[K/home/daeyun/Desktop/ecat_control_ws/src/data_extract_pkg/../ecat_pkg/include/ecat_pkg/ecat_globals.hpp:42[m[K,
[1.983s]                  from [01m[K/home/daeyun/Desktop/ecat_control_ws/src/data_extract_pkg/include/data_extract_pkg/data_extract_node.hpp:19[m[K,
[1.984s]                  from [01m[K/home/daeyun/Desktop/ecat_control_ws/src/data_extract_pkg/src/data_extract_node.cpp:1[m[K:
[1.984s] [01m[K/home/daeyun/Desktop/ecat_control_ws/src/data_extract_pkg/../ecat_pkg/include/ecat_pkg/ecat_definitions.hpp:508:20:[m[K [01;35m[Kwarning: [m[K‘[01m[Kstd::string GetErrorMessage(const int&)[m[K’ defined but not used [[01;35m[K-Wunused-function[m[K]
[1.984s]   508 | static std::string [01;35m[KGetErrorMessage[m[K(const int& err_code)
[1.984s]       |                    [01;35m[K^~~~~~~~~~~~~~~[m[K
[2.001s] make[2]: *** [CMakeFiles/data_extract_node.dir/build.make:63: CMakeFiles/data_extract_node.dir/src/data_extract_node.cpp.o] Error 1
[2.001s] make[1]: *** [CMakeFiles/Makefile2:78: CMakeFiles/data_extract_node.dir/all] Error 2
[2.001s] make: *** [Makefile:141: all] Error 2
[2.003s] Invoked command in '/home/daeyun/Desktop/ecat_control_ws/build/data_extract_pkg' returned '2': CMAKE_PREFIX_PATH=/opt/ros/foxy /usr/bin/cmake --build /home/daeyun/Desktop/ecat_control_ws/build/data_extract_pkg -- -j6 -l6
