-- The C compiler identification is GNU 9.4.0
-- The CXX compiler identification is GNU 9.4.0
-- Check for working C compiler: /usr/bin/cc
-- Check for working C compiler: /usr/bin/cc -- works
-- Detecting C compiler ABI info
-- Detecting C compiler ABI info - done
-- Detecting C compile features
-- Detecting C compile features - done
-- Check for working CXX compiler: /usr/bin/c++
-- Check for working CXX compiler: /usr/bin/c++ -- works
-- Detecting CXX compiler ABI info
-- Detecting CXX compiler ABI info - done
-- Detecting CXX compile features
-- Detecting CXX compile features - done
-- Found ament_cmake: 0.9.9 (/opt/ros/foxy/share/ament_cmake/cmake)
-- Found PythonInterp: /usr/bin/python3 (found suitable version "3.8.10", minimum required is "3") 
-- Using PYTHON_EXECUTABLE: /usr/bin/python3
-- Override CMake install command with custom implementation using symlinks instead of copying resources
-- Found rclcpp: 2.4.1 (/opt/ros/foxy/share/rclcpp/cmake)
-- Using all available rosidl_typesupport_c: rosidl_typesupport_fastrtps_c;rosidl_typesupport_introspection_c
-- Found rosidl_adapter: 1.2.1 (/opt/ros/foxy/share/rosidl_adapter/cmake)
-- Found OpenSSL: /usr/lib/x86_64-linux-gnu/libcrypto.so (found version "1.1.1f")  
-- Found FastRTPS: /opt/ros/foxy/include  
-- Using all available rosidl_typesupport_cpp: rosidl_typesupport_fastrtps_cpp;rosidl_typesupport_introspection_cpp
-- Found rmw_implementation_cmake: 1.0.3 (/opt/ros/foxy/share/rmw_implementation_cmake/cmake)
-- Using RMW implementation 'rmw_fastrtps_cpp' as default
-- Looking for pthread.h
-- Looking for pthread.h - found
-- Performing Test CMAKE_HAVE_LIBC_PTHREAD
-- Performing Test CMAKE_HAVE_LIBC_PTHREAD - Failed
-- Looking for pthread_create in pthreads
-- Looking for pthread_create in pthreads - not found
-- Looking for pthread_create in pthread
-- Looking for pthread_create in pthread - found
-- Found Threads: TRUE  
-- Found sensor_msgs: 2.0.5 (/opt/ros/foxy/share/sensor_msgs/cmake)
-- Found rttest: 0.9.0 (/opt/ros/foxy/share/rttest/cmake)
-- Found tlsf_cpp: 0.9.0 (/opt/ros/foxy/share/tlsf_cpp/cmake)
-- Looking for include file linux/joystick.h
-- Looking for include file linux/joystick.h - found
-- Configuring done
-- Generating done
-- Build files have been written to: /home/daeyun/Desktop/ecat_control_ws/build/controller
[35m[1mScanning dependencies of target joy_node[0m
[ 50%] [32mBuilding CXX object CMakeFiles/joy_node.dir/src/joy_node_linux.cpp.o[0m
[100%] [32m[1mLinking CXX executable joy_node[0m
[100%] Built target joy_node
-- Install configuration: ""
-- Execute custom install script
-- Symlinking: /home/daeyun/Desktop/ecat_control_ws/install/controller/lib/controller/joy_node
-- Symlinking: /home/daeyun/Desktop/ecat_control_ws/install/controller/share/ament_index/resource_index/package_run_dependencies/controller
-- Symlinking: /home/daeyun/Desktop/ecat_control_ws/install/controller/share/ament_index/resource_index/parent_prefix_path/controller
-- Symlinking: /home/daeyun/Desktop/ecat_control_ws/install/controller/share/controller/environment/ament_prefix_path.sh
-- Symlinking: /home/daeyun/Desktop/ecat_control_ws/install/controller/share/controller/environment/ament_prefix_path.dsv
-- Symlinking: /home/daeyun/Desktop/ecat_control_ws/install/controller/share/controller/environment/path.sh
-- Symlinking: /home/daeyun/Desktop/ecat_control_ws/install/controller/share/controller/environment/path.dsv
-- Symlinking: /home/daeyun/Desktop/ecat_control_ws/install/controller/share/controller/local_setup.bash
-- Symlinking: /home/daeyun/Desktop/ecat_control_ws/install/controller/share/controller/local_setup.sh
-- Symlinking: /home/daeyun/Desktop/ecat_control_ws/install/controller/share/controller/local_setup.zsh
-- Symlinking: /home/daeyun/Desktop/ecat_control_ws/install/controller/share/controller/local_setup.dsv
-- Symlinking: /home/daeyun/Desktop/ecat_control_ws/install/controller/share/controller/package.dsv
-- Symlinking: /home/daeyun/Desktop/ecat_control_ws/install/controller/share/ament_index/resource_index/packages/controller
-- Symlinking: /home/daeyun/Desktop/ecat_control_ws/install/controller/share/controller/cmake/controllerConfig.cmake
-- Symlinking: /home/daeyun/Desktop/ecat_control_ws/install/controller/share/controller/cmake/controllerConfig-version.cmake
-- Symlinking: /home/daeyun/Desktop/ecat_control_ws/install/controller/share/controller/package.xml
