[01m[K/home/daeyun/Desktop/ecat_control_ws/src/gui_pkg/src/gui_node.cpp:[m[K In constructor ‘[01m[KGUI::GuiNode::GuiNode()[m[K’:
[01m[K/home/daeyun/Desktop/ecat_control_ws/src/gui_pkg/src/gui_node.cpp:11:22:[m[K [01;35m[Kwarning: [m[Kcomparison of integer expressions of different signedness: ‘[01m[Kint[m[K’ and ‘[01m[Kconst uint32_t[m[K’ {aka ‘[01m[Kconst unsigned int[m[K’} [[01;35m[K-Wsign-compare[m[K]
   11 |     for(int i = 0; [01;35m[Ki < g_kNumberOfServoDrivers[m[K; i++)
      |                    [01;35m[K~~^~~~~~~~~~~~~~~~~~~~~~~~~[m[K
[01m[K/home/daeyun/Desktop/ecat_control_ws/src/gui_pkg/src/gui_node.cpp:[m[K In member function ‘[01m[Kvoid GUI::GuiNode::HandleControllerCallbacks(sensor_msgs::msg::Joy_<std::allocator<void> >::SharedPtr)[m[K’:
[01m[K/home/daeyun/Desktop/ecat_control_ws/src/gui_pkg/src/gui_node.cpp:47:82:[m[K [01;35m[Kwarning: [m[Kunused parameter ‘[01m[Kmsg[m[K’ [[01;35m[K-Wunused-parameter[m[K]
   47 | leControllerCallbacks([01;35m[Kconst sensor_msgs::msg::Joy::SharedPtr msg[m[K)
      |                       [01;35m[K~~~~~~~~~~~~~~~~~~~~~~~~~~~~~~~~~~~~~~~^~~[m[K

[01m[K/home/daeyun/Desktop/ecat_control_ws/src/gui_pkg/src/gui_node.cpp:[m[K In member function ‘[01m[Kvoid GUI::GuiNode::HandleMasterCommandCallbacks(ecat_msgs::msg::DataSent_<std::allocator<void> >::SharedPtr)[m[K’:
[01m[K/home/daeyun/Desktop/ecat_control_ws/src/gui_pkg/src/gui_node.cpp:59:22:[m[K [01;35m[Kwarning: [m[Kcomparison of integer expressions of different signedness: ‘[01m[Kint[m[K’ and ‘[01m[Kconst uint32_t[m[K’ {aka ‘[01m[Kconst unsigned int[m[K’} [[01;35m[K-Wsign-compare[m[K]
   59 |       for(int i=0; [01;35m[Ki < g_kNumberOfServoDrivers[m[K ; i++){
      |                    [01;35m[K~~^~~~~~~~~~~~~~~~~~~~~~~~~[m[K
[01m[K/home/daeyun/Desktop/ecat_control_ws/src/gui_pkg/src/gui_node.cpp:[m[K In member function ‘[01m[Kvoid GUI::GuiNode::HandleSlaveFeedbackCallbacks(ecat_msgs::msg::DataReceived_<std::allocator<void> >::SharedPtr)[m[K’:
[01m[K/home/daeyun/Desktop/ecat_control_ws/src/gui_pkg/src/gui_node.cpp:70:22:[m[K [01;35m[Kwarning: [m[Kcomparison of integer expressions of different signedness: ‘[01m[Kint[m[K’ and ‘[01m[Kconst uint32_t[m[K’ {aka ‘[01m[Kconst unsigned int[m[K’} [[01;35m[K-Wsign-compare[m[K]
   70 |       for(int i=0; [01;35m[Ki < g_kNumberOfServoDrivers[m[K ; i++){
      |                    [01;35m[K~~^~~~~~~~~~~~~~~~~~~~~~~~~[m[K
[01m[K/home/daeyun/Desktop/ecat_control_ws/src/gui_pkg/src/main_window.cpp:[m[K In member function ‘[01m[Kvoid MainWindow::on_b_send_clicked()[m[K’:
[01m[K/home/daeyun/Desktop/ecat_control_ws/src/gui_pkg/src/main_window.cpp:203:23:[m[K [01;35m[Kwarning: [m[Kcomparison of integer expressions of different signedness: ‘[01m[Kint[m[K’ and ‘[01m[Kconst uint32_t[m[K’ {aka ‘[01m[Kconst unsigned int[m[K’} [[01;35m[K-Wsign-compare[m[K]
  203 |     for(int i = 0 ; [01;35m[Ki < g_kNumberOfServoDrivers[m[K; i++){
      |                     [01;35m[K~~^~~~~~~~~~~~~~~~~~~~~~~~~[m[K
[01m[K/home/daeyun/Desktop/ecat_control_ws/src/gui_pkg/src/main_window.cpp:[m[K In member function ‘[01m[Kvoid MainWindow::ShowAllMotorStatus()[m[K’:
[01m[K/home/daeyun/Desktop/ecat_control_ws/src/gui_pkg/src/main_window.cpp:405:22:[m[K [01;35m[Kwarning: [m[Kcomparison of integer expressions of different signedness: ‘[01m[Kint[m[K’ and ‘[01m[Kconst uint32_t[m[K’ {aka ‘[01m[Kconst unsigned int[m[K’} [[01;35m[K-Wsign-compare[m[K]
  405 |     for(int i = 0; [01;35m[Ki < g_kNumberOfServoDrivers[m[K ;i++){
      |                    [01;35m[K~~^~~~~~~~~~~~~~~~~~~~~~~~~[m[K
[01m[K/home/daeyun/Desktop/ecat_control_ws/src/gui_pkg/src/main_window.cpp:[m[K In member function ‘[01m[Kvoid MainWindow::ShowOperationMode()[m[K’:
[01m[K/home/daeyun/Desktop/ecat_control_ws/src/gui_pkg/src/main_window.cpp:596:22:[m[K [01;35m[Kwarning: [m[Kcomparison of integer expressions of different signedness: ‘[01m[Kint[m[K’ and ‘[01m[Kconst uint32_t[m[K’ {aka ‘[01m[Kconst unsigned int[m[K’} [[01;35m[K-Wsign-compare[m[K]
  596 |     for(int i = 0; [01;35m[Ki < g_kNumberOfServoDrivers[m[K ; i++){
      |                    [01;35m[K~~^~~~~~~~~~~~~~~~~~~~~~~~~[m[K
In file included from [01m[K/home/daeyun/Desktop/ecat_control_ws/src/gui_pkg/src/../include/gui_pkg/gui_node.hpp:50[m[K,
                 from [01m[K/home/daeyun/Desktop/ecat_control_ws/src/gui_pkg/src/gui_node.cpp:1[m[K:
[01m[K/home/daeyun/Desktop/ecat_control_ws/src/gui_pkg/../ecat_pkg/include/ecat_pkg/ecat_globals.hpp:[m[K At global scope:
[01m[K/home/daeyun/Desktop/ecat_control_ws/src/gui_pkg/../ecat_pkg/include/ecat_pkg/ecat_globals.hpp:49:17:[m[K [01;35m[Kwarning: [m[K‘[01m[Kg_kOperationMode[m[K’ defined but not used [[01;35m[K-Wunused-variable[m[K]
   49 | static int8_t   [01;35m[Kg_kOperationMode[m[K = kProfileVelocity ;
      |                 [01;35m[K^~~~~~~~~~~~~~~~[m[K
In file included from [01m[K/home/daeyun/Desktop/ecat_control_ws/src/gui_pkg/../ecat_pkg/include/ecat_pkg/ecat_globals.hpp:42[m[K,
                 from [01m[K/home/daeyun/Desktop/ecat_control_ws/src/gui_pkg/src/../include/gui_pkg/gui_node.hpp:50[m[K,
                 from [01m[K/home/daeyun/Desktop/ecat_control_ws/src/gui_pkg/src/gui_node.cpp:1[m[K:
[01m[K/home/daeyun/Desktop/ecat_control_ws/src/gui_pkg/../ecat_pkg/include/ecat_pkg/ecat_definitions.hpp:508:20:[m[K [01;35m[Kwarning: [m[K‘[01m[Kstd::string GetErrorMessage(const int&)[m[K’ defined but not used [[01;35m[K-Wunused-function[m[K]
  508 | static std::string [01;35m[KGetErrorMessage[m[K(const int& err_code)
      |                    [01;35m[K^~~~~~~~~~~~~~~[m[K
In file included from [01m[K/home/daeyun/Desktop/ecat_control_ws/src/gui_pkg/src/../include/gui_pkg/gui_node.hpp:50[m[K,
                 from [01m[K/home/daeyun/Desktop/ecat_control_ws/src/gui_pkg/src/../include/gui_pkg/main_window.hpp:48[m[K,
                 from [01m[K/home/daeyun/Desktop/ecat_control_ws/src/gui_pkg/src/main.cpp:2[m[K:
[01m[K/home/daeyun/Desktop/ecat_control_ws/src/gui_pkg/../ecat_pkg/include/ecat_pkg/ecat_globals.hpp:49:17:[m[K [01;35m[Kwarning: [m[K‘[01m[Kg_kOperationMode[m[K’ defined but not used [[01;35m[K-Wunused-variable[m[K]
   49 | static int8_t   [01;35m[Kg_kOperationMode[m[K = kProfileVelocity ;
      |                 [01;35m[K^~~~~~~~~~~~~~~~[m[K
In file included from [01m[K/home/daeyun/Desktop/ecat_control_ws/src/gui_pkg/../ecat_pkg/include/ecat_pkg/ecat_globals.hpp:42[m[K,
                 from [01m[K/home/daeyun/Desktop/ecat_control_ws/src/gui_pkg/src/../include/gui_pkg/gui_node.hpp:50[m[K,
                 from [01m[K/home/daeyun/Desktop/ecat_control_ws/src/gui_pkg/src/../include/gui_pkg/main_window.hpp:48[m[K,
                 from [01m[K/home/daeyun/Desktop/ecat_control_ws/src/gui_pkg/src/main.cpp:2[m[K:
[01m[K/home/daeyun/Desktop/ecat_control_ws/src/gui_pkg/../ecat_pkg/include/ecat_pkg/ecat_definitions.hpp:508:20:[m[K [01;35m[Kwarning: [m[K‘[01m[Kstd::string GetErrorMessage(const int&)[m[K’ defined but not used [[01;35m[K-Wunused-function[m[K]
  508 | static std::string [01;35m[KGetErrorMessage[m[K(const int& err_code)
      |                    [01;35m[K^~~~~~~~~~~~~~~[m[K
In file included from [01m[K/home/daeyun/Desktop/ecat_control_ws/src/gui_pkg/src/../include/gui_pkg/gui_node.hpp:50[m[K,
                 from [01m[K/home/daeyun/Desktop/ecat_control_ws/src/gui_pkg/src/../include/gui_pkg/main_window.hpp:48[m[K,
                 from [01m[K/home/daeyun/Desktop/ecat_control_ws/src/gui_pkg/src/main_window.cpp:1[m[K:
[01m[K/home/daeyun/Desktop/ecat_control_ws/src/gui_pkg/../ecat_pkg/include/ecat_pkg/ecat_globals.hpp:[m[K At global scope:
[01m[K/home/daeyun/Desktop/ecat_control_ws/src/gui_pkg/../ecat_pkg/include/ecat_pkg/ecat_globals.hpp:49:17:[m[K [01;35m[Kwarning: [m[K‘[01m[Kg_kOperationMode[m[K’ defined but not used [[01;35m[K-Wunused-variable[m[K]
   49 | static int8_t   [01;35m[Kg_kOperationMode[m[K = kProfileVelocity ;
      |                 [01;35m[K^~~~~~~~~~~~~~~~[m[K
In file included from [01m[K/home/daeyun/Desktop/ecat_control_ws/src/gui_pkg/../ecat_pkg/include/ecat_pkg/ecat_globals.hpp:42[m[K,
                 from [01m[K/home/daeyun/Desktop/ecat_control_ws/src/gui_pkg/src/../include/gui_pkg/gui_node.hpp:50[m[K,
                 from [01m[K/home/daeyun/Desktop/ecat_control_ws/src/gui_pkg/src/../include/gui_pkg/main_window.hpp:48[m[K,
                 from [01m[K/home/daeyun/Desktop/ecat_control_ws/src/gui_pkg/src/main_window.cpp:1[m[K:
[01m[K/home/daeyun/Desktop/ecat_control_ws/src/gui_pkg/../ecat_pkg/include/ecat_pkg/ecat_definitions.hpp:508:20:[m[K [01;35m[Kwarning: [m[K‘[01m[Kstd::string GetErrorMessage(const int&)[m[K’ defined but not used [[01;35m[K-Wunused-function[m[K]
  508 | static std::string [01;35m[KGetErrorMessage[m[K(const int& err_code)
      |                    [01;35m[K^~~~~~~~~~~~~~~[m[K
In file included from [01m[K/home/daeyun/Desktop/ecat_control_ws/build/gui_pkg/include/gui_pkg/../../../../src/gui_pkg/include/gui_pkg/gui_node.hpp:50[m[K,
                 from [01m[K/home/daeyun/Desktop/ecat_control_ws/build/gui_pkg/include/gui_pkg/../../../../src/gui_pkg/include/gui_pkg/main_window.hpp:48[m[K,
                 from [01m[K/home/daeyun/Desktop/ecat_control_ws/build/gui_pkg/include/gui_pkg/moc_main_window.cpp:9[m[K:
[01m[K/home/daeyun/Desktop/ecat_control_ws/src/gui_pkg/../ecat_pkg/include/ecat_pkg/ecat_globals.hpp:49:17:[m[K [01;35m[Kwarning: [m[K‘[01m[Kg_kOperationMode[m[K’ defined but not used [[01;35m[K-Wunused-variable[m[K]
   49 | static int8_t   [01;35m[Kg_kOperationMode[m[K = kProfileVelocity ;
      |                 [01;35m[K^~~~~~~~~~~~~~~~[m[K
In file included from [01m[K/home/daeyun/Desktop/ecat_control_ws/src/gui_pkg/../ecat_pkg/include/ecat_pkg/ecat_globals.hpp:42[m[K,
                 from [01m[K/home/daeyun/Desktop/ecat_control_ws/build/gui_pkg/include/gui_pkg/../../../../src/gui_pkg/include/gui_pkg/gui_node.hpp:50[m[K,
                 from [01m[K/home/daeyun/Desktop/ecat_control_ws/build/gui_pkg/include/gui_pkg/../../../../src/gui_pkg/include/gui_pkg/main_window.hpp:48[m[K,
                 from [01m[K/home/daeyun/Desktop/ecat_control_ws/build/gui_pkg/include/gui_pkg/moc_main_window.cpp:9[m[K:
[01m[K/home/daeyun/Desktop/ecat_control_ws/src/gui_pkg/../ecat_pkg/include/ecat_pkg/ecat_definitions.hpp:508:20:[m[K [01;35m[Kwarning: [m[K‘[01m[Kstd::string GetErrorMessage(const int&)[m[K’ defined but not used [[01;35m[K-Wunused-function[m[K]
  508 | static std::string [01;35m[KGetErrorMessage[m[K(const int& err_code)
      |                    [01;35m[K^~~~~~~~~~~~~~~[m[K
