[0.026s] Invoking command in '/home/daeyun/Desktop/ecat_control_ws/build/log_pkg': AMENT_PREFIX_PATH=/home/daeyun/Desktop/ecat_control_ws/install/ecat_msgs:${AMENT_PREFIX_PATH} CMAKE_PREFIX_PATH=/home/daeyun/Desktop/ecat_control_ws/install/ecat_msgs:/opt/ros/foxy LD_LIBRARY_PATH=/home/daeyun/Desktop/ecat_control_ws/install/ecat_msgs/lib:${LD_LIBRARY_PATH} PYTHONPATH=/home/daeyun/Desktop/ecat_control_ws/install/ecat_msgs/lib/python3.8/site-packages:${PYTHONPATH} /usr/bin/cmake --build /home/daeyun/Desktop/ecat_control_ws/build/log_pkg -- -j8 -l8
[0.079s] [100%] Built target timing_node
[0.088s] Invoked command in '/home/daeyun/Desktop/ecat_control_ws/build/log_pkg' returned '0': AMENT_PREFIX_PATH=/home/daeyun/Desktop/ecat_control_ws/install/ecat_msgs:${AMENT_PREFIX_PATH} CMAKE_PREFIX_PATH=/home/daeyun/Desktop/ecat_control_ws/install/ecat_msgs:/opt/ros/foxy LD_LIBRARY_PATH=/home/daeyun/Desktop/ecat_control_ws/install/ecat_msgs/lib:${LD_LIBRARY_PATH} PYTHONPATH=/home/daeyun/Desktop/ecat_control_ws/install/ecat_msgs/lib/python3.8/site-packages:${PYTHONPATH} /usr/bin/cmake --build /home/daeyun/Desktop/ecat_control_ws/build/log_pkg -- -j8 -l8
[0.116s] Invoking command in '/home/daeyun/Desktop/ecat_control_ws/build/log_pkg': AMENT_PREFIX_PATH=/home/daeyun/Desktop/ecat_control_ws/install/ecat_msgs:${AMENT_PREFIX_PATH} CMAKE_PREFIX_PATH=/home/daeyun/Desktop/ecat_control_ws/install/ecat_msgs:/opt/ros/foxy LD_LIBRARY_PATH=/home/daeyun/Desktop/ecat_control_ws/install/ecat_msgs/lib:${LD_LIBRARY_PATH} PYTHONPATH=/home/daeyun/Desktop/ecat_control_ws/install/ecat_msgs/lib/python3.8/site-packages:${PYTHONPATH} /usr/bin/cmake --install /home/daeyun/Desktop/ecat_control_ws/build/log_pkg
[0.125s] -- Install configuration: ""
[0.127s] -- Execute custom install script
[0.128s] -- Up-to-date symlink: /home/daeyun/Desktop/ecat_control_ws/install/log_pkg/lib/log_pkg/timing_node
[0.131s] -- Up-to-date symlink: /home/daeyun/Desktop/ecat_control_ws/install/log_pkg/share/ament_index/resource_index/package_run_dependencies/log_pkg
[0.132s] -- Up-to-date symlink: /home/daeyun/Desktop/ecat_control_ws/install/log_pkg/share/ament_index/resource_index/parent_prefix_path/log_pkg
[0.133s] -- Up-to-date symlink: /home/daeyun/Desktop/ecat_control_ws/install/log_pkg/share/log_pkg/environment/ament_prefix_path.sh
[0.133s] -- Up-to-date symlink: /home/daeyun/Desktop/ecat_control_ws/install/log_pkg/share/log_pkg/environment/ament_prefix_path.dsv
[0.133s] -- Up-to-date symlink: /home/daeyun/Desktop/ecat_control_ws/install/log_pkg/share/log_pkg/environment/path.sh
[0.134s] -- Up-to-date symlink: /home/daeyun/Desktop/ecat_control_ws/install/log_pkg/share/log_pkg/environment/path.dsv
[0.134s] -- Up-to-date symlink: /home/daeyun/Desktop/ecat_control_ws/install/log_pkg/share/log_pkg/local_setup.bash
[0.134s] -- Up-to-date symlink: /home/daeyun/Desktop/ecat_control_ws/install/log_pkg/share/log_pkg/local_setup.sh
[0.134s] -- Up-to-date symlink: /home/daeyun/Desktop/ecat_control_ws/install/log_pkg/share/log_pkg/local_setup.zsh
[0.134s] -- Up-to-date symlink: /home/daeyun/Desktop/ecat_control_ws/install/log_pkg/share/log_pkg/local_setup.dsv
[0.134s] -- Symlinking: /home/daeyun/Desktop/ecat_control_ws/install/log_pkg/share/log_pkg/package.dsv
[0.137s] -- Up-to-date symlink: /home/daeyun/Desktop/ecat_control_ws/install/log_pkg/share/ament_index/resource_index/packages/log_pkg
[0.137s] -- Up-to-date symlink: /home/daeyun/Desktop/ecat_control_ws/install/log_pkg/share/log_pkg/cmake/log_pkgConfig.cmake
[0.138s] -- Up-to-date symlink: /home/daeyun/Desktop/ecat_control_ws/install/log_pkg/share/log_pkg/cmake/log_pkgConfig-version.cmake
[0.138s] -- Up-to-date symlink: /home/daeyun/Desktop/ecat_control_ws/install/log_pkg/share/log_pkg/package.xml
[0.143s] Invoked command in '/home/daeyun/Desktop/ecat_control_ws/build/log_pkg' returned '0': AMENT_PREFIX_PATH=/home/daeyun/Desktop/ecat_control_ws/install/ecat_msgs:${AMENT_PREFIX_PATH} CMAKE_PREFIX_PATH=/home/daeyun/Desktop/ecat_control_ws/install/ecat_msgs:/opt/ros/foxy LD_LIBRARY_PATH=/home/daeyun/Desktop/ecat_control_ws/install/ecat_msgs/lib:${LD_LIBRARY_PATH} PYTHONPATH=/home/daeyun/Desktop/ecat_control_ws/install/ecat_msgs/lib/python3.8/site-packages:${PYTHONPATH} /usr/bin/cmake --install /home/daeyun/Desktop/ecat_control_ws/build/log_pkg
