[0.021s] Invoking command in '/home/daeyun/Desktop/ecat_control_ws/build/data_extract_pkg': CMAKE_PREFIX_PATH=${CMAKE_PREFIX_PATH}:/opt/ros/foxy /usr/bin/cmake --build /home/daeyun/Desktop/ecat_control_ws/build/data_extract_pkg -- -j6 -l6
[0.077s] [100%] Built target data_extract_node
[0.093s] Invoked command in '/home/daeyun/Desktop/ecat_control_ws/build/data_extract_pkg' returned '0': CMAKE_PREFIX_PATH=${CMAKE_PREFIX_PATH}:/opt/ros/foxy /usr/bin/cmake --build /home/daeyun/Desktop/ecat_control_ws/build/data_extract_pkg -- -j6 -l6
[0.115s] Invoking command in '/home/daeyun/Desktop/ecat_control_ws/build/data_extract_pkg': CMAKE_PREFIX_PATH=${CMAKE_PREFIX_PATH}:/opt/ros/foxy /usr/bin/cmake --install /home/daeyun/Desktop/ecat_control_ws/build/data_extract_pkg
[0.122s] -- Install configuration: ""
[0.122s] -- Execute custom install script
[0.123s] -- Up-to-date symlink: /home/daeyun/Desktop/ecat_control_ws/install/data_extract_pkg/lib/data_extract_pkg/data_extract_node
[0.123s] -- Up-to-date symlink: /home/daeyun/Desktop/ecat_control_ws/install/data_extract_pkg/share/ament_index/resource_index/package_run_dependencies/data_extract_pkg
[0.123s] -- Up-to-date symlink: /home/daeyun/Desktop/ecat_control_ws/install/data_extract_pkg/share/ament_index/resource_index/parent_prefix_path/data_extract_pkg
[0.123s] -- Up-to-date symlink: /home/daeyun/Desktop/ecat_control_ws/install/data_extract_pkg/share/data_extract_pkg/environment/ament_prefix_path.sh
[0.124s] -- Up-to-date symlink: /home/daeyun/Desktop/ecat_control_ws/install/data_extract_pkg/share/data_extract_pkg/environment/ament_prefix_path.dsv
[0.124s] -- Up-to-date symlink: /home/daeyun/Desktop/ecat_control_ws/install/data_extract_pkg/share/data_extract_pkg/environment/path.sh
[0.124s] -- Up-to-date symlink: /home/daeyun/Desktop/ecat_control_ws/install/data_extract_pkg/share/data_extract_pkg/environment/path.dsv
[0.124s] -- Up-to-date symlink: /home/daeyun/Desktop/ecat_control_ws/install/data_extract_pkg/share/data_extract_pkg/local_setup.bash
[0.126s] -- Up-to-date symlink: /home/daeyun/Desktop/ecat_control_ws/install/data_extract_pkg/share/data_extract_pkg/local_setup.sh
[0.127s] -- Up-to-date symlink: /home/daeyun/Desktop/ecat_control_ws/install/data_extract_pkg/share/data_extract_pkg/local_setup.zsh
[0.127s] -- Up-to-date symlink: /home/daeyun/Desktop/ecat_control_ws/install/data_extract_pkg/share/data_extract_pkg/local_setup.dsv
[0.127s] -- Symlinking: /home/daeyun/Desktop/ecat_control_ws/install/data_extract_pkg/share/data_extract_pkg/package.dsv
[0.134s] -- Up-to-date symlink: /home/daeyun/Desktop/ecat_control_ws/install/data_extract_pkg/share/ament_index/resource_index/packages/data_extract_pkg
[0.134s] -- Up-to-date symlink: /home/daeyun/Desktop/ecat_control_ws/install/data_extract_pkg/share/data_extract_pkg/cmake/data_extract_pkgConfig.cmake
[0.135s] -- Up-to-date symlink: /home/daeyun/Desktop/ecat_control_ws/install/data_extract_pkg/share/data_extract_pkg/cmake/data_extract_pkgConfig-version.cmake
[0.135s] -- Up-to-date symlink: /home/daeyun/Desktop/ecat_control_ws/install/data_extract_pkg/share/data_extract_pkg/package.xml
[0.146s] Invoked command in '/home/daeyun/Desktop/ecat_control_ws/build/data_extract_pkg' returned '0': CMAKE_PREFIX_PATH=${CMAKE_PREFIX_PATH}:/opt/ros/foxy /usr/bin/cmake --install /home/daeyun/Desktop/ecat_control_ws/build/data_extract_pkg
