[0.044s] Invoking command in '/home/daeyun/Desktop/ecat_control_ws/build/gui_pkg': CMAKE_PREFIX_PATH=/home/daeyun/Desktop/ecat_control_ws/install/ecat_msgs:/home/daeyun/Desktop/ecat_control_ws/install/safety_pkg:/home/daeyun/Desktop/ecat_control_ws/install/log_pkg:/home/daeyun/Desktop/ecat_control_ws/install/input_pkg:/home/daeyun/Desktop/ecat_control_ws/install/gui_pkg:/home/daeyun/Desktop/ecat_control_ws/install/ecat_pkg:/home/daeyun/Desktop/ecat_control_ws/install/data_extract_pkg:/home/daeyun/Desktop/ecat_control_ws/install/controller:/opt/ros/foxy /usr/bin/cmake --build /home/daeyun/Desktop/ecat_control_ws/build/gui_pkg -- -j6 -l6
[0.145s] [100%] Built target gui_node
[0.157s] Invoked command in '/home/daeyun/Desktop/ecat_control_ws/build/gui_pkg' returned '0': CMAKE_PREFIX_PATH=/home/daeyun/Desktop/ecat_control_ws/install/ecat_msgs:/home/daeyun/Desktop/ecat_control_ws/install/safety_pkg:/home/daeyun/Desktop/ecat_control_ws/install/log_pkg:/home/daeyun/Desktop/ecat_control_ws/install/input_pkg:/home/daeyun/Desktop/ecat_control_ws/install/gui_pkg:/home/daeyun/Desktop/ecat_control_ws/install/ecat_pkg:/home/daeyun/Desktop/ecat_control_ws/install/data_extract_pkg:/home/daeyun/Desktop/ecat_control_ws/install/controller:/opt/ros/foxy /usr/bin/cmake --build /home/daeyun/Desktop/ecat_control_ws/build/gui_pkg -- -j6 -l6
[0.243s] Invoking command in '/home/daeyun/Desktop/ecat_control_ws/build/gui_pkg': CMAKE_PREFIX_PATH=/home/daeyun/Desktop/ecat_control_ws/install/ecat_msgs:/home/daeyun/Desktop/ecat_control_ws/install/safety_pkg:/home/daeyun/Desktop/ecat_control_ws/install/log_pkg:/home/daeyun/Desktop/ecat_control_ws/install/input_pkg:/home/daeyun/Desktop/ecat_control_ws/install/gui_pkg:/home/daeyun/Desktop/ecat_control_ws/install/ecat_pkg:/home/daeyun/Desktop/ecat_control_ws/install/data_extract_pkg:/home/daeyun/Desktop/ecat_control_ws/install/controller:/opt/ros/foxy /usr/bin/cmake --install /home/daeyun/Desktop/ecat_control_ws/build/gui_pkg
[0.264s] -- Install configuration: ""
[0.264s] -- Execute custom install script
[0.264s] -- Up-to-date symlink: /home/daeyun/Desktop/ecat_control_ws/install/gui_pkg/lib/gui_pkg/gui_node
[0.264s] -- Up-to-date symlink: /home/daeyun/Desktop/ecat_control_ws/install/gui_pkg/share/ament_index/resource_index/package_run_dependencies/gui_pkg
[0.264s] -- Up-to-date symlink: /home/daeyun/Desktop/ecat_control_ws/install/gui_pkg/share/ament_index/resource_index/parent_prefix_path/gui_pkg
[0.264s] -- Up-to-date symlink: /home/daeyun/Desktop/ecat_control_ws/install/gui_pkg/share/gui_pkg/environment/ament_prefix_path.sh
[0.265s] -- Up-to-date symlink: /home/daeyun/Desktop/ecat_control_ws/install/gui_pkg/share/gui_pkg/environment/ament_prefix_path.dsv
[0.265s] -- Up-to-date symlink: /home/daeyun/Desktop/ecat_control_ws/install/gui_pkg/share/gui_pkg/environment/path.sh
[0.265s] -- Up-to-date symlink: /home/daeyun/Desktop/ecat_control_ws/install/gui_pkg/share/gui_pkg/environment/path.dsv
[0.265s] -- Up-to-date symlink: /home/daeyun/Desktop/ecat_control_ws/install/gui_pkg/share/gui_pkg/local_setup.bash
[0.265s] -- Up-to-date symlink: /home/daeyun/Desktop/ecat_control_ws/install/gui_pkg/share/gui_pkg/local_setup.sh
[0.265s] -- Up-to-date symlink: /home/daeyun/Desktop/ecat_control_ws/install/gui_pkg/share/gui_pkg/local_setup.zsh
[0.265s] -- Up-to-date symlink: /home/daeyun/Desktop/ecat_control_ws/install/gui_pkg/share/gui_pkg/local_setup.dsv
[0.265s] -- Symlinking: /home/daeyun/Desktop/ecat_control_ws/install/gui_pkg/share/gui_pkg/package.dsv
[0.267s] -- Up-to-date symlink: /home/daeyun/Desktop/ecat_control_ws/install/gui_pkg/share/ament_index/resource_index/packages/gui_pkg
[0.267s] -- Up-to-date symlink: /home/daeyun/Desktop/ecat_control_ws/install/gui_pkg/share/gui_pkg/cmake/gui_pkgConfig.cmake
[0.267s] -- Up-to-date symlink: /home/daeyun/Desktop/ecat_control_ws/install/gui_pkg/share/gui_pkg/cmake/gui_pkgConfig-version.cmake
[0.267s] -- Up-to-date symlink: /home/daeyun/Desktop/ecat_control_ws/install/gui_pkg/share/gui_pkg/package.xml
[0.294s] Invoked command in '/home/daeyun/Desktop/ecat_control_ws/build/gui_pkg' returned '0': CMAKE_PREFIX_PATH=/home/daeyun/Desktop/ecat_control_ws/install/ecat_msgs:/home/daeyun/Desktop/ecat_control_ws/install/safety_pkg:/home/daeyun/Desktop/ecat_control_ws/install/log_pkg:/home/daeyun/Desktop/ecat_control_ws/install/input_pkg:/home/daeyun/Desktop/ecat_control_ws/install/gui_pkg:/home/daeyun/Desktop/ecat_control_ws/install/ecat_pkg:/home/daeyun/Desktop/ecat_control_ws/install/data_extract_pkg:/home/daeyun/Desktop/ecat_control_ws/install/controller:/opt/ros/foxy /usr/bin/cmake --install /home/daeyun/Desktop/ecat_control_ws/build/gui_pkg
