[0.081s] DEBUG:colcon:Command line arguments: ['/usr/bin/colcon', 'build', '--symlink-install']
[0.081s] DEBUG:colcon:Parsed command line arguments: Namespace(allow_overriding=[], ament_cmake_args=None, base_paths=['.'], build_base='build', catkin_cmake_args=None, catkin_skip_building_tests=False, cmake_args=None, cmake_clean_cache=False, cmake_clean_first=False, cmake_force_configure=False, cmake_target=None, cmake_target_skip_unavailable=False, continue_on_error=False, event_handlers=None, executor='parallel', ignore_user_meta=False, install_base='install', log_base=None, log_level=None, main=<bound method BuildVerb.main of <colcon_core.verb.build.BuildVerb object at 0x7f96fcdf03d0>>, merge_install=False, metas=['./colcon.meta'], packages_above=None, packages_above_and_dependencies=None, packages_above_depth=None, packages_end=None, packages_ignore=None, packages_ignore_regex=None, packages_select=None, packages_select_build_failed=False, packages_select_by_dep=None, packages_select_regex=None, packages_select_test_failures=False, packages_skip=None, packages_skip_build_finished=False, packages_skip_by_dep=None, packages_skip_regex=None, packages_skip_test_passed=False, packages_skip_up_to=None, packages_start=None, packages_up_to=None, packages_up_to_regex=None, parallel_workers=8, paths=None, symlink_install=True, test_result_base=None, verb_extension=<colcon_core.verb.build.BuildVerb object at 0x7f96fcdf03d0>, verb_name='build', verb_parser=<colcon_defaults.argument_parser.defaults.DefaultArgumentsDecorator object at 0x7f96fcdf0910>)
[0.096s] Level 1:colcon.colcon_core.package_discovery:discover_packages(colcon_meta) check parameters
[0.096s] Level 1:colcon.colcon_core.package_discovery:discover_packages(recursive) check parameters
[0.096s] Level 1:colcon.colcon_core.package_discovery:discover_packages(ignore) check parameters
[0.096s] Level 1:colcon.colcon_core.package_discovery:discover_packages(path) check parameters
[0.096s] Level 1:colcon.colcon_core.package_discovery:discover_packages(colcon_meta) discover
[0.096s] Level 1:colcon.colcon_core.package_discovery:discover_packages(recursive) discover
[0.096s] INFO:colcon.colcon_core.package_discovery:Crawling recursively for packages in '/home/daeyun/Desktop/ecat_control_ws'
[0.096s] Level 1:colcon.colcon_core.package_identification:_identify(.) by extensions ['ignore', 'ignore_ament_install']
[0.096s] Level 1:colcon.colcon_core.package_identification:_identify(.) by extension 'ignore'
[0.096s] Level 1:colcon.colcon_core.package_identification:_identify(.) by extension 'ignore_ament_install'
[0.096s] Level 1:colcon.colcon_core.package_identification:_identify(.) by extensions ['colcon_pkg']
[0.096s] Level 1:colcon.colcon_core.package_identification:_identify(.) by extension 'colcon_pkg'
[0.096s] Level 1:colcon.colcon_core.package_identification:_identify(.) by extensions ['colcon_meta']
[0.096s] Level 1:colcon.colcon_core.package_identification:_identify(.) by extension 'colcon_meta'
[0.096s] Level 1:colcon.colcon_core.package_identification:_identify(.) by extensions ['ros']
[0.096s] Level 1:colcon.colcon_core.package_identification:_identify(.) by extension 'ros'
[0.104s] Level 1:colcon.colcon_core.package_identification:_identify(.) by extensions ['cmake', 'python']
[0.104s] Level 1:colcon.colcon_core.package_identification:_identify(.) by extension 'cmake'
[0.104s] Level 1:colcon.colcon_core.package_identification:_identify(.) by extension 'python'
[0.104s] Level 1:colcon.colcon_core.package_identification:_identify(.) by extensions ['python_setup_py']
[0.104s] Level 1:colcon.colcon_core.package_identification:_identify(.) by extension 'python_setup_py'
[0.104s] Level 1:colcon.colcon_core.package_identification:_identify(__pycache__) by extensions ['ignore', 'ignore_ament_install']
[0.104s] Level 1:colcon.colcon_core.package_identification:_identify(__pycache__) by extension 'ignore'
[0.104s] Level 1:colcon.colcon_core.package_identification:_identify(__pycache__) by extension 'ignore_ament_install'
[0.104s] Level 1:colcon.colcon_core.package_identification:_identify(__pycache__) by extensions ['colcon_pkg']
[0.104s] Level 1:colcon.colcon_core.package_identification:_identify(__pycache__) by extension 'colcon_pkg'
[0.104s] Level 1:colcon.colcon_core.package_identification:_identify(__pycache__) by extensions ['colcon_meta']
[0.104s] Level 1:colcon.colcon_core.package_identification:_identify(__pycache__) by extension 'colcon_meta'
[0.104s] Level 1:colcon.colcon_core.package_identification:_identify(__pycache__) by extensions ['ros']
[0.104s] Level 1:colcon.colcon_core.package_identification:_identify(__pycache__) by extension 'ros'
[0.104s] Level 1:colcon.colcon_core.package_identification:_identify(__pycache__) by extensions ['cmake', 'python']
[0.104s] Level 1:colcon.colcon_core.package_identification:_identify(__pycache__) by extension 'cmake'
[0.104s] Level 1:colcon.colcon_core.package_identification:_identify(__pycache__) by extension 'python'
[0.104s] Level 1:colcon.colcon_core.package_identification:_identify(__pycache__) by extensions ['python_setup_py']
[0.104s] Level 1:colcon.colcon_core.package_identification:_identify(__pycache__) by extension 'python_setup_py'
[0.104s] Level 1:colcon.colcon_core.package_identification:_identify(build) by extensions ['ignore', 'ignore_ament_install']
[0.104s] Level 1:colcon.colcon_core.package_identification:_identify(build) by extension 'ignore'
[0.105s] Level 1:colcon.colcon_core.package_identification:_identify(build) ignored
[0.105s] Level 1:colcon.colcon_core.package_identification:_identify(docs) by extensions ['ignore', 'ignore_ament_install']
[0.105s] Level 1:colcon.colcon_core.package_identification:_identify(docs) by extension 'ignore'
[0.105s] Level 1:colcon.colcon_core.package_identification:_identify(docs) by extension 'ignore_ament_install'
[0.105s] Level 1:colcon.colcon_core.package_identification:_identify(docs) by extensions ['colcon_pkg']
[0.105s] Level 1:colcon.colcon_core.package_identification:_identify(docs) by extension 'colcon_pkg'
[0.106s] Level 1:colcon.colcon_core.package_identification:_identify(docs) by extensions ['colcon_meta']
[0.106s] Level 1:colcon.colcon_core.package_identification:_identify(docs) by extension 'colcon_meta'
[0.106s] Level 1:colcon.colcon_core.package_identification:_identify(docs) by extensions ['ros']
[0.106s] Level 1:colcon.colcon_core.package_identification:_identify(docs) by extension 'ros'
[0.106s] Level 1:colcon.colcon_core.package_identification:_identify(docs) by extensions ['cmake', 'python']
[0.106s] Level 1:colcon.colcon_core.package_identification:_identify(docs) by extension 'cmake'
[0.106s] Level 1:colcon.colcon_core.package_identification:_identify(docs) by extension 'python'
[0.106s] Level 1:colcon.colcon_core.package_identification:_identify(docs) by extensions ['python_setup_py']
[0.106s] Level 1:colcon.colcon_core.package_identification:_identify(docs) by extension 'python_setup_py'
[0.106s] Level 1:colcon.colcon_core.package_identification:_identify(docs/doxy_xml) by extensions ['ignore', 'ignore_ament_install']
[0.106s] Level 1:colcon.colcon_core.package_identification:_identify(docs/doxy_xml) by extension 'ignore'
[0.106s] Level 1:colcon.colcon_core.package_identification:_identify(docs/doxy_xml) by extension 'ignore_ament_install'
[0.106s] Level 1:colcon.colcon_core.package_identification:_identify(docs/doxy_xml) by extensions ['colcon_pkg']
[0.106s] Level 1:colcon.colcon_core.package_identification:_identify(docs/doxy_xml) by extension 'colcon_pkg'
[0.106s] Level 1:colcon.colcon_core.package_identification:_identify(docs/doxy_xml) by extensions ['colcon_meta']
[0.106s] Level 1:colcon.colcon_core.package_identification:_identify(docs/doxy_xml) by extension 'colcon_meta'
[0.106s] Level 1:colcon.colcon_core.package_identification:_identify(docs/doxy_xml) by extensions ['ros']
[0.106s] Level 1:colcon.colcon_core.package_identification:_identify(docs/doxy_xml) by extension 'ros'
[0.106s] Level 1:colcon.colcon_core.package_identification:_identify(docs/doxy_xml) by extensions ['cmake', 'python']
[0.106s] Level 1:colcon.colcon_core.package_identification:_identify(docs/doxy_xml) by extension 'cmake'
[0.106s] Level 1:colcon.colcon_core.package_identification:_identify(docs/doxy_xml) by extension 'python'
[0.106s] Level 1:colcon.colcon_core.package_identification:_identify(docs/doxy_xml) by extensions ['python_setup_py']
[0.106s] Level 1:colcon.colcon_core.package_identification:_identify(docs/doxy_xml) by extension 'python_setup_py'
[0.107s] Level 1:colcon.colcon_core.package_identification:_identify(docs/html) by extensions ['ignore', 'ignore_ament_install']
[0.107s] Level 1:colcon.colcon_core.package_identification:_identify(docs/html) by extension 'ignore'
[0.107s] Level 1:colcon.colcon_core.package_identification:_identify(docs/html) by extension 'ignore_ament_install'
[0.107s] Level 1:colcon.colcon_core.package_identification:_identify(docs/html) by extensions ['colcon_pkg']
[0.107s] Level 1:colcon.colcon_core.package_identification:_identify(docs/html) by extension 'colcon_pkg'
[0.107s] Level 1:colcon.colcon_core.package_identification:_identify(docs/html) by extensions ['colcon_meta']
[0.107s] Level 1:colcon.colcon_core.package_identification:_identify(docs/html) by extension 'colcon_meta'
[0.107s] Level 1:colcon.colcon_core.package_identification:_identify(docs/html) by extensions ['ros']
[0.107s] Level 1:colcon.colcon_core.package_identification:_identify(docs/html) by extension 'ros'
[0.107s] Level 1:colcon.colcon_core.package_identification:_identify(docs/html) by extensions ['cmake', 'python']
[0.107s] Level 1:colcon.colcon_core.package_identification:_identify(docs/html) by extension 'cmake'
[0.107s] Level 1:colcon.colcon_core.package_identification:_identify(docs/html) by extension 'python'
[0.107s] Level 1:colcon.colcon_core.package_identification:_identify(docs/html) by extensions ['python_setup_py']
[0.107s] Level 1:colcon.colcon_core.package_identification:_identify(docs/html) by extension 'python_setup_py'
[0.107s] Level 1:colcon.colcon_core.package_identification:_identify(docs/html/search) by extensions ['ignore', 'ignore_ament_install']
[0.107s] Level 1:colcon.colcon_core.package_identification:_identify(docs/html/search) by extension 'ignore'
[0.107s] Level 1:colcon.colcon_core.package_identification:_identify(docs/html/search) by extension 'ignore_ament_install'
[0.107s] Level 1:colcon.colcon_core.package_identification:_identify(docs/html/search) by extensions ['colcon_pkg']
[0.107s] Level 1:colcon.colcon_core.package_identification:_identify(docs/html/search) by extension 'colcon_pkg'
[0.107s] Level 1:colcon.colcon_core.package_identification:_identify(docs/html/search) by extensions ['colcon_meta']
[0.107s] Level 1:colcon.colcon_core.package_identification:_identify(docs/html/search) by extension 'colcon_meta'
[0.107s] Level 1:colcon.colcon_core.package_identification:_identify(docs/html/search) by extensions ['ros']
[0.107s] Level 1:colcon.colcon_core.package_identification:_identify(docs/html/search) by extension 'ros'
[0.107s] Level 1:colcon.colcon_core.package_identification:_identify(docs/html/search) by extensions ['cmake', 'python']
[0.107s] Level 1:colcon.colcon_core.package_identification:_identify(docs/html/search) by extension 'cmake'
[0.107s] Level 1:colcon.colcon_core.package_identification:_identify(docs/html/search) by extension 'python'
[0.108s] Level 1:colcon.colcon_core.package_identification:_identify(docs/html/search) by extensions ['python_setup_py']
[0.108s] Level 1:colcon.colcon_core.package_identification:_identify(docs/html/search) by extension 'python_setup_py'
[0.108s] Level 1:colcon.colcon_core.package_identification:_identify(docs/img) by extensions ['ignore', 'ignore_ament_install']
[0.108s] Level 1:colcon.colcon_core.package_identification:_identify(docs/img) by extension 'ignore'
[0.108s] Level 1:colcon.colcon_core.package_identification:_identify(docs/img) by extension 'ignore_ament_install'
[0.108s] Level 1:colcon.colcon_core.package_identification:_identify(docs/img) by extensions ['colcon_pkg']
[0.108s] Level 1:colcon.colcon_core.package_identification:_identify(docs/img) by extension 'colcon_pkg'
[0.108s] Level 1:colcon.colcon_core.package_identification:_identify(docs/img) by extensions ['colcon_meta']
[0.108s] Level 1:colcon.colcon_core.package_identification:_identify(docs/img) by extension 'colcon_meta'
[0.108s] Level 1:colcon.colcon_core.package_identification:_identify(docs/img) by extensions ['ros']
[0.108s] Level 1:colcon.colcon_core.package_identification:_identify(docs/img) by extension 'ros'
[0.108s] Level 1:colcon.colcon_core.package_identification:_identify(docs/img) by extensions ['cmake', 'python']
[0.108s] Level 1:colcon.colcon_core.package_identification:_identify(docs/img) by extension 'cmake'
[0.108s] Level 1:colcon.colcon_core.package_identification:_identify(docs/img) by extension 'python'
[0.108s] Level 1:colcon.colcon_core.package_identification:_identify(docs/img) by extensions ['python_setup_py']
[0.108s] Level 1:colcon.colcon_core.package_identification:_identify(docs/img) by extension 'python_setup_py'
[0.108s] Level 1:colcon.colcon_core.package_identification:_identify(docs/latex) by extensions ['ignore', 'ignore_ament_install']
[0.108s] Level 1:colcon.colcon_core.package_identification:_identify(docs/latex) by extension 'ignore'
[0.108s] Level 1:colcon.colcon_core.package_identification:_identify(docs/latex) by extension 'ignore_ament_install'
[0.108s] Level 1:colcon.colcon_core.package_identification:_identify(docs/latex) by extensions ['colcon_pkg']
[0.108s] Level 1:colcon.colcon_core.package_identification:_identify(docs/latex) by extension 'colcon_pkg'
[0.108s] Level 1:colcon.colcon_core.package_identification:_identify(docs/latex) by extensions ['colcon_meta']
[0.108s] Level 1:colcon.colcon_core.package_identification:_identify(docs/latex) by extension 'colcon_meta'
[0.108s] Level 1:colcon.colcon_core.package_identification:_identify(docs/latex) by extensions ['ros']
[0.108s] Level 1:colcon.colcon_core.package_identification:_identify(docs/latex) by extension 'ros'
[0.108s] Level 1:colcon.colcon_core.package_identification:_identify(docs/latex) by extensions ['cmake', 'python']
[0.108s] Level 1:colcon.colcon_core.package_identification:_identify(docs/latex) by extension 'cmake'
[0.108s] Level 1:colcon.colcon_core.package_identification:_identify(docs/latex) by extension 'python'
[0.109s] Level 1:colcon.colcon_core.package_identification:_identify(docs/latex) by extensions ['python_setup_py']
[0.109s] Level 1:colcon.colcon_core.package_identification:_identify(docs/latex) by extension 'python_setup_py'
[0.109s] Level 1:colcon.colcon_core.package_identification:_identify(docs/search) by extensions ['ignore', 'ignore_ament_install']
[0.109s] Level 1:colcon.colcon_core.package_identification:_identify(docs/search) by extension 'ignore'
[0.109s] Level 1:colcon.colcon_core.package_identification:_identify(docs/search) by extension 'ignore_ament_install'
[0.109s] Level 1:colcon.colcon_core.package_identification:_identify(docs/search) by extensions ['colcon_pkg']
[0.109s] Level 1:colcon.colcon_core.package_identification:_identify(docs/search) by extension 'colcon_pkg'
[0.109s] Level 1:colcon.colcon_core.package_identification:_identify(docs/search) by extensions ['colcon_meta']
[0.109s] Level 1:colcon.colcon_core.package_identification:_identify(docs/search) by extension 'colcon_meta'
[0.109s] Level 1:colcon.colcon_core.package_identification:_identify(docs/search) by extensions ['ros']
[0.109s] Level 1:colcon.colcon_core.package_identification:_identify(docs/search) by extension 'ros'
[0.109s] Level 1:colcon.colcon_core.package_identification:_identify(docs/search) by extensions ['cmake', 'python']
[0.109s] Level 1:colcon.colcon_core.package_identification:_identify(docs/search) by extension 'cmake'
[0.109s] Level 1:colcon.colcon_core.package_identification:_identify(docs/search) by extension 'python'
[0.109s] Level 1:colcon.colcon_core.package_identification:_identify(docs/search) by extensions ['python_setup_py']
[0.109s] Level 1:colcon.colcon_core.package_identification:_identify(docs/search) by extension 'python_setup_py'
[0.109s] Level 1:colcon.colcon_core.package_identification:_identify(docs/src) by extensions ['ignore', 'ignore_ament_install']
[0.109s] Level 1:colcon.colcon_core.package_identification:_identify(docs/src) by extension 'ignore'
[0.109s] Level 1:colcon.colcon_core.package_identification:_identify(docs/src) by extension 'ignore_ament_install'
[0.109s] Level 1:colcon.colcon_core.package_identification:_identify(docs/src) by extensions ['colcon_pkg']
[0.109s] Level 1:colcon.colcon_core.package_identification:_identify(docs/src) by extension 'colcon_pkg'
[0.109s] Level 1:colcon.colcon_core.package_identification:_identify(docs/src) by extensions ['colcon_meta']
[0.109s] Level 1:colcon.colcon_core.package_identification:_identify(docs/src) by extension 'colcon_meta'
[0.110s] Level 1:colcon.colcon_core.package_identification:_identify(docs/src) by extensions ['ros']
[0.110s] Level 1:colcon.colcon_core.package_identification:_identify(docs/src) by extension 'ros'
[0.110s] Level 1:colcon.colcon_core.package_identification:_identify(docs/src) by extensions ['cmake', 'python']
[0.110s] Level 1:colcon.colcon_core.package_identification:_identify(docs/src) by extension 'cmake'
[0.110s] Level 1:colcon.colcon_core.package_identification:_identify(docs/src) by extension 'python'
[0.110s] Level 1:colcon.colcon_core.package_identification:_identify(docs/src) by extensions ['python_setup_py']
[0.110s] Level 1:colcon.colcon_core.package_identification:_identify(docs/src) by extension 'python_setup_py'
[0.110s] Level 1:colcon.colcon_core.package_identification:_identify(docs/src/doxygen-custom) by extensions ['ignore', 'ignore_ament_install']
[0.110s] Level 1:colcon.colcon_core.package_identification:_identify(docs/src/doxygen-custom) by extension 'ignore'
[0.110s] Level 1:colcon.colcon_core.package_identification:_identify(docs/src/doxygen-custom) by extension 'ignore_ament_install'
[0.110s] Level 1:colcon.colcon_core.package_identification:_identify(docs/src/doxygen-custom) by extensions ['colcon_pkg']
[0.110s] Level 1:colcon.colcon_core.package_identification:_identify(docs/src/doxygen-custom) by extension 'colcon_pkg'
[0.110s] Level 1:colcon.colcon_core.package_identification:_identify(docs/src/doxygen-custom) by extensions ['colcon_meta']
[0.110s] Level 1:colcon.colcon_core.package_identification:_identify(docs/src/doxygen-custom) by extension 'colcon_meta'
[0.110s] Level 1:colcon.colcon_core.package_identification:_identify(docs/src/doxygen-custom) by extensions ['ros']
[0.110s] Level 1:colcon.colcon_core.package_identification:_identify(docs/src/doxygen-custom) by extension 'ros'
[0.110s] Level 1:colcon.colcon_core.package_identification:_identify(docs/src/doxygen-custom) by extensions ['cmake', 'python']
[0.110s] Level 1:colcon.colcon_core.package_identification:_identify(docs/src/doxygen-custom) by extension 'cmake'
[0.110s] Level 1:colcon.colcon_core.package_identification:_identify(docs/src/doxygen-custom) by extension 'python'
[0.110s] Level 1:colcon.colcon_core.package_identification:_identify(docs/src/doxygen-custom) by extensions ['python_setup_py']
[0.110s] Level 1:colcon.colcon_core.package_identification:_identify(docs/src/doxygen-custom) by extension 'python_setup_py'
[0.110s] Level 1:colcon.colcon_core.package_identification:_identify(docs/src/img) by extensions ['ignore', 'ignore_ament_install']
[0.110s] Level 1:colcon.colcon_core.package_identification:_identify(docs/src/img) by extension 'ignore'
[0.110s] Level 1:colcon.colcon_core.package_identification:_identify(docs/src/img) by extension 'ignore_ament_install'
[0.110s] Level 1:colcon.colcon_core.package_identification:_identify(docs/src/img) by extensions ['colcon_pkg']
[0.110s] Level 1:colcon.colcon_core.package_identification:_identify(docs/src/img) by extension 'colcon_pkg'
[0.110s] Level 1:colcon.colcon_core.package_identification:_identify(docs/src/img) by extensions ['colcon_meta']
[0.110s] Level 1:colcon.colcon_core.package_identification:_identify(docs/src/img) by extension 'colcon_meta'
[0.110s] Level 1:colcon.colcon_core.package_identification:_identify(docs/src/img) by extensions ['ros']
[0.110s] Level 1:colcon.colcon_core.package_identification:_identify(docs/src/img) by extension 'ros'
[0.110s] Level 1:colcon.colcon_core.package_identification:_identify(docs/src/img) by extensions ['cmake', 'python']
[0.111s] Level 1:colcon.colcon_core.package_identification:_identify(docs/src/img) by extension 'cmake'
[0.111s] Level 1:colcon.colcon_core.package_identification:_identify(docs/src/img) by extension 'python'
[0.111s] Level 1:colcon.colcon_core.package_identification:_identify(docs/src/img) by extensions ['python_setup_py']
[0.111s] Level 1:colcon.colcon_core.package_identification:_identify(docs/src/img) by extension 'python_setup_py'
[0.111s] Level 1:colcon.colcon_core.package_identification:_identify(install) by extensions ['ignore', 'ignore_ament_install']
[0.111s] Level 1:colcon.colcon_core.package_identification:_identify(install) by extension 'ignore'
[0.111s] Level 1:colcon.colcon_core.package_identification:_identify(install) ignored
[0.111s] Level 1:colcon.colcon_core.package_identification:_identify(log) by extensions ['ignore', 'ignore_ament_install']
[0.111s] Level 1:colcon.colcon_core.package_identification:_identify(log) by extension 'ignore'
[0.111s] Level 1:colcon.colcon_core.package_identification:_identify(log) ignored
[0.111s] Level 1:colcon.colcon_core.package_identification:_identify(src) by extensions ['ignore', 'ignore_ament_install']
[0.111s] Level 1:colcon.colcon_core.package_identification:_identify(src) by extension 'ignore'
[0.111s] Level 1:colcon.colcon_core.package_identification:_identify(src) by extension 'ignore_ament_install'
[0.111s] Level 1:colcon.colcon_core.package_identification:_identify(src) by extensions ['colcon_pkg']
[0.111s] Level 1:colcon.colcon_core.package_identification:_identify(src) by extension 'colcon_pkg'
[0.111s] Level 1:colcon.colcon_core.package_identification:_identify(src) by extensions ['colcon_meta']
[0.111s] Level 1:colcon.colcon_core.package_identification:_identify(src) by extension 'colcon_meta'
[0.111s] Level 1:colcon.colcon_core.package_identification:_identify(src) by extensions ['ros']
[0.111s] Level 1:colcon.colcon_core.package_identification:_identify(src) by extension 'ros'
[0.111s] Level 1:colcon.colcon_core.package_identification:_identify(src) by extensions ['cmake', 'python']
[0.111s] Level 1:colcon.colcon_core.package_identification:_identify(src) by extension 'cmake'
[0.111s] Level 1:colcon.colcon_core.package_identification:_identify(src) by extension 'python'
[0.111s] Level 1:colcon.colcon_core.package_identification:_identify(src) by extensions ['python_setup_py']
[0.111s] Level 1:colcon.colcon_core.package_identification:_identify(src) by extension 'python_setup_py'
[0.111s] Level 1:colcon.colcon_core.package_identification:_identify(src/controller) by extensions ['ignore', 'ignore_ament_install']
[0.111s] Level 1:colcon.colcon_core.package_identification:_identify(src/controller) by extension 'ignore'
[0.111s] Level 1:colcon.colcon_core.package_identification:_identify(src/controller) by extension 'ignore_ament_install'
[0.112s] Level 1:colcon.colcon_core.package_identification:_identify(src/controller) by extensions ['colcon_pkg']
[0.112s] Level 1:colcon.colcon_core.package_identification:_identify(src/controller) by extension 'colcon_pkg'
[0.112s] Level 1:colcon.colcon_core.package_identification:_identify(src/controller) by extensions ['colcon_meta']
[0.112s] Level 1:colcon.colcon_core.package_identification:_identify(src/controller) by extension 'colcon_meta'
[0.112s] Level 1:colcon.colcon_core.package_identification:_identify(src/controller) by extensions ['ros']
[0.112s] Level 1:colcon.colcon_core.package_identification:_identify(src/controller) by extension 'ros'
[0.113s] DEBUG:colcon.colcon_core.package_identification:Package 'src/controller' with type 'ros.ament_cmake' and name 'controller'
[0.114s] Level 1:colcon.colcon_core.package_identification:_identify(src/ecat_msgs) by extensions ['ignore', 'ignore_ament_install']
[0.114s] Level 1:colcon.colcon_core.package_identification:_identify(src/ecat_msgs) by extension 'ignore'
[0.114s] Level 1:colcon.colcon_core.package_identification:_identify(src/ecat_msgs) by extension 'ignore_ament_install'
[0.114s] Level 1:colcon.colcon_core.package_identification:_identify(src/ecat_msgs) by extensions ['colcon_pkg']
[0.114s] Level 1:colcon.colcon_core.package_identification:_identify(src/ecat_msgs) by extension 'colcon_pkg'
[0.114s] Level 1:colcon.colcon_core.package_identification:_identify(src/ecat_msgs) by extensions ['colcon_meta']
[0.114s] Level 1:colcon.colcon_core.package_identification:_identify(src/ecat_msgs) by extension 'colcon_meta'
[0.114s] Level 1:colcon.colcon_core.package_identification:_identify(src/ecat_msgs) by extensions ['ros']
[0.114s] Level 1:colcon.colcon_core.package_identification:_identify(src/ecat_msgs) by extension 'ros'
[0.114s] DEBUG:colcon.colcon_core.package_identification:Package 'src/ecat_msgs' with type 'ros.ament_cmake' and name 'ecat_msgs'
[0.114s] Level 1:colcon.colcon_core.package_identification:_identify(src/ecat_pkg) by extensions ['ignore', 'ignore_ament_install']
[0.114s] Level 1:colcon.colcon_core.package_identification:_identify(src/ecat_pkg) by extension 'ignore'
[0.114s] Level 1:colcon.colcon_core.package_identification:_identify(src/ecat_pkg) by extension 'ignore_ament_install'
[0.114s] Level 1:colcon.colcon_core.package_identification:_identify(src/ecat_pkg) by extensions ['colcon_pkg']
[0.114s] Level 1:colcon.colcon_core.package_identification:_identify(src/ecat_pkg) by extension 'colcon_pkg'
[0.114s] Level 1:colcon.colcon_core.package_identification:_identify(src/ecat_pkg) by extensions ['colcon_meta']
[0.114s] Level 1:colcon.colcon_core.package_identification:_identify(src/ecat_pkg) by extension 'colcon_meta'
[0.114s] Level 1:colcon.colcon_core.package_identification:_identify(src/ecat_pkg) by extensions ['ros']
[0.114s] Level 1:colcon.colcon_core.package_identification:_identify(src/ecat_pkg) by extension 'ros'
[0.115s] DEBUG:colcon.colcon_core.package_identification:Package 'src/ecat_pkg' with type 'ros.ament_cmake' and name 'ecat_pkg'
[0.115s] Level 1:colcon.colcon_core.package_identification:_identify(src/gui_pkg) by extensions ['ignore', 'ignore_ament_install']
[0.115s] Level 1:colcon.colcon_core.package_identification:_identify(src/gui_pkg) by extension 'ignore'
[0.115s] Level 1:colcon.colcon_core.package_identification:_identify(src/gui_pkg) by extension 'ignore_ament_install'
[0.115s] Level 1:colcon.colcon_core.package_identification:_identify(src/gui_pkg) by extensions ['colcon_pkg']
[0.115s] Level 1:colcon.colcon_core.package_identification:_identify(src/gui_pkg) by extension 'colcon_pkg'
[0.115s] Level 1:colcon.colcon_core.package_identification:_identify(src/gui_pkg) by extensions ['colcon_meta']
[0.115s] Level 1:colcon.colcon_core.package_identification:_identify(src/gui_pkg) by extension 'colcon_meta'
[0.115s] Level 1:colcon.colcon_core.package_identification:_identify(src/gui_pkg) by extensions ['ros']
[0.115s] Level 1:colcon.colcon_core.package_identification:_identify(src/gui_pkg) by extension 'ros'
[0.116s] DEBUG:colcon.colcon_core.package_identification:Package 'src/gui_pkg' with type 'ros.ament_cmake' and name 'gui_pkg'
[0.116s] Level 1:colcon.colcon_core.package_identification:_identify(src/input_pkg) by extensions ['ignore', 'ignore_ament_install']
[0.116s] Level 1:colcon.colcon_core.package_identification:_identify(src/input_pkg) by extension 'ignore'
[0.116s] Level 1:colcon.colcon_core.package_identification:_identify(src/input_pkg) by extension 'ignore_ament_install'
[0.116s] Level 1:colcon.colcon_core.package_identification:_identify(src/input_pkg) by extensions ['colcon_pkg']
[0.116s] Level 1:colcon.colcon_core.package_identification:_identify(src/input_pkg) by extension 'colcon_pkg'
[0.116s] Level 1:colcon.colcon_core.package_identification:_identify(src/input_pkg) by extensions ['colcon_meta']
[0.116s] Level 1:colcon.colcon_core.package_identification:_identify(src/input_pkg) by extension 'colcon_meta'
[0.116s] Level 1:colcon.colcon_core.package_identification:_identify(src/input_pkg) by extensions ['ros']
[0.116s] Level 1:colcon.colcon_core.package_identification:_identify(src/input_pkg) by extension 'ros'
[0.116s] DEBUG:colcon.colcon_core.package_identification:Package 'src/input_pkg' with type 'ros.ament_cmake' and name 'input_pkg'
[0.116s] Level 1:colcon.colcon_core.package_identification:_identify(src/log_pkg) by extensions ['ignore', 'ignore_ament_install']
[0.117s] Level 1:colcon.colcon_core.package_identification:_identify(src/log_pkg) by extension 'ignore'
[0.117s] Level 1:colcon.colcon_core.package_identification:_identify(src/log_pkg) by extension 'ignore_ament_install'
[0.117s] Level 1:colcon.colcon_core.package_identification:_identify(src/log_pkg) by extensions ['colcon_pkg']
[0.117s] Level 1:colcon.colcon_core.package_identification:_identify(src/log_pkg) by extension 'colcon_pkg'
[0.117s] Level 1:colcon.colcon_core.package_identification:_identify(src/log_pkg) by extensions ['colcon_meta']
[0.117s] Level 1:colcon.colcon_core.package_identification:_identify(src/log_pkg) by extension 'colcon_meta'
[0.117s] Level 1:colcon.colcon_core.package_identification:_identify(src/log_pkg) by extensions ['ros']
[0.117s] Level 1:colcon.colcon_core.package_identification:_identify(src/log_pkg) by extension 'ros'
[0.117s] DEBUG:colcon.colcon_core.package_identification:Package 'src/log_pkg' with type 'ros.ament_cmake' and name 'log_pkg'
[0.117s] Level 1:colcon.colcon_core.package_identification:_identify(src/safety_pkg) by extensions ['ignore', 'ignore_ament_install']
[0.117s] Level 1:colcon.colcon_core.package_identification:_identify(src/safety_pkg) by extension 'ignore'
[0.117s] Level 1:colcon.colcon_core.package_identification:_identify(src/safety_pkg) by extension 'ignore_ament_install'
[0.117s] Level 1:colcon.colcon_core.package_identification:_identify(src/safety_pkg) by extensions ['colcon_pkg']
[0.117s] Level 1:colcon.colcon_core.package_identification:_identify(src/safety_pkg) by extension 'colcon_pkg'
[0.117s] Level 1:colcon.colcon_core.package_identification:_identify(src/safety_pkg) by extensions ['colcon_meta']
[0.117s] Level 1:colcon.colcon_core.package_identification:_identify(src/safety_pkg) by extension 'colcon_meta'
[0.117s] Level 1:colcon.colcon_core.package_identification:_identify(src/safety_pkg) by extensions ['ros']
[0.117s] Level 1:colcon.colcon_core.package_identification:_identify(src/safety_pkg) by extension 'ros'
[0.118s] DEBUG:colcon.colcon_core.package_identification:Package 'src/safety_pkg' with type 'ros.ament_cmake' and name 'safety_pkg'
[0.118s] Level 1:colcon.colcon_core.package_discovery:discover_packages(recursive) using defaults
[0.118s] Level 1:colcon.colcon_core.package_discovery:discover_packages(ignore) discover
[0.118s] Level 1:colcon.colcon_core.package_discovery:discover_packages(ignore) using defaults
[0.118s] Level 1:colcon.colcon_core.package_discovery:discover_packages(path) discover
[0.118s] Level 1:colcon.colcon_core.package_discovery:discover_packages(path) using defaults
[0.139s] Level 1:colcon.colcon_core.package_discovery:discover_packages(prefix_path) check parameters
[0.139s] Level 1:colcon.colcon_core.package_discovery:discover_packages(prefix_path) discover
[0.141s] DEBUG:colcon.colcon_installed_package_information.package_discovery:Found 256 installed packages in /opt/ros/foxy
[0.142s] Level 1:colcon.colcon_core.package_discovery:discover_packages(prefix_path) using defaults
[0.179s] Level 5:colcon.colcon_core.verb:set package 'controller' build argument 'cmake_args' from command line to 'None'
[0.179s] Level 5:colcon.colcon_core.verb:set package 'controller' build argument 'cmake_target' from command line to 'None'
[0.179s] Level 5:colcon.colcon_core.verb:set package 'controller' build argument 'cmake_target_skip_unavailable' from command line to 'False'
[0.179s] Level 5:colcon.colcon_core.verb:set package 'controller' build argument 'cmake_clean_cache' from command line to 'False'
[0.179s] Level 5:colcon.colcon_core.verb:set package 'controller' build argument 'cmake_clean_first' from command line to 'False'
[0.179s] Level 5:colcon.colcon_core.verb:set package 'controller' build argument 'cmake_force_configure' from command line to 'False'
[0.179s] Level 5:colcon.colcon_core.verb:set package 'controller' build argument 'ament_cmake_args' from command line to 'None'
[0.179s] Level 5:colcon.colcon_core.verb:set package 'controller' build argument 'catkin_cmake_args' from command line to 'None'
[0.179s] Level 5:colcon.colcon_core.verb:set package 'controller' build argument 'catkin_skip_building_tests' from command line to 'False'
[0.179s] DEBUG:colcon.colcon_core.verb:Building package 'controller' with the following arguments: {'ament_cmake_args': None, 'build_base': '/home/daeyun/Desktop/ecat_control_ws/build/controller', 'catkin_cmake_args': None, 'catkin_skip_building_tests': False, 'cmake_args': None, 'cmake_clean_cache': False, 'cmake_clean_first': False, 'cmake_force_configure': False, 'cmake_target': None, 'cmake_target_skip_unavailable': False, 'install_base': '/home/daeyun/Desktop/ecat_control_ws/install/controller', 'merge_install': False, 'path': '/home/daeyun/Desktop/ecat_control_ws/src/controller', 'symlink_install': True, 'test_result_base': None}
[0.180s] Level 5:colcon.colcon_core.verb:set package 'ecat_msgs' build argument 'cmake_args' from command line to 'None'
[0.180s] Level 5:colcon.colcon_core.verb:set package 'ecat_msgs' build argument 'cmake_target' from command line to 'None'
[0.180s] Level 5:colcon.colcon_core.verb:set package 'ecat_msgs' build argument 'cmake_target_skip_unavailable' from command line to 'False'
[0.180s] Level 5:colcon.colcon_core.verb:set package 'ecat_msgs' build argument 'cmake_clean_cache' from command line to 'False'
[0.180s] Level 5:colcon.colcon_core.verb:set package 'ecat_msgs' build argument 'cmake_clean_first' from command line to 'False'
[0.180s] Level 5:colcon.colcon_core.verb:set package 'ecat_msgs' build argument 'cmake_force_configure' from command line to 'False'
[0.180s] Level 5:colcon.colcon_core.verb:set package 'ecat_msgs' build argument 'ament_cmake_args' from command line to 'None'
[0.180s] Level 5:colcon.colcon_core.verb:set package 'ecat_msgs' build argument 'catkin_cmake_args' from command line to 'None'
[0.180s] Level 5:colcon.colcon_core.verb:set package 'ecat_msgs' build argument 'catkin_skip_building_tests' from command line to 'False'
[0.180s] DEBUG:colcon.colcon_core.verb:Building package 'ecat_msgs' with the following arguments: {'ament_cmake_args': None, 'build_base': '/home/daeyun/Desktop/ecat_control_ws/build/ecat_msgs', 'catkin_cmake_args': None, 'catkin_skip_building_tests': False, 'cmake_args': None, 'cmake_clean_cache': False, 'cmake_clean_first': False, 'cmake_force_configure': False, 'cmake_target': None, 'cmake_target_skip_unavailable': False, 'install_base': '/home/daeyun/Desktop/ecat_control_ws/install/ecat_msgs', 'merge_install': False, 'path': '/home/daeyun/Desktop/ecat_control_ws/src/ecat_msgs', 'symlink_install': True, 'test_result_base': None}
[0.180s] Level 5:colcon.colcon_core.verb:set package 'ecat_pkg' build argument 'cmake_args' from command line to 'None'
[0.180s] Level 5:colcon.colcon_core.verb:set package 'ecat_pkg' build argument 'cmake_target' from command line to 'None'
[0.180s] Level 5:colcon.colcon_core.verb:set package 'ecat_pkg' build argument 'cmake_target_skip_unavailable' from command line to 'False'
[0.180s] Level 5:colcon.colcon_core.verb:set package 'ecat_pkg' build argument 'cmake_clean_cache' from command line to 'False'
[0.180s] Level 5:colcon.colcon_core.verb:set package 'ecat_pkg' build argument 'cmake_clean_first' from command line to 'False'
[0.180s] Level 5:colcon.colcon_core.verb:set package 'ecat_pkg' build argument 'cmake_force_configure' from command line to 'False'
[0.180s] Level 5:colcon.colcon_core.verb:set package 'ecat_pkg' build argument 'ament_cmake_args' from command line to 'None'
[0.181s] Level 5:colcon.colcon_core.verb:set package 'ecat_pkg' build argument 'catkin_cmake_args' from command line to 'None'
[0.181s] Level 5:colcon.colcon_core.verb:set package 'ecat_pkg' build argument 'catkin_skip_building_tests' from command line to 'False'
[0.181s] DEBUG:colcon.colcon_core.verb:Building package 'ecat_pkg' with the following arguments: {'ament_cmake_args': None, 'build_base': '/home/daeyun/Desktop/ecat_control_ws/build/ecat_pkg', 'catkin_cmake_args': None, 'catkin_skip_building_tests': False, 'cmake_args': None, 'cmake_clean_cache': False, 'cmake_clean_first': False, 'cmake_force_configure': False, 'cmake_target': None, 'cmake_target_skip_unavailable': False, 'install_base': '/home/daeyun/Desktop/ecat_control_ws/install/ecat_pkg', 'merge_install': False, 'path': '/home/daeyun/Desktop/ecat_control_ws/src/ecat_pkg', 'symlink_install': True, 'test_result_base': None}
[0.181s] Level 5:colcon.colcon_core.verb:set package 'gui_pkg' build argument 'cmake_args' from command line to 'None'
[0.181s] Level 5:colcon.colcon_core.verb:set package 'gui_pkg' build argument 'cmake_target' from command line to 'None'
[0.181s] Level 5:colcon.colcon_core.verb:set package 'gui_pkg' build argument 'cmake_target_skip_unavailable' from command line to 'False'
[0.181s] Level 5:colcon.colcon_core.verb:set package 'gui_pkg' build argument 'cmake_clean_cache' from command line to 'False'
[0.181s] Level 5:colcon.colcon_core.verb:set package 'gui_pkg' build argument 'cmake_clean_first' from command line to 'False'
[0.181s] Level 5:colcon.colcon_core.verb:set package 'gui_pkg' build argument 'cmake_force_configure' from command line to 'False'
[0.181s] Level 5:colcon.colcon_core.verb:set package 'gui_pkg' build argument 'ament_cmake_args' from command line to 'None'
[0.181s] Level 5:colcon.colcon_core.verb:set package 'gui_pkg' build argument 'catkin_cmake_args' from command line to 'None'
[0.181s] Level 5:colcon.colcon_core.verb:set package 'gui_pkg' build argument 'catkin_skip_building_tests' from command line to 'False'
[0.181s] DEBUG:colcon.colcon_core.verb:Building package 'gui_pkg' with the following arguments: {'ament_cmake_args': None, 'build_base': '/home/daeyun/Desktop/ecat_control_ws/build/gui_pkg', 'catkin_cmake_args': None, 'catkin_skip_building_tests': False, 'cmake_args': None, 'cmake_clean_cache': False, 'cmake_clean_first': False, 'cmake_force_configure': False, 'cmake_target': None, 'cmake_target_skip_unavailable': False, 'install_base': '/home/daeyun/Desktop/ecat_control_ws/install/gui_pkg', 'merge_install': False, 'path': '/home/daeyun/Desktop/ecat_control_ws/src/gui_pkg', 'symlink_install': True, 'test_result_base': None}
[0.182s] Level 5:colcon.colcon_core.verb:set package 'input_pkg' build argument 'cmake_args' from command line to 'None'
[0.182s] Level 5:colcon.colcon_core.verb:set package 'input_pkg' build argument 'cmake_target' from command line to 'None'
[0.182s] Level 5:colcon.colcon_core.verb:set package 'input_pkg' build argument 'cmake_target_skip_unavailable' from command line to 'False'
[0.182s] Level 5:colcon.colcon_core.verb:set package 'input_pkg' build argument 'cmake_clean_cache' from command line to 'False'
[0.182s] Level 5:colcon.colcon_core.verb:set package 'input_pkg' build argument 'cmake_clean_first' from command line to 'False'
[0.182s] Level 5:colcon.colcon_core.verb:set package 'input_pkg' build argument 'cmake_force_configure' from command line to 'False'
[0.182s] Level 5:colcon.colcon_core.verb:set package 'input_pkg' build argument 'ament_cmake_args' from command line to 'None'
[0.182s] Level 5:colcon.colcon_core.verb:set package 'input_pkg' build argument 'catkin_cmake_args' from command line to 'None'
[0.182s] Level 5:colcon.colcon_core.verb:set package 'input_pkg' build argument 'catkin_skip_building_tests' from command line to 'False'
[0.182s] DEBUG:colcon.colcon_core.verb:Building package 'input_pkg' with the following arguments: {'ament_cmake_args': None, 'build_base': '/home/daeyun/Desktop/ecat_control_ws/build/input_pkg', 'catkin_cmake_args': None, 'catkin_skip_building_tests': False, 'cmake_args': None, 'cmake_clean_cache': False, 'cmake_clean_first': False, 'cmake_force_configure': False, 'cmake_target': None, 'cmake_target_skip_unavailable': False, 'install_base': '/home/daeyun/Desktop/ecat_control_ws/install/input_pkg', 'merge_install': False, 'path': '/home/daeyun/Desktop/ecat_control_ws/src/input_pkg', 'symlink_install': True, 'test_result_base': None}
[0.183s] Level 5:colcon.colcon_core.verb:set package 'log_pkg' build argument 'cmake_args' from command line to 'None'
[0.183s] Level 5:colcon.colcon_core.verb:set package 'log_pkg' build argument 'cmake_target' from command line to 'None'
[0.183s] Level 5:colcon.colcon_core.verb:set package 'log_pkg' build argument 'cmake_target_skip_unavailable' from command line to 'False'
[0.183s] Level 5:colcon.colcon_core.verb:set package 'log_pkg' build argument 'cmake_clean_cache' from command line to 'False'
[0.183s] Level 5:colcon.colcon_core.verb:set package 'log_pkg' build argument 'cmake_clean_first' from command line to 'False'
[0.183s] Level 5:colcon.colcon_core.verb:set package 'log_pkg' build argument 'cmake_force_configure' from command line to 'False'
[0.183s] Level 5:colcon.colcon_core.verb:set package 'log_pkg' build argument 'ament_cmake_args' from command line to 'None'
[0.183s] Level 5:colcon.colcon_core.verb:set package 'log_pkg' build argument 'catkin_cmake_args' from command line to 'None'
[0.183s] Level 5:colcon.colcon_core.verb:set package 'log_pkg' build argument 'catkin_skip_building_tests' from command line to 'False'
[0.183s] DEBUG:colcon.colcon_core.verb:Building package 'log_pkg' with the following arguments: {'ament_cmake_args': None, 'build_base': '/home/daeyun/Desktop/ecat_control_ws/build/log_pkg', 'catkin_cmake_args': None, 'catkin_skip_building_tests': False, 'cmake_args': None, 'cmake_clean_cache': False, 'cmake_clean_first': False, 'cmake_force_configure': False, 'cmake_target': None, 'cmake_target_skip_unavailable': False, 'install_base': '/home/daeyun/Desktop/ecat_control_ws/install/log_pkg', 'merge_install': False, 'path': '/home/daeyun/Desktop/ecat_control_ws/src/log_pkg', 'symlink_install': True, 'test_result_base': None}
[0.183s] Level 5:colcon.colcon_core.verb:set package 'safety_pkg' build argument 'cmake_args' from command line to 'None'
[0.183s] Level 5:colcon.colcon_core.verb:set package 'safety_pkg' build argument 'cmake_target' from command line to 'None'
[0.183s] Level 5:colcon.colcon_core.verb:set package 'safety_pkg' build argument 'cmake_target_skip_unavailable' from command line to 'False'
[0.183s] Level 5:colcon.colcon_core.verb:set package 'safety_pkg' build argument 'cmake_clean_cache' from command line to 'False'
[0.183s] Level 5:colcon.colcon_core.verb:set package 'safety_pkg' build argument 'cmake_clean_first' from command line to 'False'
[0.183s] Level 5:colcon.colcon_core.verb:set package 'safety_pkg' build argument 'cmake_force_configure' from command line to 'False'
[0.183s] Level 5:colcon.colcon_core.verb:set package 'safety_pkg' build argument 'ament_cmake_args' from command line to 'None'
[0.183s] Level 5:colcon.colcon_core.verb:set package 'safety_pkg' build argument 'catkin_cmake_args' from command line to 'None'
[0.183s] Level 5:colcon.colcon_core.verb:set package 'safety_pkg' build argument 'catkin_skip_building_tests' from command line to 'False'
[0.184s] DEBUG:colcon.colcon_core.verb:Building package 'safety_pkg' with the following arguments: {'ament_cmake_args': None, 'build_base': '/home/daeyun/Desktop/ecat_control_ws/build/safety_pkg', 'catkin_cmake_args': None, 'catkin_skip_building_tests': False, 'cmake_args': None, 'cmake_clean_cache': False, 'cmake_clean_first': False, 'cmake_force_configure': False, 'cmake_target': None, 'cmake_target_skip_unavailable': False, 'install_base': '/home/daeyun/Desktop/ecat_control_ws/install/safety_pkg', 'merge_install': False, 'path': '/home/daeyun/Desktop/ecat_control_ws/src/safety_pkg', 'symlink_install': True, 'test_result_base': None}
[0.184s] INFO:colcon.colcon_core.executor:Executing jobs using 'parallel' executor
[0.186s] DEBUG:colcon.colcon_parallel_executor.executor.parallel:run_until_complete
[0.187s] INFO:colcon.colcon_ros.task.ament_cmake.build:Building ROS package in '/home/daeyun/Desktop/ecat_control_ws/src/ecat_msgs' with build type 'ament_cmake'
[0.187s] INFO:colcon.colcon_cmake.task.cmake.build:Building CMake package in '/home/daeyun/Desktop/ecat_control_ws/src/ecat_msgs'
[0.190s] INFO:colcon.colcon_core.plugin_system:Skipping extension 'colcon_core.shell.bat': Not used on non-Windows systems
[0.190s] INFO:colcon.colcon_core.shell:Skip shell extension 'powershell' for command environment: Not usable outside of PowerShell
[0.190s] DEBUG:colcon.colcon_core.shell:Skip shell extension 'dsv' for command environment
[0.194s] INFO:colcon.colcon_ros.task.ament_cmake.build:Building ROS package in '/home/daeyun/Desktop/ecat_control_ws/src/controller' with build type 'ament_cmake'
[0.194s] INFO:colcon.colcon_cmake.task.cmake.build:Building CMake package in '/home/daeyun/Desktop/ecat_control_ws/src/controller'
[0.195s] INFO:colcon.colcon_core.shell:Skip shell extension 'powershell' for command environment: Not usable outside of PowerShell
[0.195s] DEBUG:colcon.colcon_core.shell:Skip shell extension 'dsv' for command environment
[0.203s] DEBUG:colcon.colcon_core.event_handler.log_command:Invoking command in '/home/daeyun/Desktop/ecat_control_ws/build/ecat_msgs': CMAKE_PREFIX_PATH=/opt/ros/foxy /usr/bin/cmake --build /home/daeyun/Desktop/ecat_control_ws/build/ecat_msgs -- -j8 -l8
[0.208s] DEBUG:colcon.colcon_core.event_handler.log_command:Invoking command in '/home/daeyun/Desktop/ecat_control_ws/build/controller': CMAKE_PREFIX_PATH=/opt/ros/foxy /usr/bin/cmake --build /home/daeyun/Desktop/ecat_control_ws/build/controller -- -j8 -l8
[0.266s] DEBUG:colcon.colcon_core.event_handler.log_command:Invoked command in '/home/daeyun/Desktop/ecat_control_ws/build/controller' returned '0': CMAKE_PREFIX_PATH=/opt/ros/foxy /usr/bin/cmake --build /home/daeyun/Desktop/ecat_control_ws/build/controller -- -j8 -l8
[0.295s] DEBUG:colcon.colcon_core.event_handler.log_command:Invoking command in '/home/daeyun/Desktop/ecat_control_ws/build/controller': CMAKE_PREFIX_PATH=/opt/ros/foxy /usr/bin/cmake --install /home/daeyun/Desktop/ecat_control_ws/build/controller
[0.313s] Level 1:colcon.colcon_core.environment:create_environment_scripts_only(controller)
[0.314s] DEBUG:colcon.colcon_core.event_handler.log_command:Invoked command in '/home/daeyun/Desktop/ecat_control_ws/build/controller' returned '0': CMAKE_PREFIX_PATH=/opt/ros/foxy /usr/bin/cmake --install /home/daeyun/Desktop/ecat_control_ws/build/controller
[0.318s] Level 1:colcon.colcon_core.environment:checking '/home/daeyun/Desktop/ecat_control_ws/install/controller' for CMake module files
[0.318s] Level 1:colcon.colcon_core.environment:checking '/home/daeyun/Desktop/ecat_control_ws/install/controller' for CMake config files
[0.318s] Level 1:colcon.colcon_core.shell:create_environment_hook('controller', 'cmake_prefix_path')
[0.319s] INFO:colcon.colcon_core.shell:Creating environment hook '/home/daeyun/Desktop/ecat_control_ws/install/controller/share/controller/hook/cmake_prefix_path.ps1'
[0.320s] INFO:colcon.colcon_core.shell:Creating environment descriptor '/home/daeyun/Desktop/ecat_control_ws/install/controller/share/controller/hook/cmake_prefix_path.dsv'
[0.320s] INFO:colcon.colcon_core.shell:Creating environment hook '/home/daeyun/Desktop/ecat_control_ws/install/controller/share/controller/hook/cmake_prefix_path.sh'
[0.321s] Level 1:colcon.colcon_core.environment:checking '/home/daeyun/Desktop/ecat_control_ws/install/controller/lib'
[0.321s] Level 1:colcon.colcon_core.environment:checking '/home/daeyun/Desktop/ecat_control_ws/install/controller/bin'
[0.321s] Level 1:colcon.colcon_core.environment:checking '/home/daeyun/Desktop/ecat_control_ws/install/controller/lib/pkgconfig/controller.pc'
[0.321s] Level 1:colcon.colcon_core.environment:checking '/home/daeyun/Desktop/ecat_control_ws/install/controller/lib/python3.8/site-packages'
[0.321s] Level 1:colcon.colcon_core.environment:checking '/home/daeyun/Desktop/ecat_control_ws/install/controller/bin'
[0.322s] INFO:colcon.colcon_core.shell:Creating package script '/home/daeyun/Desktop/ecat_control_ws/install/controller/share/controller/package.ps1'
[0.323s] INFO:colcon.colcon_core.shell:Creating package descriptor '/home/daeyun/Desktop/ecat_control_ws/install/controller/share/controller/package.dsv'
[0.323s] INFO:colcon.colcon_core.shell:Creating package script '/home/daeyun/Desktop/ecat_control_ws/install/controller/share/controller/package.sh'
[0.324s] INFO:colcon.colcon_core.shell:Creating package script '/home/daeyun/Desktop/ecat_control_ws/install/controller/share/controller/package.bash'
[0.324s] INFO:colcon.colcon_core.shell:Creating package script '/home/daeyun/Desktop/ecat_control_ws/install/controller/share/controller/package.zsh'
[0.325s] Level 1:colcon.colcon_core.environment:create_file_with_runtime_dependencies(/home/daeyun/Desktop/ecat_control_ws/install/controller/share/colcon-core/packages/controller)
[0.345s] Level 1:colcon.colcon_core.environment:create_environment_scripts_only(controller)
[0.346s] Level 1:colcon.colcon_core.environment:checking '/home/daeyun/Desktop/ecat_control_ws/install/controller' for CMake module files
[0.347s] Level 1:colcon.colcon_core.environment:checking '/home/daeyun/Desktop/ecat_control_ws/install/controller' for CMake config files
[0.347s] Level 1:colcon.colcon_core.shell:create_environment_hook('controller', 'cmake_prefix_path')
[0.348s] INFO:colcon.colcon_core.shell:Creating environment hook '/home/daeyun/Desktop/ecat_control_ws/install/controller/share/controller/hook/cmake_prefix_path.ps1'
[0.349s] INFO:colcon.colcon_core.shell:Creating environment descriptor '/home/daeyun/Desktop/ecat_control_ws/install/controller/share/controller/hook/cmake_prefix_path.dsv'
[0.349s] INFO:colcon.colcon_core.shell:Creating environment hook '/home/daeyun/Desktop/ecat_control_ws/install/controller/share/controller/hook/cmake_prefix_path.sh'
[0.349s] Level 1:colcon.colcon_core.environment:checking '/home/daeyun/Desktop/ecat_control_ws/install/controller/lib'
[0.349s] Level 1:colcon.colcon_core.environment:checking '/home/daeyun/Desktop/ecat_control_ws/install/controller/bin'
[0.349s] Level 1:colcon.colcon_core.environment:checking '/home/daeyun/Desktop/ecat_control_ws/install/controller/lib/pkgconfig/controller.pc'
[0.350s] Level 1:colcon.colcon_core.environment:checking '/home/daeyun/Desktop/ecat_control_ws/install/controller/lib/python3.8/site-packages'
[0.350s] Level 1:colcon.colcon_core.environment:checking '/home/daeyun/Desktop/ecat_control_ws/install/controller/bin'
[0.351s] INFO:colcon.colcon_core.shell:Creating package script '/home/daeyun/Desktop/ecat_control_ws/install/controller/share/controller/package.ps1'
[0.351s] INFO:colcon.colcon_core.shell:Creating package descriptor '/home/daeyun/Desktop/ecat_control_ws/install/controller/share/controller/package.dsv'
[0.351s] INFO:colcon.colcon_core.shell:Creating package script '/home/daeyun/Desktop/ecat_control_ws/install/controller/share/controller/package.sh'
[0.352s] INFO:colcon.colcon_core.shell:Creating package script '/home/daeyun/Desktop/ecat_control_ws/install/controller/share/controller/package.bash'
[0.352s] INFO:colcon.colcon_core.shell:Creating package script '/home/daeyun/Desktop/ecat_control_ws/install/controller/share/controller/package.zsh'
[0.352s] Level 1:colcon.colcon_core.environment:create_file_with_runtime_dependencies(/home/daeyun/Desktop/ecat_control_ws/install/controller/share/colcon-core/packages/controller)
[0.376s] DEBUG:colcon.colcon_core.event_handler.log_command:Invoked command in '/home/daeyun/Desktop/ecat_control_ws/build/ecat_msgs' returned '0': CMAKE_PREFIX_PATH=/opt/ros/foxy /usr/bin/cmake --build /home/daeyun/Desktop/ecat_control_ws/build/ecat_msgs -- -j8 -l8
[0.452s] DEBUG:colcon.colcon_core.event_handler.log_command:Invoking command in '/home/daeyun/Desktop/ecat_control_ws/build/ecat_msgs': CMAKE_PREFIX_PATH=/opt/ros/foxy /usr/bin/cmake --install /home/daeyun/Desktop/ecat_control_ws/build/ecat_msgs
[0.507s] Level 1:colcon.colcon_core.environment:create_environment_scripts_only(ecat_msgs)
[0.509s] Level 1:colcon.colcon_core.environment:checking '/home/daeyun/Desktop/ecat_control_ws/install/ecat_msgs' for CMake module files
[0.509s] DEBUG:colcon.colcon_core.event_handler.log_command:Invoked command in '/home/daeyun/Desktop/ecat_control_ws/build/ecat_msgs' returned '0': CMAKE_PREFIX_PATH=/opt/ros/foxy /usr/bin/cmake --install /home/daeyun/Desktop/ecat_control_ws/build/ecat_msgs
[0.510s] Level 1:colcon.colcon_core.environment:checking '/home/daeyun/Desktop/ecat_control_ws/install/ecat_msgs' for CMake config files
[0.510s] Level 1:colcon.colcon_core.shell:create_environment_hook('ecat_msgs', 'cmake_prefix_path')
[0.511s] INFO:colcon.colcon_core.shell:Creating environment hook '/home/daeyun/Desktop/ecat_control_ws/install/ecat_msgs/share/ecat_msgs/hook/cmake_prefix_path.ps1'
[0.511s] INFO:colcon.colcon_core.shell:Creating environment descriptor '/home/daeyun/Desktop/ecat_control_ws/install/ecat_msgs/share/ecat_msgs/hook/cmake_prefix_path.dsv'
[0.512s] INFO:colcon.colcon_core.shell:Creating environment hook '/home/daeyun/Desktop/ecat_control_ws/install/ecat_msgs/share/ecat_msgs/hook/cmake_prefix_path.sh'
[0.512s] Level 1:colcon.colcon_core.environment:checking '/home/daeyun/Desktop/ecat_control_ws/install/ecat_msgs/lib'
[0.512s] Level 1:colcon.colcon_core.shell:create_environment_hook('ecat_msgs', 'ld_library_path_lib')
[0.513s] INFO:colcon.colcon_core.shell:Creating environment hook '/home/daeyun/Desktop/ecat_control_ws/install/ecat_msgs/share/ecat_msgs/hook/ld_library_path_lib.ps1'
[0.513s] INFO:colcon.colcon_core.shell:Creating environment descriptor '/home/daeyun/Desktop/ecat_control_ws/install/ecat_msgs/share/ecat_msgs/hook/ld_library_path_lib.dsv'
[0.513s] INFO:colcon.colcon_core.shell:Creating environment hook '/home/daeyun/Desktop/ecat_control_ws/install/ecat_msgs/share/ecat_msgs/hook/ld_library_path_lib.sh'
[0.514s] Level 1:colcon.colcon_core.environment:checking '/home/daeyun/Desktop/ecat_control_ws/install/ecat_msgs/bin'
[0.514s] Level 1:colcon.colcon_core.environment:checking '/home/daeyun/Desktop/ecat_control_ws/install/ecat_msgs/lib/pkgconfig/ecat_msgs.pc'
[0.514s] Level 1:colcon.colcon_core.environment:checking '/home/daeyun/Desktop/ecat_control_ws/install/ecat_msgs/lib/python3.8/site-packages'
[0.514s] Level 1:colcon.colcon_core.shell:create_environment_hook('ecat_msgs', 'pythonpath')
[0.515s] INFO:colcon.colcon_core.shell:Creating environment hook '/home/daeyun/Desktop/ecat_control_ws/install/ecat_msgs/share/ecat_msgs/hook/pythonpath.ps1'
[0.515s] INFO:colcon.colcon_core.shell:Creating environment descriptor '/home/daeyun/Desktop/ecat_control_ws/install/ecat_msgs/share/ecat_msgs/hook/pythonpath.dsv'
[0.515s] INFO:colcon.colcon_core.shell:Creating environment hook '/home/daeyun/Desktop/ecat_control_ws/install/ecat_msgs/share/ecat_msgs/hook/pythonpath.sh'
[0.515s] Level 1:colcon.colcon_core.environment:checking '/home/daeyun/Desktop/ecat_control_ws/install/ecat_msgs/bin'
[0.516s] INFO:colcon.colcon_core.shell:Creating package script '/home/daeyun/Desktop/ecat_control_ws/install/ecat_msgs/share/ecat_msgs/package.ps1'
[0.517s] INFO:colcon.colcon_core.shell:Creating package descriptor '/home/daeyun/Desktop/ecat_control_ws/install/ecat_msgs/share/ecat_msgs/package.dsv'
[0.517s] INFO:colcon.colcon_core.shell:Creating package script '/home/daeyun/Desktop/ecat_control_ws/install/ecat_msgs/share/ecat_msgs/package.sh'
[0.517s] INFO:colcon.colcon_core.shell:Creating package script '/home/daeyun/Desktop/ecat_control_ws/install/ecat_msgs/share/ecat_msgs/package.bash'
[0.517s] INFO:colcon.colcon_core.shell:Creating package script '/home/daeyun/Desktop/ecat_control_ws/install/ecat_msgs/share/ecat_msgs/package.zsh'
[0.518s] Level 1:colcon.colcon_core.environment:create_file_with_runtime_dependencies(/home/daeyun/Desktop/ecat_control_ws/install/ecat_msgs/share/colcon-core/packages/ecat_msgs)
[0.591s] Level 1:colcon.colcon_core.environment:create_environment_scripts_only(ecat_msgs)
[0.593s] Level 1:colcon.colcon_core.environment:checking '/home/daeyun/Desktop/ecat_control_ws/install/ecat_msgs' for CMake module files
[0.593s] Level 1:colcon.colcon_core.environment:checking '/home/daeyun/Desktop/ecat_control_ws/install/ecat_msgs' for CMake config files
[0.594s] Level 1:colcon.colcon_core.shell:create_environment_hook('ecat_msgs', 'cmake_prefix_path')
[0.594s] INFO:colcon.colcon_core.shell:Creating environment hook '/home/daeyun/Desktop/ecat_control_ws/install/ecat_msgs/share/ecat_msgs/hook/cmake_prefix_path.ps1'
[0.595s] INFO:colcon.colcon_core.shell:Creating environment descriptor '/home/daeyun/Desktop/ecat_control_ws/install/ecat_msgs/share/ecat_msgs/hook/cmake_prefix_path.dsv'
[0.595s] INFO:colcon.colcon_core.shell:Creating environment hook '/home/daeyun/Desktop/ecat_control_ws/install/ecat_msgs/share/ecat_msgs/hook/cmake_prefix_path.sh'
[0.595s] Level 1:colcon.colcon_core.environment:checking '/home/daeyun/Desktop/ecat_control_ws/install/ecat_msgs/lib'
[0.596s] Level 1:colcon.colcon_core.shell:create_environment_hook('ecat_msgs', 'ld_library_path_lib')
[0.596s] INFO:colcon.colcon_core.shell:Creating environment hook '/home/daeyun/Desktop/ecat_control_ws/install/ecat_msgs/share/ecat_msgs/hook/ld_library_path_lib.ps1'
[0.597s] INFO:colcon.colcon_core.shell:Creating environment descriptor '/home/daeyun/Desktop/ecat_control_ws/install/ecat_msgs/share/ecat_msgs/hook/ld_library_path_lib.dsv'
[0.597s] INFO:colcon.colcon_core.shell:Creating environment hook '/home/daeyun/Desktop/ecat_control_ws/install/ecat_msgs/share/ecat_msgs/hook/ld_library_path_lib.sh'
[0.597s] Level 1:colcon.colcon_core.environment:checking '/home/daeyun/Desktop/ecat_control_ws/install/ecat_msgs/bin'
[0.597s] Level 1:colcon.colcon_core.environment:checking '/home/daeyun/Desktop/ecat_control_ws/install/ecat_msgs/lib/pkgconfig/ecat_msgs.pc'
[0.597s] Level 1:colcon.colcon_core.environment:checking '/home/daeyun/Desktop/ecat_control_ws/install/ecat_msgs/lib/python3.8/site-packages'
[0.597s] Level 1:colcon.colcon_core.shell:create_environment_hook('ecat_msgs', 'pythonpath')
[0.598s] INFO:colcon.colcon_core.shell:Creating environment hook '/home/daeyun/Desktop/ecat_control_ws/install/ecat_msgs/share/ecat_msgs/hook/pythonpath.ps1'
[0.598s] INFO:colcon.colcon_core.shell:Creating environment descriptor '/home/daeyun/Desktop/ecat_control_ws/install/ecat_msgs/share/ecat_msgs/hook/pythonpath.dsv'
[0.599s] INFO:colcon.colcon_core.shell:Creating environment hook '/home/daeyun/Desktop/ecat_control_ws/install/ecat_msgs/share/ecat_msgs/hook/pythonpath.sh'
[0.599s] Level 1:colcon.colcon_core.environment:checking '/home/daeyun/Desktop/ecat_control_ws/install/ecat_msgs/bin'
[0.600s] INFO:colcon.colcon_core.shell:Creating package script '/home/daeyun/Desktop/ecat_control_ws/install/ecat_msgs/share/ecat_msgs/package.ps1'
[0.600s] INFO:colcon.colcon_core.shell:Creating package descriptor '/home/daeyun/Desktop/ecat_control_ws/install/ecat_msgs/share/ecat_msgs/package.dsv'
[0.600s] INFO:colcon.colcon_core.shell:Creating package script '/home/daeyun/Desktop/ecat_control_ws/install/ecat_msgs/share/ecat_msgs/package.sh'
[0.601s] INFO:colcon.colcon_core.shell:Creating package script '/home/daeyun/Desktop/ecat_control_ws/install/ecat_msgs/share/ecat_msgs/package.bash'
[0.601s] INFO:colcon.colcon_core.shell:Creating package script '/home/daeyun/Desktop/ecat_control_ws/install/ecat_msgs/share/ecat_msgs/package.zsh'
[0.601s] Level 1:colcon.colcon_core.environment:create_file_with_runtime_dependencies(/home/daeyun/Desktop/ecat_control_ws/install/ecat_msgs/share/colcon-core/packages/ecat_msgs)
[0.601s] INFO:colcon.colcon_ros.task.ament_cmake.build:Building ROS package in '/home/daeyun/Desktop/ecat_control_ws/src/ecat_pkg' with build type 'ament_cmake'
[0.602s] INFO:colcon.colcon_cmake.task.cmake.build:Building CMake package in '/home/daeyun/Desktop/ecat_control_ws/src/ecat_pkg'
[0.602s] INFO:colcon.colcon_core.shell:Skip shell extension 'powershell' for command environment: Not usable outside of PowerShell
[0.602s] DEBUG:colcon.colcon_core.shell:Skip shell extension 'dsv' for command environment
[0.606s] INFO:colcon.colcon_ros.task.ament_cmake.build:Building ROS package in '/home/daeyun/Desktop/ecat_control_ws/src/gui_pkg' with build type 'ament_cmake'
[0.607s] INFO:colcon.colcon_cmake.task.cmake.build:Building CMake package in '/home/daeyun/Desktop/ecat_control_ws/src/gui_pkg'
[0.608s] INFO:colcon.colcon_core.shell:Skip shell extension 'powershell' for command environment: Not usable outside of PowerShell
[0.608s] DEBUG:colcon.colcon_core.shell:Skip shell extension 'dsv' for command environment
[0.611s] INFO:colcon.colcon_ros.task.ament_cmake.build:Building ROS package in '/home/daeyun/Desktop/ecat_control_ws/src/input_pkg' with build type 'ament_cmake'
[0.612s] INFO:colcon.colcon_cmake.task.cmake.build:Building CMake package in '/home/daeyun/Desktop/ecat_control_ws/src/input_pkg'
[0.613s] INFO:colcon.colcon_core.shell:Skip shell extension 'powershell' for command environment: Not usable outside of PowerShell
[0.613s] DEBUG:colcon.colcon_core.shell:Skip shell extension 'dsv' for command environment
[0.617s] INFO:colcon.colcon_ros.task.ament_cmake.build:Building ROS package in '/home/daeyun/Desktop/ecat_control_ws/src/log_pkg' with build type 'ament_cmake'
[0.617s] INFO:colcon.colcon_cmake.task.cmake.build:Building CMake package in '/home/daeyun/Desktop/ecat_control_ws/src/log_pkg'
[0.618s] INFO:colcon.colcon_core.shell:Skip shell extension 'powershell' for command environment: Not usable outside of PowerShell
[0.618s] DEBUG:colcon.colcon_core.shell:Skip shell extension 'dsv' for command environment
[0.622s] INFO:colcon.colcon_ros.task.ament_cmake.build:Building ROS package in '/home/daeyun/Desktop/ecat_control_ws/src/safety_pkg' with build type 'ament_cmake'
[0.623s] INFO:colcon.colcon_cmake.task.cmake.build:Building CMake package in '/home/daeyun/Desktop/ecat_control_ws/src/safety_pkg'
[0.624s] INFO:colcon.colcon_core.shell:Skip shell extension 'powershell' for command environment: Not usable outside of PowerShell
[0.624s] DEBUG:colcon.colcon_core.shell:Skip shell extension 'dsv' for command environment
[0.632s] DEBUG:colcon.colcon_core.event_handler.log_command:Invoking command in '/home/daeyun/Desktop/ecat_control_ws/build/ecat_pkg': AMENT_PREFIX_PATH=/home/daeyun/Desktop/ecat_control_ws/install/ecat_msgs:${AMENT_PREFIX_PATH} CMAKE_PREFIX_PATH=/home/daeyun/Desktop/ecat_control_ws/install/ecat_msgs:/opt/ros/foxy LD_LIBRARY_PATH=/home/daeyun/Desktop/ecat_control_ws/install/ecat_msgs/lib:${LD_LIBRARY_PATH} PYTHONPATH=/home/daeyun/Desktop/ecat_control_ws/install/ecat_msgs/lib/python3.8/site-packages:${PYTHONPATH} /usr/bin/cmake --build /home/daeyun/Desktop/ecat_control_ws/build/ecat_pkg -- -j8 -l8
[0.635s] DEBUG:colcon.colcon_core.event_handler.log_command:Invoking command in '/home/daeyun/Desktop/ecat_control_ws/build/gui_pkg': AMENT_PREFIX_PATH=/home/daeyun/Desktop/ecat_control_ws/install/ecat_msgs:${AMENT_PREFIX_PATH} CMAKE_PREFIX_PATH=/home/daeyun/Desktop/ecat_control_ws/install/ecat_msgs:/opt/ros/foxy LD_LIBRARY_PATH=/home/daeyun/Desktop/ecat_control_ws/install/ecat_msgs/lib:${LD_LIBRARY_PATH} PYTHONPATH=/home/daeyun/Desktop/ecat_control_ws/install/ecat_msgs/lib/python3.8/site-packages:${PYTHONPATH} /usr/bin/cmake --build /home/daeyun/Desktop/ecat_control_ws/build/gui_pkg -- -j8 -l8
[0.639s] DEBUG:colcon.colcon_core.event_handler.log_command:Invoking command in '/home/daeyun/Desktop/ecat_control_ws/build/input_pkg': AMENT_PREFIX_PATH=/home/daeyun/Desktop/ecat_control_ws/install/ecat_msgs:${AMENT_PREFIX_PATH} CMAKE_PREFIX_PATH=/home/daeyun/Desktop/ecat_control_ws/install/ecat_msgs:/opt/ros/foxy LD_LIBRARY_PATH=/home/daeyun/Desktop/ecat_control_ws/install/ecat_msgs/lib:${LD_LIBRARY_PATH} PYTHONPATH=/home/daeyun/Desktop/ecat_control_ws/install/ecat_msgs/lib/python3.8/site-packages:${PYTHONPATH} /usr/bin/cmake --build /home/daeyun/Desktop/ecat_control_ws/build/input_pkg -- -j8 -l8
[0.642s] DEBUG:colcon.colcon_core.event_handler.log_command:Invoking command in '/home/daeyun/Desktop/ecat_control_ws/build/log_pkg': AMENT_PREFIX_PATH=/home/daeyun/Desktop/ecat_control_ws/install/ecat_msgs:${AMENT_PREFIX_PATH} CMAKE_PREFIX_PATH=/home/daeyun/Desktop/ecat_control_ws/install/ecat_msgs:/opt/ros/foxy LD_LIBRARY_PATH=/home/daeyun/Desktop/ecat_control_ws/install/ecat_msgs/lib:${LD_LIBRARY_PATH} PYTHONPATH=/home/daeyun/Desktop/ecat_control_ws/install/ecat_msgs/lib/python3.8/site-packages:${PYTHONPATH} /usr/bin/cmake --build /home/daeyun/Desktop/ecat_control_ws/build/log_pkg -- -j8 -l8
[0.648s] DEBUG:colcon.colcon_core.event_handler.log_command:Invoking command in '/home/daeyun/Desktop/ecat_control_ws/build/safety_pkg': AMENT_PREFIX_PATH=/home/daeyun/Desktop/ecat_control_ws/install/ecat_msgs:${AMENT_PREFIX_PATH} CMAKE_PREFIX_PATH=/home/daeyun/Desktop/ecat_control_ws/install/ecat_msgs:/opt/ros/foxy LD_LIBRARY_PATH=/home/daeyun/Desktop/ecat_control_ws/install/ecat_msgs/lib:${LD_LIBRARY_PATH} PYTHONPATH=/home/daeyun/Desktop/ecat_control_ws/install/ecat_msgs/lib/python3.8/site-packages:${PYTHONPATH} /usr/bin/cmake --build /home/daeyun/Desktop/ecat_control_ws/build/safety_pkg -- -j8 -l8
[0.704s] DEBUG:colcon.colcon_core.event_handler.log_command:Invoked command in '/home/daeyun/Desktop/ecat_control_ws/build/ecat_pkg' returned '0': AMENT_PREFIX_PATH=/home/daeyun/Desktop/ecat_control_ws/install/ecat_msgs:${AMENT_PREFIX_PATH} CMAKE_PREFIX_PATH=/home/daeyun/Desktop/ecat_control_ws/install/ecat_msgs:/opt/ros/foxy LD_LIBRARY_PATH=/home/daeyun/Desktop/ecat_control_ws/install/ecat_msgs/lib:${LD_LIBRARY_PATH} PYTHONPATH=/home/daeyun/Desktop/ecat_control_ws/install/ecat_msgs/lib/python3.8/site-packages:${PYTHONPATH} /usr/bin/cmake --build /home/daeyun/Desktop/ecat_control_ws/build/ecat_pkg -- -j8 -l8
[0.711s] DEBUG:colcon.colcon_core.event_handler.log_command:Invoked command in '/home/daeyun/Desktop/ecat_control_ws/build/log_pkg' returned '0': AMENT_PREFIX_PATH=/home/daeyun/Desktop/ecat_control_ws/install/ecat_msgs:${AMENT_PREFIX_PATH} CMAKE_PREFIX_PATH=/home/daeyun/Desktop/ecat_control_ws/install/ecat_msgs:/opt/ros/foxy LD_LIBRARY_PATH=/home/daeyun/Desktop/ecat_control_ws/install/ecat_msgs/lib:${LD_LIBRARY_PATH} PYTHONPATH=/home/daeyun/Desktop/ecat_control_ws/install/ecat_msgs/lib/python3.8/site-packages:${PYTHONPATH} /usr/bin/cmake --build /home/daeyun/Desktop/ecat_control_ws/build/log_pkg -- -j8 -l8
[0.721s] DEBUG:colcon.colcon_core.event_handler.log_command:Invoked command in '/home/daeyun/Desktop/ecat_control_ws/build/safety_pkg' returned '0': AMENT_PREFIX_PATH=/home/daeyun/Desktop/ecat_control_ws/install/ecat_msgs:${AMENT_PREFIX_PATH} CMAKE_PREFIX_PATH=/home/daeyun/Desktop/ecat_control_ws/install/ecat_msgs:/opt/ros/foxy LD_LIBRARY_PATH=/home/daeyun/Desktop/ecat_control_ws/install/ecat_msgs/lib:${LD_LIBRARY_PATH} PYTHONPATH=/home/daeyun/Desktop/ecat_control_ws/install/ecat_msgs/lib/python3.8/site-packages:${PYTHONPATH} /usr/bin/cmake --build /home/daeyun/Desktop/ecat_control_ws/build/safety_pkg -- -j8 -l8
[0.731s] DEBUG:colcon.colcon_core.event_handler.log_command:Invoked command in '/home/daeyun/Desktop/ecat_control_ws/build/gui_pkg' returned '0': AMENT_PREFIX_PATH=/home/daeyun/Desktop/ecat_control_ws/install/ecat_msgs:${AMENT_PREFIX_PATH} CMAKE_PREFIX_PATH=/home/daeyun/Desktop/ecat_control_ws/install/ecat_msgs:/opt/ros/foxy LD_LIBRARY_PATH=/home/daeyun/Desktop/ecat_control_ws/install/ecat_msgs/lib:${LD_LIBRARY_PATH} PYTHONPATH=/home/daeyun/Desktop/ecat_control_ws/install/ecat_msgs/lib/python3.8/site-packages:${PYTHONPATH} /usr/bin/cmake --build /home/daeyun/Desktop/ecat_control_ws/build/gui_pkg -- -j8 -l8
[0.737s] DEBUG:colcon.colcon_core.event_handler.log_command:Invoking command in '/home/daeyun/Desktop/ecat_control_ws/build/ecat_pkg': AMENT_PREFIX_PATH=/home/daeyun/Desktop/ecat_control_ws/install/ecat_msgs:${AMENT_PREFIX_PATH} CMAKE_PREFIX_PATH=/home/daeyun/Desktop/ecat_control_ws/install/ecat_msgs:/opt/ros/foxy LD_LIBRARY_PATH=/home/daeyun/Desktop/ecat_control_ws/install/ecat_msgs/lib:${LD_LIBRARY_PATH} PYTHONPATH=/home/daeyun/Desktop/ecat_control_ws/install/ecat_msgs/lib/python3.8/site-packages:${PYTHONPATH} /usr/bin/cmake --install /home/daeyun/Desktop/ecat_control_ws/build/ecat_pkg
[0.742s] DEBUG:colcon.colcon_core.event_handler.log_command:Invoking command in '/home/daeyun/Desktop/ecat_control_ws/build/log_pkg': AMENT_PREFIX_PATH=/home/daeyun/Desktop/ecat_control_ws/install/ecat_msgs:${AMENT_PREFIX_PATH} CMAKE_PREFIX_PATH=/home/daeyun/Desktop/ecat_control_ws/install/ecat_msgs:/opt/ros/foxy LD_LIBRARY_PATH=/home/daeyun/Desktop/ecat_control_ws/install/ecat_msgs/lib:${LD_LIBRARY_PATH} PYTHONPATH=/home/daeyun/Desktop/ecat_control_ws/install/ecat_msgs/lib/python3.8/site-packages:${PYTHONPATH} /usr/bin/cmake --install /home/daeyun/Desktop/ecat_control_ws/build/log_pkg
[0.747s] DEBUG:colcon.colcon_core.event_handler.log_command:Invoking command in '/home/daeyun/Desktop/ecat_control_ws/build/safety_pkg': AMENT_PREFIX_PATH=/home/daeyun/Desktop/ecat_control_ws/install/ecat_msgs:${AMENT_PREFIX_PATH} CMAKE_PREFIX_PATH=/home/daeyun/Desktop/ecat_control_ws/install/ecat_msgs:/opt/ros/foxy LD_LIBRARY_PATH=/home/daeyun/Desktop/ecat_control_ws/install/ecat_msgs/lib:${LD_LIBRARY_PATH} PYTHONPATH=/home/daeyun/Desktop/ecat_control_ws/install/ecat_msgs/lib/python3.8/site-packages:${PYTHONPATH} /usr/bin/cmake --install /home/daeyun/Desktop/ecat_control_ws/build/safety_pkg
[0.761s] Level 1:colcon.colcon_core.environment:create_environment_scripts_only(ecat_pkg)
[0.762s] Level 1:colcon.colcon_core.environment:checking '/home/daeyun/Desktop/ecat_control_ws/install/ecat_pkg' for CMake module files
[0.763s] DEBUG:colcon.colcon_core.event_handler.log_command:Invoked command in '/home/daeyun/Desktop/ecat_control_ws/build/ecat_pkg' returned '0': AMENT_PREFIX_PATH=/home/daeyun/Desktop/ecat_control_ws/install/ecat_msgs:${AMENT_PREFIX_PATH} CMAKE_PREFIX_PATH=/home/daeyun/Desktop/ecat_control_ws/install/ecat_msgs:/opt/ros/foxy LD_LIBRARY_PATH=/home/daeyun/Desktop/ecat_control_ws/install/ecat_msgs/lib:${LD_LIBRARY_PATH} PYTHONPATH=/home/daeyun/Desktop/ecat_control_ws/install/ecat_msgs/lib/python3.8/site-packages:${PYTHONPATH} /usr/bin/cmake --install /home/daeyun/Desktop/ecat_control_ws/build/ecat_pkg
[0.763s] Level 1:colcon.colcon_core.environment:checking '/home/daeyun/Desktop/ecat_control_ws/install/ecat_pkg' for CMake config files
[0.763s] Level 1:colcon.colcon_core.shell:create_environment_hook('ecat_pkg', 'cmake_prefix_path')
[0.764s] INFO:colcon.colcon_core.shell:Creating environment hook '/home/daeyun/Desktop/ecat_control_ws/install/ecat_pkg/share/ecat_pkg/hook/cmake_prefix_path.ps1'
[0.765s] INFO:colcon.colcon_core.shell:Creating environment descriptor '/home/daeyun/Desktop/ecat_control_ws/install/ecat_pkg/share/ecat_pkg/hook/cmake_prefix_path.dsv'
[0.766s] INFO:colcon.colcon_core.shell:Creating environment hook '/home/daeyun/Desktop/ecat_control_ws/install/ecat_pkg/share/ecat_pkg/hook/cmake_prefix_path.sh'
[0.767s] Level 1:colcon.colcon_core.environment:checking '/home/daeyun/Desktop/ecat_control_ws/install/ecat_pkg/lib'
[0.767s] Level 1:colcon.colcon_core.environment:checking '/home/daeyun/Desktop/ecat_control_ws/install/ecat_pkg/bin'
[0.767s] Level 1:colcon.colcon_core.environment:checking '/home/daeyun/Desktop/ecat_control_ws/install/ecat_pkg/lib/pkgconfig/ecat_pkg.pc'
[0.767s] Level 1:colcon.colcon_core.environment:checking '/home/daeyun/Desktop/ecat_control_ws/install/ecat_pkg/lib/python3.8/site-packages'
[0.767s] Level 1:colcon.colcon_core.environment:checking '/home/daeyun/Desktop/ecat_control_ws/install/ecat_pkg/bin'
[0.768s] INFO:colcon.colcon_core.shell:Creating package script '/home/daeyun/Desktop/ecat_control_ws/install/ecat_pkg/share/ecat_pkg/package.ps1'
[0.769s] INFO:colcon.colcon_core.shell:Creating package descriptor '/home/daeyun/Desktop/ecat_control_ws/install/ecat_pkg/share/ecat_pkg/package.dsv'
[0.769s] INFO:colcon.colcon_core.shell:Creating package script '/home/daeyun/Desktop/ecat_control_ws/install/ecat_pkg/share/ecat_pkg/package.sh'
[0.769s] INFO:colcon.colcon_core.shell:Creating package script '/home/daeyun/Desktop/ecat_control_ws/install/ecat_pkg/share/ecat_pkg/package.bash'
[0.770s] INFO:colcon.colcon_core.shell:Creating package script '/home/daeyun/Desktop/ecat_control_ws/install/ecat_pkg/share/ecat_pkg/package.zsh'
[0.770s] Level 1:colcon.colcon_core.environment:create_file_with_runtime_dependencies(/home/daeyun/Desktop/ecat_control_ws/install/ecat_pkg/share/colcon-core/packages/ecat_pkg)
[0.773s] Level 1:colcon.colcon_core.environment:create_environment_scripts_only(log_pkg)
[0.776s] Level 1:colcon.colcon_core.environment:checking '/home/daeyun/Desktop/ecat_control_ws/install/log_pkg' for CMake module files
[0.776s] DEBUG:colcon.colcon_core.event_handler.log_command:Invoked command in '/home/daeyun/Desktop/ecat_control_ws/build/log_pkg' returned '0': AMENT_PREFIX_PATH=/home/daeyun/Desktop/ecat_control_ws/install/ecat_msgs:${AMENT_PREFIX_PATH} CMAKE_PREFIX_PATH=/home/daeyun/Desktop/ecat_control_ws/install/ecat_msgs:/opt/ros/foxy LD_LIBRARY_PATH=/home/daeyun/Desktop/ecat_control_ws/install/ecat_msgs/lib:${LD_LIBRARY_PATH} PYTHONPATH=/home/daeyun/Desktop/ecat_control_ws/install/ecat_msgs/lib/python3.8/site-packages:${PYTHONPATH} /usr/bin/cmake --install /home/daeyun/Desktop/ecat_control_ws/build/log_pkg
[0.777s] Level 1:colcon.colcon_core.environment:checking '/home/daeyun/Desktop/ecat_control_ws/install/log_pkg' for CMake config files
[0.777s] Level 1:colcon.colcon_core.shell:create_environment_hook('log_pkg', 'cmake_prefix_path')
[0.779s] INFO:colcon.colcon_core.shell:Creating environment hook '/home/daeyun/Desktop/ecat_control_ws/install/log_pkg/share/log_pkg/hook/cmake_prefix_path.ps1'
[0.779s] INFO:colcon.colcon_core.shell:Creating environment descriptor '/home/daeyun/Desktop/ecat_control_ws/install/log_pkg/share/log_pkg/hook/cmake_prefix_path.dsv'
[0.780s] INFO:colcon.colcon_core.shell:Creating environment hook '/home/daeyun/Desktop/ecat_control_ws/install/log_pkg/share/log_pkg/hook/cmake_prefix_path.sh'
[0.780s] Level 1:colcon.colcon_core.environment:checking '/home/daeyun/Desktop/ecat_control_ws/install/log_pkg/lib'
[0.780s] Level 1:colcon.colcon_core.environment:checking '/home/daeyun/Desktop/ecat_control_ws/install/log_pkg/bin'
[0.780s] Level 1:colcon.colcon_core.environment:checking '/home/daeyun/Desktop/ecat_control_ws/install/log_pkg/lib/pkgconfig/log_pkg.pc'
[0.781s] Level 1:colcon.colcon_core.environment:checking '/home/daeyun/Desktop/ecat_control_ws/install/log_pkg/lib/python3.8/site-packages'
[0.781s] Level 1:colcon.colcon_core.environment:checking '/home/daeyun/Desktop/ecat_control_ws/install/log_pkg/bin'
[0.782s] INFO:colcon.colcon_core.shell:Creating package script '/home/daeyun/Desktop/ecat_control_ws/install/log_pkg/share/log_pkg/package.ps1'
[0.783s] INFO:colcon.colcon_core.shell:Creating package descriptor '/home/daeyun/Desktop/ecat_control_ws/install/log_pkg/share/log_pkg/package.dsv'
[0.783s] INFO:colcon.colcon_core.shell:Creating package script '/home/daeyun/Desktop/ecat_control_ws/install/log_pkg/share/log_pkg/package.sh'
[0.784s] INFO:colcon.colcon_core.shell:Creating package script '/home/daeyun/Desktop/ecat_control_ws/install/log_pkg/share/log_pkg/package.bash'
[0.784s] INFO:colcon.colcon_core.shell:Creating package script '/home/daeyun/Desktop/ecat_control_ws/install/log_pkg/share/log_pkg/package.zsh'
[0.784s] Level 1:colcon.colcon_core.environment:create_file_with_runtime_dependencies(/home/daeyun/Desktop/ecat_control_ws/install/log_pkg/share/colcon-core/packages/log_pkg)
[0.787s] Level 1:colcon.colcon_core.environment:create_environment_scripts_only(safety_pkg)
[0.790s] Level 1:colcon.colcon_core.environment:checking '/home/daeyun/Desktop/ecat_control_ws/install/safety_pkg' for CMake module files
[0.791s] DEBUG:colcon.colcon_core.event_handler.log_command:Invoked command in '/home/daeyun/Desktop/ecat_control_ws/build/safety_pkg' returned '0': AMENT_PREFIX_PATH=/home/daeyun/Desktop/ecat_control_ws/install/ecat_msgs:${AMENT_PREFIX_PATH} CMAKE_PREFIX_PATH=/home/daeyun/Desktop/ecat_control_ws/install/ecat_msgs:/opt/ros/foxy LD_LIBRARY_PATH=/home/daeyun/Desktop/ecat_control_ws/install/ecat_msgs/lib:${LD_LIBRARY_PATH} PYTHONPATH=/home/daeyun/Desktop/ecat_control_ws/install/ecat_msgs/lib/python3.8/site-packages:${PYTHONPATH} /usr/bin/cmake --install /home/daeyun/Desktop/ecat_control_ws/build/safety_pkg
[0.791s] Level 1:colcon.colcon_core.environment:checking '/home/daeyun/Desktop/ecat_control_ws/install/safety_pkg' for CMake config files
[0.791s] Level 1:colcon.colcon_core.shell:create_environment_hook('safety_pkg', 'cmake_prefix_path')
[0.793s] INFO:colcon.colcon_core.shell:Creating environment hook '/home/daeyun/Desktop/ecat_control_ws/install/safety_pkg/share/safety_pkg/hook/cmake_prefix_path.ps1'
[0.793s] INFO:colcon.colcon_core.shell:Creating environment descriptor '/home/daeyun/Desktop/ecat_control_ws/install/safety_pkg/share/safety_pkg/hook/cmake_prefix_path.dsv'
[0.794s] INFO:colcon.colcon_core.shell:Creating environment hook '/home/daeyun/Desktop/ecat_control_ws/install/safety_pkg/share/safety_pkg/hook/cmake_prefix_path.sh'
[0.794s] Level 1:colcon.colcon_core.environment:checking '/home/daeyun/Desktop/ecat_control_ws/install/safety_pkg/lib'
[0.794s] Level 1:colcon.colcon_core.environment:checking '/home/daeyun/Desktop/ecat_control_ws/install/safety_pkg/bin'
[0.795s] Level 1:colcon.colcon_core.environment:checking '/home/daeyun/Desktop/ecat_control_ws/install/safety_pkg/lib/pkgconfig/safety_pkg.pc'
[0.795s] Level 1:colcon.colcon_core.environment:checking '/home/daeyun/Desktop/ecat_control_ws/install/safety_pkg/lib/python3.8/site-packages'
[0.795s] Level 1:colcon.colcon_core.environment:checking '/home/daeyun/Desktop/ecat_control_ws/install/safety_pkg/bin'
[0.797s] INFO:colcon.colcon_core.shell:Creating package script '/home/daeyun/Desktop/ecat_control_ws/install/safety_pkg/share/safety_pkg/package.ps1'
[0.797s] INFO:colcon.colcon_core.shell:Creating package descriptor '/home/daeyun/Desktop/ecat_control_ws/install/safety_pkg/share/safety_pkg/package.dsv'
[0.797s] INFO:colcon.colcon_core.shell:Creating package script '/home/daeyun/Desktop/ecat_control_ws/install/safety_pkg/share/safety_pkg/package.sh'
[0.798s] INFO:colcon.colcon_core.shell:Creating package script '/home/daeyun/Desktop/ecat_control_ws/install/safety_pkg/share/safety_pkg/package.bash'
[0.798s] INFO:colcon.colcon_core.shell:Creating package script '/home/daeyun/Desktop/ecat_control_ws/install/safety_pkg/share/safety_pkg/package.zsh'
[0.798s] Level 1:colcon.colcon_core.environment:create_file_with_runtime_dependencies(/home/daeyun/Desktop/ecat_control_ws/install/safety_pkg/share/colcon-core/packages/safety_pkg)
[0.804s] DEBUG:colcon.colcon_core.event_handler.log_command:Invoking command in '/home/daeyun/Desktop/ecat_control_ws/build/gui_pkg': AMENT_PREFIX_PATH=/home/daeyun/Desktop/ecat_control_ws/install/ecat_msgs:${AMENT_PREFIX_PATH} CMAKE_PREFIX_PATH=/home/daeyun/Desktop/ecat_control_ws/install/ecat_msgs:/opt/ros/foxy LD_LIBRARY_PATH=/home/daeyun/Desktop/ecat_control_ws/install/ecat_msgs/lib:${LD_LIBRARY_PATH} PYTHONPATH=/home/daeyun/Desktop/ecat_control_ws/install/ecat_msgs/lib/python3.8/site-packages:${PYTHONPATH} /usr/bin/cmake --install /home/daeyun/Desktop/ecat_control_ws/build/gui_pkg
[0.806s] Level 1:colcon.colcon_core.environment:create_environment_scripts_only(ecat_pkg)
[0.808s] Level 1:colcon.colcon_core.environment:checking '/home/daeyun/Desktop/ecat_control_ws/install/ecat_pkg' for CMake module files
[0.808s] Level 1:colcon.colcon_core.environment:checking '/home/daeyun/Desktop/ecat_control_ws/install/ecat_pkg' for CMake config files
[0.808s] Level 1:colcon.colcon_core.shell:create_environment_hook('ecat_pkg', 'cmake_prefix_path')
[0.809s] INFO:colcon.colcon_core.shell:Creating environment hook '/home/daeyun/Desktop/ecat_control_ws/install/ecat_pkg/share/ecat_pkg/hook/cmake_prefix_path.ps1'
[0.810s] INFO:colcon.colcon_core.shell:Creating environment descriptor '/home/daeyun/Desktop/ecat_control_ws/install/ecat_pkg/share/ecat_pkg/hook/cmake_prefix_path.dsv'
[0.810s] INFO:colcon.colcon_core.shell:Creating environment hook '/home/daeyun/Desktop/ecat_control_ws/install/ecat_pkg/share/ecat_pkg/hook/cmake_prefix_path.sh'
[0.811s] Level 1:colcon.colcon_core.environment:checking '/home/daeyun/Desktop/ecat_control_ws/install/ecat_pkg/lib'
[0.811s] Level 1:colcon.colcon_core.environment:checking '/home/daeyun/Desktop/ecat_control_ws/install/ecat_pkg/bin'
[0.811s] Level 1:colcon.colcon_core.environment:checking '/home/daeyun/Desktop/ecat_control_ws/install/ecat_pkg/lib/pkgconfig/ecat_pkg.pc'
[0.812s] Level 1:colcon.colcon_core.environment:checking '/home/daeyun/Desktop/ecat_control_ws/install/ecat_pkg/lib/python3.8/site-packages'
[0.812s] Level 1:colcon.colcon_core.environment:checking '/home/daeyun/Desktop/ecat_control_ws/install/ecat_pkg/bin'
[0.813s] INFO:colcon.colcon_core.shell:Creating package script '/home/daeyun/Desktop/ecat_control_ws/install/ecat_pkg/share/ecat_pkg/package.ps1'
[0.814s] INFO:colcon.colcon_core.shell:Creating package descriptor '/home/daeyun/Desktop/ecat_control_ws/install/ecat_pkg/share/ecat_pkg/package.dsv'
[0.815s] INFO:colcon.colcon_core.shell:Creating package script '/home/daeyun/Desktop/ecat_control_ws/install/ecat_pkg/share/ecat_pkg/package.sh'
[0.815s] INFO:colcon.colcon_core.shell:Creating package script '/home/daeyun/Desktop/ecat_control_ws/install/ecat_pkg/share/ecat_pkg/package.bash'
[0.815s] INFO:colcon.colcon_core.shell:Creating package script '/home/daeyun/Desktop/ecat_control_ws/install/ecat_pkg/share/ecat_pkg/package.zsh'
[0.816s] Level 1:colcon.colcon_core.environment:create_file_with_runtime_dependencies(/home/daeyun/Desktop/ecat_control_ws/install/ecat_pkg/share/colcon-core/packages/ecat_pkg)
[0.817s] Level 1:colcon.colcon_core.environment:create_environment_scripts_only(log_pkg)
[0.819s] Level 1:colcon.colcon_core.environment:checking '/home/daeyun/Desktop/ecat_control_ws/install/log_pkg' for CMake module files
[0.820s] Level 1:colcon.colcon_core.environment:checking '/home/daeyun/Desktop/ecat_control_ws/install/log_pkg' for CMake config files
[0.820s] Level 1:colcon.colcon_core.shell:create_environment_hook('log_pkg', 'cmake_prefix_path')
[0.821s] INFO:colcon.colcon_core.shell:Creating environment hook '/home/daeyun/Desktop/ecat_control_ws/install/log_pkg/share/log_pkg/hook/cmake_prefix_path.ps1'
[0.821s] INFO:colcon.colcon_core.shell:Creating environment descriptor '/home/daeyun/Desktop/ecat_control_ws/install/log_pkg/share/log_pkg/hook/cmake_prefix_path.dsv'
[0.821s] INFO:colcon.colcon_core.shell:Creating environment hook '/home/daeyun/Desktop/ecat_control_ws/install/log_pkg/share/log_pkg/hook/cmake_prefix_path.sh'
[0.822s] Level 1:colcon.colcon_core.environment:checking '/home/daeyun/Desktop/ecat_control_ws/install/log_pkg/lib'
[0.822s] Level 1:colcon.colcon_core.environment:checking '/home/daeyun/Desktop/ecat_control_ws/install/log_pkg/bin'
[0.822s] Level 1:colcon.colcon_core.environment:checking '/home/daeyun/Desktop/ecat_control_ws/install/log_pkg/lib/pkgconfig/log_pkg.pc'
[0.822s] Level 1:colcon.colcon_core.environment:checking '/home/daeyun/Desktop/ecat_control_ws/install/log_pkg/lib/python3.8/site-packages'
[0.822s] Level 1:colcon.colcon_core.environment:checking '/home/daeyun/Desktop/ecat_control_ws/install/log_pkg/bin'
[0.823s] INFO:colcon.colcon_core.shell:Creating package script '/home/daeyun/Desktop/ecat_control_ws/install/log_pkg/share/log_pkg/package.ps1'
[0.824s] INFO:colcon.colcon_core.shell:Creating package descriptor '/home/daeyun/Desktop/ecat_control_ws/install/log_pkg/share/log_pkg/package.dsv'
[0.824s] INFO:colcon.colcon_core.shell:Creating package script '/home/daeyun/Desktop/ecat_control_ws/install/log_pkg/share/log_pkg/package.sh'
[0.824s] INFO:colcon.colcon_core.shell:Creating package script '/home/daeyun/Desktop/ecat_control_ws/install/log_pkg/share/log_pkg/package.bash'
[0.825s] INFO:colcon.colcon_core.shell:Creating package script '/home/daeyun/Desktop/ecat_control_ws/install/log_pkg/share/log_pkg/package.zsh'
[0.825s] Level 1:colcon.colcon_core.environment:create_file_with_runtime_dependencies(/home/daeyun/Desktop/ecat_control_ws/install/log_pkg/share/colcon-core/packages/log_pkg)
[0.827s] Level 1:colcon.colcon_core.environment:create_environment_scripts_only(safety_pkg)
[0.828s] Level 1:colcon.colcon_core.environment:checking '/home/daeyun/Desktop/ecat_control_ws/install/safety_pkg' for CMake module files
[0.829s] Level 1:colcon.colcon_core.environment:checking '/home/daeyun/Desktop/ecat_control_ws/install/safety_pkg' for CMake config files
[0.829s] Level 1:colcon.colcon_core.shell:create_environment_hook('safety_pkg', 'cmake_prefix_path')
[0.830s] INFO:colcon.colcon_core.shell:Creating environment hook '/home/daeyun/Desktop/ecat_control_ws/install/safety_pkg/share/safety_pkg/hook/cmake_prefix_path.ps1'
[0.830s] INFO:colcon.colcon_core.shell:Creating environment descriptor '/home/daeyun/Desktop/ecat_control_ws/install/safety_pkg/share/safety_pkg/hook/cmake_prefix_path.dsv'
[0.830s] INFO:colcon.colcon_core.shell:Creating environment hook '/home/daeyun/Desktop/ecat_control_ws/install/safety_pkg/share/safety_pkg/hook/cmake_prefix_path.sh'
[0.831s] Level 1:colcon.colcon_core.environment:checking '/home/daeyun/Desktop/ecat_control_ws/install/safety_pkg/lib'
[0.831s] Level 1:colcon.colcon_core.environment:checking '/home/daeyun/Desktop/ecat_control_ws/install/safety_pkg/bin'
[0.831s] Level 1:colcon.colcon_core.environment:checking '/home/daeyun/Desktop/ecat_control_ws/install/safety_pkg/lib/pkgconfig/safety_pkg.pc'
[0.831s] Level 1:colcon.colcon_core.environment:checking '/home/daeyun/Desktop/ecat_control_ws/install/safety_pkg/lib/python3.8/site-packages'
[0.831s] Level 1:colcon.colcon_core.environment:checking '/home/daeyun/Desktop/ecat_control_ws/install/safety_pkg/bin'
[0.832s] INFO:colcon.colcon_core.shell:Creating package script '/home/daeyun/Desktop/ecat_control_ws/install/safety_pkg/share/safety_pkg/package.ps1'
[0.832s] INFO:colcon.colcon_core.shell:Creating package descriptor '/home/daeyun/Desktop/ecat_control_ws/install/safety_pkg/share/safety_pkg/package.dsv'
[0.833s] INFO:colcon.colcon_core.shell:Creating package script '/home/daeyun/Desktop/ecat_control_ws/install/safety_pkg/share/safety_pkg/package.sh'
[0.833s] INFO:colcon.colcon_core.shell:Creating package script '/home/daeyun/Desktop/ecat_control_ws/install/safety_pkg/share/safety_pkg/package.bash'
[0.833s] INFO:colcon.colcon_core.shell:Creating package script '/home/daeyun/Desktop/ecat_control_ws/install/safety_pkg/share/safety_pkg/package.zsh'
[0.833s] Level 1:colcon.colcon_core.environment:create_file_with_runtime_dependencies(/home/daeyun/Desktop/ecat_control_ws/install/safety_pkg/share/colcon-core/packages/safety_pkg)
[0.834s] Level 1:colcon.colcon_core.environment:create_environment_scripts_only(gui_pkg)
[0.835s] Level 1:colcon.colcon_core.environment:checking '/home/daeyun/Desktop/ecat_control_ws/install/gui_pkg' for CMake module files
[0.836s] DEBUG:colcon.colcon_core.event_handler.log_command:Invoked command in '/home/daeyun/Desktop/ecat_control_ws/build/gui_pkg' returned '0': AMENT_PREFIX_PATH=/home/daeyun/Desktop/ecat_control_ws/install/ecat_msgs:${AMENT_PREFIX_PATH} CMAKE_PREFIX_PATH=/home/daeyun/Desktop/ecat_control_ws/install/ecat_msgs:/opt/ros/foxy LD_LIBRARY_PATH=/home/daeyun/Desktop/ecat_control_ws/install/ecat_msgs/lib:${LD_LIBRARY_PATH} PYTHONPATH=/home/daeyun/Desktop/ecat_control_ws/install/ecat_msgs/lib/python3.8/site-packages:${PYTHONPATH} /usr/bin/cmake --install /home/daeyun/Desktop/ecat_control_ws/build/gui_pkg
[0.836s] Level 1:colcon.colcon_core.environment:checking '/home/daeyun/Desktop/ecat_control_ws/install/gui_pkg' for CMake config files
[0.836s] Level 1:colcon.colcon_core.shell:create_environment_hook('gui_pkg', 'cmake_prefix_path')
[0.837s] INFO:colcon.colcon_core.shell:Creating environment hook '/home/daeyun/Desktop/ecat_control_ws/install/gui_pkg/share/gui_pkg/hook/cmake_prefix_path.ps1'
[0.838s] INFO:colcon.colcon_core.shell:Creating environment descriptor '/home/daeyun/Desktop/ecat_control_ws/install/gui_pkg/share/gui_pkg/hook/cmake_prefix_path.dsv'
[0.838s] INFO:colcon.colcon_core.shell:Creating environment hook '/home/daeyun/Desktop/ecat_control_ws/install/gui_pkg/share/gui_pkg/hook/cmake_prefix_path.sh'
[0.838s] Level 1:colcon.colcon_core.environment:checking '/home/daeyun/Desktop/ecat_control_ws/install/gui_pkg/lib'
[0.838s] Level 1:colcon.colcon_core.environment:checking '/home/daeyun/Desktop/ecat_control_ws/install/gui_pkg/bin'
[0.838s] Level 1:colcon.colcon_core.environment:checking '/home/daeyun/Desktop/ecat_control_ws/install/gui_pkg/lib/pkgconfig/gui_pkg.pc'
[0.838s] Level 1:colcon.colcon_core.environment:checking '/home/daeyun/Desktop/ecat_control_ws/install/gui_pkg/lib/python3.8/site-packages'
[0.839s] Level 1:colcon.colcon_core.environment:checking '/home/daeyun/Desktop/ecat_control_ws/install/gui_pkg/bin'
[0.840s] INFO:colcon.colcon_core.shell:Creating package script '/home/daeyun/Desktop/ecat_control_ws/install/gui_pkg/share/gui_pkg/package.ps1'
[0.840s] INFO:colcon.colcon_core.shell:Creating package descriptor '/home/daeyun/Desktop/ecat_control_ws/install/gui_pkg/share/gui_pkg/package.dsv'
[0.840s] INFO:colcon.colcon_core.shell:Creating package script '/home/daeyun/Desktop/ecat_control_ws/install/gui_pkg/share/gui_pkg/package.sh'
[0.841s] INFO:colcon.colcon_core.shell:Creating package script '/home/daeyun/Desktop/ecat_control_ws/install/gui_pkg/share/gui_pkg/package.bash'
[0.841s] INFO:colcon.colcon_core.shell:Creating package script '/home/daeyun/Desktop/ecat_control_ws/install/gui_pkg/share/gui_pkg/package.zsh'
[0.841s] Level 1:colcon.colcon_core.environment:create_file_with_runtime_dependencies(/home/daeyun/Desktop/ecat_control_ws/install/gui_pkg/share/colcon-core/packages/gui_pkg)
[0.880s] Level 1:colcon.colcon_core.environment:create_environment_scripts_only(gui_pkg)
[0.882s] Level 1:colcon.colcon_core.environment:checking '/home/daeyun/Desktop/ecat_control_ws/install/gui_pkg' for CMake module files
[0.882s] Level 1:colcon.colcon_core.environment:checking '/home/daeyun/Desktop/ecat_control_ws/install/gui_pkg' for CMake config files
[0.882s] Level 1:colcon.colcon_core.shell:create_environment_hook('gui_pkg', 'cmake_prefix_path')
[0.883s] INFO:colcon.colcon_core.shell:Creating environment hook '/home/daeyun/Desktop/ecat_control_ws/install/gui_pkg/share/gui_pkg/hook/cmake_prefix_path.ps1'
[0.884s] INFO:colcon.colcon_core.shell:Creating environment descriptor '/home/daeyun/Desktop/ecat_control_ws/install/gui_pkg/share/gui_pkg/hook/cmake_prefix_path.dsv'
[0.884s] INFO:colcon.colcon_core.shell:Creating environment hook '/home/daeyun/Desktop/ecat_control_ws/install/gui_pkg/share/gui_pkg/hook/cmake_prefix_path.sh'
[0.884s] Level 1:colcon.colcon_core.environment:checking '/home/daeyun/Desktop/ecat_control_ws/install/gui_pkg/lib'
[0.885s] Level 1:colcon.colcon_core.environment:checking '/home/daeyun/Desktop/ecat_control_ws/install/gui_pkg/bin'
[0.885s] Level 1:colcon.colcon_core.environment:checking '/home/daeyun/Desktop/ecat_control_ws/install/gui_pkg/lib/pkgconfig/gui_pkg.pc'
[0.885s] Level 1:colcon.colcon_core.environment:checking '/home/daeyun/Desktop/ecat_control_ws/install/gui_pkg/lib/python3.8/site-packages'
[0.885s] Level 1:colcon.colcon_core.environment:checking '/home/daeyun/Desktop/ecat_control_ws/install/gui_pkg/bin'
[0.886s] INFO:colcon.colcon_core.shell:Creating package script '/home/daeyun/Desktop/ecat_control_ws/install/gui_pkg/share/gui_pkg/package.ps1'
[0.886s] INFO:colcon.colcon_core.shell:Creating package descriptor '/home/daeyun/Desktop/ecat_control_ws/install/gui_pkg/share/gui_pkg/package.dsv'
[0.886s] INFO:colcon.colcon_core.shell:Creating package script '/home/daeyun/Desktop/ecat_control_ws/install/gui_pkg/share/gui_pkg/package.sh'
[0.887s] INFO:colcon.colcon_core.shell:Creating package script '/home/daeyun/Desktop/ecat_control_ws/install/gui_pkg/share/gui_pkg/package.bash'
[0.887s] INFO:colcon.colcon_core.shell:Creating package script '/home/daeyun/Desktop/ecat_control_ws/install/gui_pkg/share/gui_pkg/package.zsh'
[0.887s] Level 1:colcon.colcon_core.environment:create_file_with_runtime_dependencies(/home/daeyun/Desktop/ecat_control_ws/install/gui_pkg/share/colcon-core/packages/gui_pkg)
[1.221s] DEBUG:colcon.colcon_core.event_handler.log_command:Invoked command in '/home/daeyun/Desktop/ecat_control_ws/build/input_pkg' returned '2': AMENT_PREFIX_PATH=/home/daeyun/Desktop/ecat_control_ws/install/ecat_msgs:${AMENT_PREFIX_PATH} CMAKE_PREFIX_PATH=/home/daeyun/Desktop/ecat_control_ws/install/ecat_msgs:/opt/ros/foxy LD_LIBRARY_PATH=/home/daeyun/Desktop/ecat_control_ws/install/ecat_msgs/lib:${LD_LIBRARY_PATH} PYTHONPATH=/home/daeyun/Desktop/ecat_control_ws/install/ecat_msgs/lib/python3.8/site-packages:${PYTHONPATH} /usr/bin/cmake --build /home/daeyun/Desktop/ecat_control_ws/build/input_pkg -- -j8 -l8
[1.242s] Level 1:colcon.colcon_core.environment:create_environment_scripts_only(input_pkg)
[1.243s] Level 1:colcon.colcon_core.environment:checking '/home/daeyun/Desktop/ecat_control_ws/install/input_pkg' for CMake module files
[1.244s] Level 1:colcon.colcon_core.environment:checking '/home/daeyun/Desktop/ecat_control_ws/install/input_pkg' for CMake config files
[1.244s] Level 1:colcon.colcon_core.shell:create_environment_hook('input_pkg', 'cmake_prefix_path')
[1.245s] INFO:colcon.colcon_core.shell:Creating environment hook '/home/daeyun/Desktop/ecat_control_ws/install/input_pkg/share/input_pkg/hook/cmake_prefix_path.ps1'
[1.245s] INFO:colcon.colcon_core.shell:Creating environment descriptor '/home/daeyun/Desktop/ecat_control_ws/install/input_pkg/share/input_pkg/hook/cmake_prefix_path.dsv'
[1.246s] INFO:colcon.colcon_core.shell:Creating environment hook '/home/daeyun/Desktop/ecat_control_ws/install/input_pkg/share/input_pkg/hook/cmake_prefix_path.sh'
[1.246s] Level 1:colcon.colcon_core.environment:checking '/home/daeyun/Desktop/ecat_control_ws/install/input_pkg/lib'
[1.246s] Level 1:colcon.colcon_core.environment:checking '/home/daeyun/Desktop/ecat_control_ws/install/input_pkg/bin'
[1.246s] Level 1:colcon.colcon_core.environment:checking '/home/daeyun/Desktop/ecat_control_ws/install/input_pkg/lib/pkgconfig/input_pkg.pc'
[1.246s] Level 1:colcon.colcon_core.environment:checking '/home/daeyun/Desktop/ecat_control_ws/install/input_pkg/lib/python3.8/site-packages'
[1.247s] Level 1:colcon.colcon_core.environment:checking '/home/daeyun/Desktop/ecat_control_ws/install/input_pkg/bin'
[1.247s] INFO:colcon.colcon_core.shell:Creating package script '/home/daeyun/Desktop/ecat_control_ws/install/input_pkg/share/input_pkg/package.ps1'
[1.248s] INFO:colcon.colcon_core.shell:Creating package descriptor '/home/daeyun/Desktop/ecat_control_ws/install/input_pkg/share/input_pkg/package.dsv'
[1.248s] ERROR:colcon.colcon_core.environment:Exception in shell extension 'dsv': [Errno 13] Permission denied: '/home/daeyun/Desktop/ecat_control_ws/install/input_pkg/share/input_pkg/package.dsv'
Traceback (most recent call last):
  File "/usr/lib/python3/dist-packages/colcon_core/environment/__init__.py", line 131, in create_environment_scripts_only
    retval = extension.create_package_script(
  File "/usr/lib/python3/dist-packages/colcon_core/shell/dsv.py", line 30, in create_package_script
    expand_template(
  File "/usr/lib/python3/dist-packages/colcon_core/shell/template/__init__.py", line 54, in expand_template
    with destination_path.open('w') as h:
  File "/usr/lib/python3.8/pathlib.py", line 1222, in open
    return io.open(self, mode, buffering, encoding, errors, newline,
  File "/usr/lib/python3.8/pathlib.py", line 1078, in _opener
    return self._accessor.open(self, flags, mode)
PermissionError: [Errno 13] Permission denied: '/home/daeyun/Desktop/ecat_control_ws/install/input_pkg/share/input_pkg/package.dsv'

[1.248s] INFO:colcon.colcon_core.shell:Creating package script '/home/daeyun/Desktop/ecat_control_ws/install/input_pkg/share/input_pkg/package.sh'
[1.249s] INFO:colcon.colcon_core.shell:Creating package script '/home/daeyun/Desktop/ecat_control_ws/install/input_pkg/share/input_pkg/package.bash'
[1.249s] INFO:colcon.colcon_core.shell:Creating package script '/home/daeyun/Desktop/ecat_control_ws/install/input_pkg/share/input_pkg/package.zsh'
[1.249s] Level 1:colcon.colcon_core.environment:create_file_with_runtime_dependencies(/home/daeyun/Desktop/ecat_control_ws/install/input_pkg/share/colcon-core/packages/input_pkg)
[1.260s] DEBUG:colcon.colcon_parallel_executor.executor.parallel:closing loop
[1.260s] DEBUG:colcon.colcon_parallel_executor.executor.parallel:loop closed
[1.260s] DEBUG:colcon.colcon_parallel_executor.executor.parallel:run_until_complete finished with '2'
[1.260s] DEBUG:colcon.colcon_core.event_reactor:joining thread
[1.265s] INFO:colcon.colcon_core.plugin_system:Skipping extension 'colcon_notification.desktop_notification.terminal_notifier': Not used on non-Darwin systems
[1.265s] INFO:colcon.colcon_core.plugin_system:Skipping extension 'colcon_notification.desktop_notification.win32': Not used on non-Windows systems
[1.265s] INFO:colcon.colcon_notification.desktop_notification:Sending desktop notification using 'notify2'
[1.275s] DEBUG:colcon.colcon_core.event_reactor:joined thread
[1.276s] INFO:colcon.colcon_core.shell:Creating prefix script '/home/daeyun/Desktop/ecat_control_ws/install/local_setup.ps1'
[1.277s] INFO:colcon.colcon_core.shell:Creating prefix util module '/home/daeyun/Desktop/ecat_control_ws/install/_local_setup_util_ps1.py'
[1.278s] INFO:colcon.colcon_core.shell:Creating prefix chain script '/home/daeyun/Desktop/ecat_control_ws/install/setup.ps1'
[1.278s] INFO:colcon.colcon_core.shell:Creating prefix script '/home/daeyun/Desktop/ecat_control_ws/install/local_setup.sh'
[1.279s] INFO:colcon.colcon_core.shell:Creating prefix util module '/home/daeyun/Desktop/ecat_control_ws/install/_local_setup_util_sh.py'
[1.279s] INFO:colcon.colcon_core.shell:Creating prefix chain script '/home/daeyun/Desktop/ecat_control_ws/install/setup.sh'
[1.280s] INFO:colcon.colcon_core.shell:Creating prefix script '/home/daeyun/Desktop/ecat_control_ws/install/local_setup.bash'
[1.280s] INFO:colcon.colcon_core.shell:Creating prefix chain script '/home/daeyun/Desktop/ecat_control_ws/install/setup.bash'
[1.281s] INFO:colcon.colcon_core.shell:Creating prefix script '/home/daeyun/Desktop/ecat_control_ws/install/local_setup.zsh'
[1.281s] INFO:colcon.colcon_core.shell:Creating prefix chain script '/home/daeyun/Desktop/ecat_control_ws/install/setup.zsh'
