[0.028s] Invoking command in '/home/daeyun/Desktop/ecat_control_ws/build/ecat_pkg': AMENT_PREFIX_PATH=/home/daeyun/Desktop/ecat_control_ws/install/ecat_msgs:${AMENT_PREFIX_PATH} CMAKE_PREFIX_PATH=/home/daeyun/Desktop/ecat_control_ws/install/ecat_msgs:/opt/ros/foxy LD_LIBRARY_PATH=/home/daeyun/Desktop/ecat_control_ws/install/ecat_msgs/lib:${LD_LIBRARY_PATH} PYTHONPATH=/home/daeyun/Desktop/ecat_control_ws/install/ecat_msgs/lib/python3.8/site-packages:${PYTHONPATH} /usr/bin/cmake --build /home/daeyun/Desktop/ecat_control_ws/build/ecat_pkg -- -j6 -l6
[0.095s] [100%] Built target ecat_node
[0.109s] Invoked command in '/home/daeyun/Desktop/ecat_control_ws/build/ecat_pkg' returned '0': AMENT_PREFIX_PATH=/home/daeyun/Desktop/ecat_control_ws/install/ecat_msgs:${AMENT_PREFIX_PATH} CMAKE_PREFIX_PATH=/home/daeyun/Desktop/ecat_control_ws/install/ecat_msgs:/opt/ros/foxy LD_LIBRARY_PATH=/home/daeyun/Desktop/ecat_control_ws/install/ecat_msgs/lib:${LD_LIBRARY_PATH} PYTHONPATH=/home/daeyun/Desktop/ecat_control_ws/install/ecat_msgs/lib/python3.8/site-packages:${PYTHONPATH} /usr/bin/cmake --build /home/daeyun/Desktop/ecat_control_ws/build/ecat_pkg -- -j6 -l6
[0.166s] Invoking command in '/home/daeyun/Desktop/ecat_control_ws/build/ecat_pkg': AMENT_PREFIX_PATH=/home/daeyun/Desktop/ecat_control_ws/install/ecat_msgs:${AMENT_PREFIX_PATH} CMAKE_PREFIX_PATH=/home/daeyun/Desktop/ecat_control_ws/install/ecat_msgs:/opt/ros/foxy LD_LIBRARY_PATH=/home/daeyun/Desktop/ecat_control_ws/install/ecat_msgs/lib:${LD_LIBRARY_PATH} PYTHONPATH=/home/daeyun/Desktop/ecat_control_ws/install/ecat_msgs/lib/python3.8/site-packages:${PYTHONPATH} /usr/bin/cmake --install /home/daeyun/Desktop/ecat_control_ws/build/ecat_pkg
[0.176s] -- Install configuration: ""
[0.177s] -- Execute custom install script
[0.177s] -- Up-to-date symlink: /home/daeyun/Desktop/ecat_control_ws/install/ecat_pkg/lib/ecat_pkg/ecat_node
[0.178s] -- Up-to-date symlink: /home/daeyun/Desktop/ecat_control_ws/install/ecat_pkg/share/ament_index/resource_index/package_run_dependencies/ecat_pkg
[0.178s] -- Up-to-date symlink: /home/daeyun/Desktop/ecat_control_ws/install/ecat_pkg/share/ament_index/resource_index/parent_prefix_path/ecat_pkg
[0.179s] -- Up-to-date symlink: /home/daeyun/Desktop/ecat_control_ws/install/ecat_pkg/share/ecat_pkg/environment/ament_prefix_path.sh
[0.179s] -- Up-to-date symlink: /home/daeyun/Desktop/ecat_control_ws/install/ecat_pkg/share/ecat_pkg/environment/ament_prefix_path.dsv
[0.179s] -- Up-to-date symlink: /home/daeyun/Desktop/ecat_control_ws/install/ecat_pkg/share/ecat_pkg/environment/path.sh
[0.180s] -- Up-to-date symlink: /home/daeyun/Desktop/ecat_control_ws/install/ecat_pkg/share/ecat_pkg/environment/path.dsv
[0.180s] -- Up-to-date symlink: /home/daeyun/Desktop/ecat_control_ws/install/ecat_pkg/share/ecat_pkg/local_setup.bash
[0.180s] -- Up-to-date symlink: /home/daeyun/Desktop/ecat_control_ws/install/ecat_pkg/share/ecat_pkg/local_setup.sh
[0.181s] -- Up-to-date symlink: /home/daeyun/Desktop/ecat_control_ws/install/ecat_pkg/share/ecat_pkg/local_setup.zsh
[0.182s] -- Up-to-date symlink: /home/daeyun/Desktop/ecat_control_ws/install/ecat_pkg/share/ecat_pkg/local_setup.dsv
[0.182s] -- Symlinking: /home/daeyun/Desktop/ecat_control_ws/install/ecat_pkg/share/ecat_pkg/package.dsv
[0.193s] -- Up-to-date symlink: /home/daeyun/Desktop/ecat_control_ws/install/ecat_pkg/share/ament_index/resource_index/packages/ecat_pkg
[0.193s] -- Up-to-date symlink: /home/daeyun/Desktop/ecat_control_ws/install/ecat_pkg/share/ecat_pkg/cmake/ecat_pkgConfig.cmake
[0.194s] -- Up-to-date symlink: /home/daeyun/Desktop/ecat_control_ws/install/ecat_pkg/share/ecat_pkg/cmake/ecat_pkgConfig-version.cmake
[0.194s] -- Up-to-date symlink: /home/daeyun/Desktop/ecat_control_ws/install/ecat_pkg/share/ecat_pkg/package.xml
[0.214s] Invoked command in '/home/daeyun/Desktop/ecat_control_ws/build/ecat_pkg' returned '0': AMENT_PREFIX_PATH=/home/daeyun/Desktop/ecat_control_ws/install/ecat_msgs:${AMENT_PREFIX_PATH} CMAKE_PREFIX_PATH=/home/daeyun/Desktop/ecat_control_ws/install/ecat_msgs:/opt/ros/foxy LD_LIBRARY_PATH=/home/daeyun/Desktop/ecat_control_ws/install/ecat_msgs/lib:${LD_LIBRARY_PATH} PYTHONPATH=/home/daeyun/Desktop/ecat_control_ws/install/ecat_msgs/lib/python3.8/site-packages:${PYTHONPATH} /usr/bin/cmake --install /home/daeyun/Desktop/ecat_control_ws/build/ecat_pkg
