[0.027s] Invoking command in '/home/daeyun/Desktop/ecat_control_ws/build/ecat_msgs': CMAKE_PREFIX_PATH=${CMAKE_PREFIX_PATH}:/opt/ros/foxy /usr/bin/cmake --build /home/daeyun/Desktop/ecat_control_ws/build/ecat_msgs -- -j6 -l6
[0.115s] [  1%] Built target ecat_msgs__cpp
[0.116s] [ 12%] Built target ecat_msgs__rosidl_generator_c
[0.146s] [ 23%] Built target ecat_msgs__rosidl_typesupport_cpp
[0.148s] [ 34%] Built target ecat_msgs__rosidl_typesupport_c
[0.149s] [ 45%] Built target ecat_msgs__rosidl_typesupport_introspection_cpp
[0.152s] [ 56%] Built target ecat_msgs__rosidl_typesupport_introspection_c
[0.154s] [ 67%] Built target ecat_msgs__rosidl_typesupport_fastrtps_cpp
[0.181s] [ 78%] Built target ecat_msgs__rosidl_typesupport_fastrtps_c
[0.198s] [ 78%] Built target ecat_msgs
[0.218s] [ 80%] Built target ecat_msgs__py
[0.245s] [ 89%] Built target ecat_msgs__python
[0.268s] [ 96%] Built target ecat_msgs__rosidl_typesupport_c__pyext
[0.268s] [ 96%] Built target ecat_msgs__rosidl_typesupport_fastrtps_c__pyext
[0.270s] [100%] Built target ecat_msgs__rosidl_typesupport_introspection_c__pyext
[0.280s] Invoked command in '/home/daeyun/Desktop/ecat_control_ws/build/ecat_msgs' returned '0': CMAKE_PREFIX_PATH=${CMAKE_PREFIX_PATH}:/opt/ros/foxy /usr/bin/cmake --build /home/daeyun/Desktop/ecat_control_ws/build/ecat_msgs -- -j6 -l6
[0.355s] Invoking command in '/home/daeyun/Desktop/ecat_control_ws/build/ecat_msgs': CMAKE_PREFIX_PATH=${CMAKE_PREFIX_PATH}:/opt/ros/foxy /usr/bin/cmake --install /home/daeyun/Desktop/ecat_control_ws/build/ecat_msgs
[0.363s] -- Install configuration: ""
[0.364s] -- Execute custom install script
[0.364s] -- Up-to-date symlink: /home/daeyun/Desktop/ecat_control_ws/install/ecat_msgs/share/ament_index/resource_index/rosidl_interfaces/ecat_msgs
[0.365s] -- Up-to-date symlink: /home/daeyun/Desktop/ecat_control_ws/install/ecat_msgs/include/ecat_msgs/msg/data_received.h
[0.365s] -- Up-to-date symlink: /home/daeyun/Desktop/ecat_control_ws/install/ecat_msgs/include/ecat_msgs/msg/data_sent.h
[0.365s] -- Up-to-date symlink: /home/daeyun/Desktop/ecat_control_ws/install/ecat_msgs/include/ecat_msgs/msg/detail/data_received__functions.h
[0.365s] -- Up-to-date symlink: /home/daeyun/Desktop/ecat_control_ws/install/ecat_msgs/include/ecat_msgs/msg/detail/data_received__struct.h
[0.365s] -- Up-to-date symlink: /home/daeyun/Desktop/ecat_control_ws/install/ecat_msgs/include/ecat_msgs/msg/detail/data_received__type_support.h
[0.366s] -- Up-to-date symlink: /home/daeyun/Desktop/ecat_control_ws/install/ecat_msgs/include/ecat_msgs/msg/detail/data_sent__functions.h
[0.366s] -- Up-to-date symlink: /home/daeyun/Desktop/ecat_control_ws/install/ecat_msgs/include/ecat_msgs/msg/detail/data_sent__struct.h
[0.366s] -- Up-to-date symlink: /home/daeyun/Desktop/ecat_control_ws/install/ecat_msgs/include/ecat_msgs/msg/detail/data_sent__type_support.h
[0.366s] -- Up-to-date symlink: /home/daeyun/Desktop/ecat_control_ws/install/ecat_msgs/include/ecat_msgs/msg/detail/gui_button_data__functions.h
[0.366s] -- Up-to-date symlink: /home/daeyun/Desktop/ecat_control_ws/install/ecat_msgs/include/ecat_msgs/msg/detail/gui_button_data__struct.h
[0.366s] -- Up-to-date symlink: /home/daeyun/Desktop/ecat_control_ws/install/ecat_msgs/include/ecat_msgs/msg/detail/gui_button_data__type_support.h
[0.366s] -- Up-to-date symlink: /home/daeyun/Desktop/ecat_control_ws/install/ecat_msgs/include/ecat_msgs/msg/detail/haptic_cmd__functions.h
[0.366s] -- Up-to-date symlink: /home/daeyun/Desktop/ecat_control_ws/install/ecat_msgs/include/ecat_msgs/msg/detail/haptic_cmd__struct.h
[0.367s] -- Up-to-date symlink: /home/daeyun/Desktop/ecat_control_ws/install/ecat_msgs/include/ecat_msgs/msg/detail/haptic_cmd__type_support.h
[0.367s] -- Up-to-date symlink: /home/daeyun/Desktop/ecat_control_ws/install/ecat_msgs/include/ecat_msgs/msg/gui_button_data.h
[0.367s] -- Up-to-date symlink: /home/daeyun/Desktop/ecat_control_ws/install/ecat_msgs/include/ecat_msgs/msg/haptic_cmd.h
[0.367s] -- Up-to-date symlink: /home/daeyun/Desktop/ecat_control_ws/install/ecat_msgs/include/ecat_msgs/msg/rosidl_generator_c__visibility_control.h
[0.367s] -- Up-to-date symlink: /home/daeyun/Desktop/ecat_control_ws/install/ecat_msgs/share/ecat_msgs/environment/library_path.sh
[0.368s] -- Up-to-date symlink: /home/daeyun/Desktop/ecat_control_ws/install/ecat_msgs/share/ecat_msgs/environment/library_path.dsv
[0.368s] -- Up-to-date symlink: /home/daeyun/Desktop/ecat_control_ws/install/ecat_msgs/include/ecat_msgs/msg/detail/data_received__rosidl_typesupport_fastrtps_c.h
[0.368s] -- Up-to-date symlink: /home/daeyun/Desktop/ecat_control_ws/install/ecat_msgs/include/ecat_msgs/msg/detail/data_sent__rosidl_typesupport_fastrtps_c.h
[0.368s] -- Up-to-date symlink: /home/daeyun/Desktop/ecat_control_ws/install/ecat_msgs/include/ecat_msgs/msg/detail/gui_button_data__rosidl_typesupport_fastrtps_c.h
[0.369s] -- Up-to-date symlink: /home/daeyun/Desktop/ecat_control_ws/install/ecat_msgs/include/ecat_msgs/msg/detail/haptic_cmd__rosidl_typesupport_fastrtps_c.h
[0.369s] -- Up-to-date symlink: /home/daeyun/Desktop/ecat_control_ws/install/ecat_msgs/include/ecat_msgs/msg/rosidl_typesupport_fastrtps_c__visibility_control.h
[0.369s] -- Up-to-date symlink: /home/daeyun/Desktop/ecat_control_ws/install/ecat_msgs/lib/libecat_msgs__rosidl_typesupport_fastrtps_c.so
[0.370s] -- Up-to-date symlink: /home/daeyun/Desktop/ecat_control_ws/install/ecat_msgs/include/ecat_msgs/msg/detail/data_received__rosidl_typesupport_fastrtps_cpp.hpp
[0.370s] -- Up-to-date symlink: /home/daeyun/Desktop/ecat_control_ws/install/ecat_msgs/include/ecat_msgs/msg/detail/data_sent__rosidl_typesupport_fastrtps_cpp.hpp
[0.370s] -- Up-to-date symlink: /home/daeyun/Desktop/ecat_control_ws/install/ecat_msgs/include/ecat_msgs/msg/detail/gui_button_data__rosidl_typesupport_fastrtps_cpp.hpp
[0.370s] -- Up-to-date symlink: /home/daeyun/Desktop/ecat_control_ws/install/ecat_msgs/include/ecat_msgs/msg/detail/haptic_cmd__rosidl_typesupport_fastrtps_cpp.hpp
[0.370s] -- Up-to-date symlink: /home/daeyun/Desktop/ecat_control_ws/install/ecat_msgs/include/ecat_msgs/msg/rosidl_typesupport_fastrtps_cpp__visibility_control.h
[0.371s] -- Up-to-date symlink: /home/daeyun/Desktop/ecat_control_ws/install/ecat_msgs/lib/libecat_msgs__rosidl_typesupport_fastrtps_cpp.so
[0.371s] -- Up-to-date symlink: /home/daeyun/Desktop/ecat_control_ws/install/ecat_msgs/include/ecat_msgs/msg/detail/data_received__rosidl_typesupport_introspection_c.h
[0.371s] -- Up-to-date symlink: /home/daeyun/Desktop/ecat_control_ws/install/ecat_msgs/include/ecat_msgs/msg/detail/data_sent__rosidl_typesupport_introspection_c.h
[0.372s] -- Up-to-date symlink: /home/daeyun/Desktop/ecat_control_ws/install/ecat_msgs/include/ecat_msgs/msg/detail/gui_button_data__rosidl_typesupport_introspection_c.h
[0.372s] -- Up-to-date symlink: /home/daeyun/Desktop/ecat_control_ws/install/ecat_msgs/include/ecat_msgs/msg/detail/haptic_cmd__rosidl_typesupport_introspection_c.h
[0.372s] -- Up-to-date symlink: /home/daeyun/Desktop/ecat_control_ws/install/ecat_msgs/include/ecat_msgs/msg/rosidl_typesupport_introspection_c__visibility_control.h
[0.372s] -- Up-to-date symlink: /home/daeyun/Desktop/ecat_control_ws/install/ecat_msgs/include/ecat_msgs/msg/data_received.hpp
[0.372s] -- Up-to-date symlink: /home/daeyun/Desktop/ecat_control_ws/install/ecat_msgs/include/ecat_msgs/msg/data_sent.hpp
[0.373s] -- Up-to-date symlink: /home/daeyun/Desktop/ecat_control_ws/install/ecat_msgs/include/ecat_msgs/msg/detail/data_received__builder.hpp
[0.373s] -- Up-to-date symlink: /home/daeyun/Desktop/ecat_control_ws/install/ecat_msgs/include/ecat_msgs/msg/detail/data_received__struct.hpp
[0.373s] -- Up-to-date symlink: /home/daeyun/Desktop/ecat_control_ws/install/ecat_msgs/include/ecat_msgs/msg/detail/data_received__traits.hpp
[0.373s] -- Up-to-date symlink: /home/daeyun/Desktop/ecat_control_ws/install/ecat_msgs/include/ecat_msgs/msg/detail/data_sent__builder.hpp
[0.373s] -- Up-to-date symlink: /home/daeyun/Desktop/ecat_control_ws/install/ecat_msgs/include/ecat_msgs/msg/detail/data_sent__struct.hpp
[0.373s] -- Up-to-date symlink: /home/daeyun/Desktop/ecat_control_ws/install/ecat_msgs/include/ecat_msgs/msg/detail/data_sent__traits.hpp
[0.373s] -- Up-to-date symlink: /home/daeyun/Desktop/ecat_control_ws/install/ecat_msgs/include/ecat_msgs/msg/detail/gui_button_data__builder.hpp
[0.373s] -- Up-to-date symlink: /home/daeyun/Desktop/ecat_control_ws/install/ecat_msgs/include/ecat_msgs/msg/detail/gui_button_data__struct.hpp
[0.374s] -- Up-to-date symlink: /home/daeyun/Desktop/ecat_control_ws/install/ecat_msgs/include/ecat_msgs/msg/detail/gui_button_data__traits.hpp
[0.374s] -- Up-to-date symlink: /home/daeyun/Desktop/ecat_control_ws/install/ecat_msgs/include/ecat_msgs/msg/detail/haptic_cmd__builder.hpp
[0.374s] -- Up-to-date symlink: /home/daeyun/Desktop/ecat_control_ws/install/ecat_msgs/include/ecat_msgs/msg/detail/haptic_cmd__struct.hpp
[0.374s] -- Up-to-date symlink: /home/daeyun/Desktop/ecat_control_ws/install/ecat_msgs/include/ecat_msgs/msg/detail/haptic_cmd__traits.hpp
[0.374s] -- Up-to-date symlink: /home/daeyun/Desktop/ecat_control_ws/install/ecat_msgs/include/ecat_msgs/msg/gui_button_data.hpp
[0.374s] -- Up-to-date symlink: /home/daeyun/Desktop/ecat_control_ws/install/ecat_msgs/include/ecat_msgs/msg/haptic_cmd.hpp
[0.375s] -- Up-to-date symlink: /home/daeyun/Desktop/ecat_control_ws/install/ecat_msgs/include/ecat_msgs/msg/detail/data_received__rosidl_typesupport_introspection_cpp.hpp
[0.375s] -- Up-to-date symlink: /home/daeyun/Desktop/ecat_control_ws/install/ecat_msgs/include/ecat_msgs/msg/detail/data_sent__rosidl_typesupport_introspection_cpp.hpp
[0.375s] -- Up-to-date symlink: /home/daeyun/Desktop/ecat_control_ws/install/ecat_msgs/include/ecat_msgs/msg/detail/gui_button_data__rosidl_typesupport_introspection_cpp.hpp
[0.375s] -- Up-to-date symlink: /home/daeyun/Desktop/ecat_control_ws/install/ecat_msgs/include/ecat_msgs/msg/detail/haptic_cmd__rosidl_typesupport_introspection_cpp.hpp
[0.375s] -- Up-to-date symlink: /home/daeyun/Desktop/ecat_control_ws/install/ecat_msgs/share/ecat_msgs/environment/pythonpath.sh
[0.376s] -- Up-to-date symlink: /home/daeyun/Desktop/ecat_control_ws/install/ecat_msgs/share/ecat_msgs/environment/pythonpath.dsv
[0.376s] -- Up-to-date symlink: /home/daeyun/Desktop/ecat_control_ws/install/ecat_msgs/lib/python3.8/site-packages/ecat_msgs/__init__.py
[0.376s] -- Up-to-date symlink: /home/daeyun/Desktop/ecat_control_ws/install/ecat_msgs/lib/python3.8/site-packages/ecat_msgs/msg/__init__.py
[0.376s] -- Up-to-date symlink: /home/daeyun/Desktop/ecat_control_ws/install/ecat_msgs/lib/python3.8/site-packages/ecat_msgs/msg/_data_received.py
[0.376s] -- Up-to-date symlink: /home/daeyun/Desktop/ecat_control_ws/install/ecat_msgs/lib/python3.8/site-packages/ecat_msgs/msg/_data_sent.py
[0.377s] -- Up-to-date symlink: /home/daeyun/Desktop/ecat_control_ws/install/ecat_msgs/lib/python3.8/site-packages/ecat_msgs/msg/_gui_button_data.py
[0.377s] -- Up-to-date symlink: /home/daeyun/Desktop/ecat_control_ws/install/ecat_msgs/lib/python3.8/site-packages/ecat_msgs/msg/_haptic_cmd.py
[0.378s] -- Up-to-date symlink: /home/daeyun/Desktop/ecat_control_ws/install/ecat_msgs/lib/python3.8/site-packages/ecat_msgs/ecat_msgs_s__rosidl_typesupport_fastrtps_c.cpython-38-x86_64-linux-gnu.so
[0.378s] -- Up-to-date symlink: /home/daeyun/Desktop/ecat_control_ws/install/ecat_msgs/lib/python3.8/site-packages/ecat_msgs/ecat_msgs_s__rosidl_typesupport_introspection_c.cpython-38-x86_64-linux-gnu.so
[0.379s] -- Up-to-date symlink: /home/daeyun/Desktop/ecat_control_ws/install/ecat_msgs/lib/python3.8/site-packages/ecat_msgs/ecat_msgs_s__rosidl_typesupport_c.cpython-38-x86_64-linux-gnu.so
[0.379s] -- Up-to-date symlink: /home/daeyun/Desktop/ecat_control_ws/install/ecat_msgs/lib/libecat_msgs__python.so
[0.379s] -- Up-to-date symlink: /home/daeyun/Desktop/ecat_control_ws/install/ecat_msgs/share/ecat_msgs/msg/DataReceived.idl
[0.379s] -- Up-to-date symlink: /home/daeyun/Desktop/ecat_control_ws/install/ecat_msgs/share/ecat_msgs/msg/DataSent.idl
[0.379s] -- Up-to-date symlink: /home/daeyun/Desktop/ecat_control_ws/install/ecat_msgs/share/ecat_msgs/msg/GuiButtonData.idl
[0.380s] -- Up-to-date symlink: /home/daeyun/Desktop/ecat_control_ws/install/ecat_msgs/share/ecat_msgs/msg/HapticCmd.idl
[0.380s] -- Up-to-date symlink: /home/daeyun/Desktop/ecat_control_ws/install/ecat_msgs/share/ecat_msgs/msg/DataReceived.msg
[0.380s] -- Up-to-date symlink: /home/daeyun/Desktop/ecat_control_ws/install/ecat_msgs/share/ecat_msgs/msg/DataSent.msg
[0.380s] -- Up-to-date symlink: /home/daeyun/Desktop/ecat_control_ws/install/ecat_msgs/share/ecat_msgs/msg/GuiButtonData.msg
[0.380s] -- Up-to-date symlink: /home/daeyun/Desktop/ecat_control_ws/install/ecat_msgs/share/ecat_msgs/msg/HapticCmd.msg
[0.381s] -- Up-to-date symlink: /home/daeyun/Desktop/ecat_control_ws/install/ecat_msgs/share/ament_index/resource_index/package_run_dependencies/ecat_msgs
[0.381s] -- Up-to-date symlink: /home/daeyun/Desktop/ecat_control_ws/install/ecat_msgs/share/ament_index/resource_index/parent_prefix_path/ecat_msgs
[0.381s] -- Up-to-date symlink: /home/daeyun/Desktop/ecat_control_ws/install/ecat_msgs/share/ecat_msgs/environment/ament_prefix_path.sh
[0.381s] -- Up-to-date symlink: /home/daeyun/Desktop/ecat_control_ws/install/ecat_msgs/share/ecat_msgs/environment/ament_prefix_path.dsv
[0.381s] -- Up-to-date symlink: /home/daeyun/Desktop/ecat_control_ws/install/ecat_msgs/share/ecat_msgs/environment/path.sh
[0.381s] -- Up-to-date symlink: /home/daeyun/Desktop/ecat_control_ws/install/ecat_msgs/share/ecat_msgs/environment/path.dsv
[0.382s] -- Up-to-date symlink: /home/daeyun/Desktop/ecat_control_ws/install/ecat_msgs/share/ecat_msgs/local_setup.bash
[0.382s] -- Up-to-date symlink: /home/daeyun/Desktop/ecat_control_ws/install/ecat_msgs/share/ecat_msgs/local_setup.sh
[0.382s] -- Up-to-date symlink: /home/daeyun/Desktop/ecat_control_ws/install/ecat_msgs/share/ecat_msgs/local_setup.zsh
[0.382s] -- Up-to-date symlink: /home/daeyun/Desktop/ecat_control_ws/install/ecat_msgs/share/ecat_msgs/local_setup.dsv
[0.382s] -- Symlinking: /home/daeyun/Desktop/ecat_control_ws/install/ecat_msgs/share/ecat_msgs/package.dsv
[0.391s] -- Up-to-date symlink: /home/daeyun/Desktop/ecat_control_ws/install/ecat_msgs/share/ament_index/resource_index/packages/ecat_msgs
[0.391s] -- Up-to-date symlink: /home/daeyun/Desktop/ecat_control_ws/install/ecat_msgs/share/ecat_msgs/cmake/rosidl_cmake-extras.cmake
[0.391s] -- Up-to-date symlink: /home/daeyun/Desktop/ecat_control_ws/install/ecat_msgs/share/ecat_msgs/cmake/ament_cmake_export_dependencies-extras.cmake
[0.391s] -- Up-to-date symlink: /home/daeyun/Desktop/ecat_control_ws/install/ecat_msgs/share/ecat_msgs/cmake/ament_cmake_export_libraries-extras.cmake
[0.392s] -- Up-to-date symlink: /home/daeyun/Desktop/ecat_control_ws/install/ecat_msgs/share/ecat_msgs/cmake/ament_cmake_export_targets-extras.cmake
[0.392s] -- Up-to-date symlink: /home/daeyun/Desktop/ecat_control_ws/install/ecat_msgs/share/ecat_msgs/cmake/ament_cmake_export_include_directories-extras.cmake
[0.392s] -- Up-to-date symlink: /home/daeyun/Desktop/ecat_control_ws/install/ecat_msgs/share/ecat_msgs/cmake/rosidl_cmake_export_typesupport_libraries-extras.cmake
[0.392s] -- Up-to-date symlink: /home/daeyun/Desktop/ecat_control_ws/install/ecat_msgs/share/ecat_msgs/cmake/rosidl_cmake_export_typesupport_targets-extras.cmake
[0.393s] -- Up-to-date symlink: /home/daeyun/Desktop/ecat_control_ws/install/ecat_msgs/share/ecat_msgs/cmake/ecat_msgsConfig.cmake
[0.393s] -- Up-to-date symlink: /home/daeyun/Desktop/ecat_control_ws/install/ecat_msgs/share/ecat_msgs/cmake/ecat_msgsConfig-version.cmake
[0.393s] -- Up-to-date symlink: /home/daeyun/Desktop/ecat_control_ws/install/ecat_msgs/share/ecat_msgs/package.xml
[0.394s] -- Up-to-date: /home/daeyun/Desktop/ecat_control_ws/install/ecat_msgs/lib/libecat_msgs__rosidl_generator_c.so
[0.394s] -- Up-to-date: /home/daeyun/Desktop/ecat_control_ws/install/ecat_msgs/lib/libecat_msgs__rosidl_typesupport_introspection_c.so
[0.395s] -- Up-to-date: /home/daeyun/Desktop/ecat_control_ws/install/ecat_msgs/lib/libecat_msgs__rosidl_typesupport_c.so
[0.396s] -- Up-to-date: /home/daeyun/Desktop/ecat_control_ws/install/ecat_msgs/lib/libecat_msgs__rosidl_typesupport_introspection_cpp.so
[0.397s] -- Up-to-date: /home/daeyun/Desktop/ecat_control_ws/install/ecat_msgs/lib/libecat_msgs__rosidl_typesupport_cpp.so
[0.421s] -- Up-to-date: /home/daeyun/Desktop/ecat_control_ws/install/ecat_msgs/share/ecat_msgs/cmake/ecat_msgs__rosidl_generator_cExport.cmake
[0.421s] -- Up-to-date: /home/daeyun/Desktop/ecat_control_ws/install/ecat_msgs/share/ecat_msgs/cmake/ecat_msgs__rosidl_generator_cExport-noconfig.cmake
[0.422s] -- Up-to-date: /home/daeyun/Desktop/ecat_control_ws/install/ecat_msgs/share/ecat_msgs/cmake/ecat_msgs__rosidl_typesupport_introspection_cExport.cmake
[0.422s] -- Up-to-date: /home/daeyun/Desktop/ecat_control_ws/install/ecat_msgs/share/ecat_msgs/cmake/ecat_msgs__rosidl_typesupport_introspection_cExport-noconfig.cmake
[0.422s] -- Up-to-date: /home/daeyun/Desktop/ecat_control_ws/install/ecat_msgs/share/ecat_msgs/cmake/ecat_msgs__rosidl_typesupport_cExport.cmake
[0.422s] -- Up-to-date: /home/daeyun/Desktop/ecat_control_ws/install/ecat_msgs/share/ecat_msgs/cmake/ecat_msgs__rosidl_typesupport_cExport-noconfig.cmake
[0.423s] -- Up-to-date: /home/daeyun/Desktop/ecat_control_ws/install/ecat_msgs/share/ecat_msgs/cmake/ecat_msgs__rosidl_generator_cppExport.cmake
[0.423s] -- Up-to-date: /home/daeyun/Desktop/ecat_control_ws/install/ecat_msgs/share/ecat_msgs/cmake/ecat_msgs__rosidl_typesupport_introspection_cppExport.cmake
[0.423s] -- Up-to-date: /home/daeyun/Desktop/ecat_control_ws/install/ecat_msgs/share/ecat_msgs/cmake/ecat_msgs__rosidl_typesupport_introspection_cppExport-noconfig.cmake
[0.424s] -- Up-to-date: /home/daeyun/Desktop/ecat_control_ws/install/ecat_msgs/share/ecat_msgs/cmake/ecat_msgs__rosidl_typesupport_cppExport.cmake
[0.424s] -- Up-to-date: /home/daeyun/Desktop/ecat_control_ws/install/ecat_msgs/share/ecat_msgs/cmake/ecat_msgs__rosidl_typesupport_cppExport-noconfig.cmake
[0.428s] Invoked command in '/home/daeyun/Desktop/ecat_control_ws/build/ecat_msgs' returned '0': CMAKE_PREFIX_PATH=${CMAKE_PREFIX_PATH}:/opt/ros/foxy /usr/bin/cmake --install /home/daeyun/Desktop/ecat_control_ws/build/ecat_msgs
