-- The C compiler identification is GNU 9.4.0
-- The CXX compiler identification is GNU 9.4.0
-- Check for working C compiler: /usr/bin/cc
-- Check for working C compiler: /usr/bin/cc -- works
-- Detecting C compiler ABI info
-- Detecting C compiler ABI info - done
-- Detecting C compile features
-- Detecting C compile features - done
-- Check for working CXX compiler: /usr/bin/c++
-- Check for working CXX compiler: /usr/bin/c++ -- works
-- Detecting CXX compiler ABI info
-- Detecting CXX compiler ABI info - done
-- Detecting CXX compile features
-- Detecting CXX compile features - done
-- Found ament_cmake: 0.9.9 (/opt/ros/foxy/share/ament_cmake/cmake)
-- Found PythonInterp: /usr/bin/python3 (found suitable version "3.8.10", minimum required is "3") 
-- Using PYTHON_EXECUTABLE: /usr/bin/python3
-- Override CMake install command with custom implementation using symlinks instead of copying resources
-- Found rclcpp: 2.4.1 (/opt/ros/foxy/share/rclcpp/cmake)
-- Using all available rosidl_typesupport_c: rosidl_typesupport_fastrtps_c;rosidl_typesupport_introspection_c
-- Found rosidl_adapter: 1.2.1 (/opt/ros/foxy/share/rosidl_adapter/cmake)
-- Found OpenSSL: /usr/lib/x86_64-linux-gnu/libcrypto.so (found version "1.1.1f")  
-- Found FastRTPS: /opt/ros/foxy/include  
-- Using all available rosidl_typesupport_cpp: rosidl_typesupport_fastrtps_cpp;rosidl_typesupport_introspection_cpp
-- Found rmw_implementation_cmake: 1.0.3 (/opt/ros/foxy/share/rmw_implementation_cmake/cmake)
-- Using RMW implementation 'rmw_fastrtps_cpp' as default
-- Looking for pthread.h
-- Looking for pthread.h - found
-- Performing Test CMAKE_HAVE_LIBC_PTHREAD
-- Performing Test CMAKE_HAVE_LIBC_PTHREAD - Failed
-- Looking for pthread_create in pthreads
-- Looking for pthread_create in pthreads - not found
-- Looking for pthread_create in pthread
-- Looking for pthread_create in pthread - found
-- Found Threads: TRUE  
-- Found ecat_msgs: 0.0.1 (/home/daeyun/Desktop/ecat_control_ws/install/ecat_msgs/share/ecat_msgs/cmake)
-- Found sensor_msgs: 2.0.5 (/opt/ros/foxy/share/sensor_msgs/cmake)
-- Found cv_bridge: 2.2.1 (/opt/ros/foxy/share/cv_bridge/cmake)
-- Configuring done
-- Generating done
-- Build files have been written to: /home/daeyun/Desktop/ecat_control_ws/build/gui_pkg
[  8%] [34m[1mGenerating ui_controlui.h[0m
[  8%] [34m[1mGenerating ui_mainwindow.h[0m
[ 12%] [34m[1mGenerating include/gui_pkg/moc_video_capture.cpp[0m
[ 16%] [34m[1mGenerating ui_main_window.h[0m
[ 20%] [34m[1mGenerating qrc_resources.cpp[0m
[ 24%] [34m[1mGenerating ui_endoscope_viewer.h[0m
[ 28%] [34m[1mGenerating include/gui_pkg/moc_endoscope_viewer.cpp[0m
[ 32%] [34m[1mGenerating include/gui_pkg/moc_gui_globals.cpp[0m
[ 40%] [34m[1mGenerating include/gui_pkg/moc_gui_node.cpp[0m
[ 40%] [34m[1mGenerating include/gui_pkg/moc_main_window.cpp[0m
[ 44%] [34m[1mGenerating include/gui_pkg/moc_timing.cpp[0m
[35m[1mScanning dependencies of target gui_node[0m
[ 48%] [32mBuilding CXX object CMakeFiles/gui_node.dir/src/endoscope_viewer.cpp.o[0m
[ 52%] [32mBuilding CXX object CMakeFiles/gui_node.dir/src/gui_node.cpp.o[0m
[ 56%] [32mBuilding CXX object CMakeFiles/gui_node.dir/src/main.cpp.o[0m
[ 60%] [32mBuilding CXX object CMakeFiles/gui_node.dir/src/timing.cpp.o[0m
[ 64%] [32mBuilding CXX object CMakeFiles/gui_node.dir/src/video_capture.cpp.o[0m
[ 68%] [32mBuilding CXX object CMakeFiles/gui_node.dir/src/main_window.cpp.o[0m
[ 72%] [32mBuilding CXX object CMakeFiles/gui_node.dir/qrc_resources.cpp.o[0m
[ 76%] [32mBuilding CXX object CMakeFiles/gui_node.dir/include/gui_pkg/moc_endoscope_viewer.cpp.o[0m
[ 80%] [32mBuilding CXX object CMakeFiles/gui_node.dir/include/gui_pkg/moc_gui_globals.cpp.o[0m
[ 84%] [32mBuilding CXX object CMakeFiles/gui_node.dir/include/gui_pkg/moc_gui_node.cpp.o[0m
[ 88%] [32mBuilding CXX object CMakeFiles/gui_node.dir/include/gui_pkg/moc_main_window.cpp.o[0m
[ 92%] [32mBuilding CXX object CMakeFiles/gui_node.dir/include/gui_pkg/moc_timing.cpp.o[0m
[ 96%] [32mBuilding CXX object CMakeFiles/gui_node.dir/include/gui_pkg/moc_video_capture.cpp.o[0m
[100%] [32m[1mLinking CXX executable gui_node[0m
[100%] Built target gui_node
-- Install configuration: ""
-- Execute custom install script
-- Symlinking: /home/daeyun/Desktop/ecat_control_ws/install/gui_pkg/lib/gui_pkg/gui_node
-- Symlinking: /home/daeyun/Desktop/ecat_control_ws/install/gui_pkg/share/ament_index/resource_index/package_run_dependencies/gui_pkg
-- Symlinking: /home/daeyun/Desktop/ecat_control_ws/install/gui_pkg/share/ament_index/resource_index/parent_prefix_path/gui_pkg
-- Symlinking: /home/daeyun/Desktop/ecat_control_ws/install/gui_pkg/share/gui_pkg/environment/ament_prefix_path.sh
-- Symlinking: /home/daeyun/Desktop/ecat_control_ws/install/gui_pkg/share/gui_pkg/environment/ament_prefix_path.dsv
-- Symlinking: /home/daeyun/Desktop/ecat_control_ws/install/gui_pkg/share/gui_pkg/environment/path.sh
-- Symlinking: /home/daeyun/Desktop/ecat_control_ws/install/gui_pkg/share/gui_pkg/environment/path.dsv
-- Symlinking: /home/daeyun/Desktop/ecat_control_ws/install/gui_pkg/share/gui_pkg/local_setup.bash
-- Symlinking: /home/daeyun/Desktop/ecat_control_ws/install/gui_pkg/share/gui_pkg/local_setup.sh
-- Symlinking: /home/daeyun/Desktop/ecat_control_ws/install/gui_pkg/share/gui_pkg/local_setup.zsh
-- Symlinking: /home/daeyun/Desktop/ecat_control_ws/install/gui_pkg/share/gui_pkg/local_setup.dsv
-- Symlinking: /home/daeyun/Desktop/ecat_control_ws/install/gui_pkg/share/gui_pkg/package.dsv
-- Symlinking: /home/daeyun/Desktop/ecat_control_ws/install/gui_pkg/share/ament_index/resource_index/packages/gui_pkg
-- Symlinking: /home/daeyun/Desktop/ecat_control_ws/install/gui_pkg/share/gui_pkg/cmake/gui_pkgConfig.cmake
-- Symlinking: /home/daeyun/Desktop/ecat_control_ws/install/gui_pkg/share/gui_pkg/cmake/gui_pkgConfig-version.cmake
-- Symlinking: /home/daeyun/Desktop/ecat_control_ws/install/gui_pkg/share/gui_pkg/package.xml
