[0.018s] Invoking command in '/home/daeyun/Desktop/ecat_control_ws/build/ecat_msgs': CMAKE_PREFIX_PATH=/opt/ros/foxy /usr/bin/cmake /home/daeyun/Desktop/ecat_control_ws/src/ecat_msgs -DAMENT_CMAKE_SYMLINK_INSTALL=1 -DCMAKE_INSTALL_PREFIX=/home/daeyun/Desktop/ecat_control_ws/install/ecat_msgs
[0.171s] -- The C compiler identification is GNU 9.4.0
[0.285s] -- The CXX compiler identification is GNU 9.4.0
[0.292s] -- Check for working C compiler: /usr/bin/cc
[0.345s] -- Check for working C compiler: /usr/bin/cc -- works
[0.347s] -- Detecting C compiler ABI info
[0.398s] -- Detecting C compiler ABI info - done
[0.406s] -- Detecting C compile features
[0.406s] -- Detecting C compile features - done
[0.409s] -- Check for working CXX compiler: /usr/bin/c++
[0.467s] -- Check for working CXX compiler: /usr/bin/c++ -- works
[0.468s] -- Detecting CXX compiler ABI info
[0.531s] -- Detecting CXX compiler ABI info - done
[0.539s] -- Detecting CXX compile features
[0.539s] -- Detecting CXX compile features - done
[0.543s] -- Found ament_cmake: 0.9.9 (/opt/ros/foxy/share/ament_cmake/cmake)
[0.564s] -- Found PythonInterp: /usr/bin/python3 (found suitable version "3.8.10", minimum required is "3") 
[0.564s] -- Using PYTHON_EXECUTABLE: /usr/bin/python3
[0.676s] -- Override CMake install command with custom implementation using symlinks instead of copying resources
[0.699s] -- Found std_msgs: 2.0.5 (/opt/ros/foxy/share/std_msgs/cmake)
[0.729s] -- Using all available rosidl_typesupport_c: rosidl_typesupport_fastrtps_c;rosidl_typesupport_introspection_c
[0.738s] -- Found rosidl_adapter: 1.2.1 (/opt/ros/foxy/share/rosidl_adapter/cmake)
[0.819s] -- Found OpenSSL: /usr/lib/x86_64-linux-gnu/libcrypto.so (found version "1.1.1f")  
[0.842s] -- Found FastRTPS: /opt/ros/foxy/include  
[0.907s] -- Using all available rosidl_typesupport_cpp: rosidl_typesupport_fastrtps_cpp;rosidl_typesupport_introspection_cpp
[0.946s] -- Found rosidl_default_generators: 1.0.1 (/opt/ros/foxy/share/rosidl_default_generators/cmake)
[0.970s] -- Found PythonInterp: /usr/bin/python3 (found version "3.8.10") 
[1.096s] -- Found ament_cmake_ros: 0.9.2 (/opt/ros/foxy/share/ament_cmake_ros/cmake)
[1.229s] -- Using all available rosidl_typesupport_c: rosidl_typesupport_fastrtps_c;rosidl_typesupport_introspection_c
[1.271s] -- Using all available rosidl_typesupport_cpp: rosidl_typesupport_fastrtps_cpp;rosidl_typesupport_introspection_cpp
[1.289s] -- Found PythonInterp: /usr/bin/python3 (found suitable version "3.8.10", minimum required is "3.5") 
[1.290s] -- Found python_cmake_module: 0.8.1 (/opt/ros/foxy/share/python_cmake_module/cmake)
[1.311s] -- Found PythonLibs: /usr/lib/x86_64-linux-gnu/libpython3.8.so (found suitable version "3.8.10", minimum required is "3.5") 
[1.311s] -- Using PYTHON_EXECUTABLE: /usr/bin/python3
[1.311s] -- Using PYTHON_INCLUDE_DIRS: /usr/include/python3.8
[1.311s] -- Using PYTHON_LIBRARIES: /usr/lib/x86_64-linux-gnu/libpython3.8.so
[1.327s] -- Found PythonExtra: .so  
[1.391s] -- Configuring done
[1.431s] -- Generating done
[1.432s] -- Build files have been written to: /home/daeyun/Desktop/ecat_control_ws/build/ecat_msgs
[1.439s] Invoked command in '/home/daeyun/Desktop/ecat_control_ws/build/ecat_msgs' returned '0': CMAKE_PREFIX_PATH=/opt/ros/foxy /usr/bin/cmake /home/daeyun/Desktop/ecat_control_ws/src/ecat_msgs -DAMENT_CMAKE_SYMLINK_INSTALL=1 -DCMAKE_INSTALL_PREFIX=/home/daeyun/Desktop/ecat_control_ws/install/ecat_msgs
[1.441s] Invoking command in '/home/daeyun/Desktop/ecat_control_ws/build/ecat_msgs': CMAKE_PREFIX_PATH=/opt/ros/foxy /usr/bin/cmake --build /home/daeyun/Desktop/ecat_control_ws/build/ecat_msgs -- -j8 -l8
[1.473s] [  1%] [34m[1mGenerating C code for ROS interfaces[0m
[1.473s] [35m[1mScanning dependencies of target ecat_msgs__cpp[0m
[1.482s] [  3%] [34m[1mGenerating C++ code for ROS interfaces[0m
[1.798s] [35m[1mScanning dependencies of target ecat_msgs__rosidl_generator_c[0m
[1.806s] [  3%] Built target ecat_msgs__cpp
[1.812s] [  7%] [32mBuilding C object CMakeFiles/ecat_msgs__rosidl_generator_c.dir/rosidl_generator_c/ecat_msgs/msg/detail/haptic_cmd__functions.c.o[0m
[1.813s] [  7%] [32mBuilding C object CMakeFiles/ecat_msgs__rosidl_generator_c.dir/rosidl_generator_c/ecat_msgs/msg/detail/gui_button_data__functions.c.o[0m
[1.813s] [  9%] [32mBuilding C object CMakeFiles/ecat_msgs__rosidl_generator_c.dir/rosidl_generator_c/ecat_msgs/msg/detail/data_received__functions.c.o[0m
[1.813s] [ 10%] [32mBuilding C object CMakeFiles/ecat_msgs__rosidl_generator_c.dir/rosidl_generator_c/ecat_msgs/msg/detail/data_sent__functions.c.o[0m
[1.818s] [ 12%] [34m[1mGenerating C++ type support dispatch for ROS interfaces[0m
[1.818s] [ 16%] [34m[1mGenerating C++ type support for eProsima Fast-RTPS[0m
[1.818s] [ 16%] [34m[1mGenerating C++ introspection for ROS interfaces[0m
[1.863s] [ 18%] [32m[1mLinking C shared library libecat_msgs__rosidl_generator_c.so[0m
[1.915s] [ 18%] Built target ecat_msgs__rosidl_generator_c
[1.928s] [ 21%] [34m[1mGenerating C introspection for ROS interfaces[0m
[1.929s] [ 21%] [34m[1mGenerating C type support dispatch for ROS interfaces[0m
[2.093s] [35m[1mScanning dependencies of target ecat_msgs__rosidl_typesupport_cpp[0m
[2.108s] [ 23%] [32mBuilding CXX object CMakeFiles/ecat_msgs__rosidl_typesupport_cpp.dir/rosidl_typesupport_cpp/ecat_msgs/msg/data_received__type_support.cpp.o[0m
[2.109s] [ 25%] [32mBuilding CXX object CMakeFiles/ecat_msgs__rosidl_typesupport_cpp.dir/rosidl_typesupport_cpp/ecat_msgs/msg/gui_button_data__type_support.cpp.o[0m
[2.109s] [ 27%] [32mBuilding CXX object CMakeFiles/ecat_msgs__rosidl_typesupport_cpp.dir/rosidl_typesupport_cpp/ecat_msgs/msg/data_sent__type_support.cpp.o[0m
[2.117s] [ 29%] [32mBuilding CXX object CMakeFiles/ecat_msgs__rosidl_typesupport_cpp.dir/rosidl_typesupport_cpp/ecat_msgs/msg/haptic_cmd__type_support.cpp.o[0m
[2.349s] [35m[1mScanning dependencies of target ecat_msgs__rosidl_typesupport_c[0m
[2.360s] [35m[1mScanning dependencies of target ecat_msgs__rosidl_typesupport_introspection_cpp[0m
[2.373s] [35m[1mScanning dependencies of target ecat_msgs__rosidl_typesupport_fastrtps_cpp[0m
[2.387s] [ 30%] [32mBuilding CXX object CMakeFiles/ecat_msgs__rosidl_typesupport_c.dir/rosidl_typesupport_c/ecat_msgs/msg/data_received__type_support.cpp.o[0m
[2.392s] [ 32%] [32mBuilding CXX object CMakeFiles/ecat_msgs__rosidl_typesupport_introspection_cpp.dir/rosidl_typesupport_introspection_cpp/ecat_msgs/msg/detail/data_received__type_support.cpp.o[0m
[2.403s] [ 34%] [32mBuilding CXX object CMakeFiles/ecat_msgs__rosidl_typesupport_fastrtps_cpp.dir/rosidl_typesupport_fastrtps_cpp/ecat_msgs/msg/detail/dds_fastrtps/data_received__type_support.cpp.o[0m
[2.439s] [ 36%] [32mBuilding CXX object CMakeFiles/ecat_msgs__rosidl_typesupport_introspection_cpp.dir/rosidl_typesupport_introspection_cpp/ecat_msgs/msg/detail/data_sent__type_support.cpp.o[0m
[2.453s] [ 38%] [32mBuilding CXX object CMakeFiles/ecat_msgs__rosidl_typesupport_fastrtps_cpp.dir/rosidl_typesupport_fastrtps_cpp/ecat_msgs/msg/detail/dds_fastrtps/data_sent__type_support.cpp.o[0m
[2.463s] [ 40%] [32mBuilding CXX object CMakeFiles/ecat_msgs__rosidl_typesupport_c.dir/rosidl_typesupport_c/ecat_msgs/msg/data_sent__type_support.cpp.o[0m
[2.503s] [ 41%] [32mBuilding CXX object CMakeFiles/ecat_msgs__rosidl_typesupport_fastrtps_cpp.dir/rosidl_typesupport_fastrtps_cpp/ecat_msgs/msg/detail/dds_fastrtps/gui_button_data__type_support.cpp.o[0m
[2.514s] [ 43%] [32m[1mLinking CXX shared library libecat_msgs__rosidl_typesupport_cpp.so[0m
[2.519s] [35m[1mScanning dependencies of target ecat_msgs__rosidl_typesupport_introspection_c[0m
[2.532s] [ 45%] [32mBuilding CXX object CMakeFiles/ecat_msgs__rosidl_typesupport_c.dir/rosidl_typesupport_c/ecat_msgs/msg/gui_button_data__type_support.cpp.o[0m
[2.549s] [ 47%] [32mBuilding C object CMakeFiles/ecat_msgs__rosidl_typesupport_introspection_c.dir/rosidl_typesupport_introspection_c/ecat_msgs/msg/detail/data_received__type_support.c.o[0m
[2.598s] [ 49%] [32mBuilding CXX object CMakeFiles/ecat_msgs__rosidl_typesupport_c.dir/rosidl_typesupport_c/ecat_msgs/msg/haptic_cmd__type_support.cpp.o[0m
[2.610s] [ 50%] [32mBuilding C object CMakeFiles/ecat_msgs__rosidl_typesupport_introspection_c.dir/rosidl_typesupport_introspection_c/ecat_msgs/msg/detail/data_sent__type_support.c.o[0m
[2.614s] [ 50%] Built target ecat_msgs__rosidl_typesupport_cpp
[2.655s] [ 52%] [32mBuilding CXX object CMakeFiles/ecat_msgs__rosidl_typesupport_fastrtps_cpp.dir/rosidl_typesupport_fastrtps_cpp/ecat_msgs/msg/detail/dds_fastrtps/haptic_cmd__type_support.cpp.o[0m
[2.667s] [ 54%] [32mBuilding C object CMakeFiles/ecat_msgs__rosidl_typesupport_introspection_c.dir/rosidl_typesupport_introspection_c/ecat_msgs/msg/detail/gui_button_data__type_support.c.o[0m
[2.730s] [ 56%] [32m[1mLinking CXX shared library libecat_msgs__rosidl_typesupport_c.so[0m
[2.764s] [ 58%] [32mBuilding C object CMakeFiles/ecat_msgs__rosidl_typesupport_introspection_c.dir/rosidl_typesupport_introspection_c/ecat_msgs/msg/detail/haptic_cmd__type_support.c.o[0m
[2.824s] [ 58%] Built target ecat_msgs__rosidl_typesupport_c
[2.838s] [ 60%] [32m[1mLinking C shared library libecat_msgs__rosidl_typesupport_introspection_c.so[0m
[2.859s] [ 61%] [32mBuilding CXX object CMakeFiles/ecat_msgs__rosidl_typesupport_introspection_cpp.dir/rosidl_typesupport_introspection_cpp/ecat_msgs/msg/detail/gui_button_data__type_support.cpp.o[0m
[2.922s] [ 61%] Built target ecat_msgs__rosidl_typesupport_introspection_c
[2.971s] [ 63%] [32mBuilding CXX object CMakeFiles/ecat_msgs__rosidl_typesupport_introspection_cpp.dir/rosidl_typesupport_introspection_cpp/ecat_msgs/msg/detail/haptic_cmd__type_support.cpp.o[0m
[3.248s] [ 67%] [32m[1mLinking CXX shared library libecat_msgs__rosidl_typesupport_fastrtps_cpp.so[0m
[3.248s] [ 67%] [32m[1mLinking CXX shared library libecat_msgs__rosidl_typesupport_introspection_cpp.so[0m
[3.314s] [ 67%] Built target ecat_msgs__rosidl_typesupport_introspection_cpp
[3.328s] [ 67%] Built target ecat_msgs__rosidl_typesupport_fastrtps_cpp
[3.336s] [ 69%] [34m[1mGenerating C type support for eProsima Fast-RTPS[0m
[3.601s] [35m[1mScanning dependencies of target ecat_msgs__rosidl_typesupport_fastrtps_c[0m
[3.617s] [ 70%] [32mBuilding CXX object CMakeFiles/ecat_msgs__rosidl_typesupport_fastrtps_c.dir/rosidl_typesupport_fastrtps_c/ecat_msgs/msg/detail/data_sent__type_support_c.cpp.o[0m
[3.618s] [ 76%] [32mBuilding CXX object CMakeFiles/ecat_msgs__rosidl_typesupport_fastrtps_c.dir/rosidl_typesupport_fastrtps_c/ecat_msgs/msg/detail/data_received__type_support_c.cpp.o[0m
[3.619s] [ 76%] [32mBuilding CXX object CMakeFiles/ecat_msgs__rosidl_typesupport_fastrtps_c.dir/rosidl_typesupport_fastrtps_c/ecat_msgs/msg/detail/haptic_cmd__type_support_c.cpp.o[0m
[3.619s] [ 76%] [32mBuilding CXX object CMakeFiles/ecat_msgs__rosidl_typesupport_fastrtps_c.dir/rosidl_typesupport_fastrtps_c/ecat_msgs/msg/detail/gui_button_data__type_support_c.cpp.o[0m
[3.996s] [ 78%] [32m[1mLinking CXX shared library libecat_msgs__rosidl_typesupport_fastrtps_c.so[0m
[4.062s] [ 78%] Built target ecat_msgs__rosidl_typesupport_fastrtps_c
[4.070s] [35m[1mScanning dependencies of target ecat_msgs[0m
[4.078s] [ 78%] Built target ecat_msgs
[4.086s] [35m[1mScanning dependencies of target ecat_msgs__py[0m
[4.094s] [ 80%] [34m[1mGenerating Python code for ROS interfaces[0m
[4.696s] [ 80%] Built target ecat_msgs__py
[4.705s] [35m[1mScanning dependencies of target ecat_msgs__python[0m
[4.736s] [ 81%] [32mBuilding C object CMakeFiles/ecat_msgs__python.dir/rosidl_generator_py/ecat_msgs/msg/_data_sent_s.c.o[0m
[4.737s] [ 83%] [32mBuilding C object CMakeFiles/ecat_msgs__python.dir/rosidl_generator_py/ecat_msgs/msg/_haptic_cmd_s.c.o[0m
[4.737s] [ 85%] [32mBuilding C object CMakeFiles/ecat_msgs__python.dir/rosidl_generator_py/ecat_msgs/msg/_data_received_s.c.o[0m
[4.737s] [ 87%] [32mBuilding C object CMakeFiles/ecat_msgs__python.dir/rosidl_generator_py/ecat_msgs/msg/_gui_button_data_s.c.o[0m
[4.843s] [ 89%] [32m[1mLinking C shared library rosidl_generator_py/ecat_msgs/libecat_msgs__python.so[0m
[4.875s] [ 89%] Built target ecat_msgs__python
[4.882s] [35m[1mScanning dependencies of target ecat_msgs__rosidl_typesupport_introspection_c__pyext[0m
[4.883s] [35m[1mScanning dependencies of target ecat_msgs__rosidl_typesupport_c__pyext[0m
[4.883s] [35m[1mScanning dependencies of target ecat_msgs__rosidl_typesupport_fastrtps_c__pyext[0m
[4.898s] [ 92%] [32mBuilding C object CMakeFiles/ecat_msgs__rosidl_typesupport_c__pyext.dir/rosidl_generator_py/ecat_msgs/_ecat_msgs_s.ep.rosidl_typesupport_c.c.o[0m
[4.898s] [ 92%] [32mBuilding C object CMakeFiles/ecat_msgs__rosidl_typesupport_introspection_c__pyext.dir/rosidl_generator_py/ecat_msgs/_ecat_msgs_s.ep.rosidl_typesupport_introspection_c.c.o[0m
[4.898s] [ 94%] [32mBuilding C object CMakeFiles/ecat_msgs__rosidl_typesupport_fastrtps_c__pyext.dir/rosidl_generator_py/ecat_msgs/_ecat_msgs_s.ep.rosidl_typesupport_fastrtps_c.c.o[0m
[4.964s] [ 98%] [32m[1mLinking C shared library rosidl_generator_py/ecat_msgs/ecat_msgs_s__rosidl_typesupport_c.cpython-38-x86_64-linux-gnu.so[0m
[4.964s] [ 98%] [32m[1mLinking CXX shared library rosidl_generator_py/ecat_msgs/ecat_msgs_s__rosidl_typesupport_fastrtps_c.cpython-38-x86_64-linux-gnu.so[0m
[4.967s] [100%] [32m[1mLinking C shared library rosidl_generator_py/ecat_msgs/ecat_msgs_s__rosidl_typesupport_introspection_c.cpython-38-x86_64-linux-gnu.so[0m
[4.992s] [100%] Built target ecat_msgs__rosidl_typesupport_c__pyext
[4.995s] [100%] Built target ecat_msgs__rosidl_typesupport_introspection_c__pyext
[5.014s] [100%] Built target ecat_msgs__rosidl_typesupport_fastrtps_c__pyext
[5.023s] Invoked command in '/home/daeyun/Desktop/ecat_control_ws/build/ecat_msgs' returned '0': CMAKE_PREFIX_PATH=/opt/ros/foxy /usr/bin/cmake --build /home/daeyun/Desktop/ecat_control_ws/build/ecat_msgs -- -j8 -l8
[5.095s] Invoking command in '/home/daeyun/Desktop/ecat_control_ws/build/ecat_msgs': CMAKE_PREFIX_PATH=/opt/ros/foxy /usr/bin/cmake --install /home/daeyun/Desktop/ecat_control_ws/build/ecat_msgs
[5.102s] -- Install configuration: ""
[5.102s] -- Execute custom install script
[5.102s] -- Symlinking: /home/daeyun/Desktop/ecat_control_ws/install/ecat_msgs/share/ament_index/resource_index/rosidl_interfaces/ecat_msgs
[5.110s] -- Symlinking: /home/daeyun/Desktop/ecat_control_ws/install/ecat_msgs/include/ecat_msgs/msg/data_received.h
[5.117s] -- Symlinking: /home/daeyun/Desktop/ecat_control_ws/install/ecat_msgs/include/ecat_msgs/msg/data_sent.h
[5.123s] -- Symlinking: /home/daeyun/Desktop/ecat_control_ws/install/ecat_msgs/include/ecat_msgs/msg/detail/data_received__functions.h
[5.130s] -- Symlinking: /home/daeyun/Desktop/ecat_control_ws/install/ecat_msgs/include/ecat_msgs/msg/detail/data_received__struct.h
[5.137s] -- Symlinking: /home/daeyun/Desktop/ecat_control_ws/install/ecat_msgs/include/ecat_msgs/msg/detail/data_received__type_support.h
[5.143s] -- Symlinking: /home/daeyun/Desktop/ecat_control_ws/install/ecat_msgs/include/ecat_msgs/msg/detail/data_sent__functions.h
[5.150s] -- Symlinking: /home/daeyun/Desktop/ecat_control_ws/install/ecat_msgs/include/ecat_msgs/msg/detail/data_sent__struct.h
[5.157s] -- Symlinking: /home/daeyun/Desktop/ecat_control_ws/install/ecat_msgs/include/ecat_msgs/msg/detail/data_sent__type_support.h
[5.163s] -- Symlinking: /home/daeyun/Desktop/ecat_control_ws/install/ecat_msgs/include/ecat_msgs/msg/detail/gui_button_data__functions.h
[5.170s] -- Symlinking: /home/daeyun/Desktop/ecat_control_ws/install/ecat_msgs/include/ecat_msgs/msg/detail/gui_button_data__struct.h
[5.176s] -- Symlinking: /home/daeyun/Desktop/ecat_control_ws/install/ecat_msgs/include/ecat_msgs/msg/detail/gui_button_data__type_support.h
[5.183s] -- Symlinking: /home/daeyun/Desktop/ecat_control_ws/install/ecat_msgs/include/ecat_msgs/msg/detail/haptic_cmd__functions.h
[5.190s] -- Symlinking: /home/daeyun/Desktop/ecat_control_ws/install/ecat_msgs/include/ecat_msgs/msg/detail/haptic_cmd__struct.h
[5.197s] -- Symlinking: /home/daeyun/Desktop/ecat_control_ws/install/ecat_msgs/include/ecat_msgs/msg/detail/haptic_cmd__type_support.h
[5.203s] -- Symlinking: /home/daeyun/Desktop/ecat_control_ws/install/ecat_msgs/include/ecat_msgs/msg/gui_button_data.h
[5.210s] -- Symlinking: /home/daeyun/Desktop/ecat_control_ws/install/ecat_msgs/include/ecat_msgs/msg/haptic_cmd.h
[5.217s] -- Symlinking: /home/daeyun/Desktop/ecat_control_ws/install/ecat_msgs/include/ecat_msgs/msg/rosidl_generator_c__visibility_control.h
[5.225s] -- Symlinking: /home/daeyun/Desktop/ecat_control_ws/install/ecat_msgs/share/ecat_msgs/environment/library_path.sh
[5.233s] -- Symlinking: /home/daeyun/Desktop/ecat_control_ws/install/ecat_msgs/share/ecat_msgs/environment/library_path.dsv
[5.240s] -- Symlinking: /home/daeyun/Desktop/ecat_control_ws/install/ecat_msgs/include/ecat_msgs/msg/detail/data_received__rosidl_typesupport_fastrtps_c.h
[5.247s] -- Symlinking: /home/daeyun/Desktop/ecat_control_ws/install/ecat_msgs/include/ecat_msgs/msg/detail/data_sent__rosidl_typesupport_fastrtps_c.h
[5.254s] -- Symlinking: /home/daeyun/Desktop/ecat_control_ws/install/ecat_msgs/include/ecat_msgs/msg/detail/gui_button_data__rosidl_typesupport_fastrtps_c.h
[5.261s] -- Symlinking: /home/daeyun/Desktop/ecat_control_ws/install/ecat_msgs/include/ecat_msgs/msg/detail/haptic_cmd__rosidl_typesupport_fastrtps_c.h
[5.267s] -- Symlinking: /home/daeyun/Desktop/ecat_control_ws/install/ecat_msgs/include/ecat_msgs/msg/rosidl_typesupport_fastrtps_c__visibility_control.h
[5.273s] -- Symlinking: /home/daeyun/Desktop/ecat_control_ws/install/ecat_msgs/lib/libecat_msgs__rosidl_typesupport_fastrtps_c.so
[5.279s] -- Symlinking: /home/daeyun/Desktop/ecat_control_ws/install/ecat_msgs/include/ecat_msgs/msg/detail/data_received__rosidl_typesupport_fastrtps_cpp.hpp
[5.285s] -- Symlinking: /home/daeyun/Desktop/ecat_control_ws/install/ecat_msgs/include/ecat_msgs/msg/detail/data_sent__rosidl_typesupport_fastrtps_cpp.hpp
[5.291s] -- Symlinking: /home/daeyun/Desktop/ecat_control_ws/install/ecat_msgs/include/ecat_msgs/msg/detail/gui_button_data__rosidl_typesupport_fastrtps_cpp.hpp
[5.297s] -- Symlinking: /home/daeyun/Desktop/ecat_control_ws/install/ecat_msgs/include/ecat_msgs/msg/detail/haptic_cmd__rosidl_typesupport_fastrtps_cpp.hpp
[5.303s] -- Symlinking: /home/daeyun/Desktop/ecat_control_ws/install/ecat_msgs/include/ecat_msgs/msg/rosidl_typesupport_fastrtps_cpp__visibility_control.h
[5.310s] -- Symlinking: /home/daeyun/Desktop/ecat_control_ws/install/ecat_msgs/lib/libecat_msgs__rosidl_typesupport_fastrtps_cpp.so
[5.316s] -- Symlinking: /home/daeyun/Desktop/ecat_control_ws/install/ecat_msgs/include/ecat_msgs/msg/detail/data_received__rosidl_typesupport_introspection_c.h
[5.322s] -- Symlinking: /home/daeyun/Desktop/ecat_control_ws/install/ecat_msgs/include/ecat_msgs/msg/detail/data_sent__rosidl_typesupport_introspection_c.h
[5.329s] -- Symlinking: /home/daeyun/Desktop/ecat_control_ws/install/ecat_msgs/include/ecat_msgs/msg/detail/gui_button_data__rosidl_typesupport_introspection_c.h
[5.336s] -- Symlinking: /home/daeyun/Desktop/ecat_control_ws/install/ecat_msgs/include/ecat_msgs/msg/detail/haptic_cmd__rosidl_typesupport_introspection_c.h
[5.343s] -- Symlinking: /home/daeyun/Desktop/ecat_control_ws/install/ecat_msgs/include/ecat_msgs/msg/rosidl_typesupport_introspection_c__visibility_control.h
[5.349s] -- Symlinking: /home/daeyun/Desktop/ecat_control_ws/install/ecat_msgs/include/ecat_msgs/msg/data_received.hpp
[5.356s] -- Symlinking: /home/daeyun/Desktop/ecat_control_ws/install/ecat_msgs/include/ecat_msgs/msg/data_sent.hpp
[5.362s] -- Symlinking: /home/daeyun/Desktop/ecat_control_ws/install/ecat_msgs/include/ecat_msgs/msg/detail/data_received__builder.hpp
[5.369s] -- Symlinking: /home/daeyun/Desktop/ecat_control_ws/install/ecat_msgs/include/ecat_msgs/msg/detail/data_received__struct.hpp
[5.375s] -- Symlinking: /home/daeyun/Desktop/ecat_control_ws/install/ecat_msgs/include/ecat_msgs/msg/detail/data_received__traits.hpp
[5.382s] -- Symlinking: /home/daeyun/Desktop/ecat_control_ws/install/ecat_msgs/include/ecat_msgs/msg/detail/data_sent__builder.hpp
[5.388s] -- Symlinking: /home/daeyun/Desktop/ecat_control_ws/install/ecat_msgs/include/ecat_msgs/msg/detail/data_sent__struct.hpp
[5.395s] -- Symlinking: /home/daeyun/Desktop/ecat_control_ws/install/ecat_msgs/include/ecat_msgs/msg/detail/data_sent__traits.hpp
[5.402s] -- Symlinking: /home/daeyun/Desktop/ecat_control_ws/install/ecat_msgs/include/ecat_msgs/msg/detail/gui_button_data__builder.hpp
[5.409s] -- Symlinking: /home/daeyun/Desktop/ecat_control_ws/install/ecat_msgs/include/ecat_msgs/msg/detail/gui_button_data__struct.hpp
[5.415s] -- Symlinking: /home/daeyun/Desktop/ecat_control_ws/install/ecat_msgs/include/ecat_msgs/msg/detail/gui_button_data__traits.hpp
[5.422s] -- Symlinking: /home/daeyun/Desktop/ecat_control_ws/install/ecat_msgs/include/ecat_msgs/msg/detail/haptic_cmd__builder.hpp
[5.429s] -- Symlinking: /home/daeyun/Desktop/ecat_control_ws/install/ecat_msgs/include/ecat_msgs/msg/detail/haptic_cmd__struct.hpp
[5.435s] -- Symlinking: /home/daeyun/Desktop/ecat_control_ws/install/ecat_msgs/include/ecat_msgs/msg/detail/haptic_cmd__traits.hpp
[5.442s] -- Symlinking: /home/daeyun/Desktop/ecat_control_ws/install/ecat_msgs/include/ecat_msgs/msg/gui_button_data.hpp
[5.448s] -- Symlinking: /home/daeyun/Desktop/ecat_control_ws/install/ecat_msgs/include/ecat_msgs/msg/haptic_cmd.hpp
[5.455s] -- Symlinking: /home/daeyun/Desktop/ecat_control_ws/install/ecat_msgs/include/ecat_msgs/msg/detail/data_received__rosidl_typesupport_introspection_cpp.hpp
[5.462s] -- Symlinking: /home/daeyun/Desktop/ecat_control_ws/install/ecat_msgs/include/ecat_msgs/msg/detail/data_sent__rosidl_typesupport_introspection_cpp.hpp
[5.469s] -- Symlinking: /home/daeyun/Desktop/ecat_control_ws/install/ecat_msgs/include/ecat_msgs/msg/detail/gui_button_data__rosidl_typesupport_introspection_cpp.hpp
[5.475s] -- Symlinking: /home/daeyun/Desktop/ecat_control_ws/install/ecat_msgs/include/ecat_msgs/msg/detail/haptic_cmd__rosidl_typesupport_introspection_cpp.hpp
[5.482s] -- Symlinking: /home/daeyun/Desktop/ecat_control_ws/install/ecat_msgs/share/ecat_msgs/environment/pythonpath.sh
[5.489s] -- Symlinking: /home/daeyun/Desktop/ecat_control_ws/install/ecat_msgs/share/ecat_msgs/environment/pythonpath.dsv
[5.497s] -- Symlinking: /home/daeyun/Desktop/ecat_control_ws/install/ecat_msgs/lib/python3.8/site-packages/ecat_msgs/__init__.py
[5.503s] -- Symlinking: /home/daeyun/Desktop/ecat_control_ws/install/ecat_msgs/lib/python3.8/site-packages/ecat_msgs/msg/__init__.py
[5.510s] -- Symlinking: /home/daeyun/Desktop/ecat_control_ws/install/ecat_msgs/lib/python3.8/site-packages/ecat_msgs/msg/_data_received.py
[5.517s] -- Symlinking: /home/daeyun/Desktop/ecat_control_ws/install/ecat_msgs/lib/python3.8/site-packages/ecat_msgs/msg/_data_sent.py
[5.523s] -- Symlinking: /home/daeyun/Desktop/ecat_control_ws/install/ecat_msgs/lib/python3.8/site-packages/ecat_msgs/msg/_gui_button_data.py
[5.530s] -- Symlinking: /home/daeyun/Desktop/ecat_control_ws/install/ecat_msgs/lib/python3.8/site-packages/ecat_msgs/msg/_haptic_cmd.py
[5.537s] -- Symlinking: /home/daeyun/Desktop/ecat_control_ws/install/ecat_msgs/lib/python3.8/site-packages/ecat_msgs/ecat_msgs_s__rosidl_typesupport_fastrtps_c.cpython-38-x86_64-linux-gnu.so
[5.544s] -- Symlinking: /home/daeyun/Desktop/ecat_control_ws/install/ecat_msgs/lib/python3.8/site-packages/ecat_msgs/ecat_msgs_s__rosidl_typesupport_introspection_c.cpython-38-x86_64-linux-gnu.so
[5.552s] -- Symlinking: /home/daeyun/Desktop/ecat_control_ws/install/ecat_msgs/lib/python3.8/site-packages/ecat_msgs/ecat_msgs_s__rosidl_typesupport_c.cpython-38-x86_64-linux-gnu.so
[5.559s] -- Symlinking: /home/daeyun/Desktop/ecat_control_ws/install/ecat_msgs/lib/libecat_msgs__python.so
[5.566s] -- Symlinking: /home/daeyun/Desktop/ecat_control_ws/install/ecat_msgs/share/ecat_msgs/msg/DataReceived.idl
[5.572s] -- Symlinking: /home/daeyun/Desktop/ecat_control_ws/install/ecat_msgs/share/ecat_msgs/msg/DataSent.idl
[5.577s] -- Symlinking: /home/daeyun/Desktop/ecat_control_ws/install/ecat_msgs/share/ecat_msgs/msg/GuiButtonData.idl
[5.583s] -- Symlinking: /home/daeyun/Desktop/ecat_control_ws/install/ecat_msgs/share/ecat_msgs/msg/HapticCmd.idl
[5.589s] -- Symlinking: /home/daeyun/Desktop/ecat_control_ws/install/ecat_msgs/share/ecat_msgs/msg/DataReceived.msg
[5.595s] -- Symlinking: /home/daeyun/Desktop/ecat_control_ws/install/ecat_msgs/share/ecat_msgs/msg/DataSent.msg
[5.601s] -- Symlinking: /home/daeyun/Desktop/ecat_control_ws/install/ecat_msgs/share/ecat_msgs/msg/GuiButtonData.msg
[5.607s] -- Symlinking: /home/daeyun/Desktop/ecat_control_ws/install/ecat_msgs/share/ecat_msgs/msg/HapticCmd.msg
[5.613s] -- Symlinking: /home/daeyun/Desktop/ecat_control_ws/install/ecat_msgs/share/ament_index/resource_index/package_run_dependencies/ecat_msgs
[5.620s] -- Symlinking: /home/daeyun/Desktop/ecat_control_ws/install/ecat_msgs/share/ament_index/resource_index/parent_prefix_path/ecat_msgs
[5.626s] -- Symlinking: /home/daeyun/Desktop/ecat_control_ws/install/ecat_msgs/share/ecat_msgs/environment/ament_prefix_path.sh
[5.633s] -- Symlinking: /home/daeyun/Desktop/ecat_control_ws/install/ecat_msgs/share/ecat_msgs/environment/ament_prefix_path.dsv
[5.639s] -- Symlinking: /home/daeyun/Desktop/ecat_control_ws/install/ecat_msgs/share/ecat_msgs/environment/path.sh
[5.646s] -- Symlinking: /home/daeyun/Desktop/ecat_control_ws/install/ecat_msgs/share/ecat_msgs/environment/path.dsv
[5.653s] -- Symlinking: /home/daeyun/Desktop/ecat_control_ws/install/ecat_msgs/share/ecat_msgs/local_setup.bash
[5.660s] -- Symlinking: /home/daeyun/Desktop/ecat_control_ws/install/ecat_msgs/share/ecat_msgs/local_setup.sh
[5.667s] -- Symlinking: /home/daeyun/Desktop/ecat_control_ws/install/ecat_msgs/share/ecat_msgs/local_setup.zsh
[5.673s] -- Symlinking: /home/daeyun/Desktop/ecat_control_ws/install/ecat_msgs/share/ecat_msgs/local_setup.dsv
[5.680s] -- Symlinking: /home/daeyun/Desktop/ecat_control_ws/install/ecat_msgs/share/ecat_msgs/package.dsv
[5.686s] -- Symlinking: /home/daeyun/Desktop/ecat_control_ws/install/ecat_msgs/share/ament_index/resource_index/packages/ecat_msgs
[5.693s] -- Symlinking: /home/daeyun/Desktop/ecat_control_ws/install/ecat_msgs/share/ecat_msgs/cmake/rosidl_cmake-extras.cmake
[5.699s] -- Symlinking: /home/daeyun/Desktop/ecat_control_ws/install/ecat_msgs/share/ecat_msgs/cmake/ament_cmake_export_dependencies-extras.cmake
[5.706s] -- Symlinking: /home/daeyun/Desktop/ecat_control_ws/install/ecat_msgs/share/ecat_msgs/cmake/ament_cmake_export_libraries-extras.cmake
[5.712s] -- Symlinking: /home/daeyun/Desktop/ecat_control_ws/install/ecat_msgs/share/ecat_msgs/cmake/ament_cmake_export_targets-extras.cmake
[5.718s] -- Symlinking: /home/daeyun/Desktop/ecat_control_ws/install/ecat_msgs/share/ecat_msgs/cmake/ament_cmake_export_include_directories-extras.cmake
[5.725s] -- Symlinking: /home/daeyun/Desktop/ecat_control_ws/install/ecat_msgs/share/ecat_msgs/cmake/rosidl_cmake_export_typesupport_libraries-extras.cmake
[5.732s] -- Symlinking: /home/daeyun/Desktop/ecat_control_ws/install/ecat_msgs/share/ecat_msgs/cmake/rosidl_cmake_export_typesupport_targets-extras.cmake
[5.739s] -- Symlinking: /home/daeyun/Desktop/ecat_control_ws/install/ecat_msgs/share/ecat_msgs/cmake/ecat_msgsConfig.cmake
[5.746s] -- Symlinking: /home/daeyun/Desktop/ecat_control_ws/install/ecat_msgs/share/ecat_msgs/cmake/ecat_msgsConfig-version.cmake
[5.753s] -- Symlinking: /home/daeyun/Desktop/ecat_control_ws/install/ecat_msgs/share/ecat_msgs/package.xml
[5.760s] -- Installing: /home/daeyun/Desktop/ecat_control_ws/install/ecat_msgs/lib/libecat_msgs__rosidl_generator_c.so
[5.760s] -- Set runtime path of "/home/daeyun/Desktop/ecat_control_ws/install/ecat_msgs/lib/libecat_msgs__rosidl_generator_c.so" to ""
[5.760s] -- Installing: /home/daeyun/Desktop/ecat_control_ws/install/ecat_msgs/lib/libecat_msgs__rosidl_typesupport_introspection_c.so
[5.760s] -- Set runtime path of "/home/daeyun/Desktop/ecat_control_ws/install/ecat_msgs/lib/libecat_msgs__rosidl_typesupport_introspection_c.so" to ""
[5.760s] -- Installing: /home/daeyun/Desktop/ecat_control_ws/install/ecat_msgs/lib/libecat_msgs__rosidl_typesupport_c.so
[5.760s] -- Set runtime path of "/home/daeyun/Desktop/ecat_control_ws/install/ecat_msgs/lib/libecat_msgs__rosidl_typesupport_c.so" to ""
[5.760s] -- Installing: /home/daeyun/Desktop/ecat_control_ws/install/ecat_msgs/lib/libecat_msgs__rosidl_typesupport_introspection_cpp.so
[5.761s] -- Set runtime path of "/home/daeyun/Desktop/ecat_control_ws/install/ecat_msgs/lib/libecat_msgs__rosidl_typesupport_introspection_cpp.so" to ""
[5.761s] -- Installing: /home/daeyun/Desktop/ecat_control_ws/install/ecat_msgs/lib/libecat_msgs__rosidl_typesupport_cpp.so
[5.761s] -- Set runtime path of "/home/daeyun/Desktop/ecat_control_ws/install/ecat_msgs/lib/libecat_msgs__rosidl_typesupport_cpp.so" to ""
[5.781s] Compiling '/home/daeyun/Desktop/ecat_control_ws/install/ecat_msgs/lib/python3.8/site-packages/ecat_msgs/__init__.py'...
[5.784s] -- Installing: /home/daeyun/Desktop/ecat_control_ws/install/ecat_msgs/share/ecat_msgs/cmake/ecat_msgs__rosidl_generator_cExport.cmake
[5.784s] -- Installing: /home/daeyun/Desktop/ecat_control_ws/install/ecat_msgs/share/ecat_msgs/cmake/ecat_msgs__rosidl_generator_cExport-noconfig.cmake
[5.784s] -- Installing: /home/daeyun/Desktop/ecat_control_ws/install/ecat_msgs/share/ecat_msgs/cmake/ecat_msgs__rosidl_typesupport_introspection_cExport.cmake
[5.784s] -- Installing: /home/daeyun/Desktop/ecat_control_ws/install/ecat_msgs/share/ecat_msgs/cmake/ecat_msgs__rosidl_typesupport_introspection_cExport-noconfig.cmake
[5.784s] -- Installing: /home/daeyun/Desktop/ecat_control_ws/install/ecat_msgs/share/ecat_msgs/cmake/ecat_msgs__rosidl_typesupport_cExport.cmake
[5.784s] -- Installing: /home/daeyun/Desktop/ecat_control_ws/install/ecat_msgs/share/ecat_msgs/cmake/ecat_msgs__rosidl_typesupport_cExport-noconfig.cmake
[5.784s] -- Installing: /home/daeyun/Desktop/ecat_control_ws/install/ecat_msgs/share/ecat_msgs/cmake/ecat_msgs__rosidl_generator_cppExport.cmake
[5.785s] -- Installing: /home/daeyun/Desktop/ecat_control_ws/install/ecat_msgs/share/ecat_msgs/cmake/ecat_msgs__rosidl_typesupport_introspection_cppExport.cmake
[5.785s] -- Installing: /home/daeyun/Desktop/ecat_control_ws/install/ecat_msgs/share/ecat_msgs/cmake/ecat_msgs__rosidl_typesupport_introspection_cppExport-noconfig.cmake
[5.785s] -- Installing: /home/daeyun/Desktop/ecat_control_ws/install/ecat_msgs/share/ecat_msgs/cmake/ecat_msgs__rosidl_typesupport_cppExport.cmake
[5.785s] -- Installing: /home/daeyun/Desktop/ecat_control_ws/install/ecat_msgs/share/ecat_msgs/cmake/ecat_msgs__rosidl_typesupport_cppExport-noconfig.cmake
[5.788s] Invoked command in '/home/daeyun/Desktop/ecat_control_ws/build/ecat_msgs' returned '0': CMAKE_PREFIX_PATH=/opt/ros/foxy /usr/bin/cmake --install /home/daeyun/Desktop/ecat_control_ws/build/ecat_msgs
