[0.013s] Invoking command in '/home/daeyun/Desktop/ecat_control_ws/build/controller': CMAKE_PREFIX_PATH=/opt/ros/foxy /usr/bin/cmake /home/daeyun/Desktop/ecat_control_ws/src/controller -DAMENT_CMAKE_SYMLINK_INSTALL=1 -DCMAKE_INSTALL_PREFIX=/home/daeyun/Desktop/ecat_control_ws/install/controller
[0.158s] -- The C compiler identification is GNU 9.4.0
[0.272s] -- The CXX compiler identification is GNU 9.4.0
[0.279s] -- Check for working C compiler: /usr/bin/cc
[0.333s] -- Check for working C compiler: /usr/bin/cc -- works
[0.334s] -- Detecting C compiler ABI info
[0.386s] -- Detecting C compiler ABI info - done
[0.393s] -- Detecting C compile features
[0.394s] -- Detecting C compile features - done
[0.396s] -- Check for working CXX compiler: /usr/bin/c++
[0.455s] -- Check for working CXX compiler: /usr/bin/c++ -- works
[0.456s] -- Detecting CXX compiler ABI info
[0.518s] -- Detecting CXX compiler ABI info - done
[0.526s] -- Detecting CXX compile features
[0.526s] -- Detecting CXX compile features - done
[0.530s] -- Found ament_cmake: 0.9.9 (/opt/ros/foxy/share/ament_cmake/cmake)
[0.551s] -- Found PythonInterp: /usr/bin/python3 (found suitable version "3.8.10", minimum required is "3") 
[0.551s] -- Using PYTHON_EXECUTABLE: /usr/bin/python3
[0.663s] -- Override CMake install command with custom implementation using symlinks instead of copying resources
[0.686s] -- Found rclcpp: 2.4.1 (/opt/ros/foxy/share/rclcpp/cmake)
[0.730s] -- Using all available rosidl_typesupport_c: rosidl_typesupport_fastrtps_c;rosidl_typesupport_introspection_c
[0.735s] -- Found rosidl_adapter: 1.2.1 (/opt/ros/foxy/share/rosidl_adapter/cmake)
[0.806s] -- Found OpenSSL: /usr/lib/x86_64-linux-gnu/libcrypto.so (found version "1.1.1f")  
[0.830s] -- Found FastRTPS: /opt/ros/foxy/include  
[0.894s] -- Using all available rosidl_typesupport_cpp: rosidl_typesupport_fastrtps_cpp;rosidl_typesupport_introspection_cpp
[0.943s] -- Found rmw_implementation_cmake: 1.0.3 (/opt/ros/foxy/share/rmw_implementation_cmake/cmake)
[0.945s] -- Using RMW implementation 'rmw_fastrtps_cpp' as default
[0.946s] -- Looking for pthread.h
[1.008s] -- Looking for pthread.h - found
[1.008s] -- Performing Test CMAKE_HAVE_LIBC_PTHREAD
[1.065s] -- Performing Test CMAKE_HAVE_LIBC_PTHREAD - Failed
[1.065s] -- Looking for pthread_create in pthreads
[1.111s] -- Looking for pthread_create in pthreads - not found
[1.111s] -- Looking for pthread_create in pthread
[1.165s] -- Looking for pthread_create in pthread - found
[1.165s] -- Found Threads: TRUE  
[1.274s] -- Found sensor_msgs: 2.0.5 (/opt/ros/foxy/share/sensor_msgs/cmake)
[1.359s] -- Found rttest: 0.9.0 (/opt/ros/foxy/share/rttest/cmake)
[1.364s] -- Found tlsf_cpp: 0.9.0 (/opt/ros/foxy/share/tlsf_cpp/cmake)
[1.369s] -- Looking for include file linux/joystick.h
[1.430s] -- Looking for include file linux/joystick.h - found
[1.476s] -- Configuring done
[1.483s] -- Generating done
[1.484s] -- Build files have been written to: /home/daeyun/Desktop/ecat_control_ws/build/controller
[1.492s] Invoked command in '/home/daeyun/Desktop/ecat_control_ws/build/controller' returned '0': CMAKE_PREFIX_PATH=/opt/ros/foxy /usr/bin/cmake /home/daeyun/Desktop/ecat_control_ws/src/controller -DAMENT_CMAKE_SYMLINK_INSTALL=1 -DCMAKE_INSTALL_PREFIX=/home/daeyun/Desktop/ecat_control_ws/install/controller
[1.494s] Invoking command in '/home/daeyun/Desktop/ecat_control_ws/build/controller': CMAKE_PREFIX_PATH=/opt/ros/foxy /usr/bin/cmake --build /home/daeyun/Desktop/ecat_control_ws/build/controller -- -j8 -l8
[1.525s] [35m[1mScanning dependencies of target joy_node[0m
[1.623s] [ 50%] [32mBuilding CXX object CMakeFiles/joy_node.dir/src/joy_node_linux.cpp.o[0m
[4.551s] [100%] [32m[1mLinking CXX executable joy_node[0m
[4.703s] [100%] Built target joy_node
[4.711s] Invoked command in '/home/daeyun/Desktop/ecat_control_ws/build/controller' returned '0': CMAKE_PREFIX_PATH=/opt/ros/foxy /usr/bin/cmake --build /home/daeyun/Desktop/ecat_control_ws/build/controller -- -j8 -l8
[4.740s] Invoking command in '/home/daeyun/Desktop/ecat_control_ws/build/controller': CMAKE_PREFIX_PATH=/opt/ros/foxy /usr/bin/cmake --install /home/daeyun/Desktop/ecat_control_ws/build/controller
[4.748s] -- Install configuration: ""
[4.748s] -- Execute custom install script
[4.749s] -- Symlinking: /home/daeyun/Desktop/ecat_control_ws/install/controller/lib/controller/joy_node
[4.761s] -- Symlinking: /home/daeyun/Desktop/ecat_control_ws/install/controller/share/ament_index/resource_index/package_run_dependencies/controller
[4.772s] -- Symlinking: /home/daeyun/Desktop/ecat_control_ws/install/controller/share/ament_index/resource_index/parent_prefix_path/controller
[4.784s] -- Symlinking: /home/daeyun/Desktop/ecat_control_ws/install/controller/share/controller/environment/ament_prefix_path.sh
[4.795s] -- Symlinking: /home/daeyun/Desktop/ecat_control_ws/install/controller/share/controller/environment/ament_prefix_path.dsv
[4.806s] -- Symlinking: /home/daeyun/Desktop/ecat_control_ws/install/controller/share/controller/environment/path.sh
[4.813s] -- Symlinking: /home/daeyun/Desktop/ecat_control_ws/install/controller/share/controller/environment/path.dsv
[4.821s] -- Symlinking: /home/daeyun/Desktop/ecat_control_ws/install/controller/share/controller/local_setup.bash
[4.828s] -- Symlinking: /home/daeyun/Desktop/ecat_control_ws/install/controller/share/controller/local_setup.sh
[4.835s] -- Symlinking: /home/daeyun/Desktop/ecat_control_ws/install/controller/share/controller/local_setup.zsh
[4.842s] -- Symlinking: /home/daeyun/Desktop/ecat_control_ws/install/controller/share/controller/local_setup.dsv
[4.849s] -- Symlinking: /home/daeyun/Desktop/ecat_control_ws/install/controller/share/controller/package.dsv
[4.856s] -- Symlinking: /home/daeyun/Desktop/ecat_control_ws/install/controller/share/ament_index/resource_index/packages/controller
[4.863s] -- Symlinking: /home/daeyun/Desktop/ecat_control_ws/install/controller/share/controller/cmake/controllerConfig.cmake
[4.870s] -- Symlinking: /home/daeyun/Desktop/ecat_control_ws/install/controller/share/controller/cmake/controllerConfig-version.cmake
[4.877s] -- Symlinking: /home/daeyun/Desktop/ecat_control_ws/install/controller/share/controller/package.xml
[4.888s] Invoked command in '/home/daeyun/Desktop/ecat_control_ws/build/controller' returned '0': CMAKE_PREFIX_PATH=/opt/ros/foxy /usr/bin/cmake --install /home/daeyun/Desktop/ecat_control_ws/build/controller
