-- The C compiler identification is GNU 9.4.0
-- The CXX compiler identification is GNU 9.4.0
-- Check for working C compiler: /usr/bin/cc
-- Check for working C compiler: /usr/bin/cc -- works
-- Detecting C compiler ABI info
-- Detecting C compiler ABI info - done
-- Detecting C compile features
-- Detecting C compile features - done
-- Check for working CXX compiler: /usr/bin/c++
-- Check for working CXX compiler: /usr/bin/c++ -- works
-- Detecting CXX compiler ABI info
-- Detecting CXX compiler ABI info - done
-- Detecting CXX compile features
-- Detecting CXX compile features - done
-- Found ament_cmake: 0.9.9 (/opt/ros/foxy/share/ament_cmake/cmake)
-- Found PythonInterp: /usr/bin/python3 (found suitable version "3.8.10", minimum required is "3") 
-- Using PYTHON_EXECUTABLE: /usr/bin/python3
-- Override CMake install command with custom implementation using symlinks instead of copying resources
-- Found std_msgs: 2.0.5 (/opt/ros/foxy/share/std_msgs/cmake)
-- Using all available rosidl_typesupport_c: rosidl_typesupport_fastrtps_c;rosidl_typesupport_introspection_c
-- Found rosidl_adapter: 1.2.1 (/opt/ros/foxy/share/rosidl_adapter/cmake)
-- Found OpenSSL: /usr/lib/x86_64-linux-gnu/libcrypto.so (found version "1.1.1f")  
-- Found FastRTPS: /opt/ros/foxy/include  
-- Using all available rosidl_typesupport_cpp: rosidl_typesupport_fastrtps_cpp;rosidl_typesupport_introspection_cpp
-- Found rosidl_default_generators: 1.0.1 (/opt/ros/foxy/share/rosidl_default_generators/cmake)
-- Found PythonInterp: /usr/bin/python3 (found version "3.8.10") 
-- Found ament_cmake_ros: 0.9.2 (/opt/ros/foxy/share/ament_cmake_ros/cmake)
-- Using all available rosidl_typesupport_c: rosidl_typesupport_fastrtps_c;rosidl_typesupport_introspection_c
-- Using all available rosidl_typesupport_cpp: rosidl_typesupport_fastrtps_cpp;rosidl_typesupport_introspection_cpp
-- Found PythonInterp: /usr/bin/python3 (found suitable version "3.8.10", minimum required is "3.5") 
-- Found python_cmake_module: 0.8.1 (/opt/ros/foxy/share/python_cmake_module/cmake)
-- Found PythonLibs: /usr/lib/x86_64-linux-gnu/libpython3.8.so (found suitable version "3.8.10", minimum required is "3.5") 
-- Using PYTHON_EXECUTABLE: /usr/bin/python3
-- Using PYTHON_INCLUDE_DIRS: /usr/include/python3.8
-- Using PYTHON_LIBRARIES: /usr/lib/x86_64-linux-gnu/libpython3.8.so
-- Found PythonExtra: .so  
-- Configuring done
-- Generating done
-- Build files have been written to: /home/daeyun/Desktop/ecat_control_ws/build/ecat_msgs
[  1%] [34m[1mGenerating C code for ROS interfaces[0m
[35m[1mScanning dependencies of target ecat_msgs__cpp[0m
[  3%] [34m[1mGenerating C++ code for ROS interfaces[0m
[  3%] Built target ecat_msgs__cpp
[  9%] [34m[1mGenerating C++ introspection for ROS interfaces[0m
[  9%] [34m[1mGenerating C++ type support dispatch for ROS interfaces[0m
[  9%] [34m[1mGenerating C++ type support for eProsima Fast-RTPS[0m
[35m[1mScanning dependencies of target ecat_msgs__rosidl_generator_c[0m
[ 12%] [32mBuilding C object CMakeFiles/ecat_msgs__rosidl_generator_c.dir/rosidl_generator_c/ecat_msgs/msg/detail/gui_button_data__functions.c.o[0m
[ 12%] [32mBuilding C object CMakeFiles/ecat_msgs__rosidl_generator_c.dir/rosidl_generator_c/ecat_msgs/msg/detail/data_received__functions.c.o[0m
[ 16%] [32mBuilding C object CMakeFiles/ecat_msgs__rosidl_generator_c.dir/rosidl_generator_c/ecat_msgs/msg/detail/haptic_cmd__functions.c.o[0m
[ 16%] [32mBuilding C object CMakeFiles/ecat_msgs__rosidl_generator_c.dir/rosidl_generator_c/ecat_msgs/msg/detail/data_sent__functions.c.o[0m
[ 18%] [32m[1mLinking C shared library libecat_msgs__rosidl_generator_c.so[0m
[ 18%] Built target ecat_msgs__rosidl_generator_c
[ 20%] [34m[1mGenerating C type support dispatch for ROS interfaces[0m
[ 21%] [34m[1mGenerating C introspection for ROS interfaces[0m
[35m[1mScanning dependencies of target ecat_msgs__rosidl_typesupport_introspection_cpp[0m
[ 25%] [32mBuilding CXX object CMakeFiles/ecat_msgs__rosidl_typesupport_introspection_cpp.dir/rosidl_typesupport_introspection_cpp/ecat_msgs/msg/detail/data_received__type_support.cpp.o[0m
[ 25%] [32mBuilding CXX object CMakeFiles/ecat_msgs__rosidl_typesupport_introspection_cpp.dir/rosidl_typesupport_introspection_cpp/ecat_msgs/msg/detail/data_sent__type_support.cpp.o[0m
[ 27%] [32mBuilding CXX object CMakeFiles/ecat_msgs__rosidl_typesupport_introspection_cpp.dir/rosidl_typesupport_introspection_cpp/ecat_msgs/msg/detail/haptic_cmd__type_support.cpp.o[0m
[ 29%] [32mBuilding CXX object CMakeFiles/ecat_msgs__rosidl_typesupport_introspection_cpp.dir/rosidl_typesupport_introspection_cpp/ecat_msgs/msg/detail/gui_button_data__type_support.cpp.o[0m
[35m[1mScanning dependencies of target ecat_msgs__rosidl_typesupport_cpp[0m
[ 30%] [32mBuilding CXX object CMakeFiles/ecat_msgs__rosidl_typesupport_cpp.dir/rosidl_typesupport_cpp/ecat_msgs/msg/data_received__type_support.cpp.o[0m
[35m[1mScanning dependencies of target ecat_msgs__rosidl_typesupport_c[0m
[ 32%] [32mBuilding CXX object CMakeFiles/ecat_msgs__rosidl_typesupport_c.dir/rosidl_typesupport_c/ecat_msgs/msg/data_received__type_support.cpp.o[0m
[ 34%] [32mBuilding CXX object CMakeFiles/ecat_msgs__rosidl_typesupport_c.dir/rosidl_typesupport_c/ecat_msgs/msg/data_sent__type_support.cpp.o[0m
[ 36%] [32mBuilding CXX object CMakeFiles/ecat_msgs__rosidl_typesupport_c.dir/rosidl_typesupport_c/ecat_msgs/msg/gui_button_data__type_support.cpp.o[0m
[ 38%] [32mBuilding CXX object CMakeFiles/ecat_msgs__rosidl_typesupport_c.dir/rosidl_typesupport_c/ecat_msgs/msg/haptic_cmd__type_support.cpp.o[0m
[ 40%] [32m[1mLinking CXX shared library libecat_msgs__rosidl_typesupport_c.so[0m
[ 41%] [32mBuilding CXX object CMakeFiles/ecat_msgs__rosidl_typesupport_cpp.dir/rosidl_typesupport_cpp/ecat_msgs/msg/data_sent__type_support.cpp.o[0m
[35m[1mScanning dependencies of target ecat_msgs__rosidl_typesupport_fastrtps_cpp[0m
[35m[1mScanning dependencies of target ecat_msgs__rosidl_typesupport_introspection_c[0m
[ 43%] [32mBuilding CXX object CMakeFiles/ecat_msgs__rosidl_typesupport_fastrtps_cpp.dir/rosidl_typesupport_fastrtps_cpp/ecat_msgs/msg/detail/dds_fastrtps/data_received__type_support.cpp.o[0m
[ 43%] Built target ecat_msgs__rosidl_typesupport_c
[ 45%] [32mBuilding C object CMakeFiles/ecat_msgs__rosidl_typesupport_introspection_c.dir/rosidl_typesupport_introspection_c/ecat_msgs/msg/detail/data_received__type_support.c.o[0m
[ 47%] [32mBuilding C object CMakeFiles/ecat_msgs__rosidl_typesupport_introspection_c.dir/rosidl_typesupport_introspection_c/ecat_msgs/msg/detail/data_sent__type_support.c.o[0m
[ 49%] [32mBuilding CXX object CMakeFiles/ecat_msgs__rosidl_typesupport_cpp.dir/rosidl_typesupport_cpp/ecat_msgs/msg/gui_button_data__type_support.cpp.o[0m
[ 52%] [32mBuilding CXX object CMakeFiles/ecat_msgs__rosidl_typesupport_cpp.dir/rosidl_typesupport_cpp/ecat_msgs/msg/haptic_cmd__type_support.cpp.o[0m
[ 52%] [32mBuilding C object CMakeFiles/ecat_msgs__rosidl_typesupport_introspection_c.dir/rosidl_typesupport_introspection_c/ecat_msgs/msg/detail/gui_button_data__type_support.c.o[0m
[ 54%] [32mBuilding C object CMakeFiles/ecat_msgs__rosidl_typesupport_introspection_c.dir/rosidl_typesupport_introspection_c/ecat_msgs/msg/detail/haptic_cmd__type_support.c.o[0m
[ 56%] [32mBuilding CXX object CMakeFiles/ecat_msgs__rosidl_typesupport_fastrtps_cpp.dir/rosidl_typesupport_fastrtps_cpp/ecat_msgs/msg/detail/dds_fastrtps/data_sent__type_support.cpp.o[0m
[ 58%] [32m[1mLinking CXX shared library libecat_msgs__rosidl_typesupport_introspection_cpp.so[0m
[ 60%] [32mBuilding CXX object CMakeFiles/ecat_msgs__rosidl_typesupport_fastrtps_cpp.dir/rosidl_typesupport_fastrtps_cpp/ecat_msgs/msg/detail/dds_fastrtps/gui_button_data__type_support.cpp.o[0m
[ 61%] [32m[1mLinking C shared library libecat_msgs__rosidl_typesupport_introspection_c.so[0m
[ 61%] Built target ecat_msgs__rosidl_typesupport_introspection_cpp
[ 63%] [32mBuilding CXX object CMakeFiles/ecat_msgs__rosidl_typesupport_fastrtps_cpp.dir/rosidl_typesupport_fastrtps_cpp/ecat_msgs/msg/detail/dds_fastrtps/haptic_cmd__type_support.cpp.o[0m
[ 63%] Built target ecat_msgs__rosidl_typesupport_introspection_c
[ 65%] [32m[1mLinking CXX shared library libecat_msgs__rosidl_typesupport_cpp.so[0m
[ 65%] Built target ecat_msgs__rosidl_typesupport_cpp
[ 67%] [32m[1mLinking CXX shared library libecat_msgs__rosidl_typesupport_fastrtps_cpp.so[0m
[ 67%] Built target ecat_msgs__rosidl_typesupport_fastrtps_cpp
[ 69%] [34m[1mGenerating C type support for eProsima Fast-RTPS[0m
[35m[1mScanning dependencies of target ecat_msgs__rosidl_typesupport_fastrtps_c[0m
[ 70%] [32mBuilding CXX object CMakeFiles/ecat_msgs__rosidl_typesupport_fastrtps_c.dir/rosidl_typesupport_fastrtps_c/ecat_msgs/msg/detail/haptic_cmd__type_support_c.cpp.o[0m
[ 76%] [32mBuilding CXX object CMakeFiles/ecat_msgs__rosidl_typesupport_fastrtps_c.dir/rosidl_typesupport_fastrtps_c/ecat_msgs/msg/detail/gui_button_data__type_support_c.cpp.o[0m
[ 76%] [32mBuilding CXX object CMakeFiles/ecat_msgs__rosidl_typesupport_fastrtps_c.dir/rosidl_typesupport_fastrtps_c/ecat_msgs/msg/detail/data_received__type_support_c.cpp.o[0m
[ 76%] [32mBuilding CXX object CMakeFiles/ecat_msgs__rosidl_typesupport_fastrtps_c.dir/rosidl_typesupport_fastrtps_c/ecat_msgs/msg/detail/data_sent__type_support_c.cpp.o[0m
[ 78%] [32m[1mLinking CXX shared library libecat_msgs__rosidl_typesupport_fastrtps_c.so[0m
[ 78%] Built target ecat_msgs__rosidl_typesupport_fastrtps_c
[35m[1mScanning dependencies of target ecat_msgs[0m
[ 78%] Built target ecat_msgs
[35m[1mScanning dependencies of target ecat_msgs__py[0m
[ 80%] [34m[1mGenerating Python code for ROS interfaces[0m
[ 80%] Built target ecat_msgs__py
[35m[1mScanning dependencies of target ecat_msgs__python[0m
[ 81%] [32mBuilding C object CMakeFiles/ecat_msgs__python.dir/rosidl_generator_py/ecat_msgs/msg/_haptic_cmd_s.c.o[0m
[ 83%] [32mBuilding C object CMakeFiles/ecat_msgs__python.dir/rosidl_generator_py/ecat_msgs/msg/_gui_button_data_s.c.o[0m
[ 85%] [32mBuilding C object CMakeFiles/ecat_msgs__python.dir/rosidl_generator_py/ecat_msgs/msg/_data_received_s.c.o[0m
[ 87%] [32mBuilding C object CMakeFiles/ecat_msgs__python.dir/rosidl_generator_py/ecat_msgs/msg/_data_sent_s.c.o[0m
[ 89%] [32m[1mLinking C shared library rosidl_generator_py/ecat_msgs/libecat_msgs__python.so[0m
[ 89%] Built target ecat_msgs__python
[35m[1mScanning dependencies of target ecat_msgs__rosidl_typesupport_c__pyext[0m
[35m[1mScanning dependencies of target ecat_msgs__rosidl_typesupport_introspection_c__pyext[0m
[35m[1mScanning dependencies of target ecat_msgs__rosidl_typesupport_fastrtps_c__pyext[0m
[ 90%] [32mBuilding C object CMakeFiles/ecat_msgs__rosidl_typesupport_introspection_c__pyext.dir/rosidl_generator_py/ecat_msgs/_ecat_msgs_s.ep.rosidl_typesupport_introspection_c.c.o[0m
[ 92%] [32mBuilding C object CMakeFiles/ecat_msgs__rosidl_typesupport_c__pyext.dir/rosidl_generator_py/ecat_msgs/_ecat_msgs_s.ep.rosidl_typesupport_c.c.o[0m
[ 94%] [32mBuilding C object CMakeFiles/ecat_msgs__rosidl_typesupport_fastrtps_c__pyext.dir/rosidl_generator_py/ecat_msgs/_ecat_msgs_s.ep.rosidl_typesupport_fastrtps_c.c.o[0m
[ 96%] [32m[1mLinking C shared library rosidl_generator_py/ecat_msgs/ecat_msgs_s__rosidl_typesupport_c.cpython-38-x86_64-linux-gnu.so[0m
[ 98%] [32m[1mLinking C shared library rosidl_generator_py/ecat_msgs/ecat_msgs_s__rosidl_typesupport_introspection_c.cpython-38-x86_64-linux-gnu.so[0m
[100%] [32m[1mLinking CXX shared library rosidl_generator_py/ecat_msgs/ecat_msgs_s__rosidl_typesupport_fastrtps_c.cpython-38-x86_64-linux-gnu.so[0m
[100%] Built target ecat_msgs__rosidl_typesupport_c__pyext
[100%] Built target ecat_msgs__rosidl_typesupport_introspection_c__pyext
[100%] Built target ecat_msgs__rosidl_typesupport_fastrtps_c__pyext
-- Install configuration: ""
-- Execute custom install script
-- Symlinking: /home/daeyun/Desktop/ecat_control_ws/install/ecat_msgs/share/ament_index/resource_index/rosidl_interfaces/ecat_msgs
-- Symlinking: /home/daeyun/Desktop/ecat_control_ws/install/ecat_msgs/include/ecat_msgs/msg/data_received.h
-- Symlinking: /home/daeyun/Desktop/ecat_control_ws/install/ecat_msgs/include/ecat_msgs/msg/data_sent.h
-- Symlinking: /home/daeyun/Desktop/ecat_control_ws/install/ecat_msgs/include/ecat_msgs/msg/detail/data_received__functions.h
-- Symlinking: /home/daeyun/Desktop/ecat_control_ws/install/ecat_msgs/include/ecat_msgs/msg/detail/data_received__struct.h
-- Symlinking: /home/daeyun/Desktop/ecat_control_ws/install/ecat_msgs/include/ecat_msgs/msg/detail/data_received__type_support.h
-- Symlinking: /home/daeyun/Desktop/ecat_control_ws/install/ecat_msgs/include/ecat_msgs/msg/detail/data_sent__functions.h
-- Symlinking: /home/daeyun/Desktop/ecat_control_ws/install/ecat_msgs/include/ecat_msgs/msg/detail/data_sent__struct.h
-- Symlinking: /home/daeyun/Desktop/ecat_control_ws/install/ecat_msgs/include/ecat_msgs/msg/detail/data_sent__type_support.h
-- Symlinking: /home/daeyun/Desktop/ecat_control_ws/install/ecat_msgs/include/ecat_msgs/msg/detail/gui_button_data__functions.h
-- Symlinking: /home/daeyun/Desktop/ecat_control_ws/install/ecat_msgs/include/ecat_msgs/msg/detail/gui_button_data__struct.h
-- Symlinking: /home/daeyun/Desktop/ecat_control_ws/install/ecat_msgs/include/ecat_msgs/msg/detail/gui_button_data__type_support.h
-- Symlinking: /home/daeyun/Desktop/ecat_control_ws/install/ecat_msgs/include/ecat_msgs/msg/detail/haptic_cmd__functions.h
-- Symlinking: /home/daeyun/Desktop/ecat_control_ws/install/ecat_msgs/include/ecat_msgs/msg/detail/haptic_cmd__struct.h
-- Symlinking: /home/daeyun/Desktop/ecat_control_ws/install/ecat_msgs/include/ecat_msgs/msg/detail/haptic_cmd__type_support.h
-- Symlinking: /home/daeyun/Desktop/ecat_control_ws/install/ecat_msgs/include/ecat_msgs/msg/gui_button_data.h
-- Symlinking: /home/daeyun/Desktop/ecat_control_ws/install/ecat_msgs/include/ecat_msgs/msg/haptic_cmd.h
-- Symlinking: /home/daeyun/Desktop/ecat_control_ws/install/ecat_msgs/include/ecat_msgs/msg/rosidl_generator_c__visibility_control.h
-- Symlinking: /home/daeyun/Desktop/ecat_control_ws/install/ecat_msgs/share/ecat_msgs/environment/library_path.sh
-- Symlinking: /home/daeyun/Desktop/ecat_control_ws/install/ecat_msgs/share/ecat_msgs/environment/library_path.dsv
-- Symlinking: /home/daeyun/Desktop/ecat_control_ws/install/ecat_msgs/include/ecat_msgs/msg/detail/data_received__rosidl_typesupport_fastrtps_c.h
-- Symlinking: /home/daeyun/Desktop/ecat_control_ws/install/ecat_msgs/include/ecat_msgs/msg/detail/data_sent__rosidl_typesupport_fastrtps_c.h
-- Symlinking: /home/daeyun/Desktop/ecat_control_ws/install/ecat_msgs/include/ecat_msgs/msg/detail/gui_button_data__rosidl_typesupport_fastrtps_c.h
-- Symlinking: /home/daeyun/Desktop/ecat_control_ws/install/ecat_msgs/include/ecat_msgs/msg/detail/haptic_cmd__rosidl_typesupport_fastrtps_c.h
-- Symlinking: /home/daeyun/Desktop/ecat_control_ws/install/ecat_msgs/include/ecat_msgs/msg/rosidl_typesupport_fastrtps_c__visibility_control.h
-- Symlinking: /home/daeyun/Desktop/ecat_control_ws/install/ecat_msgs/lib/libecat_msgs__rosidl_typesupport_fastrtps_c.so
-- Symlinking: /home/daeyun/Desktop/ecat_control_ws/install/ecat_msgs/include/ecat_msgs/msg/detail/data_received__rosidl_typesupport_fastrtps_cpp.hpp
-- Symlinking: /home/daeyun/Desktop/ecat_control_ws/install/ecat_msgs/include/ecat_msgs/msg/detail/data_sent__rosidl_typesupport_fastrtps_cpp.hpp
-- Symlinking: /home/daeyun/Desktop/ecat_control_ws/install/ecat_msgs/include/ecat_msgs/msg/detail/gui_button_data__rosidl_typesupport_fastrtps_cpp.hpp
-- Symlinking: /home/daeyun/Desktop/ecat_control_ws/install/ecat_msgs/include/ecat_msgs/msg/detail/haptic_cmd__rosidl_typesupport_fastrtps_cpp.hpp
-- Symlinking: /home/daeyun/Desktop/ecat_control_ws/install/ecat_msgs/include/ecat_msgs/msg/rosidl_typesupport_fastrtps_cpp__visibility_control.h
-- Symlinking: /home/daeyun/Desktop/ecat_control_ws/install/ecat_msgs/lib/libecat_msgs__rosidl_typesupport_fastrtps_cpp.so
-- Symlinking: /home/daeyun/Desktop/ecat_control_ws/install/ecat_msgs/include/ecat_msgs/msg/detail/data_received__rosidl_typesupport_introspection_c.h
-- Symlinking: /home/daeyun/Desktop/ecat_control_ws/install/ecat_msgs/include/ecat_msgs/msg/detail/data_sent__rosidl_typesupport_introspection_c.h
-- Symlinking: /home/daeyun/Desktop/ecat_control_ws/install/ecat_msgs/include/ecat_msgs/msg/detail/gui_button_data__rosidl_typesupport_introspection_c.h
-- Symlinking: /home/daeyun/Desktop/ecat_control_ws/install/ecat_msgs/include/ecat_msgs/msg/detail/haptic_cmd__rosidl_typesupport_introspection_c.h
-- Symlinking: /home/daeyun/Desktop/ecat_control_ws/install/ecat_msgs/include/ecat_msgs/msg/rosidl_typesupport_introspection_c__visibility_control.h
-- Symlinking: /home/daeyun/Desktop/ecat_control_ws/install/ecat_msgs/include/ecat_msgs/msg/data_received.hpp
-- Symlinking: /home/daeyun/Desktop/ecat_control_ws/install/ecat_msgs/include/ecat_msgs/msg/data_sent.hpp
-- Symlinking: /home/daeyun/Desktop/ecat_control_ws/install/ecat_msgs/include/ecat_msgs/msg/detail/data_received__builder.hpp
-- Symlinking: /home/daeyun/Desktop/ecat_control_ws/install/ecat_msgs/include/ecat_msgs/msg/detail/data_received__struct.hpp
-- Symlinking: /home/daeyun/Desktop/ecat_control_ws/install/ecat_msgs/include/ecat_msgs/msg/detail/data_received__traits.hpp
-- Symlinking: /home/daeyun/Desktop/ecat_control_ws/install/ecat_msgs/include/ecat_msgs/msg/detail/data_sent__builder.hpp
-- Symlinking: /home/daeyun/Desktop/ecat_control_ws/install/ecat_msgs/include/ecat_msgs/msg/detail/data_sent__struct.hpp
-- Symlinking: /home/daeyun/Desktop/ecat_control_ws/install/ecat_msgs/include/ecat_msgs/msg/detail/data_sent__traits.hpp
-- Symlinking: /home/daeyun/Desktop/ecat_control_ws/install/ecat_msgs/include/ecat_msgs/msg/detail/gui_button_data__builder.hpp
-- Symlinking: /home/daeyun/Desktop/ecat_control_ws/install/ecat_msgs/include/ecat_msgs/msg/detail/gui_button_data__struct.hpp
-- Symlinking: /home/daeyun/Desktop/ecat_control_ws/install/ecat_msgs/include/ecat_msgs/msg/detail/gui_button_data__traits.hpp
-- Symlinking: /home/daeyun/Desktop/ecat_control_ws/install/ecat_msgs/include/ecat_msgs/msg/detail/haptic_cmd__builder.hpp
-- Symlinking: /home/daeyun/Desktop/ecat_control_ws/install/ecat_msgs/include/ecat_msgs/msg/detail/haptic_cmd__struct.hpp
-- Symlinking: /home/daeyun/Desktop/ecat_control_ws/install/ecat_msgs/include/ecat_msgs/msg/detail/haptic_cmd__traits.hpp
-- Symlinking: /home/daeyun/Desktop/ecat_control_ws/install/ecat_msgs/include/ecat_msgs/msg/gui_button_data.hpp
-- Symlinking: /home/daeyun/Desktop/ecat_control_ws/install/ecat_msgs/include/ecat_msgs/msg/haptic_cmd.hpp
-- Symlinking: /home/daeyun/Desktop/ecat_control_ws/install/ecat_msgs/include/ecat_msgs/msg/detail/data_received__rosidl_typesupport_introspection_cpp.hpp
-- Symlinking: /home/daeyun/Desktop/ecat_control_ws/install/ecat_msgs/include/ecat_msgs/msg/detail/data_sent__rosidl_typesupport_introspection_cpp.hpp
-- Symlinking: /home/daeyun/Desktop/ecat_control_ws/install/ecat_msgs/include/ecat_msgs/msg/detail/gui_button_data__rosidl_typesupport_introspection_cpp.hpp
-- Symlinking: /home/daeyun/Desktop/ecat_control_ws/install/ecat_msgs/include/ecat_msgs/msg/detail/haptic_cmd__rosidl_typesupport_introspection_cpp.hpp
-- Symlinking: /home/daeyun/Desktop/ecat_control_ws/install/ecat_msgs/share/ecat_msgs/environment/pythonpath.sh
-- Symlinking: /home/daeyun/Desktop/ecat_control_ws/install/ecat_msgs/share/ecat_msgs/environment/pythonpath.dsv
-- Symlinking: /home/daeyun/Desktop/ecat_control_ws/install/ecat_msgs/lib/python3.8/site-packages/ecat_msgs/__init__.py
-- Symlinking: /home/daeyun/Desktop/ecat_control_ws/install/ecat_msgs/lib/python3.8/site-packages/ecat_msgs/msg/__init__.py
-- Symlinking: /home/daeyun/Desktop/ecat_control_ws/install/ecat_msgs/lib/python3.8/site-packages/ecat_msgs/msg/_data_received.py
-- Symlinking: /home/daeyun/Desktop/ecat_control_ws/install/ecat_msgs/lib/python3.8/site-packages/ecat_msgs/msg/_data_sent.py
-- Symlinking: /home/daeyun/Desktop/ecat_control_ws/install/ecat_msgs/lib/python3.8/site-packages/ecat_msgs/msg/_gui_button_data.py
-- Symlinking: /home/daeyun/Desktop/ecat_control_ws/install/ecat_msgs/lib/python3.8/site-packages/ecat_msgs/msg/_haptic_cmd.py
-- Symlinking: /home/daeyun/Desktop/ecat_control_ws/install/ecat_msgs/lib/python3.8/site-packages/ecat_msgs/ecat_msgs_s__rosidl_typesupport_fastrtps_c.cpython-38-x86_64-linux-gnu.so
-- Symlinking: /home/daeyun/Desktop/ecat_control_ws/install/ecat_msgs/lib/python3.8/site-packages/ecat_msgs/ecat_msgs_s__rosidl_typesupport_introspection_c.cpython-38-x86_64-linux-gnu.so
-- Symlinking: /home/daeyun/Desktop/ecat_control_ws/install/ecat_msgs/lib/python3.8/site-packages/ecat_msgs/ecat_msgs_s__rosidl_typesupport_c.cpython-38-x86_64-linux-gnu.so
-- Symlinking: /home/daeyun/Desktop/ecat_control_ws/install/ecat_msgs/lib/libecat_msgs__python.so
-- Symlinking: /home/daeyun/Desktop/ecat_control_ws/install/ecat_msgs/share/ecat_msgs/msg/DataReceived.idl
-- Symlinking: /home/daeyun/Desktop/ecat_control_ws/install/ecat_msgs/share/ecat_msgs/msg/DataSent.idl
-- Symlinking: /home/daeyun/Desktop/ecat_control_ws/install/ecat_msgs/share/ecat_msgs/msg/GuiButtonData.idl
-- Symlinking: /home/daeyun/Desktop/ecat_control_ws/install/ecat_msgs/share/ecat_msgs/msg/HapticCmd.idl
-- Symlinking: /home/daeyun/Desktop/ecat_control_ws/install/ecat_msgs/share/ecat_msgs/msg/DataReceived.msg
-- Symlinking: /home/daeyun/Desktop/ecat_control_ws/install/ecat_msgs/share/ecat_msgs/msg/DataSent.msg
-- Symlinking: /home/daeyun/Desktop/ecat_control_ws/install/ecat_msgs/share/ecat_msgs/msg/GuiButtonData.msg
-- Symlinking: /home/daeyun/Desktop/ecat_control_ws/install/ecat_msgs/share/ecat_msgs/msg/HapticCmd.msg
-- Symlinking: /home/daeyun/Desktop/ecat_control_ws/install/ecat_msgs/share/ament_index/resource_index/package_run_dependencies/ecat_msgs
-- Symlinking: /home/daeyun/Desktop/ecat_control_ws/install/ecat_msgs/share/ament_index/resource_index/parent_prefix_path/ecat_msgs
-- Symlinking: /home/daeyun/Desktop/ecat_control_ws/install/ecat_msgs/share/ecat_msgs/environment/ament_prefix_path.sh
-- Symlinking: /home/daeyun/Desktop/ecat_control_ws/install/ecat_msgs/share/ecat_msgs/environment/ament_prefix_path.dsv
-- Symlinking: /home/daeyun/Desktop/ecat_control_ws/install/ecat_msgs/share/ecat_msgs/environment/path.sh
-- Symlinking: /home/daeyun/Desktop/ecat_control_ws/install/ecat_msgs/share/ecat_msgs/environment/path.dsv
-- Symlinking: /home/daeyun/Desktop/ecat_control_ws/install/ecat_msgs/share/ecat_msgs/local_setup.bash
-- Symlinking: /home/daeyun/Desktop/ecat_control_ws/install/ecat_msgs/share/ecat_msgs/local_setup.sh
-- Symlinking: /home/daeyun/Desktop/ecat_control_ws/install/ecat_msgs/share/ecat_msgs/local_setup.zsh
-- Symlinking: /home/daeyun/Desktop/ecat_control_ws/install/ecat_msgs/share/ecat_msgs/local_setup.dsv
-- Symlinking: /home/daeyun/Desktop/ecat_control_ws/install/ecat_msgs/share/ecat_msgs/package.dsv
-- Symlinking: /home/daeyun/Desktop/ecat_control_ws/install/ecat_msgs/share/ament_index/resource_index/packages/ecat_msgs
-- Symlinking: /home/daeyun/Desktop/ecat_control_ws/install/ecat_msgs/share/ecat_msgs/cmake/rosidl_cmake-extras.cmake
-- Symlinking: /home/daeyun/Desktop/ecat_control_ws/install/ecat_msgs/share/ecat_msgs/cmake/ament_cmake_export_dependencies-extras.cmake
-- Symlinking: /home/daeyun/Desktop/ecat_control_ws/install/ecat_msgs/share/ecat_msgs/cmake/ament_cmake_export_libraries-extras.cmake
-- Symlinking: /home/daeyun/Desktop/ecat_control_ws/install/ecat_msgs/share/ecat_msgs/cmake/ament_cmake_export_targets-extras.cmake
-- Symlinking: /home/daeyun/Desktop/ecat_control_ws/install/ecat_msgs/share/ecat_msgs/cmake/ament_cmake_export_include_directories-extras.cmake
-- Symlinking: /home/daeyun/Desktop/ecat_control_ws/install/ecat_msgs/share/ecat_msgs/cmake/rosidl_cmake_export_typesupport_libraries-extras.cmake
-- Symlinking: /home/daeyun/Desktop/ecat_control_ws/install/ecat_msgs/share/ecat_msgs/cmake/rosidl_cmake_export_typesupport_targets-extras.cmake
-- Symlinking: /home/daeyun/Desktop/ecat_control_ws/install/ecat_msgs/share/ecat_msgs/cmake/ecat_msgsConfig.cmake
-- Symlinking: /home/daeyun/Desktop/ecat_control_ws/install/ecat_msgs/share/ecat_msgs/cmake/ecat_msgsConfig-version.cmake
-- Symlinking: /home/daeyun/Desktop/ecat_control_ws/install/ecat_msgs/share/ecat_msgs/package.xml
-- Installing: /home/daeyun/Desktop/ecat_control_ws/install/ecat_msgs/lib/libecat_msgs__rosidl_generator_c.so
-- Set runtime path of "/home/daeyun/Desktop/ecat_control_ws/install/ecat_msgs/lib/libecat_msgs__rosidl_generator_c.so" to ""
-- Installing: /home/daeyun/Desktop/ecat_control_ws/install/ecat_msgs/lib/libecat_msgs__rosidl_typesupport_introspection_c.so
-- Set runtime path of "/home/daeyun/Desktop/ecat_control_ws/install/ecat_msgs/lib/libecat_msgs__rosidl_typesupport_introspection_c.so" to ""
-- Installing: /home/daeyun/Desktop/ecat_control_ws/install/ecat_msgs/lib/libecat_msgs__rosidl_typesupport_c.so
-- Set runtime path of "/home/daeyun/Desktop/ecat_control_ws/install/ecat_msgs/lib/libecat_msgs__rosidl_typesupport_c.so" to ""
-- Installing: /home/daeyun/Desktop/ecat_control_ws/install/ecat_msgs/lib/libecat_msgs__rosidl_typesupport_introspection_cpp.so
-- Set runtime path of "/home/daeyun/Desktop/ecat_control_ws/install/ecat_msgs/lib/libecat_msgs__rosidl_typesupport_introspection_cpp.so" to ""
-- Installing: /home/daeyun/Desktop/ecat_control_ws/install/ecat_msgs/lib/libecat_msgs__rosidl_typesupport_cpp.so
-- Set runtime path of "/home/daeyun/Desktop/ecat_control_ws/install/ecat_msgs/lib/libecat_msgs__rosidl_typesupport_cpp.so" to ""
Compiling '/home/daeyun/Desktop/ecat_control_ws/install/ecat_msgs/lib/python3.8/site-packages/ecat_msgs/__init__.py'...
-- Installing: /home/daeyun/Desktop/ecat_control_ws/install/ecat_msgs/share/ecat_msgs/cmake/ecat_msgs__rosidl_generator_cExport.cmake
-- Installing: /home/daeyun/Desktop/ecat_control_ws/install/ecat_msgs/share/ecat_msgs/cmake/ecat_msgs__rosidl_generator_cExport-noconfig.cmake
-- Installing: /home/daeyun/Desktop/ecat_control_ws/install/ecat_msgs/share/ecat_msgs/cmake/ecat_msgs__rosidl_typesupport_introspection_cExport.cmake
-- Installing: /home/daeyun/Desktop/ecat_control_ws/install/ecat_msgs/share/ecat_msgs/cmake/ecat_msgs__rosidl_typesupport_introspection_cExport-noconfig.cmake
-- Installing: /home/daeyun/Desktop/ecat_control_ws/install/ecat_msgs/share/ecat_msgs/cmake/ecat_msgs__rosidl_typesupport_cExport.cmake
-- Installing: /home/daeyun/Desktop/ecat_control_ws/install/ecat_msgs/share/ecat_msgs/cmake/ecat_msgs__rosidl_typesupport_cExport-noconfig.cmake
-- Installing: /home/daeyun/Desktop/ecat_control_ws/install/ecat_msgs/share/ecat_msgs/cmake/ecat_msgs__rosidl_generator_cppExport.cmake
-- Installing: /home/daeyun/Desktop/ecat_control_ws/install/ecat_msgs/share/ecat_msgs/cmake/ecat_msgs__rosidl_typesupport_introspection_cppExport.cmake
-- Installing: /home/daeyun/Desktop/ecat_control_ws/install/ecat_msgs/share/ecat_msgs/cmake/ecat_msgs__rosidl_typesupport_introspection_cppExport-noconfig.cmake
-- Installing: /home/daeyun/Desktop/ecat_control_ws/install/ecat_msgs/share/ecat_msgs/cmake/ecat_msgs__rosidl_typesupport_cppExport.cmake
-- Installing: /home/daeyun/Desktop/ecat_control_ws/install/ecat_msgs/share/ecat_msgs/cmake/ecat_msgs__rosidl_typesupport_cppExport-noconfig.cmake
