[0.017s] Invoking command in '/home/daeyun/Desktop/ecat_control_ws/build/ecat_msgs': CMAKE_PREFIX_PATH=/opt/ros/foxy /usr/bin/cmake /home/daeyun/Desktop/ecat_control_ws/src/ecat_msgs -DAMENT_CMAKE_SYMLINK_INSTALL=1 -DCMAKE_INSTALL_PREFIX=/home/daeyun/Desktop/ecat_control_ws/install/ecat_msgs
[0.172s] -- The C compiler identification is GNU 9.4.0
[0.286s] -- The CXX compiler identification is GNU 9.4.0
[0.293s] -- Check for working C compiler: /usr/bin/cc
[0.348s] -- Check for working C compiler: /usr/bin/cc -- works
[0.349s] -- Detecting C compiler ABI info
[0.401s] -- Detecting C compiler ABI info - done
[0.409s] -- Detecting C compile features
[0.409s] -- Detecting C compile features - done
[0.412s] -- Check for working CXX compiler: /usr/bin/c++
[0.471s] -- Check for working CXX compiler: /usr/bin/c++ -- works
[0.472s] -- Detecting CXX compiler ABI info
[0.533s] -- Detecting CXX compiler ABI info - done
[0.541s] -- Detecting CXX compile features
[0.541s] -- Detecting CXX compile features - done
[0.544s] -- Found ament_cmake: 0.9.9 (/opt/ros/foxy/share/ament_cmake/cmake)
[0.564s] -- Found PythonInterp: /usr/bin/python3 (found suitable version "3.8.10", minimum required is "3") 
[0.564s] -- Using PYTHON_EXECUTABLE: /usr/bin/python3
[0.676s] -- Override CMake install command with custom implementation using symlinks instead of copying resources
[0.705s] -- Found std_msgs: 2.0.5 (/opt/ros/foxy/share/std_msgs/cmake)
[0.731s] -- Using all available rosidl_typesupport_c: rosidl_typesupport_fastrtps_c;rosidl_typesupport_introspection_c
[0.737s] -- Found rosidl_adapter: 1.2.1 (/opt/ros/foxy/share/rosidl_adapter/cmake)
[0.810s] -- Found OpenSSL: /usr/lib/x86_64-linux-gnu/libcrypto.so (found version "1.1.1f")  
[0.833s] -- Found FastRTPS: /opt/ros/foxy/include  
[0.899s] -- Using all available rosidl_typesupport_cpp: rosidl_typesupport_fastrtps_cpp;rosidl_typesupport_introspection_cpp
[0.939s] -- Found rosidl_default_generators: 1.0.1 (/opt/ros/foxy/share/rosidl_default_generators/cmake)
[0.965s] -- Found PythonInterp: /usr/bin/python3 (found version "3.8.10") 
[1.085s] -- Found ament_cmake_ros: 0.9.2 (/opt/ros/foxy/share/ament_cmake_ros/cmake)
[1.235s] -- Using all available rosidl_typesupport_c: rosidl_typesupport_fastrtps_c;rosidl_typesupport_introspection_c
[1.296s] -- Using all available rosidl_typesupport_cpp: rosidl_typesupport_fastrtps_cpp;rosidl_typesupport_introspection_cpp
[1.314s] -- Found PythonInterp: /usr/bin/python3 (found suitable version "3.8.10", minimum required is "3.5") 
[1.315s] -- Found python_cmake_module: 0.8.1 (/opt/ros/foxy/share/python_cmake_module/cmake)
[1.336s] -- Found PythonLibs: /usr/lib/x86_64-linux-gnu/libpython3.8.so (found suitable version "3.8.10", minimum required is "3.5") 
[1.336s] -- Using PYTHON_EXECUTABLE: /usr/bin/python3
[1.336s] -- Using PYTHON_INCLUDE_DIRS: /usr/include/python3.8
[1.336s] -- Using PYTHON_LIBRARIES: /usr/lib/x86_64-linux-gnu/libpython3.8.so
[1.351s] -- Found PythonExtra: .so  
[1.409s] -- Configuring done
[1.447s] -- Generating done
[1.449s] -- Build files have been written to: /home/daeyun/Desktop/ecat_control_ws/build/ecat_msgs
[1.456s] Invoked command in '/home/daeyun/Desktop/ecat_control_ws/build/ecat_msgs' returned '0': CMAKE_PREFIX_PATH=/opt/ros/foxy /usr/bin/cmake /home/daeyun/Desktop/ecat_control_ws/src/ecat_msgs -DAMENT_CMAKE_SYMLINK_INSTALL=1 -DCMAKE_INSTALL_PREFIX=/home/daeyun/Desktop/ecat_control_ws/install/ecat_msgs
[1.458s] Invoking command in '/home/daeyun/Desktop/ecat_control_ws/build/ecat_msgs': CMAKE_PREFIX_PATH=/opt/ros/foxy /usr/bin/cmake --build /home/daeyun/Desktop/ecat_control_ws/build/ecat_msgs -- -j8 -l8
[1.490s] [  1%] [34m[1mGenerating C code for ROS interfaces[0m
[1.490s] [35m[1mScanning dependencies of target ecat_msgs__cpp[0m
[1.498s] [  3%] [34m[1mGenerating C++ code for ROS interfaces[0m
[1.911s] [  3%] Built target ecat_msgs__cpp
[1.921s] [  9%] [34m[1mGenerating C++ introspection for ROS interfaces[0m
[1.921s] [  9%] [34m[1mGenerating C++ type support dispatch for ROS interfaces[0m
[1.921s] [  9%] [34m[1mGenerating C++ type support for eProsima Fast-RTPS[0m
[1.926s] [35m[1mScanning dependencies of target ecat_msgs__rosidl_generator_c[0m
[1.944s] [ 12%] [32mBuilding C object CMakeFiles/ecat_msgs__rosidl_generator_c.dir/rosidl_generator_c/ecat_msgs/msg/detail/gui_button_data__functions.c.o[0m
[1.944s] [ 12%] [32mBuilding C object CMakeFiles/ecat_msgs__rosidl_generator_c.dir/rosidl_generator_c/ecat_msgs/msg/detail/data_received__functions.c.o[0m
[1.945s] [ 16%] [32mBuilding C object CMakeFiles/ecat_msgs__rosidl_generator_c.dir/rosidl_generator_c/ecat_msgs/msg/detail/haptic_cmd__functions.c.o[0m
[1.945s] [ 16%] [32mBuilding C object CMakeFiles/ecat_msgs__rosidl_generator_c.dir/rosidl_generator_c/ecat_msgs/msg/detail/data_sent__functions.c.o[0m
[1.991s] [ 18%] [32m[1mLinking C shared library libecat_msgs__rosidl_generator_c.so[0m
[2.028s] [ 18%] Built target ecat_msgs__rosidl_generator_c
[2.040s] [ 20%] [34m[1mGenerating C type support dispatch for ROS interfaces[0m
[2.040s] [ 21%] [34m[1mGenerating C introspection for ROS interfaces[0m
[2.249s] [35m[1mScanning dependencies of target ecat_msgs__rosidl_typesupport_introspection_cpp[0m
[2.266s] [ 25%] [32mBuilding CXX object CMakeFiles/ecat_msgs__rosidl_typesupport_introspection_cpp.dir/rosidl_typesupport_introspection_cpp/ecat_msgs/msg/detail/data_received__type_support.cpp.o[0m
[2.266s] [ 25%] [32mBuilding CXX object CMakeFiles/ecat_msgs__rosidl_typesupport_introspection_cpp.dir/rosidl_typesupport_introspection_cpp/ecat_msgs/msg/detail/data_sent__type_support.cpp.o[0m
[2.267s] [ 27%] [32mBuilding CXX object CMakeFiles/ecat_msgs__rosidl_typesupport_introspection_cpp.dir/rosidl_typesupport_introspection_cpp/ecat_msgs/msg/detail/haptic_cmd__type_support.cpp.o[0m
[2.273s] [ 29%] [32mBuilding CXX object CMakeFiles/ecat_msgs__rosidl_typesupport_introspection_cpp.dir/rosidl_typesupport_introspection_cpp/ecat_msgs/msg/detail/gui_button_data__type_support.cpp.o[0m
[2.366s] [35m[1mScanning dependencies of target ecat_msgs__rosidl_typesupport_cpp[0m
[2.405s] [ 30%] [32mBuilding CXX object CMakeFiles/ecat_msgs__rosidl_typesupport_cpp.dir/rosidl_typesupport_cpp/ecat_msgs/msg/data_received__type_support.cpp.o[0m
[2.417s] [35m[1mScanning dependencies of target ecat_msgs__rosidl_typesupport_c[0m
[2.445s] [ 32%] [32mBuilding CXX object CMakeFiles/ecat_msgs__rosidl_typesupport_c.dir/rosidl_typesupport_c/ecat_msgs/msg/data_received__type_support.cpp.o[0m
[2.496s] [ 34%] [32mBuilding CXX object CMakeFiles/ecat_msgs__rosidl_typesupport_c.dir/rosidl_typesupport_c/ecat_msgs/msg/data_sent__type_support.cpp.o[0m
[2.536s] [ 36%] [32mBuilding CXX object CMakeFiles/ecat_msgs__rosidl_typesupport_c.dir/rosidl_typesupport_c/ecat_msgs/msg/gui_button_data__type_support.cpp.o[0m
[2.574s] [ 38%] [32mBuilding CXX object CMakeFiles/ecat_msgs__rosidl_typesupport_c.dir/rosidl_typesupport_c/ecat_msgs/msg/haptic_cmd__type_support.cpp.o[0m
[2.619s] [ 40%] [32m[1mLinking CXX shared library libecat_msgs__rosidl_typesupport_c.so[0m
[2.620s] [ 41%] [32mBuilding CXX object CMakeFiles/ecat_msgs__rosidl_typesupport_cpp.dir/rosidl_typesupport_cpp/ecat_msgs/msg/data_sent__type_support.cpp.o[0m
[2.634s] [35m[1mScanning dependencies of target ecat_msgs__rosidl_typesupport_fastrtps_cpp[0m
[2.645s] [35m[1mScanning dependencies of target ecat_msgs__rosidl_typesupport_introspection_c[0m
[2.667s] [ 43%] [32mBuilding CXX object CMakeFiles/ecat_msgs__rosidl_typesupport_fastrtps_cpp.dir/rosidl_typesupport_fastrtps_cpp/ecat_msgs/msg/detail/dds_fastrtps/data_received__type_support.cpp.o[0m
[2.674s] [ 43%] Built target ecat_msgs__rosidl_typesupport_c
[2.698s] [ 45%] [32mBuilding C object CMakeFiles/ecat_msgs__rosidl_typesupport_introspection_c.dir/rosidl_typesupport_introspection_c/ecat_msgs/msg/detail/data_received__type_support.c.o[0m
[2.699s] [ 47%] [32mBuilding C object CMakeFiles/ecat_msgs__rosidl_typesupport_introspection_c.dir/rosidl_typesupport_introspection_c/ecat_msgs/msg/detail/data_sent__type_support.c.o[0m
[2.753s] [ 49%] [32mBuilding CXX object CMakeFiles/ecat_msgs__rosidl_typesupport_cpp.dir/rosidl_typesupport_cpp/ecat_msgs/msg/gui_button_data__type_support.cpp.o[0m
[2.759s] [ 52%] [32mBuilding CXX object CMakeFiles/ecat_msgs__rosidl_typesupport_cpp.dir/rosidl_typesupport_cpp/ecat_msgs/msg/haptic_cmd__type_support.cpp.o[0m
[2.760s] [ 52%] [32mBuilding C object CMakeFiles/ecat_msgs__rosidl_typesupport_introspection_c.dir/rosidl_typesupport_introspection_c/ecat_msgs/msg/detail/gui_button_data__type_support.c.o[0m
[2.766s] [ 54%] [32mBuilding C object CMakeFiles/ecat_msgs__rosidl_typesupport_introspection_c.dir/rosidl_typesupport_introspection_c/ecat_msgs/msg/detail/haptic_cmd__type_support.c.o[0m
[2.792s] [ 56%] [32mBuilding CXX object CMakeFiles/ecat_msgs__rosidl_typesupport_fastrtps_cpp.dir/rosidl_typesupport_fastrtps_cpp/ecat_msgs/msg/detail/dds_fastrtps/data_sent__type_support.cpp.o[0m
[2.806s] [ 58%] [32m[1mLinking CXX shared library libecat_msgs__rosidl_typesupport_introspection_cpp.so[0m
[2.838s] [ 60%] [32mBuilding CXX object CMakeFiles/ecat_msgs__rosidl_typesupport_fastrtps_cpp.dir/rosidl_typesupport_fastrtps_cpp/ecat_msgs/msg/detail/dds_fastrtps/gui_button_data__type_support.cpp.o[0m
[2.851s] [ 61%] [32m[1mLinking C shared library libecat_msgs__rosidl_typesupport_introspection_c.so[0m
[2.915s] [ 61%] Built target ecat_msgs__rosidl_typesupport_introspection_cpp
[2.932s] [ 63%] [32mBuilding CXX object CMakeFiles/ecat_msgs__rosidl_typesupport_fastrtps_cpp.dir/rosidl_typesupport_fastrtps_cpp/ecat_msgs/msg/detail/dds_fastrtps/haptic_cmd__type_support.cpp.o[0m
[2.954s] [ 63%] Built target ecat_msgs__rosidl_typesupport_introspection_c
[3.080s] [ 65%] [32m[1mLinking CXX shared library libecat_msgs__rosidl_typesupport_cpp.so[0m
[3.114s] [ 65%] Built target ecat_msgs__rosidl_typesupport_cpp
[3.396s] [ 67%] [32m[1mLinking CXX shared library libecat_msgs__rosidl_typesupport_fastrtps_cpp.so[0m
[3.501s] [ 67%] Built target ecat_msgs__rosidl_typesupport_fastrtps_cpp
[3.510s] [ 69%] [34m[1mGenerating C type support for eProsima Fast-RTPS[0m
[3.812s] [35m[1mScanning dependencies of target ecat_msgs__rosidl_typesupport_fastrtps_c[0m
[3.828s] [ 70%] [32mBuilding CXX object CMakeFiles/ecat_msgs__rosidl_typesupport_fastrtps_c.dir/rosidl_typesupport_fastrtps_c/ecat_msgs/msg/detail/haptic_cmd__type_support_c.cpp.o[0m
[3.829s] [ 76%] [32mBuilding CXX object CMakeFiles/ecat_msgs__rosidl_typesupport_fastrtps_c.dir/rosidl_typesupport_fastrtps_c/ecat_msgs/msg/detail/gui_button_data__type_support_c.cpp.o[0m
[3.829s] [ 76%] [32mBuilding CXX object CMakeFiles/ecat_msgs__rosidl_typesupport_fastrtps_c.dir/rosidl_typesupport_fastrtps_c/ecat_msgs/msg/detail/data_received__type_support_c.cpp.o[0m
[3.829s] [ 76%] [32mBuilding CXX object CMakeFiles/ecat_msgs__rosidl_typesupport_fastrtps_c.dir/rosidl_typesupport_fastrtps_c/ecat_msgs/msg/detail/data_sent__type_support_c.cpp.o[0m
[4.153s] [ 78%] [32m[1mLinking CXX shared library libecat_msgs__rosidl_typesupport_fastrtps_c.so[0m
[4.217s] [ 78%] Built target ecat_msgs__rosidl_typesupport_fastrtps_c
[4.225s] [35m[1mScanning dependencies of target ecat_msgs[0m
[4.235s] [ 78%] Built target ecat_msgs
[4.243s] [35m[1mScanning dependencies of target ecat_msgs__py[0m
[4.252s] [ 80%] [34m[1mGenerating Python code for ROS interfaces[0m
[4.920s] [ 80%] Built target ecat_msgs__py
[4.929s] [35m[1mScanning dependencies of target ecat_msgs__python[0m
[4.961s] [ 81%] [32mBuilding C object CMakeFiles/ecat_msgs__python.dir/rosidl_generator_py/ecat_msgs/msg/_haptic_cmd_s.c.o[0m
[4.961s] [ 83%] [32mBuilding C object CMakeFiles/ecat_msgs__python.dir/rosidl_generator_py/ecat_msgs/msg/_gui_button_data_s.c.o[0m
[4.961s] [ 85%] [32mBuilding C object CMakeFiles/ecat_msgs__python.dir/rosidl_generator_py/ecat_msgs/msg/_data_received_s.c.o[0m
[4.962s] [ 87%] [32mBuilding C object CMakeFiles/ecat_msgs__python.dir/rosidl_generator_py/ecat_msgs/msg/_data_sent_s.c.o[0m
[5.070s] [ 89%] [32m[1mLinking C shared library rosidl_generator_py/ecat_msgs/libecat_msgs__python.so[0m
[5.102s] [ 89%] Built target ecat_msgs__python
[5.110s] [35m[1mScanning dependencies of target ecat_msgs__rosidl_typesupport_c__pyext[0m
[5.110s] [35m[1mScanning dependencies of target ecat_msgs__rosidl_typesupport_introspection_c__pyext[0m
[5.111s] [35m[1mScanning dependencies of target ecat_msgs__rosidl_typesupport_fastrtps_c__pyext[0m
[5.125s] [ 90%] [32mBuilding C object CMakeFiles/ecat_msgs__rosidl_typesupport_introspection_c__pyext.dir/rosidl_generator_py/ecat_msgs/_ecat_msgs_s.ep.rosidl_typesupport_introspection_c.c.o[0m
[5.126s] [ 92%] [32mBuilding C object CMakeFiles/ecat_msgs__rosidl_typesupport_c__pyext.dir/rosidl_generator_py/ecat_msgs/_ecat_msgs_s.ep.rosidl_typesupport_c.c.o[0m
[5.127s] [ 94%] [32mBuilding C object CMakeFiles/ecat_msgs__rosidl_typesupport_fastrtps_c__pyext.dir/rosidl_generator_py/ecat_msgs/_ecat_msgs_s.ep.rosidl_typesupport_fastrtps_c.c.o[0m
[5.194s] [ 96%] [32m[1mLinking C shared library rosidl_generator_py/ecat_msgs/ecat_msgs_s__rosidl_typesupport_c.cpython-38-x86_64-linux-gnu.so[0m
[5.199s] [ 98%] [32m[1mLinking C shared library rosidl_generator_py/ecat_msgs/ecat_msgs_s__rosidl_typesupport_introspection_c.cpython-38-x86_64-linux-gnu.so[0m
[5.202s] [100%] [32m[1mLinking CXX shared library rosidl_generator_py/ecat_msgs/ecat_msgs_s__rosidl_typesupport_fastrtps_c.cpython-38-x86_64-linux-gnu.so[0m
[5.224s] [100%] Built target ecat_msgs__rosidl_typesupport_c__pyext
[5.231s] [100%] Built target ecat_msgs__rosidl_typesupport_introspection_c__pyext
[5.258s] [100%] Built target ecat_msgs__rosidl_typesupport_fastrtps_c__pyext
[5.268s] Invoked command in '/home/daeyun/Desktop/ecat_control_ws/build/ecat_msgs' returned '0': CMAKE_PREFIX_PATH=/opt/ros/foxy /usr/bin/cmake --build /home/daeyun/Desktop/ecat_control_ws/build/ecat_msgs -- -j8 -l8
[5.350s] Invoking command in '/home/daeyun/Desktop/ecat_control_ws/build/ecat_msgs': CMAKE_PREFIX_PATH=/opt/ros/foxy /usr/bin/cmake --install /home/daeyun/Desktop/ecat_control_ws/build/ecat_msgs
[5.358s] -- Install configuration: ""
[5.358s] -- Execute custom install script
[5.358s] -- Symlinking: /home/daeyun/Desktop/ecat_control_ws/install/ecat_msgs/share/ament_index/resource_index/rosidl_interfaces/ecat_msgs
[5.366s] -- Symlinking: /home/daeyun/Desktop/ecat_control_ws/install/ecat_msgs/include/ecat_msgs/msg/data_received.h
[5.373s] -- Symlinking: /home/daeyun/Desktop/ecat_control_ws/install/ecat_msgs/include/ecat_msgs/msg/data_sent.h
[5.380s] -- Symlinking: /home/daeyun/Desktop/ecat_control_ws/install/ecat_msgs/include/ecat_msgs/msg/detail/data_received__functions.h
[5.387s] -- Symlinking: /home/daeyun/Desktop/ecat_control_ws/install/ecat_msgs/include/ecat_msgs/msg/detail/data_received__struct.h
[5.394s] -- Symlinking: /home/daeyun/Desktop/ecat_control_ws/install/ecat_msgs/include/ecat_msgs/msg/detail/data_received__type_support.h
[5.401s] -- Symlinking: /home/daeyun/Desktop/ecat_control_ws/install/ecat_msgs/include/ecat_msgs/msg/detail/data_sent__functions.h
[5.407s] -- Symlinking: /home/daeyun/Desktop/ecat_control_ws/install/ecat_msgs/include/ecat_msgs/msg/detail/data_sent__struct.h
[5.414s] -- Symlinking: /home/daeyun/Desktop/ecat_control_ws/install/ecat_msgs/include/ecat_msgs/msg/detail/data_sent__type_support.h
[5.421s] -- Symlinking: /home/daeyun/Desktop/ecat_control_ws/install/ecat_msgs/include/ecat_msgs/msg/detail/gui_button_data__functions.h
[5.427s] -- Symlinking: /home/daeyun/Desktop/ecat_control_ws/install/ecat_msgs/include/ecat_msgs/msg/detail/gui_button_data__struct.h
[5.434s] -- Symlinking: /home/daeyun/Desktop/ecat_control_ws/install/ecat_msgs/include/ecat_msgs/msg/detail/gui_button_data__type_support.h
[5.441s] -- Symlinking: /home/daeyun/Desktop/ecat_control_ws/install/ecat_msgs/include/ecat_msgs/msg/detail/haptic_cmd__functions.h
[5.448s] -- Symlinking: /home/daeyun/Desktop/ecat_control_ws/install/ecat_msgs/include/ecat_msgs/msg/detail/haptic_cmd__struct.h
[5.455s] -- Symlinking: /home/daeyun/Desktop/ecat_control_ws/install/ecat_msgs/include/ecat_msgs/msg/detail/haptic_cmd__type_support.h
[5.462s] -- Symlinking: /home/daeyun/Desktop/ecat_control_ws/install/ecat_msgs/include/ecat_msgs/msg/gui_button_data.h
[5.468s] -- Symlinking: /home/daeyun/Desktop/ecat_control_ws/install/ecat_msgs/include/ecat_msgs/msg/haptic_cmd.h
[5.475s] -- Symlinking: /home/daeyun/Desktop/ecat_control_ws/install/ecat_msgs/include/ecat_msgs/msg/rosidl_generator_c__visibility_control.h
[5.482s] -- Symlinking: /home/daeyun/Desktop/ecat_control_ws/install/ecat_msgs/share/ecat_msgs/environment/library_path.sh
[5.489s] -- Symlinking: /home/daeyun/Desktop/ecat_control_ws/install/ecat_msgs/share/ecat_msgs/environment/library_path.dsv
[5.496s] -- Symlinking: /home/daeyun/Desktop/ecat_control_ws/install/ecat_msgs/include/ecat_msgs/msg/detail/data_received__rosidl_typesupport_fastrtps_c.h
[5.503s] -- Symlinking: /home/daeyun/Desktop/ecat_control_ws/install/ecat_msgs/include/ecat_msgs/msg/detail/data_sent__rosidl_typesupport_fastrtps_c.h
[5.510s] -- Symlinking: /home/daeyun/Desktop/ecat_control_ws/install/ecat_msgs/include/ecat_msgs/msg/detail/gui_button_data__rosidl_typesupport_fastrtps_c.h
[5.517s] -- Symlinking: /home/daeyun/Desktop/ecat_control_ws/install/ecat_msgs/include/ecat_msgs/msg/detail/haptic_cmd__rosidl_typesupport_fastrtps_c.h
[5.524s] -- Symlinking: /home/daeyun/Desktop/ecat_control_ws/install/ecat_msgs/include/ecat_msgs/msg/rosidl_typesupport_fastrtps_c__visibility_control.h
[5.531s] -- Symlinking: /home/daeyun/Desktop/ecat_control_ws/install/ecat_msgs/lib/libecat_msgs__rosidl_typesupport_fastrtps_c.so
[5.538s] -- Symlinking: /home/daeyun/Desktop/ecat_control_ws/install/ecat_msgs/include/ecat_msgs/msg/detail/data_received__rosidl_typesupport_fastrtps_cpp.hpp
[5.545s] -- Symlinking: /home/daeyun/Desktop/ecat_control_ws/install/ecat_msgs/include/ecat_msgs/msg/detail/data_sent__rosidl_typesupport_fastrtps_cpp.hpp
[5.552s] -- Symlinking: /home/daeyun/Desktop/ecat_control_ws/install/ecat_msgs/include/ecat_msgs/msg/detail/gui_button_data__rosidl_typesupport_fastrtps_cpp.hpp
[5.559s] -- Symlinking: /home/daeyun/Desktop/ecat_control_ws/install/ecat_msgs/include/ecat_msgs/msg/detail/haptic_cmd__rosidl_typesupport_fastrtps_cpp.hpp
[5.566s] -- Symlinking: /home/daeyun/Desktop/ecat_control_ws/install/ecat_msgs/include/ecat_msgs/msg/rosidl_typesupport_fastrtps_cpp__visibility_control.h
[5.573s] -- Symlinking: /home/daeyun/Desktop/ecat_control_ws/install/ecat_msgs/lib/libecat_msgs__rosidl_typesupport_fastrtps_cpp.so
[5.580s] -- Symlinking: /home/daeyun/Desktop/ecat_control_ws/install/ecat_msgs/include/ecat_msgs/msg/detail/data_received__rosidl_typesupport_introspection_c.h
[5.587s] -- Symlinking: /home/daeyun/Desktop/ecat_control_ws/install/ecat_msgs/include/ecat_msgs/msg/detail/data_sent__rosidl_typesupport_introspection_c.h
[5.594s] -- Symlinking: /home/daeyun/Desktop/ecat_control_ws/install/ecat_msgs/include/ecat_msgs/msg/detail/gui_button_data__rosidl_typesupport_introspection_c.h
[5.600s] -- Symlinking: /home/daeyun/Desktop/ecat_control_ws/install/ecat_msgs/include/ecat_msgs/msg/detail/haptic_cmd__rosidl_typesupport_introspection_c.h
[5.607s] -- Symlinking: /home/daeyun/Desktop/ecat_control_ws/install/ecat_msgs/include/ecat_msgs/msg/rosidl_typesupport_introspection_c__visibility_control.h
[5.614s] -- Symlinking: /home/daeyun/Desktop/ecat_control_ws/install/ecat_msgs/include/ecat_msgs/msg/data_received.hpp
[5.621s] -- Symlinking: /home/daeyun/Desktop/ecat_control_ws/install/ecat_msgs/include/ecat_msgs/msg/data_sent.hpp
[5.628s] -- Symlinking: /home/daeyun/Desktop/ecat_control_ws/install/ecat_msgs/include/ecat_msgs/msg/detail/data_received__builder.hpp
[5.635s] -- Symlinking: /home/daeyun/Desktop/ecat_control_ws/install/ecat_msgs/include/ecat_msgs/msg/detail/data_received__struct.hpp
[5.642s] -- Symlinking: /home/daeyun/Desktop/ecat_control_ws/install/ecat_msgs/include/ecat_msgs/msg/detail/data_received__traits.hpp
[5.649s] -- Symlinking: /home/daeyun/Desktop/ecat_control_ws/install/ecat_msgs/include/ecat_msgs/msg/detail/data_sent__builder.hpp
[5.656s] -- Symlinking: /home/daeyun/Desktop/ecat_control_ws/install/ecat_msgs/include/ecat_msgs/msg/detail/data_sent__struct.hpp
[5.663s] -- Symlinking: /home/daeyun/Desktop/ecat_control_ws/install/ecat_msgs/include/ecat_msgs/msg/detail/data_sent__traits.hpp
[5.670s] -- Symlinking: /home/daeyun/Desktop/ecat_control_ws/install/ecat_msgs/include/ecat_msgs/msg/detail/gui_button_data__builder.hpp
[5.677s] -- Symlinking: /home/daeyun/Desktop/ecat_control_ws/install/ecat_msgs/include/ecat_msgs/msg/detail/gui_button_data__struct.hpp
[5.684s] -- Symlinking: /home/daeyun/Desktop/ecat_control_ws/install/ecat_msgs/include/ecat_msgs/msg/detail/gui_button_data__traits.hpp
[5.691s] -- Symlinking: /home/daeyun/Desktop/ecat_control_ws/install/ecat_msgs/include/ecat_msgs/msg/detail/haptic_cmd__builder.hpp
[5.697s] -- Symlinking: /home/daeyun/Desktop/ecat_control_ws/install/ecat_msgs/include/ecat_msgs/msg/detail/haptic_cmd__struct.hpp
[5.705s] -- Symlinking: /home/daeyun/Desktop/ecat_control_ws/install/ecat_msgs/include/ecat_msgs/msg/detail/haptic_cmd__traits.hpp
[5.714s] -- Symlinking: /home/daeyun/Desktop/ecat_control_ws/install/ecat_msgs/include/ecat_msgs/msg/gui_button_data.hpp
[5.721s] -- Symlinking: /home/daeyun/Desktop/ecat_control_ws/install/ecat_msgs/include/ecat_msgs/msg/haptic_cmd.hpp
[5.728s] -- Symlinking: /home/daeyun/Desktop/ecat_control_ws/install/ecat_msgs/include/ecat_msgs/msg/detail/data_received__rosidl_typesupport_introspection_cpp.hpp
[5.735s] -- Symlinking: /home/daeyun/Desktop/ecat_control_ws/install/ecat_msgs/include/ecat_msgs/msg/detail/data_sent__rosidl_typesupport_introspection_cpp.hpp
[5.742s] -- Symlinking: /home/daeyun/Desktop/ecat_control_ws/install/ecat_msgs/include/ecat_msgs/msg/detail/gui_button_data__rosidl_typesupport_introspection_cpp.hpp
[5.749s] -- Symlinking: /home/daeyun/Desktop/ecat_control_ws/install/ecat_msgs/include/ecat_msgs/msg/detail/haptic_cmd__rosidl_typesupport_introspection_cpp.hpp
[5.756s] -- Symlinking: /home/daeyun/Desktop/ecat_control_ws/install/ecat_msgs/share/ecat_msgs/environment/pythonpath.sh
[5.763s] -- Symlinking: /home/daeyun/Desktop/ecat_control_ws/install/ecat_msgs/share/ecat_msgs/environment/pythonpath.dsv
[5.771s] -- Symlinking: /home/daeyun/Desktop/ecat_control_ws/install/ecat_msgs/lib/python3.8/site-packages/ecat_msgs/__init__.py
[5.777s] -- Symlinking: /home/daeyun/Desktop/ecat_control_ws/install/ecat_msgs/lib/python3.8/site-packages/ecat_msgs/msg/__init__.py
[5.784s] -- Symlinking: /home/daeyun/Desktop/ecat_control_ws/install/ecat_msgs/lib/python3.8/site-packages/ecat_msgs/msg/_data_received.py
[5.790s] -- Symlinking: /home/daeyun/Desktop/ecat_control_ws/install/ecat_msgs/lib/python3.8/site-packages/ecat_msgs/msg/_data_sent.py
[5.796s] -- Symlinking: /home/daeyun/Desktop/ecat_control_ws/install/ecat_msgs/lib/python3.8/site-packages/ecat_msgs/msg/_gui_button_data.py
[5.803s] -- Symlinking: /home/daeyun/Desktop/ecat_control_ws/install/ecat_msgs/lib/python3.8/site-packages/ecat_msgs/msg/_haptic_cmd.py
[5.810s] -- Symlinking: /home/daeyun/Desktop/ecat_control_ws/install/ecat_msgs/lib/python3.8/site-packages/ecat_msgs/ecat_msgs_s__rosidl_typesupport_fastrtps_c.cpython-38-x86_64-linux-gnu.so
[5.817s] -- Symlinking: /home/daeyun/Desktop/ecat_control_ws/install/ecat_msgs/lib/python3.8/site-packages/ecat_msgs/ecat_msgs_s__rosidl_typesupport_introspection_c.cpython-38-x86_64-linux-gnu.so
[5.824s] -- Symlinking: /home/daeyun/Desktop/ecat_control_ws/install/ecat_msgs/lib/python3.8/site-packages/ecat_msgs/ecat_msgs_s__rosidl_typesupport_c.cpython-38-x86_64-linux-gnu.so
[5.831s] -- Symlinking: /home/daeyun/Desktop/ecat_control_ws/install/ecat_msgs/lib/libecat_msgs__python.so
[5.838s] -- Symlinking: /home/daeyun/Desktop/ecat_control_ws/install/ecat_msgs/share/ecat_msgs/msg/DataReceived.idl
[5.845s] -- Symlinking: /home/daeyun/Desktop/ecat_control_ws/install/ecat_msgs/share/ecat_msgs/msg/DataSent.idl
[5.852s] -- Symlinking: /home/daeyun/Desktop/ecat_control_ws/install/ecat_msgs/share/ecat_msgs/msg/GuiButtonData.idl
[5.858s] -- Symlinking: /home/daeyun/Desktop/ecat_control_ws/install/ecat_msgs/share/ecat_msgs/msg/HapticCmd.idl
[5.865s] -- Symlinking: /home/daeyun/Desktop/ecat_control_ws/install/ecat_msgs/share/ecat_msgs/msg/DataReceived.msg
[5.872s] -- Symlinking: /home/daeyun/Desktop/ecat_control_ws/install/ecat_msgs/share/ecat_msgs/msg/DataSent.msg
[5.879s] -- Symlinking: /home/daeyun/Desktop/ecat_control_ws/install/ecat_msgs/share/ecat_msgs/msg/GuiButtonData.msg
[5.887s] -- Symlinking: /home/daeyun/Desktop/ecat_control_ws/install/ecat_msgs/share/ecat_msgs/msg/HapticCmd.msg
[5.894s] -- Symlinking: /home/daeyun/Desktop/ecat_control_ws/install/ecat_msgs/share/ament_index/resource_index/package_run_dependencies/ecat_msgs
[5.902s] -- Symlinking: /home/daeyun/Desktop/ecat_control_ws/install/ecat_msgs/share/ament_index/resource_index/parent_prefix_path/ecat_msgs
[5.909s] -- Symlinking: /home/daeyun/Desktop/ecat_control_ws/install/ecat_msgs/share/ecat_msgs/environment/ament_prefix_path.sh
[5.916s] -- Symlinking: /home/daeyun/Desktop/ecat_control_ws/install/ecat_msgs/share/ecat_msgs/environment/ament_prefix_path.dsv
[5.923s] -- Symlinking: /home/daeyun/Desktop/ecat_control_ws/install/ecat_msgs/share/ecat_msgs/environment/path.sh
[5.930s] -- Symlinking: /home/daeyun/Desktop/ecat_control_ws/install/ecat_msgs/share/ecat_msgs/environment/path.dsv
[5.937s] -- Symlinking: /home/daeyun/Desktop/ecat_control_ws/install/ecat_msgs/share/ecat_msgs/local_setup.bash
[5.944s] -- Symlinking: /home/daeyun/Desktop/ecat_control_ws/install/ecat_msgs/share/ecat_msgs/local_setup.sh
[5.951s] -- Symlinking: /home/daeyun/Desktop/ecat_control_ws/install/ecat_msgs/share/ecat_msgs/local_setup.zsh
[5.958s] -- Symlinking: /home/daeyun/Desktop/ecat_control_ws/install/ecat_msgs/share/ecat_msgs/local_setup.dsv
[5.965s] -- Symlinking: /home/daeyun/Desktop/ecat_control_ws/install/ecat_msgs/share/ecat_msgs/package.dsv
[5.972s] -- Symlinking: /home/daeyun/Desktop/ecat_control_ws/install/ecat_msgs/share/ament_index/resource_index/packages/ecat_msgs
[5.979s] -- Symlinking: /home/daeyun/Desktop/ecat_control_ws/install/ecat_msgs/share/ecat_msgs/cmake/rosidl_cmake-extras.cmake
[5.986s] -- Symlinking: /home/daeyun/Desktop/ecat_control_ws/install/ecat_msgs/share/ecat_msgs/cmake/ament_cmake_export_dependencies-extras.cmake
[5.992s] -- Symlinking: /home/daeyun/Desktop/ecat_control_ws/install/ecat_msgs/share/ecat_msgs/cmake/ament_cmake_export_libraries-extras.cmake
[6.000s] -- Symlinking: /home/daeyun/Desktop/ecat_control_ws/install/ecat_msgs/share/ecat_msgs/cmake/ament_cmake_export_targets-extras.cmake
[6.006s] -- Symlinking: /home/daeyun/Desktop/ecat_control_ws/install/ecat_msgs/share/ecat_msgs/cmake/ament_cmake_export_include_directories-extras.cmake
[6.013s] -- Symlinking: /home/daeyun/Desktop/ecat_control_ws/install/ecat_msgs/share/ecat_msgs/cmake/rosidl_cmake_export_typesupport_libraries-extras.cmake
[6.020s] -- Symlinking: /home/daeyun/Desktop/ecat_control_ws/install/ecat_msgs/share/ecat_msgs/cmake/rosidl_cmake_export_typesupport_targets-extras.cmake
[6.027s] -- Symlinking: /home/daeyun/Desktop/ecat_control_ws/install/ecat_msgs/share/ecat_msgs/cmake/ecat_msgsConfig.cmake
[6.034s] -- Symlinking: /home/daeyun/Desktop/ecat_control_ws/install/ecat_msgs/share/ecat_msgs/cmake/ecat_msgsConfig-version.cmake
[6.041s] -- Symlinking: /home/daeyun/Desktop/ecat_control_ws/install/ecat_msgs/share/ecat_msgs/package.xml
[6.048s] -- Installing: /home/daeyun/Desktop/ecat_control_ws/install/ecat_msgs/lib/libecat_msgs__rosidl_generator_c.so
[6.048s] -- Set runtime path of "/home/daeyun/Desktop/ecat_control_ws/install/ecat_msgs/lib/libecat_msgs__rosidl_generator_c.so" to ""
[6.048s] -- Installing: /home/daeyun/Desktop/ecat_control_ws/install/ecat_msgs/lib/libecat_msgs__rosidl_typesupport_introspection_c.so
[6.048s] -- Set runtime path of "/home/daeyun/Desktop/ecat_control_ws/install/ecat_msgs/lib/libecat_msgs__rosidl_typesupport_introspection_c.so" to ""
[6.048s] -- Installing: /home/daeyun/Desktop/ecat_control_ws/install/ecat_msgs/lib/libecat_msgs__rosidl_typesupport_c.so
[6.048s] -- Set runtime path of "/home/daeyun/Desktop/ecat_control_ws/install/ecat_msgs/lib/libecat_msgs__rosidl_typesupport_c.so" to ""
[6.049s] -- Installing: /home/daeyun/Desktop/ecat_control_ws/install/ecat_msgs/lib/libecat_msgs__rosidl_typesupport_introspection_cpp.so
[6.049s] -- Set runtime path of "/home/daeyun/Desktop/ecat_control_ws/install/ecat_msgs/lib/libecat_msgs__rosidl_typesupport_introspection_cpp.so" to ""
[6.049s] -- Installing: /home/daeyun/Desktop/ecat_control_ws/install/ecat_msgs/lib/libecat_msgs__rosidl_typesupport_cpp.so
[6.049s] -- Set runtime path of "/home/daeyun/Desktop/ecat_control_ws/install/ecat_msgs/lib/libecat_msgs__rosidl_typesupport_cpp.so" to ""
[6.071s] Compiling '/home/daeyun/Desktop/ecat_control_ws/install/ecat_msgs/lib/python3.8/site-packages/ecat_msgs/__init__.py'...
[6.074s] -- Installing: /home/daeyun/Desktop/ecat_control_ws/install/ecat_msgs/share/ecat_msgs/cmake/ecat_msgs__rosidl_generator_cExport.cmake
[6.074s] -- Installing: /home/daeyun/Desktop/ecat_control_ws/install/ecat_msgs/share/ecat_msgs/cmake/ecat_msgs__rosidl_generator_cExport-noconfig.cmake
[6.074s] -- Installing: /home/daeyun/Desktop/ecat_control_ws/install/ecat_msgs/share/ecat_msgs/cmake/ecat_msgs__rosidl_typesupport_introspection_cExport.cmake
[6.074s] -- Installing: /home/daeyun/Desktop/ecat_control_ws/install/ecat_msgs/share/ecat_msgs/cmake/ecat_msgs__rosidl_typesupport_introspection_cExport-noconfig.cmake
[6.074s] -- Installing: /home/daeyun/Desktop/ecat_control_ws/install/ecat_msgs/share/ecat_msgs/cmake/ecat_msgs__rosidl_typesupport_cExport.cmake
[6.074s] -- Installing: /home/daeyun/Desktop/ecat_control_ws/install/ecat_msgs/share/ecat_msgs/cmake/ecat_msgs__rosidl_typesupport_cExport-noconfig.cmake
[6.074s] -- Installing: /home/daeyun/Desktop/ecat_control_ws/install/ecat_msgs/share/ecat_msgs/cmake/ecat_msgs__rosidl_generator_cppExport.cmake
[6.075s] -- Installing: /home/daeyun/Desktop/ecat_control_ws/install/ecat_msgs/share/ecat_msgs/cmake/ecat_msgs__rosidl_typesupport_introspection_cppExport.cmake
[6.075s] -- Installing: /home/daeyun/Desktop/ecat_control_ws/install/ecat_msgs/share/ecat_msgs/cmake/ecat_msgs__rosidl_typesupport_introspection_cppExport-noconfig.cmake
[6.075s] -- Installing: /home/daeyun/Desktop/ecat_control_ws/install/ecat_msgs/share/ecat_msgs/cmake/ecat_msgs__rosidl_typesupport_cppExport.cmake
[6.075s] -- Installing: /home/daeyun/Desktop/ecat_control_ws/install/ecat_msgs/share/ecat_msgs/cmake/ecat_msgs__rosidl_typesupport_cppExport-noconfig.cmake
[6.079s] Invoked command in '/home/daeyun/Desktop/ecat_control_ws/build/ecat_msgs' returned '0': CMAKE_PREFIX_PATH=/opt/ros/foxy /usr/bin/cmake --install /home/daeyun/Desktop/ecat_control_ws/build/ecat_msgs
